{"/Users/gavrielsacks/grocery-compare-app/backend/config/environments.js": {"path":"/Users/gavrielsacks/grocery-compare-app/backend/config/environments.js","statementMap":{"0":{"start":{"line":16,"column":21},"end":{"line":82,"column":1}},"1":{"start":{"line":85,"column":19},"end":{"line":85,"column":56}},"2":{"start":{"line":88,"column":15},"end":{"line":105,"column":1}},"3":{"start":{"line":108,"column":0},"end":{"line":122,"column":1}},"4":{"start":{"line":109,"column":2},"end":{"line":113,"column":3}},"5":{"start":{"line":110,"column":4},"end":{"line":110,"column":89}},"6":{"start":{"line":111,"column":4},"end":{"line":111,"column":89}},"7":{"start":{"line":112,"column":4},"end":{"line":112,"column":20}},"8":{"start":{"line":115,"column":2},"end":{"line":121,"column":3}},"9":{"start":{"line":116,"column":4},"end":{"line":116,"column":85}},"10":{"start":{"line":117,"column":4},"end":{"line":117,"column":85}},"11":{"start":{"line":119,"column":4},"end":{"line":119,"column":90}},"12":{"start":{"line":120,"column":4},"end":{"line":120,"column":81}},"13":{"start":{"line":125,"column":0},"end":{"line":125,"column":59}},"14":{"start":{"line":126,"column":0},"end":{"line":126,"column":57}},"15":{"start":{"line":128,"column":0},"end":{"line":128,"column":24}}},"fnMap":{},"branchMap":{"0":{"loc":{"start":{"line":38,"column":10},"end":{"line":38,"column":34}},"type":"binary-expr","locations":[{"start":{"line":38,"column":10},"end":{"line":38,"column":26}},{"start":{"line":38,"column":30},"end":{"line":38,"column":34}}],"line":38},"1":{"loc":{"start":{"line":61,"column":10},"end":{"line":61,"column":34}},"type":"binary-expr","locations":[{"start":{"line":61,"column":10},"end":{"line":61,"column":26}},{"start":{"line":61,"column":30},"end":{"line":61,"column":34}}],"line":61},"2":{"loc":{"start":{"line":85,"column":19},"end":{"line":85,"column":56}},"type":"binary-expr","locations":[{"start":{"line":85,"column":19},"end":{"line":85,"column":39}},{"start":{"line":85,"column":43},"end":{"line":85,"column":56}}],"line":85},"3":{"loc":{"start":{"line":94,"column":20},"end":{"line":94,"column":69}},"type":"binary-expr","locations":[{"start":{"line":94,"column":20},"end":{"line":94,"column":46}},{"start":{"line":94,"column":50},"end":{"line":94,"column":69}}],"line":94},"4":{"loc":{"start":{"line":95,"column":20},"end":{"line":95,"column":53}},"type":"binary-expr","locations":[{"start":{"line":95,"column":20},"end":{"line":95,"column":46}},{"start":{"line":95,"column":50},"end":{"line":95,"column":53}}],"line":95},"5":{"loc":{"start":{"line":96,"column":16},"end":{"line":96,"column":76}},"type":"binary-expr","locations":[{"start":{"line":96,"column":16},"end":{"line":96,"column":38}},{"start":{"line":96,"column":42},"end":{"line":96,"column":76}}],"line":96},"6":{"loc":{"start":{"line":108,"column":0},"end":{"line":122,"column":1}},"type":"if","locations":[{"start":{"line":108,"column":0},"end":{"line":122,"column":1}},{"start":{},"end":{}}],"line":108},"7":{"loc":{"start":{"line":109,"column":2},"end":{"line":113,"column":3}},"type":"if","locations":[{"start":{"line":109,"column":2},"end":{"line":113,"column":3}},{"start":{},"end":{}}],"line":109},"8":{"loc":{"start":{"line":115,"column":2},"end":{"line":121,"column":3}},"type":"if","locations":[{"start":{"line":115,"column":2},"end":{"line":121,"column":3}},{"start":{},"end":{}}],"line":115}},"s":{"0":2,"1":2,"2":2,"3":2,"4":0,"5":0,"6":0,"7":0,"8":0,"9":0,"10":0,"11":0,"12":0,"13":2,"14":2,"15":2},"f":{},"b":{"0":[2,2],"1":[2,2],"2":[2,0],"3":[2,1],"4":[2,2],"5":[2,1],"6":[0,2],"7":[0,0],"8":[0,0]},"_coverageSchema":"1a1c01bbd47fc00a2c39e90264f33305004495a9","hash":"0c5d0ae55da82f39edb9803c8f20e0736255e748"}
,"/Users/gavrielsacks/grocery-compare-app/backend/database/db-connection.js": {"path":"/Users/gavrielsacks/grocery-compare-app/backend/database/db-connection.js","statementMap":{"0":{"start":{"line":11,"column":17},"end":{"line":11,"column":30}},"1":{"start":{"line":12,"column":15},"end":{"line":12,"column":48}},"2":{"start":{"line":16,"column":4},"end":{"line":16,"column":21}},"3":{"start":{"line":17,"column":4},"end":{"line":17,"column":29}},"4":{"start":{"line":24,"column":4},"end":{"line":67,"column":5}},"5":{"start":{"line":26,"column":26},"end":{"line":26,"column":50}},"6":{"start":{"line":28,"column":6},"end":{"line":31,"column":7}},"7":{"start":{"line":29,"column":8},"end":{"line":29,"column":98}},"8":{"start":{"line":30,"column":8},"end":{"line":30,"column":20}},"9":{"start":{"line":33,"column":6},"end":{"line":39,"column":9}},"10":{"start":{"line":42,"column":21},"end":{"line":42,"column":46}},"11":{"start":{"line":43,"column":21},"end":{"line":43,"column":55}},"12":{"start":{"line":44,"column":6},"end":{"line":44,"column":23}},"13":{"start":{"line":46,"column":6},"end":{"line":46,"column":30}},"14":{"start":{"line":47,"column":6},"end":{"line":47,"column":57}},"15":{"start":{"line":48,"column":6},"end":{"line":48,"column":61}},"16":{"start":{"line":51,"column":6},"end":{"line":54,"column":9}},"17":{"start":{"line":52,"column":8},"end":{"line":52,"column":60}},"18":{"start":{"line":53,"column":8},"end":{"line":53,"column":33}},"19":{"start":{"line":56,"column":6},"end":{"line":58,"column":9}},"20":{"start":{"line":57,"column":8},"end":{"line":57,"column":62}},"21":{"start":{"line":60,"column":6},"end":{"line":60,"column":23}},"22":{"start":{"line":63,"column":6},"end":{"line":63,"column":69}},"23":{"start":{"line":64,"column":6},"end":{"line":64,"column":72}},"24":{"start":{"line":65,"column":6},"end":{"line":65,"column":31}},"25":{"start":{"line":66,"column":6},"end":{"line":66,"column":18}},"26":{"start":{"line":74,"column":4},"end":{"line":76,"column":5}},"27":{"start":{"line":75,"column":6},"end":{"line":75,"column":71}},"28":{"start":{"line":78,"column":18},"end":{"line":78,"column":28}},"29":{"start":{"line":79,"column":4},"end":{"line":100,"column":5}},"30":{"start":{"line":80,"column":21},"end":{"line":80,"column":56}},"31":{"start":{"line":81,"column":23},"end":{"line":81,"column":41}},"32":{"start":{"line":83,"column":6},"end":{"line":89,"column":7}},"33":{"start":{"line":84,"column":8},"end":{"line":88,"column":11}},"34":{"start":{"line":91,"column":6},"end":{"line":91,"column":20}},"35":{"start":{"line":93,"column":23},"end":{"line":93,"column":41}},"36":{"start":{"line":94,"column":6},"end":{"line":98,"column":9}},"37":{"start":{"line":99,"column":6},"end":{"line":99,"column":18}},"38":{"start":{"line":107,"column":4},"end":{"line":109,"column":5}},"39":{"start":{"line":108,"column":6},"end":{"line":108,"column":71}},"40":{"start":{"line":111,"column":19},"end":{"line":111,"column":44}},"41":{"start":{"line":113,"column":4},"end":{"line":132,"column":5}},"42":{"start":{"line":114,"column":6},"end":{"line":114,"column":34}},"43":{"start":{"line":116,"column":22},"end":{"line":116,"column":24}},"44":{"start":{"line":117,"column":6},"end":{"line":120,"column":7}},"45":{"start":{"line":118,"column":23},"end":{"line":118,"column":56}},"46":{"start":{"line":119,"column":8},"end":{"line":119,"column":29}},"47":{"start":{"line":122,"column":6},"end":{"line":122,"column":35}},"48":{"start":{"line":123,"column":6},"end":{"line":123,"column":76}},"49":{"start":{"line":124,"column":6},"end":{"line":124,"column":21}},"50":{"start":{"line":127,"column":6},"end":{"line":127,"column":37}},"51":{"start":{"line":128,"column":6},"end":{"line":128,"column":74}},"52":{"start":{"line":129,"column":6},"end":{"line":129,"column":18}},"53":{"start":{"line":131,"column":6},"end":{"line":131,"column":23}},"54":{"start":{"line":139,"column":4},"end":{"line":144,"column":6}},"55":{"start":{"line":151,"column":4},"end":{"line":155,"column":5}},"56":{"start":{"line":152,"column":6},"end":{"line":152,"column":28}},"57":{"start":{"line":153,"column":6},"end":{"line":153,"column":51}},"58":{"start":{"line":154,"column":6},"end":{"line":154,"column":31}},"59":{"start":{"line":162,"column":4},"end":{"line":162,"column":41}},"60":{"start":{"line":167,"column":17},"end":{"line":167,"column":38}},"61":{"start":{"line":170,"column":0},"end":{"line":172,"column":3}},"62":{"start":{"line":171,"column":2},"end":{"line":171,"column":65}},"63":{"start":{"line":174,"column":0},"end":{"line":174,"column":26}}},"fnMap":{"0":{"name":"(anonymous_0)","decl":{"start":{"line":15,"column":2},"end":{"line":15,"column":3}},"loc":{"start":{"line":15,"column":16},"end":{"line":18,"column":3}},"line":15},"1":{"name":"(anonymous_1)","decl":{"start":{"line":23,"column":2},"end":{"line":23,"column":3}},"loc":{"start":{"line":23,"column":18},"end":{"line":68,"column":3}},"line":23},"2":{"name":"(anonymous_2)","decl":{"start":{"line":51,"column":28},"end":{"line":51,"column":29}},"loc":{"start":{"line":51,"column":37},"end":{"line":54,"column":7}},"line":51},"3":{"name":"(anonymous_3)","decl":{"start":{"line":56,"column":30},"end":{"line":56,"column":31}},"loc":{"start":{"line":56,"column":36},"end":{"line":58,"column":7}},"line":56},"4":{"name":"(anonymous_4)","decl":{"start":{"line":73,"column":2},"end":{"line":73,"column":3}},"loc":{"start":{"line":73,"column":33},"end":{"line":101,"column":3}},"line":73},"5":{"name":"(anonymous_5)","decl":{"start":{"line":106,"column":2},"end":{"line":106,"column":3}},"loc":{"start":{"line":106,"column":29},"end":{"line":133,"column":3}},"line":106},"6":{"name":"(anonymous_6)","decl":{"start":{"line":138,"column":2},"end":{"line":138,"column":3}},"loc":{"start":{"line":138,"column":22},"end":{"line":145,"column":3}},"line":138},"7":{"name":"(anonymous_7)","decl":{"start":{"line":150,"column":2},"end":{"line":150,"column":3}},"loc":{"start":{"line":150,"column":16},"end":{"line":156,"column":3}},"line":150},"8":{"name":"(anonymous_8)","decl":{"start":{"line":161,"column":2},"end":{"line":161,"column":3}},"loc":{"start":{"line":161,"column":16},"end":{"line":163,"column":3}},"line":161},"9":{"name":"(anonymous_9)","decl":{"start":{"line":170,"column":25},"end":{"line":170,"column":26}},"loc":{"start":{"line":170,"column":34},"end":{"line":172,"column":1}},"line":170}},"branchMap":{"0":{"loc":{"start":{"line":28,"column":6},"end":{"line":31,"column":7}},"type":"if","locations":[{"start":{"line":28,"column":6},"end":{"line":31,"column":7}},{"start":{},"end":{}}],"line":28},"1":{"loc":{"start":{"line":35,"column":13},"end":{"line":35,"column":88}},"type":"cond-expr","locations":[{"start":{"line":35,"column":51},"end":{"line":35,"column":80}},{"start":{"line":35,"column":83},"end":{"line":35,"column":88}}],"line":35},"2":{"loc":{"start":{"line":73,"column":20},"end":{"line":73,"column":31}},"type":"default-arg","locations":[{"start":{"line":73,"column":29},"end":{"line":73,"column":31}}],"line":73},"3":{"loc":{"start":{"line":74,"column":4},"end":{"line":76,"column":5}},"type":"if","locations":[{"start":{"line":74,"column":4},"end":{"line":76,"column":5}},{"start":{},"end":{}}],"line":74},"4":{"loc":{"start":{"line":74,"column":8},"end":{"line":74,"column":39}},"type":"binary-expr","locations":[{"start":{"line":74,"column":8},"end":{"line":74,"column":18}},{"start":{"line":74,"column":22},"end":{"line":74,"column":39}}],"line":74},"5":{"loc":{"start":{"line":83,"column":6},"end":{"line":89,"column":7}},"type":"if","locations":[{"start":{"line":83,"column":6},"end":{"line":89,"column":7}},{"start":{},"end":{}}],"line":83},"6":{"loc":{"start":{"line":85,"column":43},"end":{"line":85,"column":73}},"type":"cond-expr","locations":[{"start":{"line":85,"column":63},"end":{"line":85,"column":68}},{"start":{"line":85,"column":71},"end":{"line":85,"column":73}}],"line":85},"7":{"loc":{"start":{"line":96,"column":41},"end":{"line":96,"column":71}},"type":"cond-expr","locations":[{"start":{"line":96,"column":61},"end":{"line":96,"column":66}},{"start":{"line":96,"column":69},"end":{"line":96,"column":71}}],"line":96},"8":{"loc":{"start":{"line":107,"column":4},"end":{"line":109,"column":5}},"type":"if","locations":[{"start":{"line":107,"column":4},"end":{"line":109,"column":5}},{"start":{},"end":{}}],"line":107},"9":{"loc":{"start":{"line":107,"column":8},"end":{"line":107,"column":39}},"type":"binary-expr","locations":[{"start":{"line":107,"column":8},"end":{"line":107,"column":18}},{"start":{"line":107,"column":22},"end":{"line":107,"column":39}}],"line":107},"10":{"loc":{"start":{"line":117,"column":26},"end":{"line":117,"column":37}},"type":"default-arg","locations":[{"start":{"line":117,"column":35},"end":{"line":117,"column":37}}],"line":117},"11":{"loc":{"start":{"line":141,"column":18},"end":{"line":141,"column":54}},"type":"cond-expr","locations":[{"start":{"line":141,"column":30},"end":{"line":141,"column":50}},{"start":{"line":141,"column":53},"end":{"line":141,"column":54}}],"line":141},"12":{"loc":{"start":{"line":142,"column":17},"end":{"line":142,"column":52}},"type":"cond-expr","locations":[{"start":{"line":142,"column":29},"end":{"line":142,"column":48}},{"start":{"line":142,"column":51},"end":{"line":142,"column":52}}],"line":142},"13":{"loc":{"start":{"line":143,"column":20},"end":{"line":143,"column":58}},"type":"cond-expr","locations":[{"start":{"line":143,"column":32},"end":{"line":143,"column":54}},{"start":{"line":143,"column":57},"end":{"line":143,"column":58}}],"line":143},"14":{"loc":{"start":{"line":151,"column":4},"end":{"line":155,"column":5}},"type":"if","locations":[{"start":{"line":151,"column":4},"end":{"line":155,"column":5}},{"start":{},"end":{}}],"line":151},"15":{"loc":{"start":{"line":162,"column":11},"end":{"line":162,"column":40}},"type":"binary-expr","locations":[{"start":{"line":162,"column":11},"end":{"line":162,"column":27}},{"start":{"line":162,"column":31},"end":{"line":162,"column":40}}],"line":162}},"s":{"0":3,"1":3,"2":3,"3":3,"4":3,"5":3,"6":3,"7":3,"8":3,"9":0,"10":0,"11":0,"12":0,"13":0,"14":0,"15":0,"16":0,"17":0,"18":0,"19":0,"20":0,"21":0,"22":0,"23":0,"24":0,"25":0,"26":0,"27":0,"28":0,"29":0,"30":0,"31":0,"32":0,"33":0,"34":0,"35":0,"36":0,"37":0,"38":0,"39":0,"40":0,"41":0,"42":0,"43":0,"44":0,"45":0,"46":0,"47":0,"48":0,"49":0,"50":0,"51":0,"52":0,"53":0,"54":0,"55":0,"56":0,"57":0,"58":0,"59":3,"60":3,"61":3,"62":0,"63":3},"f":{"0":3,"1":3,"2":0,"3":0,"4":0,"5":0,"6":0,"7":0,"8":3,"9":0},"b":{"0":[3,0],"1":[0,0],"2":[0],"3":[0,0],"4":[0,0],"5":[0,0],"6":[0,0],"7":[0,0],"8":[0,0],"9":[0,0],"10":[0],"11":[0,0],"12":[0,0],"13":[0,0],"14":[0,0],"15":[3,0]},"_coverageSchema":"1a1c01bbd47fc00a2c39e90264f33305004495a9","hash":"b81590221226f425310725cdc301ba91fa013628"}
,"/Users/gavrielsacks/grocery-compare-app/backend/database/db-operations.js": {"path":"/Users/gavrielsacks/grocery-compare-app/backend/database/db-operations.js","statementMap":{"0":{"start":{"line":11,"column":17},"end":{"line":11,"column":43}},"1":{"start":{"line":12,"column":11},"end":{"line":12,"column":33}},"2":{"start":{"line":13,"column":13},"end":{"line":13,"column":28}},"3":{"start":{"line":17,"column":4},"end":{"line":17,"column":63}},"4":{"start":{"line":18,"column":4},"end":{"line":18,"column":31}},"5":{"start":{"line":25,"column":4},"end":{"line":31,"column":5}},"6":{"start":{"line":26,"column":6},"end":{"line":26,"column":32}},"7":{"start":{"line":27,"column":6},"end":{"line":27,"column":49}},"8":{"start":{"line":29,"column":6},"end":{"line":29,"column":33}},"9":{"start":{"line":30,"column":6},"end":{"line":30,"column":64}},"10":{"start":{"line":38,"column":4},"end":{"line":55,"column":5}},"11":{"start":{"line":39,"column":21},"end":{"line":43,"column":8}},"12":{"start":{"line":44,"column":6},"end":{"line":44,"column":25}},"13":{"start":{"line":46,"column":19},"end":{"line":46,"column":44}},"14":{"start":{"line":47,"column":6},"end":{"line":54,"column":10}},"15":{"start":{"line":47,"column":71},"end":{"line":54,"column":7}},"16":{"start":{"line":62,"column":4},"end":{"line":101,"column":5}},"17":{"start":{"line":63,"column":21},"end":{"line":84,"column":8}},"18":{"start":{"line":85,"column":6},"end":{"line":85,"column":25}},"19":{"start":{"line":87,"column":19},"end":{"line":87,"column":44}},"20":{"start":{"line":88,"column":6},"end":{"line":100,"column":10}},"21":{"start":{"line":88,"column":75},"end":{"line":100,"column":7}},"22":{"start":{"line":94,"column":82},"end":{"line":99,"column":9}},"23":{"start":{"line":108,"column":4},"end":{"line":170,"column":5}},"24":{"start":{"line":109,"column":21},"end":{"line":133,"column":29}},"25":{"start":{"line":135,"column":6},"end":{"line":138,"column":10}},"26":{"start":{"line":135,"column":41},"end":{"line":138,"column":7}},"27":{"start":{"line":141,"column":19},"end":{"line":141,"column":44}},"28":{"start":{"line":142,"column":31},"end":{"line":142,"column":59}},"29":{"start":{"line":143,"column":22},"end":{"line":143,"column":24}},"30":{"start":{"line":145,"column":6},"end":{"line":167,"column":9}},"31":{"start":{"line":146,"column":28},"end":{"line":146,"column":71}},"32":{"start":{"line":147,"column":25},"end":{"line":147,"column":47}},"33":{"start":{"line":150,"column":28},"end":{"line":150,"column":54}},"34":{"start":{"line":151,"column":27},"end":{"line":152,"column":54}},"35":{"start":{"line":152,"column":34},"end":{"line":152,"column":52}},"36":{"start":{"line":154,"column":8},"end":{"line":166,"column":9}},"37":{"start":{"line":155,"column":10},"end":{"line":165,"column":13}},"38":{"start":{"line":159,"column":86},"end":{"line":164,"column":13}},"39":{"start":{"line":169,"column":6},"end":{"line":169,"column":66}},"40":{"start":{"line":169,"column":36},"end":{"line":169,"column":64}},"41":{"start":{"line":177,"column":4},"end":{"line":210,"column":5}},"42":{"start":{"line":178,"column":6},"end":{"line":193,"column":9}},"43":{"start":{"line":196,"column":19},"end":{"line":196,"column":44}},"44":{"start":{"line":197,"column":19},"end":{"line":197,"column":90}},"45":{"start":{"line":199,"column":6},"end":{"line":199,"column":42}},"46":{"start":{"line":200,"column":6},"end":{"line":206,"column":8}},"47":{"start":{"line":208,"column":6},"end":{"line":208,"column":37}},"48":{"start":{"line":209,"column":6},"end":{"line":209,"column":37}},"49":{"start":{"line":217,"column":4},"end":{"line":260,"column":5}},"50":{"start":{"line":219,"column":28},"end":{"line":219,"column":106}},"51":{"start":{"line":220,"column":26},"end":{"line":220,"column":113}},"52":{"start":{"line":222,"column":6},"end":{"line":224,"column":7}},"53":{"start":{"line":223,"column":8},"end":{"line":223,"column":54}},"54":{"start":{"line":226,"column":6},"end":{"line":240,"column":9}},"55":{"start":{"line":242,"column":6},"end":{"line":242,"column":31}},"56":{"start":{"line":245,"column":19},"end":{"line":245,"column":44}},"57":{"start":{"line":247,"column":6},"end":{"line":249,"column":7}},"58":{"start":{"line":248,"column":8},"end":{"line":248,"column":45}},"59":{"start":{"line":251,"column":6},"end":{"line":251,"column":82}},"60":{"start":{"line":252,"column":6},"end":{"line":256,"column":8}},"61":{"start":{"line":258,"column":6},"end":{"line":258,"column":37}},"62":{"start":{"line":259,"column":6},"end":{"line":259,"column":31}},"63":{"start":{"line":267,"column":4},"end":{"line":331,"column":5}},"64":{"start":{"line":268,"column":24},"end":{"line":268,"column":26}},"65":{"start":{"line":269,"column":21},"end":{"line":269,"column":23}},"66":{"start":{"line":270,"column":23},"end":{"line":270,"column":24}},"67":{"start":{"line":272,"column":6},"end":{"line":275,"column":7}},"68":{"start":{"line":273,"column":8},"end":{"line":273,"column":50}},"69":{"start":{"line":274,"column":8},"end":{"line":274,"column":57}},"70":{"start":{"line":277,"column":6},"end":{"line":280,"column":7}},"71":{"start":{"line":278,"column":8},"end":{"line":278,"column":54}},"72":{"start":{"line":279,"column":8},"end":{"line":279,"column":38}},"73":{"start":{"line":282,"column":6},"end":{"line":285,"column":7}},"74":{"start":{"line":283,"column":8},"end":{"line":283,"column":59}},"75":{"start":{"line":284,"column":8},"end":{"line":284,"column":42}},"76":{"start":{"line":287,"column":6},"end":{"line":290,"column":7}},"77":{"start":{"line":288,"column":8},"end":{"line":288,"column":57}},"78":{"start":{"line":289,"column":8},"end":{"line":289,"column":40}},"79":{"start":{"line":292,"column":6},"end":{"line":294,"column":7}},"80":{"start":{"line":293,"column":8},"end":{"line":293,"column":65}},"81":{"start":{"line":296,"column":6},"end":{"line":296,"column":55}},"82":{"start":{"line":297,"column":6},"end":{"line":297,"column":31}},"83":{"start":{"line":299,"column":6},"end":{"line":303,"column":17}},"84":{"start":{"line":305,"column":6},"end":{"line":305,"column":31}},"85":{"start":{"line":307,"column":19},"end":{"line":307,"column":44}},"86":{"start":{"line":309,"column":6},"end":{"line":311,"column":7}},"87":{"start":{"line":310,"column":8},"end":{"line":310,"column":62}},"88":{"start":{"line":313,"column":6},"end":{"line":315,"column":7}},"89":{"start":{"line":314,"column":8},"end":{"line":314,"column":85}},"90":{"start":{"line":317,"column":6},"end":{"line":319,"column":7}},"91":{"start":{"line":318,"column":8},"end":{"line":318,"column":63}},"92":{"start":{"line":321,"column":6},"end":{"line":323,"column":7}},"93":{"start":{"line":322,"column":8},"end":{"line":322,"column":63}},"94":{"start":{"line":325,"column":6},"end":{"line":327,"column":7}},"95":{"start":{"line":326,"column":8},"end":{"line":326,"column":71}},"96":{"start":{"line":329,"column":6},"end":{"line":329,"column":37}},"97":{"start":{"line":330,"column":6},"end":{"line":330,"column":31}},"98":{"start":{"line":338,"column":4},"end":{"line":348,"column":5}},"99":{"start":{"line":339,"column":6},"end":{"line":339,"column":99}},"100":{"start":{"line":340,"column":6},"end":{"line":340,"column":31}},"101":{"start":{"line":342,"column":19},"end":{"line":342,"column":44}},"102":{"start":{"line":343,"column":6},"end":{"line":346,"column":7}},"103":{"start":{"line":344,"column":8},"end":{"line":344,"column":42}},"104":{"start":{"line":345,"column":8},"end":{"line":345,"column":39}},"105":{"start":{"line":347,"column":6},"end":{"line":347,"column":31}},"106":{"start":{"line":355,"column":4},"end":{"line":389,"column":5}},"107":{"start":{"line":356,"column":21},"end":{"line":366,"column":8}},"108":{"start":{"line":368,"column":6},"end":{"line":372,"column":8}},"109":{"start":{"line":375,"column":19},"end":{"line":375,"column":44}},"110":{"start":{"line":376,"column":6},"end":{"line":376,"column":56}},"111":{"start":{"line":378,"column":22},"end":{"line":383,"column":7}},"112":{"start":{"line":385,"column":6},"end":{"line":385,"column":41}},"113":{"start":{"line":386,"column":6},"end":{"line":386,"column":37}},"114":{"start":{"line":388,"column":6},"end":{"line":388,"column":54}},"115":{"start":{"line":396,"column":4},"end":{"line":405,"column":5}},"116":{"start":{"line":397,"column":21},"end":{"line":400,"column":8}},"117":{"start":{"line":401,"column":6},"end":{"line":401,"column":25}},"118":{"start":{"line":403,"column":19},"end":{"line":403,"column":44}},"119":{"start":{"line":404,"column":6},"end":{"line":404,"column":40}},"120":{"start":{"line":412,"column":4},"end":{"line":418,"column":5}},"121":{"start":{"line":413,"column":22},"end":{"line":413,"column":62}},"122":{"start":{"line":414,"column":6},"end":{"line":414,"column":33}},"123":{"start":{"line":416,"column":6},"end":{"line":416,"column":74}},"124":{"start":{"line":417,"column":6},"end":{"line":417,"column":63}},"125":{"start":{"line":425,"column":4},"end":{"line":425,"column":69}},"126":{"start":{"line":432,"column":4},"end":{"line":432,"column":54}},"127":{"start":{"line":437,"column":14},"end":{"line":437,"column":38}},"128":{"start":{"line":440,"column":0},"end":{"line":442,"column":3}},"129":{"start":{"line":441,"column":2},"end":{"line":441,"column":76}},"130":{"start":{"line":444,"column":0},"end":{"line":444,"column":23}}},"fnMap":{"0":{"name":"(anonymous_0)","decl":{"start":{"line":16,"column":2},"end":{"line":16,"column":3}},"loc":{"start":{"line":16,"column":16},"end":{"line":19,"column":3}},"line":16},"1":{"name":"(anonymous_1)","decl":{"start":{"line":24,"column":2},"end":{"line":24,"column":3}},"loc":{"start":{"line":24,"column":21},"end":{"line":32,"column":3}},"line":24},"2":{"name":"(anonymous_2)","decl":{"start":{"line":37,"column":2},"end":{"line":37,"column":3}},"loc":{"start":{"line":37,"column":20},"end":{"line":56,"column":3}},"line":37},"3":{"name":"(anonymous_3)","decl":{"start":{"line":47,"column":51},"end":{"line":47,"column":52}},"loc":{"start":{"line":47,"column":71},"end":{"line":54,"column":7}},"line":47},"4":{"name":"(anonymous_4)","decl":{"start":{"line":61,"column":2},"end":{"line":61,"column":3}},"loc":{"start":{"line":61,"column":22},"end":{"line":102,"column":3}},"line":61},"5":{"name":"(anonymous_5)","decl":{"start":{"line":88,"column":53},"end":{"line":88,"column":54}},"loc":{"start":{"line":88,"column":75},"end":{"line":100,"column":7}},"line":88},"6":{"name":"(anonymous_6)","decl":{"start":{"line":94,"column":57},"end":{"line":94,"column":58}},"loc":{"start":{"line":94,"column":82},"end":{"line":99,"column":9}},"line":94},"7":{"name":"(anonymous_7)","decl":{"start":{"line":107,"column":2},"end":{"line":107,"column":3}},"loc":{"start":{"line":107,"column":35},"end":{"line":171,"column":3}},"line":107},"8":{"name":"(anonymous_8)","decl":{"start":{"line":135,"column":29},"end":{"line":135,"column":30}},"loc":{"start":{"line":135,"column":41},"end":{"line":138,"column":7}},"line":135},"9":{"name":"(anonymous_9)","decl":{"start":{"line":145,"column":50},"end":{"line":145,"column":51}},"loc":{"start":{"line":145,"column":71},"end":{"line":167,"column":7}},"line":145},"10":{"name":"(anonymous_10)","decl":{"start":{"line":152,"column":26},"end":{"line":152,"column":27}},"loc":{"start":{"line":152,"column":34},"end":{"line":152,"column":52}},"line":152},"11":{"name":"(anonymous_11)","decl":{"start":{"line":159,"column":61},"end":{"line":159,"column":62}},"loc":{"start":{"line":159,"column":86},"end":{"line":164,"column":13}},"line":159},"12":{"name":"(anonymous_12)","decl":{"start":{"line":169,"column":26},"end":{"line":169,"column":27}},"loc":{"start":{"line":169,"column":36},"end":{"line":169,"column":64}},"line":169},"13":{"name":"(anonymous_13)","decl":{"start":{"line":176,"column":2},"end":{"line":176,"column":3}},"loc":{"start":{"line":176,"column":32},"end":{"line":211,"column":3}},"line":176},"14":{"name":"(anonymous_14)","decl":{"start":{"line":216,"column":2},"end":{"line":216,"column":3}},"loc":{"start":{"line":216,"column":62},"end":{"line":261,"column":3}},"line":216},"15":{"name":"(anonymous_15)","decl":{"start":{"line":266,"column":2},"end":{"line":266,"column":3}},"loc":{"start":{"line":266,"column":48},"end":{"line":332,"column":3}},"line":266},"16":{"name":"(anonymous_16)","decl":{"start":{"line":337,"column":2},"end":{"line":337,"column":3}},"loc":{"start":{"line":337,"column":35},"end":{"line":349,"column":3}},"line":337},"17":{"name":"(anonymous_17)","decl":{"start":{"line":354,"column":2},"end":{"line":354,"column":3}},"loc":{"start":{"line":354,"column":39},"end":{"line":390,"column":3}},"line":354},"18":{"name":"(anonymous_18)","decl":{"start":{"line":395,"column":2},"end":{"line":395,"column":3}},"loc":{"start":{"line":395,"column":29},"end":{"line":406,"column":3}},"line":395},"19":{"name":"(anonymous_19)","decl":{"start":{"line":411,"column":2},"end":{"line":411,"column":3}},"loc":{"start":{"line":411,"column":23},"end":{"line":419,"column":3}},"line":411},"20":{"name":"(anonymous_20)","decl":{"start":{"line":424,"column":2},"end":{"line":424,"column":3}},"loc":{"start":{"line":424,"column":28},"end":{"line":426,"column":3}},"line":424},"21":{"name":"(anonymous_21)","decl":{"start":{"line":431,"column":2},"end":{"line":431,"column":3}},"loc":{"start":{"line":431,"column":20},"end":{"line":433,"column":3}},"line":431},"22":{"name":"(anonymous_22)","decl":{"start":{"line":440,"column":25},"end":{"line":440,"column":26}},"loc":{"start":{"line":440,"column":34},"end":{"line":442,"column":1}},"line":440}},"branchMap":{"0":{"loc":{"start":{"line":25,"column":4},"end":{"line":31,"column":5}},"type":"if","locations":[{"start":{"line":25,"column":4},"end":{"line":31,"column":5}},{"start":{"line":28,"column":11},"end":{"line":31,"column":5}}],"line":25},"1":{"loc":{"start":{"line":38,"column":4},"end":{"line":55,"column":5}},"type":"if","locations":[{"start":{"line":38,"column":4},"end":{"line":55,"column":5}},{"start":{"line":45,"column":11},"end":{"line":55,"column":5}}],"line":38},"2":{"loc":{"start":{"line":47,"column":28},"end":{"line":47,"column":45}},"type":"binary-expr","locations":[{"start":{"line":47,"column":28},"end":{"line":47,"column":39}},{"start":{"line":47,"column":43},"end":{"line":47,"column":45}}],"line":47},"3":{"loc":{"start":{"line":49,"column":14},"end":{"line":49,"column":32}},"type":"binary-expr","locations":[{"start":{"line":49,"column":14},"end":{"line":49,"column":24}},{"start":{"line":49,"column":28},"end":{"line":49,"column":32}}],"line":49},"4":{"loc":{"start":{"line":62,"column":4},"end":{"line":101,"column":5}},"type":"if","locations":[{"start":{"line":62,"column":4},"end":{"line":101,"column":5}},{"start":{"line":86,"column":11},"end":{"line":101,"column":5}}],"line":62},"5":{"loc":{"start":{"line":88,"column":28},"end":{"line":88,"column":47}},"type":"binary-expr","locations":[{"start":{"line":88,"column":28},"end":{"line":88,"column":41}},{"start":{"line":88,"column":45},"end":{"line":88,"column":47}}],"line":88},"6":{"loc":{"start":{"line":90,"column":14},"end":{"line":90,"column":57}},"type":"binary-expr","locations":[{"start":{"line":90,"column":14},"end":{"line":90,"column":33}},{"start":{"line":90,"column":37},"end":{"line":90,"column":49}},{"start":{"line":90,"column":53},"end":{"line":90,"column":57}}],"line":90},"7":{"loc":{"start":{"line":94,"column":31},"end":{"line":94,"column":51}},"type":"binary-expr","locations":[{"start":{"line":94,"column":31},"end":{"line":94,"column":45}},{"start":{"line":94,"column":49},"end":{"line":94,"column":51}}],"line":94},"8":{"loc":{"start":{"line":108,"column":4},"end":{"line":170,"column":5}},"type":"if","locations":[{"start":{"line":108,"column":4},"end":{"line":170,"column":5}},{"start":{"line":139,"column":11},"end":{"line":170,"column":5}}],"line":108},"9":{"loc":{"start":{"line":137,"column":16},"end":{"line":137,"column":36}},"type":"binary-expr","locations":[{"start":{"line":137,"column":16},"end":{"line":137,"column":30}},{"start":{"line":137,"column":34},"end":{"line":137,"column":36}}],"line":137},"10":{"loc":{"start":{"line":145,"column":21},"end":{"line":145,"column":40}},"type":"binary-expr","locations":[{"start":{"line":145,"column":21},"end":{"line":145,"column":34}},{"start":{"line":145,"column":38},"end":{"line":145,"column":40}}],"line":145},"11":{"loc":{"start":{"line":146,"column":28},"end":{"line":146,"column":71}},"type":"binary-expr","locations":[{"start":{"line":146,"column":28},"end":{"line":146,"column":47}},{"start":{"line":146,"column":51},"end":{"line":146,"column":63}},{"start":{"line":146,"column":67},"end":{"line":146,"column":71}}],"line":146},"12":{"loc":{"start":{"line":147,"column":25},"end":{"line":147,"column":47}},"type":"binary-expr","locations":[{"start":{"line":147,"column":25},"end":{"line":147,"column":41}},{"start":{"line":147,"column":45},"end":{"line":147,"column":47}}],"line":147},"13":{"loc":{"start":{"line":154,"column":8},"end":{"line":166,"column":9}},"type":"if","locations":[{"start":{"line":154,"column":8},"end":{"line":166,"column":9}},{"start":{},"end":{}}],"line":154},"14":{"loc":{"start":{"line":159,"column":35},"end":{"line":159,"column":55}},"type":"binary-expr","locations":[{"start":{"line":159,"column":35},"end":{"line":159,"column":49}},{"start":{"line":159,"column":53},"end":{"line":159,"column":55}}],"line":159},"15":{"loc":{"start":{"line":177,"column":4},"end":{"line":210,"column":5}},"type":"if","locations":[{"start":{"line":177,"column":4},"end":{"line":210,"column":5}},{"start":{"line":194,"column":11},"end":{"line":210,"column":5}}],"line":177},"16":{"loc":{"start":{"line":187,"column":12},"end":{"line":187,"column":83}},"type":"binary-expr","locations":[{"start":{"line":187,"column":12},"end":{"line":187,"column":28}},{"start":{"line":187,"column":32},"end":{"line":187,"column":83}}],"line":187},"17":{"loc":{"start":{"line":188,"column":12},"end":{"line":188,"column":42}},"type":"binary-expr","locations":[{"start":{"line":188,"column":12},"end":{"line":188,"column":34}},{"start":{"line":188,"column":38},"end":{"line":188,"column":42}}],"line":188},"18":{"loc":{"start":{"line":189,"column":12},"end":{"line":189,"column":40}},"type":"binary-expr","locations":[{"start":{"line":189,"column":12},"end":{"line":189,"column":32}},{"start":{"line":189,"column":36},"end":{"line":189,"column":40}}],"line":189},"19":{"loc":{"start":{"line":190,"column":12},"end":{"line":190,"column":44}},"type":"binary-expr","locations":[{"start":{"line":190,"column":12},"end":{"line":190,"column":36}},{"start":{"line":190,"column":40},"end":{"line":190,"column":44}}],"line":190},"20":{"loc":{"start":{"line":197,"column":19},"end":{"line":197,"column":90}},"type":"binary-expr","locations":[{"start":{"line":197,"column":19},"end":{"line":197,"column":35}},{"start":{"line":197,"column":39},"end":{"line":197,"column":90}}],"line":197},"21":{"loc":{"start":{"line":199,"column":22},"end":{"line":199,"column":41}},"type":"binary-expr","locations":[{"start":{"line":199,"column":22},"end":{"line":199,"column":35}},{"start":{"line":199,"column":39},"end":{"line":199,"column":41}}],"line":199},"22":{"loc":{"start":{"line":202,"column":18},"end":{"line":202,"column":51}},"type":"binary-expr","locations":[{"start":{"line":202,"column":18},"end":{"line":202,"column":38}},{"start":{"line":202,"column":42},"end":{"line":202,"column":51}}],"line":202},"23":{"loc":{"start":{"line":203,"column":18},"end":{"line":203,"column":44}},"type":"binary-expr","locations":[{"start":{"line":203,"column":18},"end":{"line":203,"column":38}},{"start":{"line":203,"column":42},"end":{"line":203,"column":44}}],"line":203},"24":{"loc":{"start":{"line":204,"column":22},"end":{"line":204,"column":52}},"type":"binary-expr","locations":[{"start":{"line":204,"column":22},"end":{"line":204,"column":46}},{"start":{"line":204,"column":50},"end":{"line":204,"column":52}}],"line":204},"25":{"loc":{"start":{"line":217,"column":4},"end":{"line":260,"column":5}},"type":"if","locations":[{"start":{"line":217,"column":4},"end":{"line":260,"column":5}},{"start":{"line":243,"column":11},"end":{"line":260,"column":5}}],"line":217},"26":{"loc":{"start":{"line":222,"column":6},"end":{"line":224,"column":7}},"type":"if","locations":[{"start":{"line":222,"column":6},"end":{"line":224,"column":7}},{"start":{},"end":{}}],"line":222},"27":{"loc":{"start":{"line":222,"column":10},"end":{"line":222,"column":56}},"type":"binary-expr","locations":[{"start":{"line":222,"column":10},"end":{"line":222,"column":32}},{"start":{"line":222,"column":36},"end":{"line":222,"column":56}}],"line":222},"28":{"loc":{"start":{"line":238,"column":8},"end":{"line":238,"column":32}},"type":"binary-expr","locations":[{"start":{"line":238,"column":8},"end":{"line":238,"column":22}},{"start":{"line":238,"column":26},"end":{"line":238,"column":32}}],"line":238},"29":{"loc":{"start":{"line":239,"column":8},"end":{"line":239,"column":38}},"type":"binary-expr","locations":[{"start":{"line":239,"column":8},"end":{"line":239,"column":27}},{"start":{"line":239,"column":31},"end":{"line":239,"column":38}}],"line":239},"30":{"loc":{"start":{"line":247,"column":6},"end":{"line":249,"column":7}},"type":"if","locations":[{"start":{"line":247,"column":6},"end":{"line":249,"column":7}},{"start":{},"end":{}}],"line":247},"31":{"loc":{"start":{"line":251,"column":42},"end":{"line":251,"column":81}},"type":"binary-expr","locations":[{"start":{"line":251,"column":42},"end":{"line":251,"column":75}},{"start":{"line":251,"column":79},"end":{"line":251,"column":81}}],"line":251},"32":{"loc":{"start":{"line":254,"column":14},"end":{"line":254,"column":38}},"type":"binary-expr","locations":[{"start":{"line":254,"column":14},"end":{"line":254,"column":28}},{"start":{"line":254,"column":32},"end":{"line":254,"column":38}}],"line":254},"33":{"loc":{"start":{"line":267,"column":4},"end":{"line":331,"column":5}},"type":"if","locations":[{"start":{"line":267,"column":4},"end":{"line":331,"column":5}},{"start":{"line":306,"column":11},"end":{"line":331,"column":5}}],"line":267},"34":{"loc":{"start":{"line":272,"column":6},"end":{"line":275,"column":7}},"type":"if","locations":[{"start":{"line":272,"column":6},"end":{"line":275,"column":7}},{"start":{},"end":{}}],"line":272},"35":{"loc":{"start":{"line":272,"column":10},"end":{"line":272,"column":45}},"type":"binary-expr","locations":[{"start":{"line":272,"column":10},"end":{"line":272,"column":22}},{"start":{"line":272,"column":26},"end":{"line":272,"column":45}}],"line":272},"36":{"loc":{"start":{"line":274,"column":20},"end":{"line":274,"column":55}},"type":"binary-expr","locations":[{"start":{"line":274,"column":20},"end":{"line":274,"column":32}},{"start":{"line":274,"column":36},"end":{"line":274,"column":55}}],"line":274},"37":{"loc":{"start":{"line":277,"column":6},"end":{"line":280,"column":7}},"type":"if","locations":[{"start":{"line":277,"column":6},"end":{"line":280,"column":7}},{"start":{},"end":{}}],"line":277},"38":{"loc":{"start":{"line":282,"column":6},"end":{"line":285,"column":7}},"type":"if","locations":[{"start":{"line":282,"column":6},"end":{"line":285,"column":7}},{"start":{},"end":{}}],"line":282},"39":{"loc":{"start":{"line":287,"column":6},"end":{"line":290,"column":7}},"type":"if","locations":[{"start":{"line":287,"column":6},"end":{"line":290,"column":7}},{"start":{},"end":{}}],"line":287},"40":{"loc":{"start":{"line":292,"column":6},"end":{"line":294,"column":7}},"type":"if","locations":[{"start":{"line":292,"column":6},"end":{"line":294,"column":7}},{"start":{},"end":{}}],"line":292},"41":{"loc":{"start":{"line":309,"column":6},"end":{"line":311,"column":7}},"type":"if","locations":[{"start":{"line":309,"column":6},"end":{"line":311,"column":7}},{"start":{},"end":{}}],"line":309},"42":{"loc":{"start":{"line":313,"column":6},"end":{"line":315,"column":7}},"type":"if","locations":[{"start":{"line":313,"column":6},"end":{"line":315,"column":7}},{"start":{},"end":{}}],"line":313},"43":{"loc":{"start":{"line":313,"column":10},"end":{"line":313,"column":45}},"type":"binary-expr","locations":[{"start":{"line":313,"column":10},"end":{"line":313,"column":29}},{"start":{"line":313,"column":33},"end":{"line":313,"column":45}}],"line":313},"44":{"loc":{"start":{"line":314,"column":49},"end":{"line":314,"column":84}},"type":"binary-expr","locations":[{"start":{"line":314,"column":49},"end":{"line":314,"column":68}},{"start":{"line":314,"column":72},"end":{"line":314,"column":84}}],"line":314},"45":{"loc":{"start":{"line":317,"column":6},"end":{"line":319,"column":7}},"type":"if","locations":[{"start":{"line":317,"column":6},"end":{"line":319,"column":7}},{"start":{},"end":{}}],"line":317},"46":{"loc":{"start":{"line":321,"column":6},"end":{"line":323,"column":7}},"type":"if","locations":[{"start":{"line":321,"column":6},"end":{"line":323,"column":7}},{"start":{},"end":{}}],"line":321},"47":{"loc":{"start":{"line":325,"column":6},"end":{"line":327,"column":7}},"type":"if","locations":[{"start":{"line":325,"column":6},"end":{"line":327,"column":7}},{"start":{},"end":{}}],"line":325},"48":{"loc":{"start":{"line":338,"column":4},"end":{"line":348,"column":5}},"type":"if","locations":[{"start":{"line":338,"column":4},"end":{"line":348,"column":5}},{"start":{"line":341,"column":11},"end":{"line":348,"column":5}}],"line":338},"49":{"loc":{"start":{"line":343,"column":6},"end":{"line":346,"column":7}},"type":"if","locations":[{"start":{"line":343,"column":6},"end":{"line":346,"column":7}},{"start":{},"end":{}}],"line":343},"50":{"loc":{"start":{"line":343,"column":10},"end":{"line":343,"column":53}},"type":"binary-expr","locations":[{"start":{"line":343,"column":10},"end":{"line":343,"column":23}},{"start":{"line":343,"column":27},"end":{"line":343,"column":53}}],"line":343},"51":{"loc":{"start":{"line":355,"column":4},"end":{"line":389,"column":5}},"type":"if","locations":[{"start":{"line":355,"column":4},"end":{"line":389,"column":5}},{"start":{"line":373,"column":11},"end":{"line":389,"column":5}}],"line":355},"52":{"loc":{"start":{"line":361,"column":8},"end":{"line":361,"column":36}},"type":"binary-expr","locations":[{"start":{"line":361,"column":8},"end":{"line":361,"column":28}},{"start":{"line":361,"column":32},"end":{"line":361,"column":36}}],"line":361},"53":{"loc":{"start":{"line":362,"column":8},"end":{"line":362,"column":37}},"type":"binary-expr","locations":[{"start":{"line":362,"column":8},"end":{"line":362,"column":29}},{"start":{"line":362,"column":33},"end":{"line":362,"column":37}}],"line":362},"54":{"loc":{"start":{"line":364,"column":8},"end":{"line":364,"column":46}},"type":"binary-expr","locations":[{"start":{"line":364,"column":8},"end":{"line":364,"column":38}},{"start":{"line":364,"column":42},"end":{"line":364,"column":46}}],"line":364},"55":{"loc":{"start":{"line":365,"column":8},"end":{"line":365,"column":39}},"type":"binary-expr","locations":[{"start":{"line":365,"column":8},"end":{"line":365,"column":31}},{"start":{"line":365,"column":35},"end":{"line":365,"column":39}}],"line":365},"56":{"loc":{"start":{"line":376,"column":29},"end":{"line":376,"column":55}},"type":"binary-expr","locations":[{"start":{"line":376,"column":29},"end":{"line":376,"column":49}},{"start":{"line":376,"column":53},"end":{"line":376,"column":55}}],"line":376},"57":{"loc":{"start":{"line":396,"column":4},"end":{"line":405,"column":5}},"type":"if","locations":[{"start":{"line":396,"column":4},"end":{"line":405,"column":5}},{"start":{"line":402,"column":11},"end":{"line":405,"column":5}}],"line":396},"58":{"loc":{"start":{"line":404,"column":13},"end":{"line":404,"column":39}},"type":"binary-expr","locations":[{"start":{"line":404,"column":13},"end":{"line":404,"column":33}},{"start":{"line":404,"column":37},"end":{"line":404,"column":39}}],"line":404},"59":{"loc":{"start":{"line":432,"column":11},"end":{"line":432,"column":53}},"type":"cond-expr","locations":[{"start":{"line":432,"column":32},"end":{"line":432,"column":44}},{"start":{"line":432,"column":47},"end":{"line":432,"column":53}}],"line":432}},"s":{"0":3,"1":3,"2":3,"3":3,"4":3,"5":3,"6":0,"7":0,"8":3,"9":3,"10":7,"11":0,"12":0,"13":7,"14":7,"15":28,"16":7,"17":0,"18":0,"19":7,"20":7,"21":112,"22":196,"23":0,"24":0,"25":0,"26":0,"27":0,"28":0,"29":0,"30":0,"31":0,"32":0,"33":0,"34":0,"35":0,"36":0,"37":0,"38":0,"39":0,"40":0,"41":0,"42":0,"43":0,"44":0,"45":0,"46":0,"47":0,"48":0,"49":11,"50":0,"51":0,"52":0,"53":0,"54":0,"55":0,"56":11,"57":11,"58":0,"59":11,"60":11,"61":11,"62":11,"63":0,"64":0,"65":0,"66":0,"67":0,"68":0,"69":0,"70":0,"71":0,"72":0,"73":0,"74":0,"75":0,"76":0,"77":0,"78":0,"79":0,"80":0,"81":0,"82":0,"83":0,"84":0,"85":0,"86":0,"87":0,"88":0,"89":0,"90":0,"91":0,"92":0,"93":0,"94":0,"95":0,"96":0,"97":0,"98":1,"99":0,"100":0,"101":1,"102":1,"103":0,"104":0,"105":1,"106":0,"107":0,"108":0,"109":0,"110":0,"111":0,"112":0,"113":0,"114":0,"115":0,"116":0,"117":0,"118":0,"119":0,"120":26,"121":26,"122":26,"123":0,"124":0,"125":11,"126":0,"127":3,"128":3,"129":0,"130":3},"f":{"0":3,"1":3,"2":7,"3":28,"4":7,"5":112,"6":196,"7":0,"8":0,"9":0,"10":0,"11":0,"12":0,"13":0,"14":11,"15":0,"16":1,"17":0,"18":0,"19":26,"20":11,"21":0,"22":0},"b":{"0":[0,3],"1":[0,7],"2":[7,0],"3":[28,28],"4":[0,7],"5":[7,0],"6":[112,0,0],"7":[112,0],"8":[0,0],"9":[0,0],"10":[0,0],"11":[0,0,0],"12":[0,0],"13":[0,0],"14":[0,0],"15":[0,0],"16":[0,0],"17":[0,0],"18":[0,0],"19":[0,0],"20":[0,0],"21":[0,0],"22":[0,0],"23":[0,0],"24":[0,0],"25":[0,11],"26":[0,0],"27":[0,0],"28":[0,0],"29":[0,0],"30":[0,11],"31":[11,0],"32":[11,0],"33":[0,0],"34":[0,0],"35":[0,0],"36":[0,0],"37":[0,0],"38":[0,0],"39":[0,0],"40":[0,0],"41":[0,0],"42":[0,0],"43":[0,0],"44":[0,0],"45":[0,0],"46":[0,0],"47":[0,0],"48":[0,1],"49":[0,1],"50":[1,1],"51":[0,0],"52":[0,0],"53":[0,0],"54":[0,0],"55":[0,0],"56":[0,0],"57":[0,0],"58":[0,0],"59":[0,0]},"_coverageSchema":"1a1c01bbd47fc00a2c39e90264f33305004495a9","hash":"cf0dd5a7e70482c42e44d842474449df3f60dea6"}
,"/Users/gavrielsacks/grocery-compare-app/backend/database/kosher-db.js": {"path":"/Users/gavrielsacks/grocery-compare-app/backend/database/kosher-db.js","statementMap":{"0":{"start":{"line":1,"column":11},"end":{"line":1,"column":24}},"1":{"start":{"line":2,"column":13},"end":{"line":2,"column":28}},"2":{"start":{"line":4,"column":16},"end":{"line":4,"column":58}},"3":{"start":{"line":7,"column":21},"end":{"line":137,"column":1}},"4":{"start":{"line":8,"column":22},"end":{"line":131,"column":3}},"5":{"start":{"line":133,"column":2},"end":{"line":136,"column":3}},"6":{"start":{"line":134,"column":4},"end":{"line":134,"column":68}},"7":{"start":{"line":135,"column":4},"end":{"line":135,"column":57}},"8":{"start":{"line":140,"column":15},"end":{"line":150,"column":1}},"9":{"start":{"line":141,"column":2},"end":{"line":149,"column":3}},"10":{"start":{"line":142,"column":4},"end":{"line":142,"column":19}},"11":{"start":{"line":143,"column":17},"end":{"line":143,"column":49}},"12":{"start":{"line":144,"column":4},"end":{"line":144,"column":28}},"13":{"start":{"line":146,"column":4},"end":{"line":146,"column":52}},"14":{"start":{"line":147,"column":4},"end":{"line":147,"column":19}},"15":{"start":{"line":148,"column":4},"end":{"line":148,"column":56}},"16":{"start":{"line":153,"column":16},"end":{"line":161,"column":1}},"17":{"start":{"line":154,"column":2},"end":{"line":160,"column":3}},"18":{"start":{"line":155,"column":4},"end":{"line":155,"column":61}},"19":{"start":{"line":156,"column":4},"end":{"line":156,"column":16}},"20":{"start":{"line":158,"column":4},"end":{"line":158,"column":55}},"21":{"start":{"line":159,"column":4},"end":{"line":159,"column":17}},"22":{"start":{"line":164,"column":27},"end":{"line":187,"column":1}},"23":{"start":{"line":165,"column":13},"end":{"line":165,"column":21}},"24":{"start":{"line":168,"column":25},"end":{"line":168,"column":71}},"25":{"start":{"line":171,"column":2},"end":{"line":177,"column":3}},"26":{"start":{"line":172,"column":4},"end":{"line":176,"column":6}},"27":{"start":{"line":180,"column":2},"end":{"line":184,"column":4}},"28":{"start":{"line":186,"column":2},"end":{"line":186,"column":21}},"29":{"start":{"line":190,"column":26},"end":{"line":219,"column":1}},"30":{"start":{"line":191,"column":2},"end":{"line":218,"column":3}},"31":{"start":{"line":192,"column":15},"end":{"line":192,"column":23}},"32":{"start":{"line":194,"column":4},"end":{"line":197,"column":5}},"33":{"start":{"line":195,"column":6},"end":{"line":195,"column":54}},"34":{"start":{"line":196,"column":6},"end":{"line":196,"column":19}},"35":{"start":{"line":200,"column":4},"end":{"line":202,"column":5}},"36":{"start":{"line":201,"column":6},"end":{"line":201,"column":64}},"37":{"start":{"line":205,"column":4},"end":{"line":207,"column":5}},"38":{"start":{"line":206,"column":6},"end":{"line":206,"column":58}},"39":{"start":{"line":210,"column":20},"end":{"line":210,"column":31}},"40":{"start":{"line":211,"column":4},"end":{"line":213,"column":5}},"41":{"start":{"line":212,"column":6},"end":{"line":212,"column":59}},"42":{"start":{"line":214,"column":4},"end":{"line":214,"column":19}},"43":{"start":{"line":216,"column":4},"end":{"line":216,"column":57}},"44":{"start":{"line":217,"column":4},"end":{"line":217,"column":17}},"45":{"start":{"line":222,"column":23},"end":{"line":225,"column":1}},"46":{"start":{"line":223,"column":13},"end":{"line":223,"column":21}},"47":{"start":{"line":224,"column":2},"end":{"line":224,"column":21}},"48":{"start":{"line":228,"column":18},"end":{"line":231,"column":1}},"49":{"start":{"line":229,"column":13},"end":{"line":229,"column":21}},"50":{"start":{"line":230,"column":2},"end":{"line":230,"column":19}},"51":{"start":{"line":234,"column":22},"end":{"line":263,"column":1}},"52":{"start":{"line":235,"column":2},"end":{"line":262,"column":3}},"53":{"start":{"line":236,"column":15},"end":{"line":236,"column":23}},"54":{"start":{"line":238,"column":4},"end":{"line":241,"column":5}},"55":{"start":{"line":239,"column":6},"end":{"line":239,"column":54}},"56":{"start":{"line":240,"column":6},"end":{"line":240,"column":19}},"57":{"start":{"line":244,"column":4},"end":{"line":244,"column":35}},"58":{"start":{"line":247,"column":4},"end":{"line":251,"column":7}},"59":{"start":{"line":248,"column":6},"end":{"line":250,"column":7}},"60":{"start":{"line":249,"column":8},"end":{"line":249,"column":33}},"61":{"start":{"line":254,"column":20},"end":{"line":254,"column":31}},"62":{"start":{"line":255,"column":4},"end":{"line":257,"column":5}},"63":{"start":{"line":256,"column":6},"end":{"line":256,"column":54}},"64":{"start":{"line":258,"column":4},"end":{"line":258,"column":19}},"65":{"start":{"line":260,"column":4},"end":{"line":260,"column":52}},"66":{"start":{"line":261,"column":4},"end":{"line":261,"column":17}},"67":{"start":{"line":266,"column":17},"end":{"line":270,"column":1}},"68":{"start":{"line":267,"column":13},"end":{"line":267,"column":21}},"69":{"start":{"line":268,"column":2},"end":{"line":268,"column":62}},"70":{"start":{"line":269,"column":2},"end":{"line":269,"column":21}},"71":{"start":{"line":272,"column":0},"end":{"line":281,"column":2}}},"fnMap":{"0":{"name":"(anonymous_0)","decl":{"start":{"line":7,"column":21},"end":{"line":7,"column":22}},"loc":{"start":{"line":7,"column":27},"end":{"line":137,"column":1}},"line":7},"1":{"name":"(anonymous_1)","decl":{"start":{"line":140,"column":15},"end":{"line":140,"column":16}},"loc":{"start":{"line":140,"column":21},"end":{"line":150,"column":1}},"line":140},"2":{"name":"(anonymous_2)","decl":{"start":{"line":153,"column":16},"end":{"line":153,"column":17}},"loc":{"start":{"line":153,"column":26},"end":{"line":161,"column":1}},"line":153},"3":{"name":"(anonymous_3)","decl":{"start":{"line":164,"column":27},"end":{"line":164,"column":28}},"loc":{"start":{"line":164,"column":64},"end":{"line":187,"column":1}},"line":164},"4":{"name":"(anonymous_4)","decl":{"start":{"line":190,"column":26},"end":{"line":190,"column":27}},"loc":{"start":{"line":190,"column":51},"end":{"line":219,"column":1}},"line":190},"5":{"name":"(anonymous_5)","decl":{"start":{"line":222,"column":23},"end":{"line":222,"column":24}},"loc":{"start":{"line":222,"column":29},"end":{"line":225,"column":1}},"line":222},"6":{"name":"(anonymous_6)","decl":{"start":{"line":228,"column":18},"end":{"line":228,"column":19}},"loc":{"start":{"line":228,"column":24},"end":{"line":231,"column":1}},"line":228},"7":{"name":"(anonymous_7)","decl":{"start":{"line":234,"column":22},"end":{"line":234,"column":23}},"loc":{"start":{"line":234,"column":38},"end":{"line":263,"column":1}},"line":234},"8":{"name":"(anonymous_8)","decl":{"start":{"line":247,"column":36},"end":{"line":247,"column":37}},"loc":{"start":{"line":247,"column":45},"end":{"line":251,"column":5}},"line":247},"9":{"name":"(anonymous_9)","decl":{"start":{"line":266,"column":17},"end":{"line":266,"column":18}},"loc":{"start":{"line":266,"column":41},"end":{"line":270,"column":1}},"line":266}},"branchMap":{"0":{"loc":{"start":{"line":133,"column":2},"end":{"line":136,"column":3}},"type":"if","locations":[{"start":{"line":133,"column":2},"end":{"line":136,"column":3}},{"start":{},"end":{}}],"line":133},"1":{"loc":{"start":{"line":171,"column":2},"end":{"line":177,"column":3}},"type":"if","locations":[{"start":{"line":171,"column":2},"end":{"line":177,"column":3}},{"start":{},"end":{}}],"line":171},"2":{"loc":{"start":{"line":194,"column":4},"end":{"line":197,"column":5}},"type":"if","locations":[{"start":{"line":194,"column":4},"end":{"line":197,"column":5}},{"start":{},"end":{}}],"line":194},"3":{"loc":{"start":{"line":200,"column":4},"end":{"line":202,"column":5}},"type":"if","locations":[{"start":{"line":200,"column":4},"end":{"line":202,"column":5}},{"start":{},"end":{}}],"line":200},"4":{"loc":{"start":{"line":205,"column":4},"end":{"line":207,"column":5}},"type":"if","locations":[{"start":{"line":205,"column":4},"end":{"line":207,"column":5}},{"start":{},"end":{}}],"line":205},"5":{"loc":{"start":{"line":211,"column":4},"end":{"line":213,"column":5}},"type":"if","locations":[{"start":{"line":211,"column":4},"end":{"line":213,"column":5}},{"start":{},"end":{}}],"line":211},"6":{"loc":{"start":{"line":238,"column":4},"end":{"line":241,"column":5}},"type":"if","locations":[{"start":{"line":238,"column":4},"end":{"line":241,"column":5}},{"start":{},"end":{}}],"line":238},"7":{"loc":{"start":{"line":248,"column":6},"end":{"line":250,"column":7}},"type":"if","locations":[{"start":{"line":248,"column":6},"end":{"line":250,"column":7}},{"start":{},"end":{}}],"line":248},"8":{"loc":{"start":{"line":255,"column":4},"end":{"line":257,"column":5}},"type":"if","locations":[{"start":{"line":255,"column":4},"end":{"line":257,"column":5}},{"start":{},"end":{}}],"line":255}},"s":{"0":2,"1":2,"2":2,"3":2,"4":6,"5":6,"6":0,"7":0,"8":2,"9":6,"10":6,"11":6,"12":6,"13":0,"14":0,"15":0,"16":2,"17":0,"18":0,"19":0,"20":0,"21":0,"22":2,"23":0,"24":0,"25":0,"26":0,"27":0,"28":0,"29":2,"30":0,"31":0,"32":0,"33":0,"34":0,"35":0,"36":0,"37":0,"38":0,"39":0,"40":0,"41":0,"42":0,"43":0,"44":0,"45":2,"46":0,"47":0,"48":2,"49":0,"50":0,"51":2,"52":0,"53":0,"54":0,"55":0,"56":0,"57":0,"58":0,"59":0,"60":0,"61":0,"62":0,"63":0,"64":0,"65":0,"66":0,"67":2,"68":0,"69":0,"70":0,"71":2},"f":{"0":6,"1":6,"2":0,"3":0,"4":0,"5":0,"6":0,"7":0,"8":0,"9":0},"b":{"0":[0,6],"1":[0,0],"2":[0,0],"3":[0,0],"4":[0,0],"5":[0,0],"6":[0,0],"7":[0,0],"8":[0,0]},"_coverageSchema":"1a1c01bbd47fc00a2c39e90264f33305004495a9","hash":"7e98abd8454e9685ab56191991f8ed6d46219c8f"}
,"/Users/gavrielsacks/grocery-compare-app/backend/routes/backup.js": {"path":"/Users/gavrielsacks/grocery-compare-app/backend/routes/backup.js","statementMap":{"0":{"start":{"line":1,"column":16},"end":{"line":1,"column":34}},"1":{"start":{"line":2,"column":15},"end":{"line":2,"column":31}},"2":{"start":{"line":3,"column":15},"end":{"line":3,"column":32}},"3":{"start":{"line":4,"column":22},"end":{"line":4,"column":55}},"4":{"start":{"line":7,"column":15},"end":{"line":19,"column":2}},"5":{"start":{"line":13,"column":4},"end":{"line":17,"column":5}},"6":{"start":{"line":14,"column":6},"end":{"line":14,"column":21}},"7":{"start":{"line":16,"column":6},"end":{"line":16,"column":58}},"8":{"start":{"line":22,"column":0},"end":{"line":43,"column":3}},"9":{"start":{"line":23,"column":2},"end":{"line":42,"column":3}},"10":{"start":{"line":24,"column":26},"end":{"line":24,"column":58}},"11":{"start":{"line":25,"column":23},"end":{"line":25,"column":73}},"12":{"start":{"line":27,"column":4},"end":{"line":35,"column":7}},"13":{"start":{"line":37,"column":4},"end":{"line":37,"column":57}},"14":{"start":{"line":38,"column":4},"end":{"line":41,"column":7}},"15":{"start":{"line":46,"column":0},"end":{"line":69,"column":3}},"16":{"start":{"line":47,"column":2},"end":{"line":68,"column":3}},"17":{"start":{"line":48,"column":19},"end":{"line":48,"column":47}},"18":{"start":{"line":50,"column":4},"end":{"line":61,"column":5}},"19":{"start":{"line":51,"column":6},"end":{"line":55,"column":9}},"20":{"start":{"line":57,"column":6},"end":{"line":60,"column":9}},"21":{"start":{"line":63,"column":4},"end":{"line":63,"column":51}},"22":{"start":{"line":64,"column":4},"end":{"line":67,"column":7}},"23":{"start":{"line":72,"column":0},"end":{"line":98,"column":3}},"24":{"start":{"line":73,"column":2},"end":{"line":97,"column":3}},"25":{"start":{"line":74,"column":25},"end":{"line":74,"column":35}},"26":{"start":{"line":75,"column":19},"end":{"line":75,"column":56}},"27":{"start":{"line":77,"column":4},"end":{"line":90,"column":5}},"28":{"start":{"line":78,"column":6},"end":{"line":82,"column":9}},"29":{"start":{"line":84,"column":6},"end":{"line":84,"column":28}},"30":{"start":{"line":86,"column":6},"end":{"line":89,"column":9}},"31":{"start":{"line":92,"column":4},"end":{"line":92,"column":54}},"32":{"start":{"line":93,"column":4},"end":{"line":96,"column":7}},"33":{"start":{"line":101,"column":0},"end":{"line":125,"column":3}},"34":{"start":{"line":102,"column":2},"end":{"line":124,"column":3}},"35":{"start":{"line":103,"column":25},"end":{"line":103,"column":35}},"36":{"start":{"line":104,"column":19},"end":{"line":104,"column":60}},"37":{"start":{"line":106,"column":4},"end":{"line":117,"column":5}},"38":{"start":{"line":107,"column":6},"end":{"line":111,"column":9}},"39":{"start":{"line":113,"column":6},"end":{"line":116,"column":9}},"40":{"start":{"line":119,"column":4},"end":{"line":119,"column":52}},"41":{"start":{"line":120,"column":4},"end":{"line":123,"column":7}},"42":{"start":{"line":128,"column":0},"end":{"line":162,"column":3}},"43":{"start":{"line":129,"column":2},"end":{"line":161,"column":3}},"44":{"start":{"line":130,"column":20},"end":{"line":130,"column":49}},"45":{"start":{"line":132,"column":4},"end":{"line":137,"column":5}},"46":{"start":{"line":133,"column":6},"end":{"line":136,"column":9}},"47":{"start":{"line":139,"column":25},"end":{"line":139,"column":35}},"48":{"start":{"line":140,"column":19},"end":{"line":140,"column":73}},"49":{"start":{"line":142,"column":4},"end":{"line":154,"column":5}},"50":{"start":{"line":143,"column":6},"end":{"line":148,"column":9}},"51":{"start":{"line":150,"column":6},"end":{"line":153,"column":9}},"52":{"start":{"line":156,"column":4},"end":{"line":156,"column":59}},"53":{"start":{"line":157,"column":4},"end":{"line":160,"column":7}},"54":{"start":{"line":165,"column":0},"end":{"line":198,"column":3}},"55":{"start":{"line":166,"column":2},"end":{"line":197,"column":3}},"56":{"start":{"line":167,"column":4},"end":{"line":172,"column":5}},"57":{"start":{"line":168,"column":6},"end":{"line":171,"column":9}},"58":{"start":{"line":174,"column":25},"end":{"line":174,"column":57}},"59":{"start":{"line":175,"column":25},"end":{"line":175,"column":46}},"60":{"start":{"line":177,"column":19},"end":{"line":177,"column":78}},"61":{"start":{"line":179,"column":4},"end":{"line":190,"column":5}},"62":{"start":{"line":180,"column":6},"end":{"line":184,"column":9}},"63":{"start":{"line":186,"column":6},"end":{"line":189,"column":9}},"64":{"start":{"line":192,"column":4},"end":{"line":192,"column":66}},"65":{"start":{"line":193,"column":4},"end":{"line":196,"column":7}},"66":{"start":{"line":201,"column":0},"end":{"line":218,"column":3}},"67":{"start":{"line":202,"column":2},"end":{"line":217,"column":3}},"68":{"start":{"line":203,"column":20},"end":{"line":203,"column":49}},"69":{"start":{"line":204,"column":4},"end":{"line":210,"column":7}},"70":{"start":{"line":212,"column":4},"end":{"line":212,"column":55}},"71":{"start":{"line":213,"column":4},"end":{"line":216,"column":7}},"72":{"start":{"line":221,"column":0},"end":{"line":245,"column":3}},"73":{"start":{"line":222,"column":2},"end":{"line":244,"column":3}},"74":{"start":{"line":223,"column":26},"end":{"line":223,"column":36}},"75":{"start":{"line":224,"column":19},"end":{"line":224,"column":64}},"76":{"start":{"line":226,"column":4},"end":{"line":237,"column":5}},"77":{"start":{"line":227,"column":6},"end":{"line":231,"column":9}},"78":{"start":{"line":233,"column":6},"end":{"line":236,"column":9}},"79":{"start":{"line":239,"column":4},"end":{"line":239,"column":60}},"80":{"start":{"line":240,"column":4},"end":{"line":243,"column":7}},"81":{"start":{"line":248,"column":0},"end":{"line":262,"column":3}},"82":{"start":{"line":249,"column":2},"end":{"line":256,"column":3}},"83":{"start":{"line":250,"column":4},"end":{"line":255,"column":5}},"84":{"start":{"line":251,"column":6},"end":{"line":254,"column":9}},"85":{"start":{"line":258,"column":2},"end":{"line":261,"column":5}},"86":{"start":{"line":264,"column":0},"end":{"line":264,"column":24}}},"fnMap":{"0":{"name":"(anonymous_0)","decl":{"start":{"line":12,"column":14},"end":{"line":12,"column":15}},"loc":{"start":{"line":12,"column":33},"end":{"line":18,"column":3}},"line":12},"1":{"name":"(anonymous_1)","decl":{"start":{"line":22,"column":22},"end":{"line":22,"column":23}},"loc":{"start":{"line":22,"column":36},"end":{"line":43,"column":1}},"line":22},"2":{"name":"(anonymous_2)","decl":{"start":{"line":46,"column":23},"end":{"line":46,"column":24}},"loc":{"start":{"line":46,"column":37},"end":{"line":69,"column":1}},"line":46},"3":{"name":"(anonymous_3)","decl":{"start":{"line":72,"column":34},"end":{"line":72,"column":35}},"loc":{"start":{"line":72,"column":48},"end":{"line":98,"column":1}},"line":72},"4":{"name":"(anonymous_4)","decl":{"start":{"line":101,"column":34},"end":{"line":101,"column":35}},"loc":{"start":{"line":101,"column":48},"end":{"line":125,"column":1}},"line":101},"5":{"name":"(anonymous_5)","decl":{"start":{"line":128,"column":31},"end":{"line":128,"column":32}},"loc":{"start":{"line":128,"column":45},"end":{"line":162,"column":1}},"line":128},"6":{"name":"(anonymous_6)","decl":{"start":{"line":165,"column":60},"end":{"line":165,"column":61}},"loc":{"start":{"line":165,"column":74},"end":{"line":198,"column":1}},"line":165},"7":{"name":"(anonymous_7)","decl":{"start":{"line":201,"column":20},"end":{"line":201,"column":21}},"loc":{"start":{"line":201,"column":34},"end":{"line":218,"column":1}},"line":201},"8":{"name":"(anonymous_8)","decl":{"start":{"line":221,"column":36},"end":{"line":221,"column":37}},"loc":{"start":{"line":221,"column":50},"end":{"line":245,"column":1}},"line":221},"9":{"name":"(anonymous_9)","decl":{"start":{"line":248,"column":11},"end":{"line":248,"column":12}},"loc":{"start":{"line":248,"column":38},"end":{"line":262,"column":1}},"line":248}},"branchMap":{"0":{"loc":{"start":{"line":13,"column":4},"end":{"line":17,"column":5}},"type":"if","locations":[{"start":{"line":13,"column":4},"end":{"line":17,"column":5}},{"start":{"line":15,"column":11},"end":{"line":17,"column":5}}],"line":13},"1":{"loc":{"start":{"line":13,"column":8},"end":{"line":13,"column":83}},"type":"binary-expr","locations":[{"start":{"line":13,"column":8},"end":{"line":13,"column":44}},{"start":{"line":13,"column":48},"end":{"line":13,"column":83}}],"line":13},"2":{"loc":{"start":{"line":25,"column":23},"end":{"line":25,"column":73}},"type":"cond-expr","locations":[{"start":{"line":25,"column":50},"end":{"line":25,"column":66}},{"start":{"line":25,"column":69},"end":{"line":25,"column":73}}],"line":25},"3":{"loc":{"start":{"line":50,"column":4},"end":{"line":61,"column":5}},"type":"if","locations":[{"start":{"line":50,"column":4},"end":{"line":61,"column":5}},{"start":{"line":56,"column":11},"end":{"line":61,"column":5}}],"line":50},"4":{"loc":{"start":{"line":77,"column":4},"end":{"line":90,"column":5}},"type":"if","locations":[{"start":{"line":77,"column":4},"end":{"line":90,"column":5}},{"start":{"line":85,"column":11},"end":{"line":90,"column":5}}],"line":77},"5":{"loc":{"start":{"line":106,"column":4},"end":{"line":117,"column":5}},"type":"if","locations":[{"start":{"line":106,"column":4},"end":{"line":117,"column":5}},{"start":{"line":112,"column":11},"end":{"line":117,"column":5}}],"line":106},"6":{"loc":{"start":{"line":132,"column":4},"end":{"line":137,"column":5}},"type":"if","locations":[{"start":{"line":132,"column":4},"end":{"line":137,"column":5}},{"start":{},"end":{}}],"line":132},"7":{"loc":{"start":{"line":142,"column":4},"end":{"line":154,"column":5}},"type":"if","locations":[{"start":{"line":142,"column":4},"end":{"line":154,"column":5}},{"start":{"line":149,"column":11},"end":{"line":154,"column":5}}],"line":142},"8":{"loc":{"start":{"line":167,"column":4},"end":{"line":172,"column":5}},"type":"if","locations":[{"start":{"line":167,"column":4},"end":{"line":172,"column":5}},{"start":{},"end":{}}],"line":167},"9":{"loc":{"start":{"line":179,"column":4},"end":{"line":190,"column":5}},"type":"if","locations":[{"start":{"line":179,"column":4},"end":{"line":190,"column":5}},{"start":{"line":185,"column":11},"end":{"line":190,"column":5}}],"line":179},"10":{"loc":{"start":{"line":226,"column":4},"end":{"line":237,"column":5}},"type":"if","locations":[{"start":{"line":226,"column":4},"end":{"line":237,"column":5}},{"start":{"line":232,"column":11},"end":{"line":237,"column":5}}],"line":226},"11":{"loc":{"start":{"line":249,"column":2},"end":{"line":256,"column":3}},"type":"if","locations":[{"start":{"line":249,"column":2},"end":{"line":256,"column":3}},{"start":{},"end":{}}],"line":249},"12":{"loc":{"start":{"line":250,"column":4},"end":{"line":255,"column":5}},"type":"if","locations":[{"start":{"line":250,"column":4},"end":{"line":255,"column":5}},{"start":{},"end":{}}],"line":250}},"s":{"0":2,"1":2,"2":2,"3":2,"4":2,"5":0,"6":0,"7":0,"8":2,"9":0,"10":0,"11":0,"12":0,"13":0,"14":0,"15":2,"16":0,"17":0,"18":0,"19":0,"20":0,"21":0,"22":0,"23":2,"24":0,"25":0,"26":0,"27":0,"28":0,"29":0,"30":0,"31":0,"32":0,"33":2,"34":0,"35":0,"36":0,"37":0,"38":0,"39":0,"40":0,"41":0,"42":2,"43":0,"44":0,"45":0,"46":0,"47":0,"48":0,"49":0,"50":0,"51":0,"52":0,"53":0,"54":2,"55":0,"56":0,"57":0,"58":0,"59":0,"60":0,"61":0,"62":0,"63":0,"64":0,"65":0,"66":2,"67":0,"68":0,"69":0,"70":0,"71":0,"72":2,"73":0,"74":0,"75":0,"76":0,"77":0,"78":0,"79":0,"80":0,"81":2,"82":0,"83":0,"84":0,"85":0,"86":2},"f":{"0":0,"1":0,"2":0,"3":0,"4":0,"5":0,"6":0,"7":0,"8":0,"9":0},"b":{"0":[0,0],"1":[0,0],"2":[0,0],"3":[0,0],"4":[0,0],"5":[0,0],"6":[0,0],"7":[0,0],"8":[0,0],"9":[0,0],"10":[0,0],"11":[0,0],"12":[0,0]},"_coverageSchema":"1a1c01bbd47fc00a2c39e90264f33305004495a9","hash":"fea1561c42da96935c277e2c3868ae4fe66a6d85"}
,"/Users/gavrielsacks/grocery-compare-app/backend/routes/compare.js": {"path":"/Users/gavrielsacks/grocery-compare-app/backend/routes/compare.js","statementMap":{"0":{"start":{"line":1,"column":16},"end":{"line":1,"column":34}},"1":{"start":{"line":2,"column":15},"end":{"line":2,"column":31}},"2":{"start":{"line":3,"column":14},"end":{"line":3,"column":50}},"3":{"start":{"line":4,"column":49},"end":{"line":4,"column":87}},"4":{"start":{"line":5,"column":18},"end":{"line":5,"column":47}},"5":{"start":{"line":7,"column":0},"end":{"line":191,"column":3}},"6":{"start":{"line":8,"column":2},"end":{"line":190,"column":3}},"7":{"start":{"line":9,"column":28},"end":{"line":9,"column":36}},"8":{"start":{"line":11,"column":4},"end":{"line":11,"column":55}},"9":{"start":{"line":13,"column":4},"end":{"line":18,"column":5}},"10":{"start":{"line":14,"column":6},"end":{"line":17,"column":9}},"11":{"start":{"line":21,"column":19},"end":{"line":21,"column":42}},"12":{"start":{"line":22,"column":21},"end":{"line":22,"column":46}},"13":{"start":{"line":24,"column":4},"end":{"line":24,"column":58}},"14":{"start":{"line":25,"column":4},"end":{"line":25,"column":42}},"15":{"start":{"line":28,"column":4},"end":{"line":63,"column":5}},"16":{"start":{"line":30,"column":6},"end":{"line":42,"column":7}},"17":{"start":{"line":31,"column":8},"end":{"line":39,"column":11}},"18":{"start":{"line":41,"column":8},"end":{"line":41,"column":67}},"19":{"start":{"line":44,"column":6},"end":{"line":62,"column":9}},"20":{"start":{"line":46,"column":37},"end":{"line":56,"column":9}},"21":{"start":{"line":66,"column":26},"end":{"line":66,"column":28}},"22":{"start":{"line":67,"column":27},"end":{"line":67,"column":29}},"23":{"start":{"line":69,"column":4},"end":{"line":80,"column":5}},"24":{"start":{"line":70,"column":22},"end":{"line":70,"column":54}},"25":{"start":{"line":71,"column":6},"end":{"line":79,"column":7}},"26":{"start":{"line":73,"column":8},"end":{"line":76,"column":11}},"27":{"start":{"line":78,"column":8},"end":{"line":78,"column":34}},"28":{"start":{"line":82,"column":4},"end":{"line":85,"column":7}},"29":{"start":{"line":88,"column":25},"end":{"line":88,"column":27}},"30":{"start":{"line":90,"column":4},"end":{"line":132,"column":5}},"31":{"start":{"line":91,"column":23},"end":{"line":91,"column":24}},"32":{"start":{"line":92,"column":20},"end":{"line":92,"column":22}},"33":{"start":{"line":93,"column":27},"end":{"line":93,"column":29}},"34":{"start":{"line":95,"column":6},"end":{"line":114,"column":7}},"35":{"start":{"line":96,"column":24},"end":{"line":96,"column":44}},"36":{"start":{"line":99,"column":29},"end":{"line":101,"column":9}},"37":{"start":{"line":100,"column":10},"end":{"line":100,"column":61}},"38":{"start":{"line":103,"column":8},"end":{"line":113,"column":9}},"39":{"start":{"line":104,"column":10},"end":{"line":109,"column":13}},"40":{"start":{"line":110,"column":10},"end":{"line":110,"column":43}},"41":{"start":{"line":112,"column":10},"end":{"line":112,"column":51}},"42":{"start":{"line":117,"column":6},"end":{"line":119,"column":9}},"43":{"start":{"line":118,"column":8},"end":{"line":118,"column":32}},"44":{"start":{"line":121,"column":6},"end":{"line":131,"column":9}},"45":{"start":{"line":135,"column":4},"end":{"line":145,"column":7}},"46":{"start":{"line":137,"column":6},"end":{"line":139,"column":7}},"47":{"start":{"line":138,"column":8},"end":{"line":138,"column":44}},"48":{"start":{"line":141,"column":6},"end":{"line":141,"column":39}},"49":{"start":{"line":141,"column":30},"end":{"line":141,"column":39}},"50":{"start":{"line":142,"column":6},"end":{"line":142,"column":40}},"51":{"start":{"line":142,"column":30},"end":{"line":142,"column":40}},"52":{"start":{"line":144,"column":6},"end":{"line":144,"column":41}},"53":{"start":{"line":148,"column":24},"end":{"line":148,"column":74}},"54":{"start":{"line":148,"column":53},"end":{"line":148,"column":73}},"55":{"start":{"line":149,"column":18},"end":{"line":149,"column":19}},"56":{"start":{"line":150,"column":24},"end":{"line":150,"column":28}},"57":{"start":{"line":151,"column":29},"end":{"line":151,"column":33}},"58":{"start":{"line":153,"column":4},"end":{"line":158,"column":5}},"59":{"start":{"line":154,"column":21},"end":{"line":154,"column":85}},"60":{"start":{"line":154,"column":46},"end":{"line":154,"column":62}},"61":{"start":{"line":154,"column":79},"end":{"line":154,"column":84}},"62":{"start":{"line":155,"column":6},"end":{"line":155,"column":54}},"63":{"start":{"line":156,"column":6},"end":{"line":156,"column":85}},"64":{"start":{"line":156,"column":48},"end":{"line":156,"column":78}},"65":{"start":{"line":157,"column":6},"end":{"line":157,"column":106}},"66":{"start":{"line":157,"column":53},"end":{"line":157,"column":99}},"67":{"start":{"line":161,"column":4},"end":{"line":173,"column":5}},"68":{"start":{"line":162,"column":6},"end":{"line":170,"column":9}},"69":{"start":{"line":172,"column":6},"end":{"line":172,"column":65}},"70":{"start":{"line":175,"column":4},"end":{"line":182,"column":7}},"71":{"start":{"line":185,"column":4},"end":{"line":185,"column":55}},"72":{"start":{"line":186,"column":4},"end":{"line":189,"column":7}},"73":{"start":{"line":194,"column":0},"end":{"line":229,"column":3}},"74":{"start":{"line":195,"column":2},"end":{"line":228,"column":3}},"75":{"start":{"line":196,"column":82},"end":{"line":196,"column":90}},"76":{"start":{"line":198,"column":4},"end":{"line":203,"column":5}},"77":{"start":{"line":199,"column":6},"end":{"line":202,"column":9}},"78":{"start":{"line":205,"column":19},"end":{"line":211,"column":6}},"79":{"start":{"line":213,"column":4},"end":{"line":213,"column":110}},"80":{"start":{"line":215,"column":4},"end":{"line":220,"column":7}},"81":{"start":{"line":223,"column":4},"end":{"line":223,"column":62}},"82":{"start":{"line":224,"column":4},"end":{"line":227,"column":7}},"83":{"start":{"line":232,"column":0},"end":{"line":247,"column":3}},"84":{"start":{"line":233,"column":2},"end":{"line":246,"column":3}},"85":{"start":{"line":234,"column":53},"end":{"line":234,"column":61}},"86":{"start":{"line":236,"column":4},"end":{"line":240,"column":7}},"87":{"start":{"line":242,"column":4},"end":{"line":242,"column":67}},"88":{"start":{"line":244,"column":4},"end":{"line":244,"column":59}},"89":{"start":{"line":245,"column":4},"end":{"line":245,"column":81}},"90":{"start":{"line":250,"column":0},"end":{"line":259,"column":3}},"91":{"start":{"line":251,"column":2},"end":{"line":258,"column":3}},"92":{"start":{"line":252,"column":17},"end":{"line":252,"column":47}},"93":{"start":{"line":253,"column":20},"end":{"line":253,"column":55}},"94":{"start":{"line":254,"column":4},"end":{"line":254,"column":47}},"95":{"start":{"line":256,"column":4},"end":{"line":256,"column":53}},"96":{"start":{"line":257,"column":4},"end":{"line":257,"column":79}},"97":{"start":{"line":262,"column":0},"end":{"line":281,"column":3}},"98":{"start":{"line":263,"column":2},"end":{"line":280,"column":3}},"99":{"start":{"line":264,"column":75},"end":{"line":264,"column":83}},"100":{"start":{"line":266,"column":4},"end":{"line":268,"column":5}},"101":{"start":{"line":267,"column":6},"end":{"line":267,"column":91}},"102":{"start":{"line":270,"column":21},"end":{"line":270,"column":99}},"103":{"start":{"line":272,"column":4},"end":{"line":276,"column":7}},"104":{"start":{"line":278,"column":4},"end":{"line":278,"column":60}},"105":{"start":{"line":279,"column":4},"end":{"line":279,"column":81}},"106":{"start":{"line":284,"column":0},"end":{"line":312,"column":3}},"107":{"start":{"line":285,"column":2},"end":{"line":311,"column":3}},"108":{"start":{"line":286,"column":21},"end":{"line":286,"column":46}},"109":{"start":{"line":287,"column":22},"end":{"line":287,"column":26}},"110":{"start":{"line":290,"column":4},"end":{"line":301,"column":7}},"111":{"start":{"line":291,"column":6},"end":{"line":300,"column":7}},"112":{"start":{"line":292,"column":8},"end":{"line":299,"column":11}},"113":{"start":{"line":293,"column":10},"end":{"line":298,"column":11}},"114":{"start":{"line":294,"column":28},"end":{"line":294,"column":60}},"115":{"start":{"line":295,"column":12},"end":{"line":297,"column":13}},"116":{"start":{"line":296,"column":14},"end":{"line":296,"column":36}},"117":{"start":{"line":303,"column":4},"end":{"line":307,"column":7}},"118":{"start":{"line":309,"column":4},"end":{"line":309,"column":56}},"119":{"start":{"line":310,"column":4},"end":{"line":310,"column":82}},"120":{"start":{"line":315,"column":0},"end":{"line":331,"column":3}},"121":{"start":{"line":316,"column":2},"end":{"line":330,"column":3}},"122":{"start":{"line":317,"column":21},"end":{"line":317,"column":46}},"123":{"start":{"line":318,"column":19},"end":{"line":318,"column":42}},"124":{"start":{"line":320,"column":4},"end":{"line":326,"column":7}},"125":{"start":{"line":328,"column":4},"end":{"line":328,"column":53}},"126":{"start":{"line":329,"column":4},"end":{"line":329,"column":80}},"127":{"start":{"line":333,"column":0},"end":{"line":333,"column":24}}},"fnMap":{"0":{"name":"(anonymous_0)","decl":{"start":{"line":7,"column":34},"end":{"line":7,"column":35}},"loc":{"start":{"line":7,"column":54},"end":{"line":191,"column":1}},"line":7},"1":{"name":"(anonymous_1)","decl":{"start":{"line":46,"column":27},"end":{"line":46,"column":28}},"loc":{"start":{"line":46,"column":37},"end":{"line":56,"column":9}},"line":46},"2":{"name":"(anonymous_2)","decl":{"start":{"line":99,"column":50},"end":{"line":99,"column":51}},"loc":{"start":{"line":100,"column":10},"end":{"line":100,"column":61}},"line":100},"3":{"name":"(anonymous_3)","decl":{"start":{"line":117,"column":29},"end":{"line":117,"column":30}},"loc":{"start":{"line":117,"column":37},"end":{"line":119,"column":7}},"line":117},"4":{"name":"(anonymous_4)","decl":{"start":{"line":135,"column":22},"end":{"line":135,"column":23}},"loc":{"start":{"line":135,"column":32},"end":{"line":145,"column":5}},"line":135},"5":{"name":"(anonymous_5)","decl":{"start":{"line":148,"column":44},"end":{"line":148,"column":45}},"loc":{"start":{"line":148,"column":53},"end":{"line":148,"column":73}},"line":148},"6":{"name":"(anonymous_6)","decl":{"start":{"line":154,"column":37},"end":{"line":154,"column":38}},"loc":{"start":{"line":154,"column":46},"end":{"line":154,"column":62}},"line":154},"7":{"name":"(anonymous_7)","decl":{"start":{"line":154,"column":69},"end":{"line":154,"column":70}},"loc":{"start":{"line":154,"column":79},"end":{"line":154,"column":84}},"line":154},"8":{"name":"(anonymous_8)","decl":{"start":{"line":156,"column":39},"end":{"line":156,"column":40}},"loc":{"start":{"line":156,"column":48},"end":{"line":156,"column":78}},"line":156},"9":{"name":"(anonymous_9)","decl":{"start":{"line":157,"column":44},"end":{"line":157,"column":45}},"loc":{"start":{"line":157,"column":53},"end":{"line":157,"column":99}},"line":157},"10":{"name":"(anonymous_10)","decl":{"start":{"line":194,"column":32},"end":{"line":194,"column":33}},"loc":{"start":{"line":194,"column":52},"end":{"line":229,"column":1}},"line":194},"11":{"name":"(anonymous_11)","decl":{"start":{"line":232,"column":37},"end":{"line":232,"column":38}},"loc":{"start":{"line":232,"column":51},"end":{"line":247,"column":1}},"line":232},"12":{"name":"(anonymous_12)","decl":{"start":{"line":250,"column":25},"end":{"line":250,"column":26}},"loc":{"start":{"line":250,"column":39},"end":{"line":259,"column":1}},"line":250},"13":{"name":"(anonymous_13)","decl":{"start":{"line":262,"column":31},"end":{"line":262,"column":32}},"loc":{"start":{"line":262,"column":45},"end":{"line":281,"column":1}},"line":262},"14":{"name":"(anonymous_14)","decl":{"start":{"line":284,"column":28},"end":{"line":284,"column":29}},"loc":{"start":{"line":284,"column":48},"end":{"line":312,"column":1}},"line":284},"15":{"name":"(anonymous_15)","decl":{"start":{"line":290,"column":21},"end":{"line":290,"column":22}},"loc":{"start":{"line":290,"column":32},"end":{"line":301,"column":5}},"line":290},"16":{"name":"(anonymous_16)","decl":{"start":{"line":292,"column":31},"end":{"line":292,"column":32}},"loc":{"start":{"line":292,"column":44},"end":{"line":299,"column":9}},"line":292},"17":{"name":"(anonymous_17)","decl":{"start":{"line":315,"column":24},"end":{"line":315,"column":25}},"loc":{"start":{"line":315,"column":44},"end":{"line":331,"column":1}},"line":315}},"branchMap":{"0":{"loc":{"start":{"line":13,"column":4},"end":{"line":18,"column":5}},"type":"if","locations":[{"start":{"line":13,"column":4},"end":{"line":18,"column":5}},{"start":{},"end":{}}],"line":13},"1":{"loc":{"start":{"line":13,"column":8},"end":{"line":13,"column":51}},"type":"binary-expr","locations":[{"start":{"line":13,"column":8},"end":{"line":13,"column":20}},{"start":{"line":13,"column":24},"end":{"line":13,"column":51}}],"line":13},"2":{"loc":{"start":{"line":28,"column":4},"end":{"line":63,"column":5}},"type":"if","locations":[{"start":{"line":28,"column":4},"end":{"line":63,"column":5}},{"start":{},"end":{}}],"line":28},"3":{"loc":{"start":{"line":71,"column":6},"end":{"line":79,"column":7}},"type":"if","locations":[{"start":{"line":71,"column":6},"end":{"line":79,"column":7}},{"start":{"line":77,"column":13},"end":{"line":79,"column":7}}],"line":71},"4":{"loc":{"start":{"line":100,"column":10},"end":{"line":100,"column":61}},"type":"binary-expr","locations":[{"start":{"line":100,"column":10},"end":{"line":100,"column":37}},{"start":{"line":100,"column":41},"end":{"line":100,"column":61}}],"line":100},"5":{"loc":{"start":{"line":103,"column":8},"end":{"line":113,"column":9}},"type":"if","locations":[{"start":{"line":103,"column":8},"end":{"line":113,"column":9}},{"start":{"line":111,"column":15},"end":{"line":113,"column":9}}],"line":103},"6":{"loc":{"start":{"line":130,"column":22},"end":{"line":130,"column":84}},"type":"cond-expr","locations":[{"start":{"line":130,"column":47},"end":{"line":130,"column":80}},{"start":{"line":130,"column":83},"end":{"line":130,"column":84}}],"li
[...]
:{"start":{"line":31,"column":33},"end":{"line":80,"column":1}},"line":31},"2":{"name":"(anonymous_2)","decl":{"start":{"line":51,"column":24},"end":{"line":51,"column":25}},"loc":{"start":{"line":51,"column":29},"end":{"line":51,"column":61}},"line":51},"3":{"name":"(anonymous_3)","decl":{"start":{"line":58,"column":40},"end":{"line":58,"column":41}},"loc":{"start":{"line":58,"column":49},"end":{"line":61,"column":3}},"line":58},"4":{"name":"(anonymous_4)","decl":{"start":{"line":64,"column":20},"end":{"line":64,"column":21}},"loc":{"start":{"line":64,"column":30},"end":{"line":64,"column":57}},"line":64},"5":{"name":"(anonymous_5)","decl":{"start":{"line":83,"column":25},"end":{"line":83,"column":26}},"loc":{"start":{"line":83,"column":36},"end":{"line":102,"column":1}},"line":83}},"branchMap":{"0":{"loc":{"start":{"line":40,"column":2},"end":{"line":42,"column":3}},"type":"if","locations":[{"start":{"line":40,"column":2},"end":{"line":42,"column":3}},{"start":{},"end":{}}],"line":40},"1":{"loc":{"start":{"line":45,"column":2},"end":{"line":47,"column":3}},"type":"if","locations":[{"start":{"line":45,"column":2},"end":{"line":47,"column":3}},{"start":{},"end":{}}],"line":45},"2":{"loc":{"start":{"line":51,"column":4},"end":{"line":53,"column":5}},"type":"if","locations":[{"start":{"line":51,"column":4},"end":{"line":53,"column":5}},{"start":{},"end":{}}],"line":51},"3":{"loc":{"start":{"line":67,"column":2},"end":{"line":69,"column":3}},"type":"if","locations":[{"start":{"line":67,"column":2},"end":{"line":69,"column":3}},{"start":{},"end":{}}],"line":67},"4":{"loc":{"start":{"line":67,"column":6},"end":{"line":67,"column":57}},"type":"binary-expr","locations":[{"start":{"line":67,"column":6},"end":{"line":67,"column":21}},{"start":{"line":67,"column":25},"end":{"line":67,"column":57}}],"line":67},"5":{"loc":{"start":{"line":73,"column":4},"end":{"line":76,"column":5}},"type":"if","locations":[{"start":{"line":73,"column":4},"end":{"line":76,"column":5}},{"start":{},"end":{}}],"line":73},"6":{"loc":{"start":{"line":73,"column":8},"end":{"line":74,"column":56}},"type":"binary-expr","locations":[{"start":{"line":73,"column":8},"end":{"line":73,"column":56}},{"start":{"line":74,"column":8},"end":{"line":74,"column":56}}],"line":73},"7":{"loc":{"start":{"line":91,"column":4},"end":{"line":98,"column":5}},"type":"if","locations":[{"start":{"line":91,"column":4},"end":{"line":98,"column":5}},{"start":{"line":96,"column":11},"end":{"line":98,"column":5}}],"line":91}},"s":{"0":0,"1":0,"2":0,"3":0,"4":0,"5":0,"6":0,"7":0,"8":0,"9":0,"10":0,"11":0,"12":0,"13":0,"14":0,"15":0,"16":0,"17":0,"18":0,"19":0,"20":0,"21":0,"22":0,"23":0,"24":0,"25":0,"26":0,"27":0,"28":0,"29":0,"30":0,"31":0,"32":0,"33":0,"34":0,"35":0,"36":0,"37":0},"f":{"0":0,"1":0,"2":0,"3":0,"4":0,"5":0},"b":{"0":[0,0],"1":[0,0],"2":[0,0],"3":[0,0],"4":[0,0],"5":[0,0],"6":[0,0],"7":[0,0]}}
,"/Users/gavrielsacks/grocery-compare-app/backend/utils/monitoring.js": {"path":"/Users/gavrielsacks/grocery-compare-app/backend/utils/monitoring.js","statementMap":{"0":{"start":{"line":13,"column":11},"end":{"line":13,"column":24}},"1":{"start":{"line":14,"column":13},"end":{"line":14,"column":28}},"2":{"start":{"line":15,"column":15},"end":{"line":15,"column":48}},"3":{"start":{"line":19,"column":4},"end":{"line":19,"column":23}},"4":{"start":{"line":20,"column":4},"end":{"line":20,"column":29}},"5":{"start":{"line":21,"column":4},"end":{"line":27,"column":6}},"6":{"start":{"line":30,"column":4},"end":{"line":30,"column":51}},"7":{"start":{"line":31,"column":4},"end":{"line":33,"column":5}},"8":{"start":{"line":32,"column":6},"end":{"line":32,"column":54}},"9":{"start":{"line":36,"column":4},"end":{"line":36,"column":34}},"10":{"start":{"line":44,"column":22},"end":{"line":51,"column":5}},"11":{"start":{"line":54,"column":4},"end":{"line":54,"column":34}},"12":{"start":{"line":57,"column":4},"end":{"line":59,"column":5}},"13":{"start":{"line":58,"column":6},"end":{"line":58,"column":48}},"14":{"start":{"line":62,"column":4},"end":{"line":62,"column":37}},"15":{"start":{"line":65,"column":4},"end":{"line":65,"column":34}},"16":{"start":{"line":68,"column":4},"end":{"line":70,"column":5}},"17":{"start":{"line":69,"column":6},"end":{"line":69,"column":40}},"18":{"start":{"line":72,"column":4},"end":{"line":72,"column":91}},"19":{"start":{"line":80,"column":21},"end":{"line":86,"column":5}},"20":{"start":{"line":88,"column":4},"end":{"line":88,"column":39}},"21":{"start":{"line":91,"column":4},"end":{"line":93,"column":5}},"22":{"start":{"line":92,"column":6},"end":{"line":92,"column":61}},"23":{"start":{"line":96,"column":4},"end":{"line":102,"column":5}},"24":{"start":{"line":97,"column":6},"end":{"line":101,"column":9}},"25":{"start":{"line":105,"column":4},"end":{"line":107,"column":5}},"26":{"start":{"line":106,"column":6},"end":{"line":106,"column":74}},"27":{"start":{"line":115,"column":26},"end":{"line":120,"column":5}},"28":{"start":{"line":123,"column":4},"end":{"line":133,"column":5}},"29":{"start":{"line":125,"column":8},"end":{"line":125,"column":40}},"30":{"start":{"line":126,"column":8},"end":{"line":126,"column":14}},"31":{"start":{"line":128,"column":8},"end":{"line":128,"column":44}},"32":{"start":{"line":129,"column":8},"end":{"line":129,"column":14}},"33":{"start":{"line":131,"column":8},"end":{"line":131,"column":43}},"34":{"start":{"line":132,"column":8},"end":{"line":132,"column":14}},"35":{"start":{"line":136,"column":4},"end":{"line":138,"column":5}},"36":{"start":{"line":137,"column":6},"end":{"line":137,"column":55}},"37":{"start":{"line":146,"column":19},"end":{"line":146,"column":62}},"38":{"start":{"line":147,"column":25},"end":{"line":149,"column":5}},"39":{"start":{"line":148,"column":15},"end":{"line":148,"column":70}},"40":{"start":{"line":150,"column":27},"end":{"line":150,"column":61}},"41":{"start":{"line":152,"column":4},"end":{"line":160,"column":6}},"42":{"start":{"line":168,"column":4},"end":{"line":173,"column":5}},"43":{"start":{"line":172,"column":6},"end":{"line":172,"column":24}},"44":{"start":{"line":176,"column":4},"end":{"line":179,"column":5}},"45":{"start":{"line":178,"column":6},"end":{"line":178,"column":20}},"46":{"start":{"line":182,"column":4},"end":{"line":182,"column":20}},"47":{"start":{"line":186,"column":4},"end":{"line":193,"column":5}},"48":{"start":{"line":187,"column":22},"end":{"line":187,"column":101}},"49":{"start":{"line":188,"column":22},"end":{"line":188,"column":93}},"50":{"start":{"line":190,"column":6},"end":{"line":190,"column":42}},"51":{"start":{"line":192,"column":6},"end":{"line":192,"column":55}},"52":{"start":{"line":203,"column":4},"end":{"line":203,"column":50}},"53":{"start":{"line":204,"column":4},"end":{"line":204,"column":49}},"54":{"start":{"line":205,"column":4},"end":{"line":205,"column":59}},"55":{"start":{"line":206,"column":4},"end":{"line":206,"column":50}},"56":{"start":{"line":207,"column":4},"end":{"line":207,"column":49}},"57":{"start":{"line":214,"column":4},"end":{"line":214,"column":51}},"58":{"start":{"line":214,"column":42},"end":{"line":214,"column":51}},"59":{"start":{"line":216,"column":23},"end":{"line":216,"column":53}},"60":{"start":{"line":217,"column":18},"end":{"line":217,"column":76}},"61":{"start":{"line":217,"column":52},"end":{"line":217,"column":72}},"62":{"start":{"line":218,"column":4},"end":{"line":218,"column":49}},"63":{"start":{"line":223,"column":4},"end":{"line":231,"column":5}},"64":{"start":{"line":224,"column":6},"end":{"line":230,"column":25}},"65":{"start":{"line":225,"column":23},"end":{"line":225,"column":45}},"66":{"start":{"line":226,"column":8},"end":{"line":226,"column":63}},"67":{"start":{"line":229,"column":8},"end":{"line":229,"column":33}},"68":{"start":{"line":235,"column":4},"end":{"line":247,"column":5}},"69":{"start":{"line":236,"column":26},"end":{"line":236,"column":107}},"70":{"start":{"line":237,"column":22},"end":{"line":242,"column":7}},"71":{"start":{"line":244,"column":6},"end":{"line":244,"column":70}},"72":{"start":{"line":246,"column":6},"end":{"line":246,"column":59}},"73":{"start":{"line":251,"column":24},"end":{"line":251,"column":26}},"74":{"start":{"line":252,"column":4},"end":{"line":255,"column":7}},"75":{"start":{"line":253,"column":18},"end":{"line":253,"column":31}},"76":{"start":{"line":254,"column":6},"end":{"line":254,"column":53}},"77":{"start":{"line":257,"column":4},"end":{"line":260,"column":51}},"78":{"start":{"line":258,"column":28},"end":{"line":258,"column":33}},"79":{"start":{"line":260,"column":32},"end":{"line":260,"column":48}},"80":{"start":{"line":264,"column":4},"end":{"line":271,"column":10}},"81":{"start":{"line":265,"column":22},"end":{"line":265,"column":45}},"82":{"start":{"line":267,"column":21},"end":{"line":271,"column":7}},"83":{"start":{"line":276,"column":16},"end":{"line":276,"column":40}},"84":{"start":{"line":279,"column":34},"end":{"line":298,"column":1}},"85":{"start":{"line":280,"column":20},"end":{"line":280,"column":30}},"86":{"start":{"line":282,"column":2},"end":{"line":286,"column":5}},"87":{"start":{"line":289,"column":2},"end":{"line":295,"column":5}},"88":{"start":{"line":290,"column":21},"end":{"line":290,"column":43}},"89":{"start":{"line":291,"column":4},"end":{"line":294,"column":7}},"90":{"start":{"line":297,"column":2},"end":{"line":297,"column":9}},"91":{"start":{"line":301,"column":0},"end":{"line":303,"column":3}},"92":{"start":{"line":302,"column":2},"end":{"line":302,"column":58}},"93":{"start":{"line":305,"column":0},"end":{"line":310,"column":3}},"94":{"start":{"line":306,"column":2},"end":{"line":309,"column":5}},"95":{"start":{"line":312,"column":0},"end":{"line":315,"column":2}}},"fnMap":{"0":{"name":"(anonymous_0)","decl":{"start":{"line":18,"column":2},"end":{"line":18,"column":3}},"loc":{"start":{"line":18,"column":16},"end":{"line":37,"column":3}},"line":18},"1":{"name":"(anonymous_1)","decl":{"start":{"line":43,"column":2},"end":{"line":43,"column":3}},"loc":{"start":{"line":43,"column":32},"end":{"line":73,"column":3}},"line":43},"2":{"name":"(anonymous_2)","decl":{"start":{"line":79,"column":2},"end":{"line":79,"column":3}},"loc":{"start":{"line":79,"column":55},"end":{"line":108,"column":3}},"line":79},"3":{"name":"(anonymous_3)","decl":{"start":{"line":114,"column":2},"end":{"line":114,"column":3}},"loc":{"start":{"line":114,"column":39},"end":{"line":139,"column":3}},"line":114},"4":{"name":"(anonymous_4)","decl":{"start":{"line":145,"column":2},"end":{"line":145,"column":3}},"loc":{"start":{"line":145,"column":20},"end":{"line":161,"column":3}},"line":145},"5":{"name":"(anonymous_5)","decl":{"start":{"line":148,"column":6},"end":{"line":148,"column":7}},"loc":{"start":{"line":148,"column":15},"end":{"line":148,"column":70}},"line":148},"6":{"name":"(anonymous_6)","decl":{"start":{"line":166,"column":2},"end":{"line":166,"column":3}},"loc":{"start":{"line":166,"column":36},"end":{"line":183,"column":3}},"line":166},"7":{"name":"(anonymous_7)","decl":{"start":{"line":185,"column":2},"end":{"line":185,"column":3}},"loc":{"start":{"line":185,"column":30},"end":{"line":194,"column":3}},"line":185},"8":{"name":"(anonymous_8)","decl":{"start":{"line":196,"column":2},"end":{"line":196,"column":3}},"loc":{"start":{"line":196,"column":31},"end":{"line":211,"column":3}},"line":196},"9":{"name":"(anonymous_9)","decl":{"start":{"line":213,"column":2},"end":{"line":213,"column":3}},"loc":{"start":{"line":213,"column":32},"end":{"line":219,"column":3}},"line":213},"10":{"name":"(anonymous_10)","decl":{"start":{"line":217,"column":36},"end":{"line":217,"column":37}},"loc":{"start":{"line":217,"column":52},"end":{"line":217,"column":72}},"line":217},"11":{"name":"(anonymous_11)","decl":{"start":{"line":221,"column":2},"end":{"line":221,"column":3}},"loc":{"start":{"line":221,"column":27},"end":{"line":232,"column":3}},"line":221},"12":{"name":"(anonymous_12)","decl":{"start":{"line":224,"column":18},"end":{"line":224,"column":19}},"loc":{"start":{"line":224,"column":24},"end":{"line":230,"column":7}},"line":224},"13":{"name":"(anonymous_13)","decl":{"start":{"line":234,"column":2},"end":{"line":234,"column":3}},"loc":{"start":{"line":234,"column":22},"end":{"line":248,"column":3}},"line":234},"14":{"name":"(anonymous_14)","decl":{"start":{"line":250,"column":2},"end":{"line":250,"column":3}},"loc":{"start":{"line":250,"column":17},"end":{"line":261,"column":3}},"line":250},"15":{"name":"(anonymous_15)","decl":{"start":{"line":252,"column":26},"end":{"line":252,"column":27}},"loc":{"start":{"line":252,"column":35},"end":{"line":255,"column":5}},"line":252},"16":{"name":"(anonymous_16)","decl":{"start":{"line":258,"column":12},"end":{"line":258,"column":13}},"loc":{"start":{"line":258,"column":28},"end":{"line":258,"column":33}},"line":258},"17":{"name":"(anonymous_17)","decl":{"start":{"line":260,"column":11},"end":{"line":260,"column":12}},"loc":{"start":{"line":260,"column":32},"end":{"line":260,"column":48}},"line":260},"18":{"name":"(anonymous_18)","decl":{"start":{"line":263,"column":2},"end":{"line":263,"column":3}},"loc":{"start":{"line":263,"column":25},"end":{"line":272,"column":3}},"line":263},"19":{"name":"(anonymous_19)","decl":{"start":{"line":265,"column":12},"end":{"line":265,"column":13}},"loc":{"start":{"line":265,"column":22},"end":{"line":265,"column":45}},"line":265},"20":{"name":"(anonymous_20)","decl":{"start":{"line":267,"column":11},"end":{"line":267,"column":12}},"loc":{"start":{"line":267,"column":21},"end":{"line":271,"column":7}},"line":267},"21":{"name":"(anonymous_21)","decl":{"start":{"line":279,"column":34},"end":{"line":279,"column":35}},"loc":{"start":{"line":279,"column":54},"end":{"line":298,"column":1}},"line":279},"22":{"name":"(anonymous_22)","decl":{"start":{"line":289,"column":19},"end":{"line":289,"column":20}},"loc":{"start":{"line":289,"column":25},"end":{"line":295,"column":3}},"line":289},"23":{"name":"(anonymous_23)","decl":{"start":{"line":301,"column":32},"end":{"line":301,"column":33}},"loc":{"start":{"line":301,"column":43},"end":{"line":303,"column":1}},"line":301},"24":{"name":"(anonymous_24)","decl":{"start":{"line":305,"column":33},"end":{"line":305,"column":34}},"loc":{"start":{"line":305,"column":54},"end":{"line":310,"column":1}},"line":305}},"branchMap":{"0":{"loc":{"start":{"line":31,"column":4},"end":{"line":33,"column":5}},"type":"if","locations":[{"start":{"line":31,"column":4},"end":{"line":33,"column":5}},{"start":{},"end":{}}],"line":31},"1":{"loc":{"start":{"line":43,"column":18},"end":{"line":43,"column":30}},"type":"default-arg","locations":[{"start":{"line":43,"column":28},"end":{"line":43,"column":30}}],"line":43},"2":{"loc":{"start":{"line":46,"column":15},"end":{"line":46,"column":37}},"type":"binary-expr","locations":[{"start":{"line":46,"column":15},"end":{"line":46,"column":28}},{"start":{"line":46,"column":32},"end":{"line":46,"column":37}}],"line":46},"3":{"loc":{"start":{"line":57,"column":4},"end":{"line":59,"column":5}},"type":"if","locations":[{"start":{"line":57,"column":4},"end":{"line":59,"column":5}},{"start":{},"end":{}}],"line":57},"4":{"loc":{"start":{"line":68,"column":4},"end":{"line":70,"column":5}},"type":"if","locations":[{"start":{"line":68,"column":4},"end":{"line":70,"column":5}},{"start":{},"end":{}}],"line":68},"5":{"loc":{"start":{"line":79,"column":40},"end":{"line":79,"column":53}},"type":"default-arg","locations":[{"start":{"line":79,"column":51},"end":{"line":79,"column":53}}],"line":79},"6":{"loc":{"start":{"line":91,"column":4},"end":{"line":93,"column":5}},"type":"if","locations":[{"start":{"line":91,"column":4},"end":{"line":93,"column":5}},{"start":{},"end":{}}],"line":91},"7":{"loc":{"start":{"line":96,"column":4},"end":{"line":102,"column":5}},"type":"if","locations":[{"start":{"line":96,"column":4},"end":{"line":102,"column":5}},{"start":{},"end":{}}],"line":96},"8":{"loc":{"start":{"line":105,"column":4},"end":{"line":107,"column":5}},"type":"if","locations":[{"start":{"line":105,"column":4},"end":{"line":107,"column":5}},{"start":{},"end":{}}],"line":105},"9":{"loc":{"start":{"line":114,"column":28},"end":{"line":114,"column":37}},"type":"default-arg","locations":[{"start":{"line":114,"column":35},"end":{"line":114,"column":37}}],"line":114},"10":{"loc":{"start":{"line":123,"column":4},"end":{"line":133,"column":5}},"type":"switch","locations":[{"start":{"line":124,"column":6},"end":{"line":126,"column":14}},{"start":{"line":127,"column":6},"end":{"line":129,"column":14}},{"start":{"line":130,"column":6},"end":{"line":132,"column":14}}],"line":123},"11":{"loc":{"start":{"line":136,"column":4},"end":{"line":138,"column":5}},"type":"if","locations":[{"start":{"line":136,"column":4},"end":{"line":138,"column":5}},{"start":{},"end":{}}],"line":136},"12":{"loc":{"start":{"line":153,"column":14},"end":{"line":153,"column":64}},"type":"cond-expr","locations":[{"start":{"line":153,"column":42},"end":{"line":153,"column":51}},{"start":{"line":153,"column":54},"end":{"line":153,"column":64}}],"line":153},"13":{"loc":{"start":{"line":168,"column":4},"end":{"line":173,"column":5}},"type":"if","locations":[{"start":{"line":168,"column":4},"end":{"line":173,"column":5}},{"start":{},"end":{}}],"line":168},"14":{"loc":{"start":{"line":168,"column":8},"end":{"line":171,"column":31}},"type":"binary-expr","locations":[{"start":{"line":168,"column":8},"end":{"line":168,"column":43}},{"start":{"line":169,"column":8},"end":{"line":169,"column":39}},{"start":{"line":170,"column":8},"end":{"line":170,"column":35}},{"start":{"line":171,"column":8},"end":{"line":171,"column":31}}],"line":168},"15":{"loc":{"start":{"line":176,"column":4},"end":{"line":179,"column":5}},"type":"if","locations":[{"start":{"line":176,"column":4},"end":{"line":179,"column":5}},{"start":{},"end":{}}],"line":176},"16":{"loc":{"start":{"line":176,"column":8},"end":{"line":177,"column":38}},"type":"binary-expr","locations":[{"start":{"line":176,"column":8},"end":{"line":176,"column":38}},{"start":{"line":177,"column":8},"end":{"line":177,"column":38}}],"line":176},"17":{"loc":{"start":{"line":214,"column":4},"end":{"line":214,"column":51}},"type":"if","locations":[{"start":{"line":214,"column":4},"end":{"line":214,"column":51}},{"start":{},"end":{}}],"line":214},"18":{"loc":{"start":{"line":223,"column":4},"end":{"line":231,"column":5}},"type":"if","locations":[{"start":{"line":223,"column":4},"end":{"line":231,"column":5}},{"start":{},"end":{}}],"line":223},"19":{"loc":{"start":{"line":254,"column":26},"end":{"line":254,"column":47}},"type":"binary-expr","locations":[{"start":{"line":254,"column":26},"end":{"line":254,"column":42}},{"start":{"line":254,"column":46},"end":{"line":254,"column":47}}],"line":254}},"s":{"0":2,"1":2,"2":2,"3":2,"4":2,"5":2,"6":2,"7":2,"8":0,"9":2,"10":0,"11":0,"12":0,"13":0,"14":0,"15":0,"16":0,"17":0,"18":0,"19":84,"20":84,"21":84,"22":0,"23":84,"24":0,"25":84,"26":0,"27":84,"28":84,"29":84,"30":84,"31":0,"32":0,"33":0,"34":0,"35":84,"36":0,"37":62,"38":62,"39":0,"40":62,"41":62,"42":0,"43":0,"44":0,"45":0,"46":0,"47":0,"48":0,"49":0,"50":0,"51":0,"52":0,"53":0,"54":0,"55":0,"56":0,"57":62,"58":0,"59":62,"60":62,"61":2509,"62":62,"63":2,"64":0,"65":0,"66":0,"67":0,"68":0,"69":0,"70":0,"71":0,"72":0,"73":0,"74":0,"75":0,"76":0,"77":0,"78":0,"79":0,"80":0,"81":0,"82":0,"83":2,"84":2,"85":84,"86":84,"87":84,"88":84,"89":84,"90":84,"91":2,"92":0,"93":2,"94":0,"95":2},"f":{"0":2,"1":0,"2":84,"3":84,"4":62,"5":0,"6":0,"7":0,"8":0,"9":62,"10":2509,"11":2,"12":0,"13":0,"14":0,"15":0,"16":0,"17":0,"18":0,"19":0,"20":0,"21":84,"22":84,"23":0,"24":0},"b":{"0":[0,2],"1":[0],"2":[0,0],"3":[0,0],"4":[0,0],"5":[0],"6":[0,84],"7":[0,84],"8":[0,84],"9":[0],"10":[84,0,0],"11":[0,84],"12":[62,0],"13":[0,0],"14":[0,0,0,0],"15":[0,0],"16":[0,0],"17":[0,62],"18":[0,2],"19":[0,0]},"_coverageSchema":"1a1c01bbd47fc00a2c39e90264f33305004495a9","hash":"15788789712e90a97fb61e67604b08bb2a4e23a3"}
}
