TN:
SF:config/environments.js
FNF:0
FNH:0
DA:16,2
DA:85,2
DA:88,2
DA:108,2
DA:109,0
DA:110,0
DA:111,0
DA:112,0
DA:115,0
DA:116,0
DA:117,0
DA:119,0
DA:120,0
DA:125,2
DA:126,2
DA:128,2
LF:16
LH:7
BRDA:38,0,0,2
BRDA:38,0,1,2
BRDA:61,1,0,2
BRDA:61,1,1,2
BRDA:85,2,0,2
BRDA:85,2,1,0
BRDA:94,3,0,2
BRDA:94,3,1,1
BRDA:95,4,0,2
BRDA:95,4,1,2
BRDA:96,5,0,2
BRDA:96,5,1,1
BRDA:108,6,0,0
BRDA:108,6,1,2
BRDA:109,7,0,0
BRDA:109,7,1,0
BRDA:115,8,0,0
BRDA:115,8,1,0
BRF:18
BRH:12
end_of_record
TN:
SF:database/db-connection.js
FN:15,(anonymous_0)
FN:23,(anonymous_1)
FN:51,(anonymous_2)
FN:56,(anonymous_3)
FN:73,(anonymous_4)
FN:106,(anonymous_5)
FN:138,(anonymous_6)
FN:150,(anonymous_7)
FN:161,(anonymous_8)
FN:170,(anonymous_9)
FNF:10
FNH:3
FNDA:3,(anonymous_0)
FNDA:3,(anonymous_1)
FNDA:0,(anonymous_2)
FNDA:0,(anonymous_3)
FNDA:0,(anonymous_4)
FNDA:0,(anonymous_5)
FNDA:0,(anonymous_6)
FNDA:0,(anonymous_7)
FNDA:3,(anonymous_8)
FNDA:0,(anonymous_9)
DA:11,3
DA:12,3
DA:16,3
DA:17,3
DA:24,3
DA:26,3
DA:28,3
DA:29,3
DA:30,3
DA:33,0
DA:42,0
DA:43,0
DA:44,0
DA:46,0
DA:47,0
DA:48,0
DA:51,0
DA:52,0
DA:53,0
DA:56,0
DA:57,0
DA:60,0
DA:63,0
DA:64,0
DA:65,0
DA:66,0
DA:74,0
DA:75,0
DA:78,0
DA:79,0
DA:80,0
DA:81,0
DA:83,0
DA:84,0
DA:91,0
DA:93,0
DA:94,0
DA:99,0
DA:107,0
DA:108,0
DA:111,0
DA:113,0
DA:114,0
DA:116,0
DA:117,0
DA:118,0
DA:119,0
DA:122,0
DA:123,0
DA:124,0
DA:127,0
DA:128,0
DA:129,0
DA:131,0
DA:139,0
DA:151,0
DA:152,0
DA:153,0
DA:154,0
DA:162,3
DA:167,3
DA:170,3
DA:171,0
DA:174,3
LF:64
LH:13
BRDA:28,0,0,3
BRDA:28,0,1,0
BRDA:35,1,0,0
BRDA:35,1,1,0
BRDA:73,2,0,0
BRDA:74,3,0,0
BRDA:74,3,1,0
BRDA:74,4,0,0
BRDA:74,4,1,0
BRDA:83,5,0,0
BRDA:83,5,1,0
BRDA:85,6,0,0
BRDA:85,6,1,0
BRDA:96,7,0,0
BRDA:96,7,1,0
BRDA:107,8,0,0
BRDA:107,8,1,0
BRDA:107,9,0,0
BRDA:107,9,1,0
BRDA:117,10,0,0
BRDA:141,11,0,0
BRDA:141,11,1,0
BRDA:142,12,0,0
BRDA:142,12,1,0
BRDA:143,13,0,0
BRDA:143,13,1,0
BRDA:151,14,0,0
BRDA:151,14,1,0
BRDA:162,15,0,3
BRDA:162,15,1,0
BRF:30
BRH:2
end_of_record
TN:
SF:database/db-operations.js
FN:16,(anonymous_0)
FN:24,(anonymous_1)
FN:37,(anonymous_2)
FN:47,(anonymous_3)
FN:61,(anonymous_4)
FN:88,(anonymous_5)
FN:94,(anonymous_6)
FN:107,(anonymous_7)
FN:135,(anonymous_8)
FN:145,(anonymous_9)
FN:152,(anonymous_10)
FN:159,(anonymous_11)
FN:169,(anonymous_12)
FN:176,(anonymous_13)
FN:216,(anonymous_14)
FN:266,(anonymous_15)
FN:337,(anonymous_16)
FN:354,(anonymous_17)
FN:395,(anonymous_18)
FN:411,(anonymous_19)
FN:424,(anonymous_20)
FN:431,(anonymous_21)
FN:440,(anonymous_22)
FNF:23
FNH:11
FNDA:3,(anonymous_0)
FNDA:3,(anonymous_1)
FNDA:7,(anonymous_2)
FNDA:28,(anonymous_3)
FNDA:7,(anonymous_4)
FNDA:112,(anonymous_5)
FNDA:196,(anonymous_6)
FNDA:0,(anonymous_7)
FNDA:0,(anonymous_8)
FNDA:0,(anonymous_9)
FNDA:0,(anonymous_10)
FNDA:0,(anonymous_11)
FNDA:0,(anonymous_12)
FNDA:0,(anonymous_13)
FNDA:11,(anonymous_14)
FNDA:0,(anonymous_15)
FNDA:1,(anonymous_16)
FNDA:0,(anonymous_17)
FNDA:0,(anonymous_18)
FNDA:26,(anonymous_19)
FNDA:11,(anonymous_20)
FNDA:0,(anonymous_21)
FNDA:0,(anonymous_22)
DA:11,3
DA:12,3
DA:13,3
DA:17,3
DA:18,3
DA:25,3
DA:26,0
DA:27,0
DA:29,3
DA:30,3
DA:38,7
DA:39,0
DA:44,0
DA:46,7
DA:47,28
DA:62,7
DA:63,0
DA:85,0
DA:87,7
DA:88,112
DA:94,196
DA:108,0
DA:109,0
DA:135,0
DA:141,0
DA:142,0
DA:143,0
DA:145,0
DA:146,0
DA:147,0
DA:150,0
DA:151,0
DA:152,0
DA:154,0
DA:155,0
DA:159,0
DA:169,0
DA:177,0
DA:178,0
DA:196,0
DA:197,0
DA:199,0
DA:200,0
DA:208,0
DA:209,0
DA:217,11
DA:219,0
DA:220,0
DA:222,0
DA:223,0
DA:226,0
DA:242,0
DA:245,11
DA:247,11
DA:248,0
DA:251,11
DA:252,11
DA:258,11
DA:259,11
DA:267,0
DA:268,0
DA:269,0
DA:270,0
DA:272,0
DA:273,0
DA:274,0
DA:277,0
DA:278,0
DA:279,0
DA:282,0
DA:283,0
DA:284,0
DA:287,0
DA:288,0
DA:289,0
DA:292,0
DA:293,0
DA:296,0
DA:297,0
DA:299,0
DA:305,0
DA:307,0
DA:309,0
DA:310,0
DA:313,0
DA:314,0
DA:317,0
DA:318,0
DA:321,0
DA:322,0
DA:325,0
DA:326,0
DA:329,0
DA:330,0
DA:338,1
DA:339,0
DA:340,0
DA:342,1
DA:343,1
DA:344,0
DA:345,0
DA:347,1
DA:355,0
DA:356,0
DA:368,0
DA:375,0
DA:376,0
DA:378,0
DA:385,0
DA:386,0
DA:388,0
DA:396,0
DA:397,0
DA:401,0
DA:403,0
DA:404,0
DA:412,26
DA:413,26
DA:414,26
DA:416,0
DA:417,0
DA:425,11
DA:432,0
DA:437,3
DA:440,3
DA:441,0
DA:444,3
LF:127
LH:33
BRDA:25,0,0,0
BRDA:25,0,1,3
BRDA:38,1,0,0
BRDA:38,1,1,7
BRDA:47,2,0,7
BRDA:47,2,1,0
BRDA:49,3,0,28
BRDA:49,3,1,28
BRDA:62,4,0,0
BRDA:62,4,1,7
BRDA:88,5,0,7
BRDA:88,5,1,0
BRDA:90,6,0,112
BRDA:90,6,1,0
BRDA:90,6,2,0
BRDA:94,7,0,112
BRDA:94,7,1,0
BRDA:108,8,0,0
BRDA:108,8,1,0
BRDA:137,9,0,0
BRDA:137,9,1,0
BRDA:145,10,0,0
BRDA:145,10,1,0
BRDA:146,11,0,0
BRDA:146,11,1,0
BRDA:146,11,2,0
BRDA:147,12,0,0
BRDA:147,12,1,0
BRDA:154,13,0,0
BRDA:154,13,1,0
BRDA:159,14,0,0
BRDA:159,14,1,0
BRDA:177,15,0,0
BRDA:177,15,1,0
BRDA:187,16,0,0
BRDA:187,16,1,0
BRDA:188,17,0,0
BRDA:188,17,1,0
BRDA:189,18,0,0
BRDA:189,18,1,0
BRDA:190,19,0,0
BRDA:190,19,1,0
BRDA:197,20,0,0
BRDA:197,20,1,0
BRDA:199,21,0,0
BRDA:199,21,1,0
BRDA:202,22,0,0
BRDA:202,22,1,0
BRDA:203,23,0,0
BRDA:203,23,1,0
BRDA:204,24,0,0
BRDA:204,24,1,0
BRDA:217,25,0,0
BRDA:217,25,1,11
BRDA:222,26,0,0
BRDA:222,26,1,0
BRDA:222,27,0,0
BRDA:222,27,1,0
BRDA:238,28,0,0
BRDA:238,28,1,0
BRDA:239,29,0,0
BRDA:239,29,1,0
BRDA:247,30,0,0
BRDA:247,30,1,11
BRDA:251,31,0,11
BRDA:251,31,1,0
BRDA:254,32,0,11
BRDA:254,32,1,0
BRDA:267,33,0,0
BRDA:267,33,1,0
BRDA:272,34,0,0
BRDA:272,34,1,0
BRDA:272,35,0,0
BRDA:272,35,1,0
BRDA:274,36,0,0
BRDA:274,36,1,0
BRDA:277,37,0,0
BRDA:277,37,1,0
BRDA:282,38,0,0
BRDA:282,38,1,0
BRDA:287,39,0,0
BRDA:287,39,1,0
BRDA:292,40,0,0
BRDA:292,40,1,0
BRDA:309,41,0,0
BRDA:309,41,1,0
BRDA:313,42,0,0
BRDA:313,42,1,0
BRDA:313,43,0,0
BRDA:313,43,1,0
BRDA:314,44,0,0
BRDA:314,44,1,0
BRDA:317,45,0,0
BRDA:317,45,1,0
BRDA:321,46,0,0
BRDA:321,46,1,0
BRDA:325,47,0,0
BRDA:325,47,1,0
BRDA:338,48,0,0
BRDA:338,48,1,1
BRDA:343,49,0,0
BRDA:343,49,1,1
BRDA:343,50,0,1
BRDA:343,50,1,1
BRDA:355,51,0,0
BRDA:355,51,1,0
BRDA:361,52,0,0
BRDA:361,52,1,0
BRDA:362,53,0,0
BRDA:362,53,1,0
BRDA:364,54,0,0
BRDA:364,54,1,0
BRDA:365,55,0,0
BRDA:365,55,1,0
BRDA:376,56,0,0
BRDA:376,56,1,0
BRDA:396,57,0,0
BRDA:396,57,1,0
BRDA:404,58,0,0
BRDA:404,58,1,0
BRDA:432,59,0,0
BRDA:432,59,1,0
BRF:122
BRH:17
end_of_record
TN:
SF:database/kosher-db.js
FN:7,(anonymous_0)
FN:140,(anonymous_1)
FN:153,(anonymous_2)
FN:164,(anonymous_3)
FN:190,(anonymous_4)
FN:222,(anonymous_5)
FN:228,(anonymous_6)
FN:234,(anonymous_7)
FN:247,(anonymous_8)
FN:266,(anonymous_9)
FNF:10
FNH:2
FNDA:6,(anonymous_0)
FNDA:6,(anonymous_1)
FNDA:0,(anonymous_2)
FNDA:0,(anonymous_3)
FNDA:0,(anonymous_4)
FNDA:0,(anonymous_5)
FNDA:0,(anonymous_6)
FNDA:0,(anonymous_7)
FNDA:0,(anonymous_8)
FNDA:0,(anonymous_9)
DA:1,2
DA:2,2
DA:4,2
DA:7,2
DA:8,6
DA:133,6
DA:134,0
DA:135,0
DA:140,2
DA:141,6
DA:142,6
DA:143,6
DA:144,6
DA:146,0
DA:147,0
DA:148,0
DA:153,2
DA:154,0
DA:155,0
DA:156,0
DA:158,0
DA:159,0
DA:164,2
DA:165,0
DA:168,0
DA:171,0
DA:172,0
DA:180,0
DA:186,0
DA:190,2
DA:191,0
DA:192,0
DA:194,0
DA:195,0
DA:196,0
DA:200,0
DA:201,0
DA:205,0
DA:206,0
DA:210,0
DA:211,0
DA:212,0
DA:214,0
DA:216,0
DA:217,0
DA:222,2
DA:223,0
DA:224,0
DA:228,2
DA:229,0
DA:230,0
DA:234,2
DA:235,0
DA:236,0
DA:238,0
DA:239,0
DA:240,0
DA:244,0
DA:247,0
DA:248,0
DA:249,0
DA:254,0
DA:255,0
DA:256,0
DA:258,0
DA:260,0
DA:261,0
DA:266,2
DA:267,0
DA:268,0
DA:269,0
DA:272,2
LF:72
LH:19
BRDA:133,0,0,0
BRDA:133,0,1,6
BRDA:171,1,0,0
BRDA:171,1,1,0
BRDA:194,2,0,0
BRDA:194,2,1,0
BRDA:200,3,0,0
BRDA:200,3,1,0
BRDA:205,4,0,0
BRDA:205,4,1,0
BRDA:211,5,0,0
BRDA:211,5,1,0
BRDA:238,6,0,0
BRDA:238,6,1,0
BRDA:248,7,0,0
BRDA:248,7,1,0
BRDA:255,8,0,0
BRDA:255,8,1,0
BRF:18
BRH:1
end_of_record
TN:
SF:routes/backup.js
FN:12,(anonymous_0)
FN:22,(anonymous_1)
FN:46,(anonymous_2)
FN:72,(anonymous_3)
FN:101,(anonymous_4)
FN:128,(anonymous_5)
FN:165,(anonymous_6)
FN:201,(anonymous_7)
FN:221,(anonymous_8)
FN:248,(anonymous_9)
FNF:10
FNH:0
FNDA:0,(anonymous_0)
FNDA:0,(anonymous_1)
FNDA:0,(anonymous_2)
FNDA:0,(anonymous_3)
FNDA:0,(anonymous_4)
FNDA:0,(anonymous_5)
FNDA:0,(anonymous_6)
FNDA:0,(anonymous_7)
FNDA:0,(anonymous_8)
FNDA:0,(anonymous_9)
DA:1,2
DA:2,2
DA:3,2
DA:4,2
DA:7,2
DA:13,0
DA:14,0
DA:16,0
DA:22,2
DA:23,0
DA:24,0
DA:25,0
DA:27,0
DA:37,0
DA:38,0
DA:46,2
DA:47,0
DA:48,0
DA:50,0
DA:51,0
DA:57,0
DA:63,0
DA:64,0
DA:72,2
DA:73,0
DA:74,0
DA:75,0
DA:77,0
DA:78,0
DA:84,0
DA:86,0
DA:92,0
DA:93,0
DA:101,2
DA:102,0
DA:103,0
DA:104,0
DA:106,0
DA:107,0
DA:113,0
DA:119,0
DA:120,0
DA:128,2
DA:129,0
DA:130,0
DA:132,0
DA:133,0
DA:139,0
DA:140,0
DA:142,0
DA:143,0
DA:150,0
DA:156,0
DA:157,0
DA:165,2
DA:166,0
DA:167,0
DA:168,0
DA:174,0
DA:175,0
DA:177,0
DA:179,0
DA:180,0
DA:186,0
DA:192,0
DA:193,0
DA:201,2
DA:202,0
DA:203,0
DA:204,0
DA:212,0
DA:213,0
DA:221,2
DA:222,0
DA:223,0
DA:224,0
DA:226,0
DA:227,0
DA:233,0
DA:239,0
DA:240,0
DA:248,2
DA:249,0
DA:250,0
DA:251,0
DA:258,0
DA:264,2
LF:87
LH:15
BRDA:13,0,0,0
BRDA:13,0,1,0
BRDA:13,1,0,0
BRDA:13,1,1,0
BRDA:25,2,0,0
BRDA:25,2,1,0
BRDA:50,3,0,0
BRDA:50,3,1,0
BRDA:77,4,0,0
BRDA:77,4,1,0
BRDA:106,5,0,0
BRDA:106,5,1,0
BRDA:132,6,0,0
BRDA:132,6,1,0
BRDA:142,7,0,0
BRDA:142,7,1,0
BRDA:167,8,0,0
BRDA:167,8,1,0
BRDA:179,9,0,0
BRDA:179,9,1,0
BRDA:226,10,0,0
BRDA:226,10,1,0
BRDA:249,11,0,0
BRDA:249,11,1,0
BRDA:250,12,0,0
BRDA:250,12,1,0
BRF:26
BRH:0
end_of_record
TN:
SF:routes/compare.js
FN:7,(anonymous_0)
FN:46,(anonymous_1)
FN:99,(anonymous_2)
FN:117,(anonymous_3)
FN:135,(anonymous_4)
FN:148,(anonymous_5)
FN:154,(anonymous_6)
FN:154,(anonymous_7)
FN:156,(anonymous_8)
FN:157,(anonymous_9)
FN:194,(anonymous_10)
FN:232,(anonymous_11)
FN:250,(anonymous_12)
FN:262,(anonymous_13)
FN:284,(anonymous_14)
FN:290,(anonymous_15)
FN:292,(anonymous_16)
FN:315,(anonymous_17)
FNF:18
FNH:14
FNDA:2,(anonymous_0)
FNDA:2,(anonymous_1)
FNDA:3,(anonymous_2)
FNDA:0,(anonymous_3)
FNDA:1,(anonymous_4)
FNDA:2,(anonymous_5)
FNDA:2,(anonymous_6)
FNDA:1,(anonymous_7)
FNDA:1,(anonymous_8)
FNDA:2,(anonymous_9)
FNDA:2,(anonymous_10)
FNDA:0,(anonymous_11)
FNDA:0,(anonymous_12)
FNDA:0,(anonymous_13)
FNDA:1,(anonymous_14)
FNDA:1,(anonymous_15)
FNDA:2,(anonymous_16)
FNDA:1,(anonymous_17)
DA:1,4
DA:2,4
DA:3,4
DA:4,4
DA:5,4
DA:7,4
DA:8,2
DA:9,2
DA:11,2
DA:13,2
DA:14,0
DA:21,2
DA:22,2
DA:24,2
DA:25,2
DA:28,2
DA:30,1
DA:31,1
DA:41,0
DA:44,1
DA:46,2
DA:66,1
DA:67,1
DA:69,1
DA:70,1
DA:71,1
DA:73,1
DA:78,0
DA:82,1
DA:88,1
DA:90,1
DA:91,2
DA:92,2
DA:93,2
DA:95,2
DA:96,2
DA:99,2
DA:100,3
DA:103,2
DA:104,2
DA:110,2
DA:112,0
DA:117,2
DA:118,0
DA:121,2
DA:135,1
DA:137,1
DA:138,0
DA:141,1
DA:142,1
DA:144,1
DA:148,2
DA:149,1
DA:150,1
DA:151,1
DA:153,1
DA:154,2
DA:155,1
DA:156,1
DA:157,2
DA:161,1
DA:162,1
DA:172,0
DA:175,1
DA:185,0
DA:186,0
DA:194,4
DA:195,2
DA:196,2
DA:198,2
DA:199,1
DA:205,1
DA:213,1
DA:215,1
DA:223,0
DA:224,0
DA:232,4
DA:233,0
DA:234,0
DA:236,0
DA:242,0
DA:244,0
DA:245,0
DA:250,4
DA:251,0
DA:252,0
DA:253,0
DA:254,0
DA:256,0
DA:257,0
DA:262,4
DA:263,0
DA:264,0
DA:266,0
DA:267,0
DA:270,0
DA:272,0
DA:278,0
DA:279,0
DA:284,4
DA:285,1
DA:286,1
DA:287,1
DA:290,1
DA:291,1
DA:292,1
DA:293,2
DA:294,0
DA:295,0
DA:296,0
DA:303,1
DA:309,0
DA:310,0
DA:315,4
DA:316,1
DA:317,1
DA:318,1
DA:320,1
DA:328,0
DA:329,0
DA:333,4
LF:121
LH:83
BRDA:13,0,0,0
BRDA:13,0,1,2
BRDA:13,1,0,2
BRDA:13,1,1,2
BRDA:28,2,0,1
BRDA:28,2,1,1
BRDA:71,3,0,1
BRDA:71,3,1,0
BRDA:100,4,0,3
BRDA:100,4,1,2
BRDA:103,5,0,2
BRDA:103,5,1,0
BRDA:130,6,0,2
BRDA:130,6,1,0
BRDA:137,7,0,0
BRDA:137,7,1,1
BRDA:137,8,0,1
BRDA:137,8,1,0
BRDA:141,9,0,0
BRDA:141,9,1,1
BRDA:142,10,0,0
BRDA:142,10,1,1
BRDA:153,11,0,1
BRDA:153,11,1,0
BRDA:188,12,0,0
BRDA:188,12,1,0
BRDA:198,13,0,1
BRDA:198,13,1,1
BRDA:198,14,0,2
BRDA:198,14,1,1
BRDA:207,15,0,1
BRDA:207,15,1,0
BRDA:208,16,0,1
BRDA:208,16,1,0
BRDA:209,17,0,1
BRDA:209,17,1,0
BRDA:210,18,0,1
BRDA:210,18,1,0
BRDA:213,19,0,1
BRDA:213,19,1,0
BRDA:213,19,2,0
BRDA:219,20,0,1
BRDA:219,20,1,0
BRDA:238,21,0,0
BRDA:238,21,1,0
BRDA:239,22,0,0
BRDA:239,22,1,0
BRDA:252,23,0,0
BRDA:252,23,1,0
BRDA:266,24,0,0
BRDA:266,24,1,0
BRDA:291,25,0,1
BRDA:291,25,1,0
BRDA:293,26,0,0
BRDA:293,26,1,2
BRDA:295,27,0,0
BRDA:295,27,1,0
BRDA:295,28,0,0
BRDA:295,28,1,0
BRDA:305,29,0,0
BRDA:305,29,1,1
BRF:61
BRH:28
end_of_record
TN:
SF:routes/gdpr.js
FN:7,(anonymous_0)
FN:75,(anonymous_1)
FN:120,(anonymous_2)
FN:178,(anonymous_3)
FNF:4
FNH:0
FNDA:0,(anonymous_0)
FNDA:0,(anonymous_1)
FNDA:0,(anonymous_2)
FNDA:0,(anonymous_3)
DA:1,0
DA:2,0
DA:3,0
DA:4,0
DA:7,0
DA:8,0
DA:9,0
DA:11,0
DA:12,0
DA:18,0
DA:31,0
DA:32,0
DA:34,0
DA:35,0
DA:38,0
DA:41,0
DA:42,0
DA:43,0
DA:46,0
DA:49,0
DA:56,0
DA:66,0
DA:67,0
DA:75,0
DA:76,0
DA:77,0
DA:79,0
DA:80,0
DA:87,0
DA:99,0
DA:105,0
DA:111,0
DA:112,0
DA:120,0
DA:121,0
DA:122,0
DA:124,0
DA:132,0
DA:133,0
DA:135,0
DA:136,0
DA:139,0
DA:142,0
DA:143,0
DA:147,0
DA:148,0
DA:149,0
DA:152,0
DA:154,0
DA:160,0
DA:169,0
DA:170,0
DA:178,0
DA:179,0
DA:180,0
DA:210,0
DA:216,0
DA:217,0
DA:224,0
LF:59
LH:0
BRDA:11,0,0,0
BRDA:11,0,1,0
BRDA:11,1,0,0
BRDA:11,1,1,0
BRDA:34,2,0,0
BRDA:34,2,1,0
BRDA:42,3,0,0
BRDA:42,3,1,0
BRDA:79,4,0,0
BRDA:79,4,1,0
BRDA:127,5,0,0
BRDA:127,5,1,0
BRDA:128,6,0,0
BRDA:128,6,1,0
BRDA:135,7,0,0
BRDA:135,7,1,0
BRDA:142,8,0,0
BRDA:142,8,1,0
BRDA:148,9,0,0
BRDA:148,9,1,0
BRF:20
BRH:0
end_of_record
TN:
SF:routes/manual-entry.js
FN:8,(anonymous_0)
FN:57,(anonymous_1)
FN:77,(anonymous_2)
FN:122,(anonymous_3)
FN:135,(anonymous_4)
FN:153,(anonymous_5)
FN:157,(anonymous_6)
FN:184,(anonymous_7)
FN:197,(anonymous_8)
FN:217,(anonymous_9)
FN:240,(anonymous_10)
FN:275,(anonymous_11)
FN:309,(anonymous_12)
FNF:13
FNH:9
FNDA:17,(anonymous_0)
FNDA:2,(anonymous_1)
FNDA:2,(anonymous_2)
FNDA:2,(anonymous_3)
FNDA:0,(anonymous_4)
FNDA:0,(anonymous_5)
FNDA:0,(anonymous_6)
FNDA:0,(anonymous_7)
FNDA:3,(anonymous_8)
FNDA:9,(anonymous_9)
FNDA:1,(anonymous_10)
FNDA:1,(anonymous_11)
FNDA:2,(anonymous_12)
DA:1,4
DA:2,4
DA:3,4
DA:4,4
DA:5,4
DA:8,4
DA:9,17
DA:10,17
DA:12,17
DA:13,4
DA:19,13
DA:22,13
DA:23,13
DA:30,1
DA:31,1
DA:32,1
DA:38,0
DA:42,13
DA:48,0
DA:49,0
DA:57,4
DA:58,2
DA:59,2
DA:61,2
DA:62,0
DA:68,2
DA:69,0
DA:70,0
DA:71,0
DA:72,0
DA:76,2
DA:77,2
DA:78,2
DA:79,1
DA:84,1
DA:85,1
DA:86,2
DA:88,2
DA:89,0
DA:94,0
DA:98,2
DA:99,2
DA:100,2
DA:101,2
DA:102,2
DA:105,0
DA:106,0
DA:107,0
DA:108,0
DA:110,0
DA:114,2
DA:120,1
DA:122,2
DA:127,0
DA:128,0
DA:135,4
DA:136,0
DA:137,0
DA:139,0
DA:140,0
DA:146,0
DA:147,0
DA:148,0
DA:149,0
DA:153,0
DA:154,0
DA:156,0
DA:157,0
DA:159,0
DA:160,0
DA:161,0
DA:162,0
DA:163,0
DA:164,0
DA:167,0
DA:168,0
DA:169,0
DA:170,0
DA:172,0
DA:175,0
DA:182,0
DA:184,0
DA:189,0
DA:190,0
DA:197,4
DA:198,3
DA:199,3
DA:200,2
DA:202,2
DA:209,1
DA:210,1
DA:217,4
DA:218,9
DA:219,9
DA:220,9
DA:222,9
DA:232,0
DA:233,0
DA:240,4
DA:241,1
DA:242,1
DA:244,1
DA:245,0
DA:251,1
DA:252,2
DA:253,2
DA:261,1
DA:267,0
DA:268,0
DA:275,4
DA:276,1
DA:277,1
DA:279,1
DA:280,0
DA:285,1
DA:286,1
DA:288,1
DA:289,1
DA:294,0
DA:301,0
DA:302,0
DA:309,4
DA:310,2
DA:311,2
DA:313,2
DA:314,0
DA:321,2
DA:322,2
DA:323,2
DA:324,0
DA:327,2
DA:328,2
DA:330,2
DA:331,2
DA:336,0
DA:343,0
DA:344,0
DA:351,4
LF:138
LH:79
BRDA:12,0,0,4
BRDA:12,0,1,13
BRDA:12,1,0,17
BRDA:12,1,1,15
BRDA:12,1,2,13
BRDA:12,1,3,13
BRDA:44,2,0,13
BRDA:44,2,1,0
BRDA:61,3,0,0
BRDA:61,3,1,2
BRDA:61,4,0,2
BRDA:61,4,1,2
BRDA:61,4,2,2
BRDA:68,5,0,0
BRDA:68,5,1,2
BRDA:71,6,0,0
BRDA:71,6,1,0
BRDA:77,7,0,2
BRDA:77,7,1,1
BRDA:78,8,0,1
BRDA:78,8,1,1
BRDA:88,9,0,0
BRDA:88,9,1,2
BRDA:88,10,0,2
BRDA:88,10,1,2
BRDA:88,10,2,2
BRDA:98,11,0,2
BRDA:98,11,1,2
BRDA:106,12,0,0
BRDA:106,12,1,0
BRDA:116,13,0,2
BRDA:116,13,1,0
BRDA:139,14,0,0
BRDA:139,14,1,0
BRDA:139,15,0,0
BRDA:139,15,1,0
BRDA:148,16,0,0
BRDA:148,16,1,0
BRDA:159,17,0,0
BRDA:159,17,1,0
BRDA:159,18,0,0
BRDA:159,18,1,0
BRDA:159,18,2,0
BRDA:244,19,0,0
BRDA:244,19,1,1
BRDA:244,20,0,1
BRDA:244,20,1,1
BRDA:252,21,0,2
BRDA:252,21,1,0
BRDA:252,22,0,2
BRDA:252,22,1,2
BRDA:252,22,2,2
BRDA:279,23,0,0
BRDA:279,23,1,1
BRDA:288,24,0,1
BRDA:288,24,1,0
BRDA:313,25,0,0
BRDA:313,25,1,2
BRDA:323,26,0,0
BRDA:323,26,1,2
BRDA:330,27,0,2
BRDA:330,27,1,0
BRF:62
BRH:35
end_of_record
TN:
SF:routes/receipts.js
FN:12,(anonymous_0)
FN:24,(anonymous_1)
FNF:2
FNH:0
FNDA:0,(anonymous_0)
FNDA:0,(anonymous_1)
DA:1,0
DA:2,0
DA:3,0
DA:6,0
DA:12,0
DA:13,0
DA:15,0
DA:22,0
DA:23,0
DA:24,0
DA:28,0
DA:29,0
DA:36,0
LF:13
LH:0
BRDA:22,0,0,0
BRDA:22,0,1,0
BRF:2
BRH:0
end_of_record
TN:
SF:routes/wholesale.js
FN:66,(anonymous_0)
FN:69,(anonymous_1)
FN:77,(anonymous_2)
FN:103,(anonymous_3)
FN:107,(anonymous_4)
FN:113,(anonymous_5)
FN:148,findBestMatch
FNF:7
FNH:0
FNDA:0,(anonymous_0)
FNDA:0,(anonymous_1)
FNDA:0,(anonymous_2)
FNDA:0,(anonymous_3)
FNDA:0,(anonymous_4)
FNDA:0,(anonymous_5)
FNDA:0,findBestMatch
DA:1,0
DA:2,0
DA:5,0
DA:17,0
DA:66,0
DA:67,0
DA:69,0
DA:70,0
DA:77,0
DA:78,0
DA:80,0
DA:87,0
DA:90,0
DA:94,0
DA:103,0
DA:104,0
DA:105,0
DA:107,0
DA:108,0
DA:113,0
DA:115,0
DA:116,0
DA:117,0
DA:119,0
DA:126,0
DA:128,0
DA:137,0
DA:141,0
DA:149,0
DA:152,0
DA:153,0
DA:154,0
DA:159,0
DA:160,0
DA:163,0
DA:168,0
DA:183,0
DA:184,0
DA:188,0
DA:191,0
LF:40
LH:0
BRDA:116,0,0,0
BRDA:116,0,1,0
BRDA:124,1,0,0
BRDA:124,1,1,0
BRDA:153,2,0,0
BRDA:153,2,1,0
BRDA:160,3,0,0
BRDA:160,3,1,0
BRDA:160,4,0,0
BRDA:160,4,1,0
BRDA:160,4,2,0
BRDA:183,5,0,0
BRDA:183,5,1,0
BRF:13
BRH:0
end_of_record
TN:
SF:utils/analytics.js
FN:5,(anonymous_0)
FN:10,(anonymous_1)
FN:28,(anonymous_2)
FN:38,(anonymous_3)
FN:47,(anonymous_4)
FN:85,(anonymous_5)
FN:103,(anonymous_6)
FN:109,(anonymous_7)
FN:120,(anonymous_8)
FN:127,(anonymous_9)
FN:132,(anonymous_10)
FN:136,(anonymous_11)
FN:137,(anonymous_12)
FN:144,(anonymous_13)
FN:146,(anonymous_14)
FN:150,(anonymous_15)
FN:152,(anonymous_16)
FN:160,(anonymous_17)
FN:162,(anonymous_18)
FN:165,(anonymous_19)
FN:167,(anonymous_20)
FN:174,(anonymous_21)
FN:179,(anonymous_22)
FN:188,(anonymous_23)
FN:189,(anonymous_24)
FN:197,(anonymous_25)
FNF:26
FNH:3
FNDA:3,(anonymous_0)
FNDA:3,(anonymous_1)
FNDA:3,(anonymous_2)
FNDA:0,(anonymous_3)
FNDA:0,(anonymous_4)
FNDA:0,(anonymous_5)
FNDA:0,(anonymous_6)
FNDA:0,(anonymous_7)
FNDA:0,(anonymous_8)
FNDA:0,(anonymous_9)
FNDA:0,(anonymous_10)
FNDA:0,(anonymous_11)
FNDA:0,(anonymous_12)
FNDA:0,(anonymous_13)
FNDA:0,(anonymous_14)
FNDA:0,(anonymous_15)
FNDA:0,(anonymous_16)
FNDA:0,(anonymous_17)
FNDA:0,(anonymous_18)
FNDA:0,(anonymous_19)
FNDA:0,(anonymous_20)
FNDA:0,(anonymous_21)
FNDA:0,(anonymous_22)
FNDA:0,(anonymous_23)
FNDA:0,(anonymous_24)
FNDA:0,(anonymous_25)
DA:1,3
DA:2,3
DA:6,3
DA:7,3
DA:12,3
DA:13,3
DA:14,0
DA:18,3
DA:19,0
DA:24,0
DA:29,3
DA:30,3
DA:31,3
DA:33,0
DA:34,0
DA:39,0
DA:40,0
DA:42,0
DA:48,0
DA:49,0
DA:50,0
DA:53,0
DA:55,0
DA:68,0
DA:71,0
DA:72,0
DA:76,0
DA:77,0
DA:80,0
DA:81,0
DA:86,0
DA:87,0
DA:89,0
DA:97,0
DA:98,0
DA:99,0
DA:104,0
DA:105,0
DA:106,0
DA:110,0
DA:111,0
DA:112,0
DA:113,0
DA:114,0
DA:116,0
DA:121,0
DA:122,0
DA:123,0
DA:124,0
DA:127,0
DA:128,0
DA:132,0
DA:135,0
DA:136,0
DA:137,0
DA:138,0
DA:139,0
DA:143,0
DA:144,0
DA:146,0
DA:149,0
DA:150,0
DA:151,0
DA:152,0
DA:153,0
DA:154,0
DA:159,0
DA:160,0
DA:162,0
DA:165,0
DA:166,0
DA:167,0
DA:171,0
DA:174,0
DA:175,0
DA:178,0
DA:179,0
DA:180,0
DA:181,0
DA:183,0
DA:184,0
DA:187,0
DA:188,0
DA:189,0
DA:191,0
DA:197,0
DA:210,3
LF:87
LH:11
BRDA:13,0,0,0
BRDA:13,0,1,3
BRDA:18,1,0,0
BRDA:18,1,1,3
BRDA:59,2,0,0
BRDA:59,2,1,0
BRDA:60,3,0,0
BRDA:60,3,1,0
BRDA:61,4,0,0
BRDA:61,4,1,0
BRDA:62,5,0,0
BRDA:62,5,1,0
BRDA:63,6,0,0
BRDA:63,6,1,0
BRDA:64,7,0,0
BRDA:64,7,1,0
BRDA:71,8,0,0
BRDA:71,8,1,0
BRDA:76,9,0,0
BRDA:76,9,1,0
BRDA:92,10,0,0
BRDA:92,10,1,0
BRDA:93,11,0,0
BRDA:93,11,1,0
BRDA:120,12,0,0
BRDA:139,13,0,0
BRDA:139,13,1,0
BRDA:151,14,0,0
BRDA:151,14,1,0
BRDA:151,15,0,0
BRDA:151,15,1,0
BRDA:154,16,0,0
BRDA:154,16,1,0
BRDA:166,17,0,0
BRDA:166,17,1,0
BRDA:171,18,0,0
BRDA:171,18,1,0
BRDA:180,19,0,0
BRDA:180,19,1,0
BRF:39
BRH:2
end_of_record
TN:
SF:utils/backupManager.js
FN:16,(anonymous_0)
FN:63,(anonymous_1)
FN:66,(anonymous_2)
FN:67,(anonymous_3)
FN:72,(anonymous_4)
FN:77,(anonymous_5)
FN:88,(anonymous_6)
FN:91,(anonymous_7)
FN:92,(anonymous_8)
FN:107,(anonymous_9)
FN:117,(anonymous_10)
FN:122,(anonymous_11)
FN:170,(anonymous_12)
FN:176,(anonymous_13)
FN:178,(anonymous_14)
FN:187,(anonymous_15)
FN:206,(anonymous_16)
FN:212,(anonymous_17)
FN:240,(anonymous_18)
FNF:19
FNH:0
FNDA:0,(anonymous_0)
FNDA:0,(anonymous_1)
FNDA:0,(anonymous_2)
FNDA:0,(anonymous_3)
FNDA:0,(anonymous_4)
FNDA:0,(anonymous_5)
FNDA:0,(anonymous_6)
FNDA:0,(anonymous_7)
FNDA:0,(anonymous_8)
FNDA:0,(anonymous_9)
FNDA:0,(anonymous_10)
FNDA:0,(anonymous_11)
FNDA:0,(anonymous_12)
FNDA:0,(anonymous_13)
FNDA:0,(anonymous_14)
FNDA:0,(anonymous_15)
FNDA:0,(anonymous_16)
FNDA:0,(anonymous_17)
FNDA:0,(anonymous_18)
DA:1,1
DA:2,1
DA:3,1
DA:4,1
DA:6,1
DA:7,1
DA:10,1
DA:11,0
DA:12,0
DA:16,1
DA:17,0
DA:18,0
DA:20,0
DA:21,0
DA:24,0
DA:27,0
DA:38,0
DA:40,0
DA:41,0
DA:44,0
DA:46,0
DA:54,0
DA:55,0
DA:63,1
DA:64,0
DA:65,0
DA:66,0
DA:67,0
DA:72,0
DA:75,0
DA:76,0
DA:77,0
DA:78,0
DA:79,0
DA:83,0
DA:88,1
DA:89,0
DA:90,0
DA:91,0
DA:93,0
DA:94,0
DA:95,0
DA:107,0
DA:109,0
DA:111,0
DA:112,0
DA:117,1
DA:118,0
DA:122,1
DA:123,0
DA:124,0
DA:126,0
DA:127,0
DA:131,0
DA:132,0
DA:133,0
DA:137,0
DA:140,0
DA:141,0
DA:145,0
DA:148,0
DA:150,0
DA:151,0
DA:152,0
DA:158,0
DA:161,0
DA:162,0
DA:170,1
DA:171,0
DA:172,0
DA:176,1
DA:178,0
DA:179,0
DA:180,0
DA:187,0
DA:188,0
DA:189,0
DA:196,0
DA:197,0
DA:198,0
DA:199,0
DA:200,0
DA:202,0
DA:206,1
DA:207,0
DA:208,0
DA:212,1
DA:213,0
DA:214,0
DA:216,0
DA:217,0
DA:220,0
DA:221,0
DA:223,0
DA:231,0
DA:232,0
DA:240,1
DA:241,0
DA:243,0
DA:246,0
DA:247,0
DA:251,0
DA:252,0
DA:253,0
DA:257,0
DA:260,0
DA:262,0
DA:263,0
DA:264,0
DA:270,0
DA:273,0
DA:274,0
DA:281,1
LF:113
LH:18
BRDA:10,0,0,0
BRDA:10,0,1,1
BRDA:16,1,0,0
BRDA:66,2,0,0
BRDA:66,2,1,0
BRDA:75,3,0,0
BRDA:75,3,1,0
BRDA:91,4,0,0
BRDA:91,4,1,0
BRDA:102,5,0,0
BRDA:102,5,1,0
BRDA:103,6,0,0
BRDA:103,6,1,0
BRDA:104,7,0,0
BRDA:104,7,1,0
BRDA:126,8,0,0
BRDA:126,8,1,0
BRDA:132,9,0,0
BRDA:132,9,1,0
BRDA:140,10,0,0
BRDA:140,10,1,0
BRDA:140,11,0,0
BRDA:140,11,1,0
BRDA:150,12,0,0
BRDA:150,12,1,0
BRDA:216,13,0,0
BRDA:216,13,1,0
BRDA:246,14,0,0
BRDA:246,14,1,0
BRDA:246,15,0,0
BRDA:246,15,1,0
BRDA:252,16,0,0
BRDA:252,16,1,0
BRDA:262,17,0,0
BRDA:262,17,1,0
BRF:35
BRH:1
end_of_record
TN:
SF:utils/cloudBackup.js
FN:19,(anonymous_0)
FN:24,(anonymous_1)
FN:38,(anonymous_2)
FN:130,(anonymous_3)
FN:153,(anonymous_4)
FN:175,(anonymous_5)
FN:182,(anonymous_6)
FN:199,(anonymous_7)
FN:210,(anonymous_8)
FN:254,(anonymous_9)
FN:319,(anonymous_10)
FN:326,(anonymous_11)
FN:327,(anonymous_12)
FN:343,(anonymous_13)
FN:344,(anonymous_14)
FN:357,(anonymous_15)
FN:367,(anonymous_16)
FN:372,(anonymous_17)
FN:378,(anonymous_18)
FN:390,(anonymous_19)
FN:397,(anonymous_20)
FN:400,(anonymous_21)
FN:407,(anonymous_22)
FN:410,(anonymous_23)
FN:424,(anonymous_24)
FN:429,(anonymous_25)
FN:436,(anonymous_26)
FN:440,(anonymous_27)
FNF:28
FNH:0
FNDA:0,(anonymous_0)
FNDA:0,(anonymous_1)
FNDA:0,(anonymous_2)
FNDA:0,(anonymous_3)
FNDA:0,(anonymous_4)
FNDA:0,(anonymous_5)
FNDA:0,(anonymous_6)
FNDA:0,(anonymous_7)
FNDA:0,(anonymous_8)
FNDA:0,(anonymous_9)
FNDA:0,(anonymous_10)
FNDA:0,(anonymous_11)
FNDA:0,(anonymous_12)
FNDA:0,(anonymous_13)
FNDA:0,(anonymous_14)
FNDA:0,(anonymous_15)
FNDA:0,(anonymous_16)
FNDA:0,(anonymous_17)
FNDA:0,(anonymous_18)
FNDA:0,(anonymous_19)
FNDA:0,(anonymous_20)
FNDA:0,(anonymous_21)
FNDA:0,(anonymous_22)
FNDA:0,(anonymous_23)
FNDA:0,(anonymous_24)
FNDA:0,(anonymous_25)
FNDA:0,(anonymous_26)
FNDA:0,(anonymous_27)
DA:13,0
DA:14,0
DA:15,0
DA:16,0
DA:20,0
DA:21,0
DA:24,0
DA:25,0
DA:26,0
DA:31,0
DA:39,0
DA:40,0
DA:42,0
DA:43,0
DA:44,0
DA:46,0
DA:49,0
DA:52,0
DA:55,0
DA:58,0
DA:77,0
DA:78,0
DA:81,0
DA:82,0
DA:85,0
DA:87,0
DA:88,0
DA:92,0
DA:94,0
DA:95,0
DA:96,0
DA:103,0
DA:105,0
DA:117,0
DA:119,0
DA:131,0
DA:132,0
DA:133,0
DA:135,0
DA:145,0
DA:146,0
DA:154,0
DA:155,0
DA:167,0
DA:168,0
DA:176,0
DA:177,0
DA:178,0
DA:180,0
DA:181,0
DA:182,0
DA:183,0
DA:184,0
DA:185,0
DA:195,0
DA:199,0
DA:202,0
DA:203,0
DA:211,0
DA:213,0
DA:214,0
DA:218,0
DA:223,0
DA:224,0
DA:229,0
DA:233,0
DA:234,0
DA:235,0
DA:240,0
DA:243,0
DA:245,0
DA:246,0
DA:255,0
DA:256,0
DA:259,0
DA:261,0
DA:263,0
DA:266,0
DA:267,0
DA:271,0
DA:274,0
DA:275,0
DA:276,0
DA:280,0
DA:281,0
DA:282,0
DA:286,0
DA:287,0
DA:288,0
DA:289,0
DA:292,0
DA:298,0
DA:307,0
DA:309,0
DA:320,0
DA:321,0
DA:324,0
DA:325,0
DA:326,0
DA:328,0
DA:329,0
DA:337,0
DA:341,0
DA:342,0
DA:343,0
DA:345,0
DA:346,0
DA:354,0
DA:357,0
DA:359,0
DA:360,0
DA:368,0
DA:370,0
DA:372,0
DA:373,0
DA:374,0
DA:378,0
DA:379,0
DA:380,0
DA:383,0
DA:391,0
DA:392,0
DA:393,0
DA:394,0
DA:397,0
DA:398,0
DA:399,0
DA:400,0
DA:401,0
DA:402,0
DA:407,0
DA:408,0
DA:409,0
DA:410,0
DA:411,0
DA:412,0
DA:417,0
DA:425,0
DA:426,0
DA:430,0
DA:431,0
DA:433,0
DA:437,0
DA:439,0
DA:440,0
DA:441,0
DA:442,0
DA:446,0
DA:451,0
DA:453,0
LF:150
LH:0
BRDA:25,0,0,0
BRDA:25,0,1,0
BRDA:38,1,0,0
BRDA:87,2,0,0
BRDA:87,2,1,0
BRDA:139,3,0,0
BRDA:139,3,1,0
BRDA:140,4,0,0
BRDA:140,4,1,0
BRDA:163,5,0,0
BRDA:163,5,1,0
BRDA:180,6,0,0
BRDA:180,6,1,0
BRDA:183,7,0,0
BRDA:183,7,1,0
BRDA:183,8,0,0
BRDA:183,8,1,0
BRDA:213,9,0,0
BRDA:213,9,1,0
BRDA:213,10,0,0
BRDA:213,10,1,0
BRDA:213,10,2,0
BRDA:223,11,0,0
BRDA:223,11,1,0
BRDA:234,12,0,0
BRDA:234,12,1,0
BRDA:261,13,0,0
BRDA:261,13,1,0
BRDA:266,14,0,0
BRDA:266,14,1,0
BRDA:275,15,0,0
BRDA:275,15,1,0
BRDA:281,16,0,0
BRDA:281,16,1,0
BRDA:286,17,0,0
BRDA:286,17,1,0
BRDA:286,18,0,0
BRDA:286,18,1,0
BRDA:324,19,0,0
BRDA:324,19,1,0
BRDA:341,20,0,0
BRDA:341,20,1,0
BRDA:368,21,0,0
BRDA:368,21,1,0
BRDA:398,22,0,0
BRDA:398,22,1,0
BRDA:408,23,0,0
BRDA:408,23,1,0
BRDA:430,24,0,0
BRDA:430,24,1,0
BRDA:430,25,0,0
BRDA:430,25,1,0
BRDA:430,25,2,0
BRDA:437,26,0,0
BRDA:437,26,1,0
BRDA:437,27,0,0
BRDA:437,27,1,0
BRDA:441,28,0,0
BRDA:441,28,1,0
BRF:59
BRH:0
end_of_record
TN:
SF:utils/enhancedFuzzyMatch.js
FN:6,(anonymous_0)
FN:61,(anonymous_1)
FN:91,(anonymous_2)
FN:93,(anonymous_3)
FN:101,(anonymous_4)
FN:114,(anonymous_5)
FN:121,(anonymous_6)
FN:139,(anonymous_7)
FN:148,(anonymous_8)
FN:154,(anonymous_9)
FN:166,(anonymous_10)
FN:179,(anonymous_11)
FN:190,(anonymous_12)
FN:194,(anonymous_13)
FN:203,(anonymous_14)
FN:205,(anonymous_15)
FN:216,(anonymous_16)
FN:218,(anonymous_17)
FN:228,(anonymous_18)
FN:275,(anonymous_19)
FN:291,(anonymous_20)
FN:307,(anonymous_21)
FN:332,(anonymous_22)
FN:357,(anonymous_23)
FN:401,(anonymous_24)
FN:409,(anonymous_25)
FN:410,(anonymous_26)
FN:411,(anonymous_27)
FN:412,(anonymous_28)
FN:414,(anonymous_29)
FN:427,(anonymous_30)
FN:452,(anonymous_31)
FN:478,(anonymous_32)
FN:479,(anonymous_33)
FN:480,(anonymous_34)
FN:482,(anonymous_35)
FNF:36
FNH:8
FNDA:4,(anonymous_0)
FNDA:4,(anonymous_1)
FNDA:15,(anonymous_2)
FNDA:12,(anonymous_3)
FNDA:9,(anonymous_4)
FNDA:3,(anonymous_5)
FNDA:60,(anonymous_6)
FNDA:75,(anonymous_7)
FNDA:0,(anonymous_8)
FNDA:0,(anonymous_9)
FNDA:0,(anonymous_10)
FNDA:0,(anonymous_11)
FNDA:0,(anonymous_12)
FNDA:0,(anonymous_13)
FNDA:0,(anonymous_14)
FNDA:0,(anonymous_15)
FNDA:0,(anonymous_16)
FNDA:0,(anonymous_17)
FNDA:0,(anonymous_18)
FNDA:0,(anonymous_19)
FNDA:0,(anonymous_20)
FNDA:0,(anonymous_21)
FNDA:0,(anonymous_22)
FNDA:0,(anonymous_23)
FNDA:0,(anonymous_24)
FNDA:0,(anonymous_25)
FNDA:0,(anonymous_26)
FNDA:0,(anonymous_27)
FNDA:0,(anonymous_28)
FNDA:0,(anonymous_29)
FNDA:0,(anonymous_30)
FNDA:0,(anonymous_31)
FNDA:0,(anonymous_32)
FNDA:0,(anonymous_33)
FNDA:0,(anonymous_34)
FNDA:0,(anonymous_35)
DA:1,4
DA:2,4
DA:3,4
DA:8,4
DA:15,4
DA:23,4
DA:40,4
DA:47,4
DA:57,4
DA:62,4
DA:86,4
DA:87,4
DA:88,3
DA:91,3
DA:92,15
DA:93,15
DA:94,12
DA:95,12
DA:101,3
DA:102,9
DA:103,3
DA:107,1
DA:110,4
DA:115,3
DA:118,3
DA:119,3
DA:121,3
DA:122,60
DA:123,60
DA:124,0
DA:125,0
DA:130,3
DA:131,0
DA:132,0
DA:133,0
DA:140,75
DA:149,0
DA:150,0
DA:151,0
DA:154,0
DA:155,0
DA:156,0
DA:157,0
DA:158,0
DA:162,0
DA:167,0
DA:168,0
DA:171,0
DA:172,0
DA:173,0
DA:174,0
DA:175,0
DA:179,0
DA:180,0
DA:181,0
DA:182,0
DA:186,0
DA:191,0
DA:194,0
DA:195,0
DA:196,0
DA:199,0
DA:204,0
DA:205,0
DA:207,0
DA:208,0
DA:210,0
DA:212,0
DA:217,0
DA:218,0
DA:219,0
DA:221,0
DA:224,0
DA:229,0
DA:230,0
DA:231,0
DA:232,0
DA:235,0
DA:238,0
DA:239,0
DA:240,0
DA:242,0
DA:243,0
DA:245,0
DA:247,0
DA:250,0
DA:251,0
DA:261,0
DA:262,0
DA:263,0
DA:274,0
DA:275,0
DA:276,0
DA:277,0
DA:289,0
DA:290,0
DA:291,0
DA:292,0
DA:304,0
DA:305,0
DA:307,0
DA:308,0
DA:311,0
DA:312,0
DA:313,0
DA:317,0
DA:318,0
DA:319,0
DA:322,0
DA:323,0
DA:332,0
DA:335,0
DA:336,0
DA:339,0
DA:340,0
DA:342,0
DA:353,0
DA:358,0
DA:364,0
DA:366,0
DA:367,0
DA:369,0
DA:370,0
DA:379,0
DA:385,0
DA:386,0
DA:395,0
DA:397,0
DA:402,0
DA:403,0
DA:409,0
DA:410,0
DA:411,0
DA:412,0
DA:414,0
DA:419,0
DA:422,0
DA:428,0
DA:429,0
DA:438,0
DA:441,0
DA:442,0
DA:445,0
DA:447,0
DA:454,0
DA:455,0
DA:458,0
DA:459,0
DA:460,0
DA:461,0
DA:465,0
DA:466,0
DA:467,0
DA:468,0
DA:475,4
DA:477,4
DA:478,0
DA:479,0
DA:481,0
DA:482,0
LF:160
LH:33
BRDA:92,0,0,15
BRDA:92,0,1,0
BRDA:95,1,0,12
BRDA:95,1,1,9
BRDA:102,2,0,3
BRDA:102,2,1,6
BRDA:123,3,0,0
BRDA:123,3,1,60
BRDA:123,4,0,60
BRDA:123,4,1,12
BRDA:130,5,0,0
BRDA:130,5,1,3
BRDA:131,6,0,0
BRDA:131,6,1,0
BRDA:156,7,0,0
BRDA:156,7,1,0
BRDA:162,8,0,0
BRDA:162,8,1,0
BRDA:173,9,0,0
BRDA:173,9,1,0
BRDA:181,10,0,0
BRDA:181,10,1,0
BRDA:186,11,0,0
BRDA:186,11,1,0
BRDA:207,12,0,0
BRDA:207,12,1,0
BRDA:218,13,0,0
BRDA:218,13,1,0
BRDA:219,14,0,0
BRDA:219,14,1,0
BRDA:228,15,0,0
BRDA:229,16,0,0
BRDA:229,16,1,0
BRDA:250,17,0,0
BRDA:250,17,1,0
BRDA:262,18,0,0
BRDA:262,18,1,0
BRDA:275,19,0,0
BRDA:275,19,1,0
BRDA:276,20,0,0
BRDA:276,20,1,0
BRDA:290,21,0,0
BRDA:290,21,1,0
BRDA:291,22,0,0
BRDA:291,22,1,0
BRDA:312,23,0,0
BRDA:312,23,1,0
BRDA:312,24,0,0
BRDA:312,24,1,0
BRDA:318,25,0,0
BRDA:318,25,1,0
BRDA:318,26,0,0
BRDA:318,26,1,0
BRDA:322,27,0,0
BRDA:322,27,1,0
BRDA:335,28,0,0
BRDA:335,28,1,0
BRDA:340,29,0,0
BRDA:340,29,1,0
BRDA:345,30,0,0
BRDA:345,30,1,0
BRDA:369,31,0,0
BRDA:369,31,1,0
BRDA:369,32,0,0
BRDA:369,32,1,0
BRDA:441,33,0,0
BRDA:441,33,1,0
BRDA:441,34,0,0
BRDA:441,34,1,0
BRDA:454,35,0,0
BRDA:454,35,1,0
BRDA:459,36,0,0
BRDA:459,36,1,0
BRDA:465,37,0,0
BRDA:465,37,1,0
BRDA:467,38,0,0
BRDA:467,38,1,0
BRF:77
BRH:9
end_of_record
TN:
SF:utils/fuzzyMatch.js
FN:5,(anonymous_0)
FN:31,(anonymous_1)
FN:51,(anonymous_2)
FN:58,(anonymous_3)
FN:64,(anonymous_4)
FN:83,(anonymous_5)
FNF:6
FNH:0
FNDA:0,(anonymous_0)
FNDA:0,(anonymous_1)
FNDA:0,(anonymous_2)
FNDA:0,(anonymous_3)
FNDA:0,(anonymous_4)
FNDA:0,(anonymous_5)
DA:1,0
DA:2,0
DA:5,0
DA:6,0
DA:13,0
DA:31,0
DA:32,0
DA:33,0
DA:34,0
DA:37,0
DA:40,0
DA:41,0
DA:45,0
DA:46,0
DA:50,0
DA:51,0
DA:52,0
DA:57,0
DA:58,0
DA:64,0
DA:67,0
DA:68,0
DA:72,0
DA:73,0
DA:75,0
DA:79,0
DA:83,0
DA:84,0
DA:89,0
DA:90,0
DA:91,0
DA:92,0
DA:97,0
DA:101,0
DA:104,0
LF:35
LH:0
BRDA:40,0,0,0
BRDA:40,0,1,0
BRDA:45,1,0,0
BRDA:45,1,1,0
BRDA:51,2,0,0
BRDA:51,2,1,0
BRDA:67,3,0,0
BRDA:67,3,1,0
BRDA:67,4,0,0
BRDA:67,4,1,0
BRDA:73,5,0,0
BRDA:73,5,1,0
BRDA:73,6,0,0
BRDA:73,6,1,0
BRDA:91,7,0,0
BRDA:91,7,1,0
BRF:16
BRH:0
end_of_record
TN:
SF:utils/monitoring.js
FN:18,(anonymous_0)
FN:43,(anonymous_1)
FN:79,(anonymous_2)
FN:114,(anonymous_3)
FN:145,(anonymous_4)
FN:148,(anonymous_5)
FN:166,(anonymous_6)
FN:185,(anonymous_7)
FN:196,(anonymous_8)
FN:213,(anonymous_9)
FN:217,(anonymous_10)
FN:221,(anonymous_11)
FN:224,(anonymous_12)
FN:234,(anonymous_13)
FN:250,(anonymous_14)
FN:252,(anonymous_15)
FN:258,(anonymous_16)
FN:260,(anonymous_17)
FN:263,(anonymous_18)
FN:265,(anonymous_19)
FN:267,(anonymous_20)
FN:279,(anonymous_21)
FN:289,(anonymous_22)
FN:301,(anonymous_23)
FN:305,(anonymous_24)
FNF:25
FNH:9
FNDA:2,(anonymous_0)
FNDA:0,(anonymous_1)
FNDA:84,(anonymous_2)
FNDA:84,(anonymous_3)
FNDA:62,(anonymous_4)
FNDA:0,(anonymous_5)
FNDA:0,(anonymous_6)
FNDA:0,(anonymous_7)
FNDA:0,(anonymous_8)
FNDA:62,(anonymous_9)
FNDA:2509,(anonymous_10)
FNDA:2,(anonymous_11)
FNDA:0,(anonymous_12)
FNDA:0,(anonymous_13)
FNDA:0,(anonymous_14)
FNDA:0,(anonymous_15)
FNDA:0,(anonymous_16)
FNDA:0,(anonymous_17)
FNDA:0,(anonymous_18)
FNDA:0,(anonymous_19)
FNDA:0,(anonymous_20)
FNDA:84,(anonymous_21)
FNDA:84,(anonymous_22)
FNDA:0,(anonymous_23)
FNDA:0,(anonymous_24)
DA:13,2
DA:14,2
DA:15,2
DA:19,2
DA:20,2
DA:21,2
DA:30,2
DA:31,2
DA:32,0
DA:36,2
DA:44,0
DA:54,0
DA:57,0
DA:58,0
DA:62,0
DA:65,0
DA:68,0
DA:69,0
DA:72,0
DA:80,84
DA:88,84
DA:91,84
DA:92,0
DA:96,84
DA:97,0
DA:105,84
DA:106,0
DA:115,84
DA:123,84
DA:125,84
DA:126,84
DA:128,0
DA:129,0
DA:131,0
DA:132,0
DA:136,84
DA:137,0
DA:146,62
DA:147,62
DA:148,0
DA:150,62
DA:152,62
DA:168,0
DA:172,0
DA:176,0
DA:178,0
DA:182,0
DA:186,0
DA:187,0
DA:188,0
DA:190,0
DA:192,0
DA:203,0
DA:204,0
DA:205,0
DA:206,0
DA:207,0
DA:214,62
DA:216,62
DA:217,2509
DA:218,62
DA:223,2
DA:224,0
DA:225,0
DA:226,0
DA:229,0
DA:235,0
DA:236,0
DA:237,0
DA:244,0
DA:246,0
DA:251,0
DA:252,0
DA:253,0
DA:254,0
DA:257,0
DA:258,0
DA:260,0
DA:264,0
DA:265,0
DA:267,0
DA:276,2
DA:279,2
DA:280,84
DA:282,84
DA:289,84
DA:290,84
DA:291,84
DA:297,84
DA:301,2
DA:302,0
DA:305,2
DA:306,0
DA:312,2
LF:94
LH:39
BRDA:31,0,0,0
BRDA:31,0,1,2
BRDA:43,1,0,0
BRDA:46,2,0,0
BRDA:46,2,1,0
BRDA:57,3,0,0
BRDA:57,3,1,0
BRDA:68,4,0,0
BRDA:68,4,1,0
BRDA:79,5,0,0
BRDA:91,6,0,0
BRDA:91,6,1,84
BRDA:96,7,0,0
BRDA:96,7,1,84
BRDA:105,8,0,0
BRDA:105,8,1,84
BRDA:114,9,0,0
BRDA:123,10,0,84
BRDA:123,10,1,0
BRDA:123,10,2,0
BRDA:136,11,0,0
BRDA:136,11,1,84
BRDA:153,12,0,62
BRDA:153,12,1,0
BRDA:168,13,0,0
BRDA:168,13,1,0
BRDA:168,14,0,0
BRDA:168,14,1,0
BRDA:168,14,2,0
BRDA:168,14,3,0
BRDA:176,15,0,0
BRDA:176,15,1,0
BRDA:176,16,0,0
BRDA:176,16,1,0
BRDA:214,17,0,0
BRDA:214,17,1,62
BRDA:223,18,0,0
BRDA:223,18,1,2
BRDA:254,19,0,0
BRDA:254,19,1,0
BRF:40
BRH:9
end_of_record
