{"/Users/gavrielsacks/grocery-compare-app/backend/config/environments.js": {"path":"/Users/gavrielsacks/grocery-compare-app/backend/config/environments.js","statementMap":{"0":{"start":{"line":16,"column":21},"end":{"line":84,"column":1}},"1":{"start":{"line":87,"column":19},"end":{"line":87,"column":56}},"2":{"start":{"line":90,"column":15},"end":{"line":107,"column":1}},"3":{"start":{"line":110,"column":0},"end":{"line":124,"column":1}},"4":{"start":{"line":111,"column":2},"end":{"line":115,"column":3}},"5":{"start":{"line":112,"column":4},"end":{"line":112,"column":89}},"6":{"start":{"line":113,"column":4},"end":{"line":113,"column":89}},"7":{"start":{"line":114,"column":4},"end":{"line":114,"column":20}},"8":{"start":{"line":117,"column":2},"end":{"line":123,"column":3}},"9":{"start":{"line":118,"column":4},"end":{"line":118,"column":85}},"10":{"start":{"line":119,"column":4},"end":{"line":119,"column":85}},"11":{"start":{"line":121,"column":4},"end":{"line":121,"column":90}},"12":{"start":{"line":122,"column":4},"end":{"line":122,"column":81}},"13":{"start":{"line":127,"column":0},"end":{"line":127,"column":59}},"14":{"start":{"line":128,"column":0},"end":{"line":128,"column":57}},"15":{"start":{"line":130,"column":0},"end":{"line":130,"column":24}}},"fnMap":{},"branchMap":{"0":{"loc":{"start":{"line":38,"column":10},"end":{"line":38,"column":34}},"type":"binary-expr","locations":[{"start":{"line":38,"column":10},"end":{"line":38,"column":26}},{"start":{"line":38,"column":30},"end":{"line":38,"column":34}}],"line":38},"1":{"loc":{"start":{"line":61,"column":10},"end":{"line":61,"column":34}},"type":"binary-expr","locations":[{"start":{"line":61,"column":10},"end":{"line":61,"column":26}},{"start":{"line":61,"column":30},"end":{"line":61,"column":34}}],"line":61},"2":{"loc":{"start":{"line":87,"column":19},"end":{"line":87,"column":56}},"type":"binary-expr","locations":[{"start":{"line":87,"column":19},"end":{"line":87,"column":39}},{"start":{"line":87,"column":43},"end":{"line":87,"column":56}}],"line":87},"3":{"loc":{"start":{"line":96,"column":20},"end":{"line":96,"column":69}},"type":"binary-expr","locations":[{"start":{"line":96,"column":20},"end":{"line":96,"column":46}},{"start":{"line":96,"column":50},"end":{"line":96,"column":69}}],"line":96},"4":{"loc":{"start":{"line":97,"column":20},"end":{"line":97,"column":53}},"type":"binary-expr","locations":[{"start":{"line":97,"column":20},"end":{"line":97,"column":46}},{"start":{"line":97,"column":50},"end":{"line":97,"column":53}}],"line":97},"5":{"loc":{"start":{"line":98,"column":16},"end":{"line":98,"column":76}},"type":"binary-expr","locations":[{"start":{"line":98,"column":16},"end":{"line":98,"column":38}},{"start":{"line":98,"column":42},"end":{"line":98,"column":76}}],"line":98},"6":{"loc":{"start":{"line":110,"column":0},"end":{"line":124,"column":1}},"type":"if","locations":[{"start":{"line":110,"column":0},"end":{"line":124,"column":1}},{"start":{},"end":{}}],"line":110},"7":{"loc":{"start":{"line":111,"column":2},"end":{"line":115,"column":3}},"type":"if","locations":[{"start":{"line":111,"column":2},"end":{"line":115,"column":3}},{"start":{},"end":{}}],"line":111},"8":{"loc":{"start":{"line":117,"column":2},"end":{"line":123,"column":3}},"type":"if","locations":[{"start":{"line":117,"column":2},"end":{"line":123,"column":3}},{"start":{},"end":{}}],"line":117}},"s":{"0":2,"1":2,"2":2,"3":2,"4":0,"5":0,"6":0,"7":0,"8":0,"9":0,"10":0,"11":0,"12":0,"13":2,"14":2,"15":2},"f":{},"b":{"0":[2,2],"1":[2,2],"2":[2,0],"3":[2,2],"4":[2,2],"5":[2,2],"6":[0,2],"7":[0,0],"8":[0,0]},"_coverageSchema":"1a1c01bbd47fc00a2c39e90264f33305004495a9","hash":"ba62c0e65f8e995e9dd152c42d51d3acea4410be"}
,"/Users/gavrielsacks/grocery-compare-app/backend/database/db-connection.js": {"path":"/Users/gavrielsacks/grocery-compare-app/backend/database/db-connection.js","statementMap":{"0":{"start":{"line":11,"column":0},"end":{"line":11,"column":27}},"1":{"start":{"line":12,"column":17},"end":{"line":12,"column":30}},"2":{"start":{"line":13,"column":15},"end":{"line":13,"column":48}},"3":{"start":{"line":17,"column":4},"end":{"line":17,"column":21}},"4":{"start":{"line":18,"column":4},"end":{"line":18,"column":29}},"5":{"start":{"line":25,"column":4},"end":{"line":68,"column":5}},"6":{"start":{"line":27,"column":26},"end":{"line":27,"column":50}},"7":{"start":{"line":29,"column":6},"end":{"line":32,"column":7}},"8":{"start":{"line":30,"column":8},"end":{"line":30,"column":98}},"9":{"start":{"line":31,"column":8},"end":{"line":31,"column":20}},"10":{"start":{"line":34,"column":6},"end":{"line":40,"column":9}},"11":{"start":{"line":43,"column":21},"end":{"line":43,"column":46}},"12":{"start":{"line":44,"column":21},"end":{"line":44,"column":55}},"13":{"start":{"line":45,"column":6},"end":{"line":45,"column":23}},"14":{"start":{"line":47,"column":6},"end":{"line":47,"column":30}},"15":{"start":{"line":48,"column":6},"end":{"line":48,"column":57}},"16":{"start":{"line":49,"column":6},"end":{"line":49,"column":61}},"17":{"start":{"line":52,"column":6},"end":{"line":55,"column":9}},"18":{"start":{"line":53,"column":8},"end":{"line":53,"column":60}},"19":{"start":{"line":54,"column":8},"end":{"line":54,"column":33}},"20":{"start":{"line":57,"column":6},"end":{"line":59,"column":9}},"21":{"start":{"line":58,"column":8},"end":{"line":58,"column":62}},"22":{"start":{"line":61,"column":6},"end":{"line":61,"column":23}},"23":{"start":{"line":64,"column":6},"end":{"line":64,"column":69}},"24":{"start":{"line":65,"column":6},"end":{"line":65,"column":72}},"25":{"start":{"line":66,"column":6},"end":{"line":66,"column":31}},"26":{"start":{"line":67,"column":6},"end":{"line":67,"column":18}},"27":{"start":{"line":75,"column":4},"end":{"line":77,"column":5}},"28":{"start":{"line":76,"column":6},"end":{"line":76,"column":71}},"29":{"start":{"line":79,"column":18},"end":{"line":79,"column":28}},"30":{"start":{"line":80,"column":4},"end":{"line":101,"column":5}},"31":{"start":{"line":81,"column":21},"end":{"line":81,"column":56}},"32":{"start":{"line":82,"column":23},"end":{"line":82,"column":41}},"33":{"start":{"line":84,"column":6},"end":{"line":90,"column":7}},"34":{"start":{"line":85,"column":8},"end":{"line":89,"column":11}},"35":{"start":{"line":92,"column":6},"end":{"line":92,"column":20}},"36":{"start":{"line":94,"column":23},"end":{"line":94,"column":41}},"37":{"start":{"line":95,"column":6},"end":{"line":99,"column":9}},"38":{"start":{"line":100,"column":6},"end":{"line":100,"column":18}},"39":{"start":{"line":108,"column":4},"end":{"line":110,"column":5}},"40":{"start":{"line":109,"column":6},"end":{"line":109,"column":71}},"41":{"start":{"line":112,"column":19},"end":{"line":112,"column":44}},"42":{"start":{"line":114,"column":4},"end":{"line":133,"column":5}},"43":{"start":{"line":115,"column":6},"end":{"line":115,"column":34}},"44":{"start":{"line":117,"column":22},"end":{"line":117,"column":24}},"45":{"start":{"line":118,"column":6},"end":{"line":121,"column":7}},"46":{"start":{"line":119,"column":23},"end":{"line":119,"column":56}},"47":{"start":{"line":120,"column":8},"end":{"line":120,"column":29}},"48":{"start":{"line":123,"column":6},"end":{"line":123,"column":35}},"49":{"start":{"line":124,"column":6},"end":{"line":124,"column":76}},"50":{"start":{"line":125,"column":6},"end":{"line":125,"column":21}},"51":{"start":{"line":128,"column":6},"end":{"line":128,"column":37}},"52":{"start":{"line":129,"column":6},"end":{"line":129,"column":74}},"53":{"start":{"line":130,"column":6},"end":{"line":130,"column":18}},"54":{"start":{"line":132,"column":6},"end":{"line":132,"column":23}},"55":{"start":{"line":140,"column":4},"end":{"line":145,"column":6}},"56":{"start":{"line":152,"column":4},"end":{"line":156,"column":5}},"57":{"start":{"line":153,"column":6},"end":{"line":153,"column":28}},"58":{"start":{"line":154,"column":6},"end":{"line":154,"column":51}},"59":{"start":{"line":155,"column":6},"end":{"line":155,"column":31}},"60":{"start":{"line":163,"column":4},"end":{"line":163,"column":41}},"61":{"start":{"line":170,"column":16},"end":{"line":170,"column":30}},"62":{"start":{"line":171,"column":18},"end":{"line":171,"column":42}},"63":{"start":{"line":172,"column":4},"end":{"line":172,"column":28}},"64":{"start":{"line":172,"column":16},"end":{"line":172,"column":28}},"65":{"start":{"line":174,"column":21},"end":{"line":174,"column":37}},"66":{"start":{"line":175,"column":29},"end":{"line":175,"column":53}},"67":{"start":{"line":177,"column":4},"end":{"line":183,"column":6}},"68":{"start":{"line":188,"column":17},"end":{"line":188,"column":38}},"69":{"start":{"line":191,"column":0},"end":{"line":193,"column":3}},"70":{"start":{"line":192,"column":2},"end":{"line":192,"column":65}},"71":{"start":{"line":195,"column":0},"end":{"line":195,"column":26}}},"fnMap":{"0":{"name":"(anonymous_0)","decl":{"start":{"line":16,"column":2},"end":{"line":16,"column":3}},"loc":{"start":{"line":16,"column":16},"end":{"line":19,"column":3}},"line":16},"1":{"name":"(anonymous_1)","decl":{"start":{"line":24,"column":2},"end":{"line":24,"column":3}},"loc":{"start":{"line":24,"column":18},"end":{"line":69,"column":3}},"line":24},"2":{"name":"(anonymous_2)","decl":{"start":{"line":52,"column":28},"end":{"line":52,"column":29}},"loc":{"start":{"line":52,"column":37},"end":{"line":55,"column":7}},"line":52},"3":{"name":"(anonymous_3)","decl":{"start":{"line":57,"column":30},"end":{"line":57,"column":31}},"loc":{"start":{"line":57,"column":36},"end":{"line":59,"column":7}},"line":57},"4":{"name":"(anonymous_4)","decl":{"start":{"line":74,"column":2},"end":{"line":74,"column":3}},"loc":{"start":{"line":74,"column":33},"end":{"line":102,"column":3}},"line":74},"5":{"name":"(anonymous_5)","decl":{"start":{"line":107,"column":2},"end":{"line":107,"column":3}},"loc":{"start":{"line":107,"column":29},"end":{"line":134,"column":3}},"line":107},"6":{"name":"(anonymous_6)","decl":{"start":{"line":139,"column":2},"end":{"line":139,"column":3}},"loc":{"start":{"line":139,"column":22},"end":{"line":146,"column":3}},"line":139},"7":{"name":"(anonymous_7)","decl":{"start":{"line":151,"column":2},"end":{"line":151,"column":3}},"loc":{"start":{"line":151,"column":16},"end":{"line":157,"column":3}},"line":151},"8":{"name":"(anonymous_8)","decl":{"start":{"line":162,"column":2},"end":{"line":162,"column":3}},"loc":{"start":{"line":162,"column":16},"end":{"line":164,"column":3}},"line":162},"9":{"name":"(anonymous_9)","decl":{"start":{"line":169,"column":2},"end":{"line":169,"column":3}},"loc":{"start":{"line":169,"column":16},"end":{"line":184,"column":3}},"line":169},"10":{"name":"(anonymous_10)","decl":{"start":{"line":191,"column":25},"end":{"line":191,"column":26}},"loc":{"start":{"line":191,"column":34},"end":{"line":193,"column":1}},"line":191}},"branchMap":{"0":{"loc":{"start":{"line":29,"column":6},"end":{"line":32,"column":7}},"type":"if","locations":[{"start":{"line":29,"column":6},"end":{"line":32,"column":7}},{"start":{},"end":{}}],"line":29},"1":{"loc":{"start":{"line":36,"column":13},"end":{"line":36,"column":88}},"type":"cond-expr","locations":[{"start":{"line":36,"column":51},"end":{"line":36,"column":80}},{"start":{"line":36,"column":83},"end":{"line":36,"column":88}}],"line":36},"2":{"loc":{"start":{"line":74,"column":20},"end":{"line":74,"column":31}},"type":"default-arg","locations":[{"start":{"line":74,"column":29},"end":{"line":74,"column":31}}],"line":74},"3":{"loc":{"start":{"line":75,"column":4},"end":{"line":77,"column":5}},"type":"if","locations":[{"start":{"line":75,"column":4},"end":{"line":77,"column":5}},{"start":{},"end":{}}],"line":75},"4":{"loc":{"start":{"line":75,"column":8},"end":{"line":75,"column":39}},"type":"binary-expr","locations":[{"start":{"line":75,"column":8},"end":{"line":75,"column":18}},{"start":{"line":75,"column":22},"end":{"line":75,"column":39}}],"line":75},"5":{"loc":{"start":{"line":84,"column":6},"end":{"line":90,"column":7}},"type":"if","locations":[{"start":{"line":84,"column":6},"end":{"line":90,"column":7}},{"start":{},"end":{}}],"line":84},"6":{"loc":{"start":{"line":86,"column":43},"end":{"line":86,"column":73}},"type":"cond-expr","locations":[{"start":{"line":86,"column":63},"end":{"line":86,"column":68}},{"start":{"line":86,"column":71},"end":{"line":86,"column":73}}],"line":86},"7":{"loc":{"start":{"line":97,"column":41},"end":{"line":97,"column":71}},"type":"cond-expr","locations":[{"start":{"line":97,"column":61},"end":{"line":97,"column":66}},{"start":{"line":97,"column":69},"end":{"line":97,"column":71}}],"line":97},"8":{"loc":{"start":{"line":108,"column":4},"end":{"line":110,"column":5}},"type":"if","locations":[{"start":{"line":108,"column":4},"end":{"line":110,"column":5}},{"start":{},"end":{}}],"line":108},"9":{"loc":{"start":{"line":108,"column":8},"end":{"line":108,"column":39}},"type":"binary-expr","locations":[{"start":{"line":108,"column":8},"end":{"line":108,"column":18}},{"start":{"line":108,"column":22},"end":{"line":108,"column":39}}],"line":108},"10":{"loc":{"start":{"line":118,"column":26},"end":{"line":118,"column":37}},"type":"default-arg","locations":[{"start":{"line":118,"column":35},"end":{"line":118,"column":37}}],"line":118},"11":{"loc":{"start":{"line":142,"column":18},"end":{"line":142,"column":54}},"type":"cond-expr","locations":[{"start":{"line":142,"column":30},"end":{"line":142,"column":50}},{"start":{"line":142,"column":53},"end":{"line":142,"column":54}}],"line":142},"12":{"loc":{"start":{"line":143,"column":17},"end":{"line":143,"column":52}},"type":"cond-expr","locations":[{"start":{"line":143,"column":29},"end":{"line":143,"column":48}},{"start":{"line":143,"column":51},"end":{"line":143,"column":52}}],"line":143},"13":{"loc":{"start":{"line":144,"column":20},"end":{"line":144,"column":58}},"type":"cond-expr","locations":[{"start":{"line":144,"column":32},"end":{"line":144,"column":54}},{"start":{"line":144,"column":57},"end":{"line":144,"column":58}}],"line":144},"14":{"loc":{"start":{"line":152,"column":4},"end":{"line":156,"column":5}},"type":"if","locations":[{"start":{"line":152,"column":4},"end":{"line":156,"column":5}},{"start":{},"end":{}}],"line":152},"15":{"loc":{"start":{"line":163,"column":11},"end":{"line":163,"column":40}},"type":"binary-expr","locations":[{"start":{"line":163,"column":11},"end":{"line":163,"column":27}},{"start":{"line":163,"column":31},"end":{"line":163,"column":40}}],"line":163},"16":{"loc":{"start":{"line":172,"column":4},"end":{"line":172,"column":28}},"type":"if","locations":[{"start":{"line":172,"column":4},"end":{"line":172,"column":28}},{"start":{},"end":{}}],"line":172}},"s":{"0":2,"1":2,"2":2,"3":2,"4":2,"5":2,"6":2,"7":2,"8":2,"9":2,"10":0,"11":0,"12":0,"13":0,"14":0,"15":0,"16":0,"17":0,"18":0,"19":0,"20":0,"21":0,"22":0,"23":0,"24":0,"25":0,"26":0,"27":0,"28":0,"29":0,"30":0,"31":0,"32":0,"33":0,"34":0,"35":0,"36":0,"37":0,"38":0,"39":0,"40":0,"41":0,"42":0,"43":0,"44":0,"45":0,"46":0,"47":0,"48":0,"49":0,"50":0,"51":0,"52":0,"53":0,"54":0,"55":0,"56":0,"57":0,"58":0,"59":0,"60":0,"61":0,"62":0,"63":0,"64":0,"65":0,"66":0,"67":0,"68":2,"69":2,"70":0,"71":2},"f":{"0":2,"1":2,"2":0,"3":0,"4":0,"5":0,"6":0,"7":0,"8":0,"9":0,"10":0},"b":{"0":[2,0],"1":[0,0],"2":[0],"3":[0,0],"4":[0,0],"5":[0,0],"6":[0,0],"7":[0,0],"8":[0,0],"9":[0,0],"10":[0],"11":[0,0],"12":[0,0],"13":[0,0],"14":[0,0],"15":[0,0],"16":[0,0]},"_coverageSchema":"1a1c01bbd47fc00a2c39e90264f33305004495a9","hash":"b2fec7898660ca0b08ae07f2756040fdd9ea046f"}
,"/Users/gavrielsacks/grocery-compare-app/backend/database/db-operations.js": {"path":"/Users/gavrielsacks/grocery-compare-app/backend/database/db-operations.js","statementMap":{"0":{"start":{"line":10,"column":17},"end":{"line":10,"column":43}},"1":{"start":{"line":11,"column":15},"end":{"line":11,"column":32}},"2":{"start":{"line":18,"column":23},"end":{"line":18,"column":25}},"3":{"start":{"line":19,"column":25},"end":{"line":19,"column":64}},"4":{"start":{"line":21,"column":19},"end":{"line":25,"column":44}},"5":{"start":{"line":27,"column":4},"end":{"line":27,"column":26}},"6":{"start":{"line":34,"column":19},"end":{"line":37,"column":5}},"7":{"start":{"line":38,"column":4},"end":{"line":38,"column":26}},"8":{"start":{"line":45,"column":4},"end":{"line":45,"column":50}},"9":{"start":{"line":53,"column":19},"end":{"line":57,"column":6}},"10":{"start":{"line":58,"column":4},"end":{"line":58,"column":23}},"11":{"start":{"line":65,"column":19},"end":{"line":79,"column":17}},"12":{"start":{"line":80,"column":4},"end":{"line":80,"column":23}},"13":{"start":{"line":91,"column":19},"end":{"line":115,"column":17}},"14":{"start":{"line":119,"column":4},"end":{"line":119,"column":68}},"15":{"start":{"line":119,"column":49},"end":{"line":119,"column":64}},"16":{"start":{"line":129,"column":19},"end":{"line":159,"column":17}},"17":{"start":{"line":161,"column":24},"end":{"line":161,"column":26}},"18":{"start":{"line":162,"column":32},"end":{"line":162,"column":34}},"19":{"start":{"line":164,"column":4},"end":{"line":175,"column":7}},"20":{"start":{"line":165,"column":19},"end":{"line":168,"column":7}},"21":{"start":{"line":169,"column":6},"end":{"line":174,"column":7}},"22":{"start":{"line":171,"column":8},"end":{"line":171,"column":60}},"23":{"start":{"line":173,"column":8},"end":{"line":173,"column":39}},"24":{"start":{"line":178,"column":22},"end":{"line":182,"column":5}},"25":{"start":{"line":184,"column":4},"end":{"line":184,"column":59}},"26":{"start":{"line":191,"column":4},"end":{"line":241,"column":5}},"27":{"start":{"line":193,"column":26},"end":{"line":193,"column":98}},"28":{"start":{"line":194,"column":24},"end":{"line":194,"column":68}},"29":{"start":{"line":197,"column":26},"end":{"line":197,"column":71}},"30":{"start":{"line":198,"column":26},"end":{"line":198,"column":27}},"31":{"start":{"line":199,"column":31},"end":{"line":199,"column":32}},"32":{"start":{"line":201,"column":6},"end":{"line":213,"column":9}},"33":{"start":{"line":202,"column":33},"end":{"line":202,"column":70}},"34":{"start":{"line":203,"column":8},"end":{"line":212,"column":9}},"35":{"start":{"line":204,"column":27},"end":{"line":204,"column":56}},"36":{"start":{"line":205,"column":27},"end":{"line":205,"column":56}},"37":{"start":{"line":207,"column":10},"end":{"line":211,"column":11}},"38":{"start":{"line":208,"column":12},"end":{"line":208,"column":28}},"39":{"start":{"line":209,"column":17},"end":{"line":211,"column":11}},"40":{"start":{"line":210,"column":12},"end":{"line":210,"column":33}},"41":{"start":{"line":216,"column":27},"end":{"line":216,"column":70}},"42":{"start":{"line":219,"column":26},"end":{"line":223,"column":7}},"43":{"start":{"line":225,"column":6},"end":{"line":236,"column":8}},"44":{"start":{"line":233,"column":72},"end":{"line":233,"column":81}},"45":{"start":{"line":234,"column":88},"end":{"line":234,"column":97}},"46":{"start":{"line":239,"column":6},"end":{"line":239,"column":66}},"47":{"start":{"line":240,"column":6},"end":{"line":240,"column":18}},"48":{"start":{"line":248,"column":19},"end":{"line":269,"column":6}},"49":{"start":{"line":270,"column":4},"end":{"line":270,"column":23}},"50":{"start":{"line":277,"column":19},"end":{"line":301,"column":27}},"51":{"start":{"line":303,"column":4},"end":{"line":306,"column":8}},"52":{"start":{"line":303,"column":39},"end":{"line":306,"column":5}},"53":{"start":{"line":313,"column":4},"end":{"line":328,"column":7}},"54":{"start":{"line":336,"column":26},"end":{"line":336,"column":104}},"55":{"start":{"line":337,"column":24},"end":{"line":337,"column":111}},"56":{"start":{"line":339,"column":4},"end":{"line":341,"column":5}},"57":{"start":{"line":340,"column":6},"end":{"line":340,"column":52}},"58":{"start":{"line":343,"column":4},"end":{"line":357,"column":7}},"59":{"start":{"line":359,"column":4},"end":{"line":359,"column":29}},"60":{"start":{"line":366,"column":19},"end":{"line":371,"column":50}},"61":{"start":{"line":373,"column":4},"end":{"line":375,"column":5}},"62":{"start":{"line":374,"column":6},"end":{"line":374,"column":85}},"63":{"start":{"line":377,"column":4},"end":{"line":377,"column":61}},"64":{"start":{"line":384,"column":22},"end":{"line":384,"column":24}},"65":{"start":{"line":385,"column":19},"end":{"line":385,"column":21}},"66":{"start":{"line":386,"column":21},"end":{"line":386,"column":22}},"67":{"start":{"line":388,"column":4},"end":{"line":391,"column":5}},"68":{"start":{"line":389,"column":6},"end":{"line":389,"column":48}},"69":{"start":{"line":390,"column":6},"end":{"line":390,"column":55}},"70":{"start":{"line":393,"column":4},"end":{"line":396,"column":5}},"71":{"start":{"line":394,"column":6},"end":{"line":394,"column":52}},"72":{"start":{"line":395,"column":6},"end":{"line":395,"column":36}},"73":{"start":{"line":398,"column":4},"end":{"line":401,"column":5}},"74":{"start":{"line":399,"column":6},"end":{"line":399,"column":57}},"75":{"start":{"line":400,"column":6},"end":{"line":400,"column":40}},"76":{"start":{"line":403,"column":4},"end":{"line":406,"column":5}},"77":{"start":{"line":404,"column":6},"end":{"line":404,"column":55}},"78":{"start":{"line":405,"column":6},"end":{"line":405,"column":38}},"79":{"start":{"line":408,"column":4},"end":{"line":410,"column":5}},"80":{"start":{"line":409,"column":6},"end":{"line":409,"column":63}},"81":{"start":{"line":412,"column":4},"end":{"line":412,"column":53}},"82":{"start":{"line":413,"column":4},"end":{"line":413,"column":29}},"83":{"start":{"line":415,"column":4},"end":{"line":419,"column":15}},"84":{"start":{"line":421,"column":4},"end":{"line":421,"column":29}},"85":{"start":{"line":428,"column":4},"end":{"line":428,"column":97}},"86":{"start":{"line":429,"column":4},"end":{"line":429,"column":29}},"87":{"start":{"line":436,"column":19},"end":{"line":446,"column":6}},"88":{"start":{"line":448,"column":4},"end":{"line":452,"column":6}},"89":{"start":{"line":459,"column":19},"end":{"line":462,"column":6}},"90":{"start":{"line":463,"column":4},"end":{"line":463,"column":23}},"91":{"start":{"line":468,"column":14},"end":{"line":468,"column":38}},"92":{"start":{"line":470,"column":0},"end":{"line":470,"column":23}}},"fnMap":{"0":{"name":"(anonymous_0)","decl":{"start":{"line":17,"column":2},"end":{"line":17,"column":3}},"loc":{"start":{"line":17,"column":70},"end":{"line":28,"column":3}},"line":17},"1":{"name":"(anonymous_1)","decl":{"start":{"line":33,"column":2},"end":{"line":33,"column":3}},"loc":{"start":{"line":33,"column":36},"end":{"line":39,"column":3}},"line":33},"2":{"name":"(anonymous_2)","decl":{"start":{"line":44,"column":2},"end":{"line":44,"column":3}},"loc":{"start":{"line":44,"column":51},"end":{"line":46,"column":3}},"line":44},"3":{"name":"(anonymous_3)","decl":{"start":{"line":52,"column":2},"end":{"line":52,"column":3}},"loc":{"start":{"line":52,"column":20},"end":{"line":59,"column":3}},"line":52},"4":{"name":"(anonymous_4)","decl":{"start":{"line":64,"column":2},"end":{"line":64,"column":3}},"loc":{"start":{"line":64,"column":36},"end":{"line":81,"column":3}},"line":64},"5":{"name":"(anonymous_5)","decl":{"start":{"line":86,"column":2},"end":{"line":86,"column":3}},"loc":{"start":{"line":86,"column":43},"end":{"line":120,"column":3}},"line":86},"6":{"name":"(anonymous_6)","decl":{"start":{"line":119,"column":42},"end":{"line":119,"column":43}},"loc":{"start":{"line":119,"column":49},"end":{"line":119,"column":64}},"line":119},"7":{"name":"(anonymous_7)","decl":{"start":{"line":125,"column":2},"end":{"line":125,"column":3}},"loc":{"start":{"line":125,"column":41},"end":{"line":185,"column":3}},"line":125},"8":{"name":"(anonymous_8)","decl":{"start":{"line":164,"column":24},"end":{"line":164,"column":25}},"loc":{"start":{"line":164,"column":31},"end":{"line":175,"column":5}},"line":164},"9":{"name":"(anonymous_9)","decl":{"start":{"line":190,"column":2},"end":{"line":190,"column":3}},"loc":{"start":{"line":190,"column":37},"end":{"line":242,"column":3}},"line":190},"10":{"name":"(anonymous_10)","decl":{"start":{"line":201,"column":35},"end":{"line":201,"column":36}},"loc":{"start":{"line":201,"column":43},"end":{"line":213,"column":7}},"line":201},"11":{"name":"(anonymous_11)","decl":{"start":{"line":233,"column":64},"end":{"line":233,"column":65}},"loc":{"start":{"line":233,"column":72},"end":{"line":233,"column":81}},"line":233},"12":{"name":"(anonymous_12)","decl":{"start":{"line":234,"column":80},"end":{"line":234,"column":81}},"loc":{"start":{"line":234,"column":88},"end":{"line":234,"column":97}},"line":234},"13":{"name":"(anonymous_13)","decl":{"start":{"line":247,"column":2},"end":{"line":247,"column":3}},"loc":{"start":{"line":247,"column":22},"end":{"line":271,"column":3}},"line":247},"14":{"name":"(anonymous_14)","decl":{"start":{"line":276,"column":2},"end":{"line":276,"column":3}},"loc":{"start":{"line":276,"column":35},"end":{"line":307,"column":3}},"line":276},"15":{"name":"(anonymous_15)","decl":{"start":{"line":303,"column":27},"end":{"line":303,"column":28}},"loc":{"start":{"line":303,"column":39},"end":{"line":306,"column":5}},"line":303},"16":{"name":"(anonymous_16)","decl":{"start":{"line":312,"column":2},"end":{"line":312,"column":3}},"loc":{"start":{"line":312,"column":32},"end":{"line":329,"column":3}},"line":312},"17":{"name":"(anonymous_17)","decl":{"start":{"line":334,"column":2},"end":{"line":334,"column":3}},"loc":{"start":{"line":334,"column":62},"end":{"line":360,"column":3}},"line":334},"18":{"name":"(anonymous_18)","decl":{"start":{"line":365,"column":2},"end":{"line":365,"column":3}},"loc":{"start":{"line":365,"column":62},"end":{"line":378,"column":3}},"line":365},"19":{"name":"(anonymous_19)","decl":{"start":{"line":383,"column":2},"end":{"line":383,"column":3}},"loc":{"start":{"line":383,"column":48},"end":{"line":422,"column":3}},"line":383},"20":{"name":"(anonymous_20)","decl":{"start":{"line":427,"column":2},"end":{"line":427,"column":3}},"loc":{"start":{"line":427,"column":35},"end":{"line":430,"column":3}},"line":427},"21":{"name":"(anonymous_21)","decl":{"start":{"line":435,"column":2},"end":{"line":435,"column":3}},"loc":{"start":{"line":435,"column":39},"end":{"line":453,"column":3}},"line":435},"22":{"name":"(anonymous_22)","decl":{"start":{"line":458,"column":2},"end":{"line":458,"column":3}},"loc":{"start":{"line":458,"column":29},"end":{"line":464,"column":3}},"line":458}},"branchMap":{"0":{"loc":{"start":{"line":17,"column":52},"end":{"line":17,"column":66}},"type":"default-arg","locations":[{"start":{"line":17,"column":59},"end":{"line":17,"column":66}}],"line":17},"1":{"loc":{"start":{"line":169,"column":6},"end":{"line":174,"column":7}},"type":"if","locations":[{"start":{"line":169,"column":6},"end":{"line":174,"column":7}},{"start":{"line":172,"column":13},"end":{"line":174,"column":7}}],"line":169},"2":{"loc":{"start":{"line":194,"column":24},"end":{"line":194,"column":68}},"type":"binary-expr","locations":[{"start":{"line":194,"column":24},"end":{"line":194,"column":49}},{"start":{"line":194,"column":53},"end":{"line":194,"column":68}}],"line":194},"3":{"loc":{"start":{"line":202,"column":47},"end":{"line":202,"column":69}},"type":"binary-expr","locations":[{"start":{"line":202,"column":47},"end":{"line":202,"column":63}},{"start":{"line":202,"column":67},"end":{"line":202,"column":69}}],"line":202},"4":{"loc":{"start":{"line":203,"column":8},"end":{"line":212,"column":9}},"type":"if","locations":[{"start":{"line":203,"column":8},"end":{"line":212,"column":9}},{"start":{},"end":{}}],"line":203},"5":{"loc":{"start":{"line":207,"column":10},"end":{"line":211,"column":11}},"type":"if","locations":[{"start":{"line":207,"column":10},"end":{"line":211,"column":11}},{"start":{"line":209,"column":17},"end":{"line":211,"column":11}}],"line":207},"6":{"loc":{"start":{"line":209,"column":17},"end":{"line":211,"column":11}},"type":"if","locations":[{"start":{"line":209,"column":17},"end":{"line":211,"column":11}},{"start":{},"end":{}}],"line":209},"7":{"loc":{"start":{"line":305,"column":14},"end":{"line":305,"column":34}},"type":"binary-expr","locations":[{"start":{"line":305,"column":14},"end":{"line":305,"column":28}},{"start":{"line":305,"column":32},"end":{"line":305,"column":34}}],"line":305},"8":{"loc":{"start":{"line":322,"column":10},"end":{"line":322,"column":81}},"type":"binary-expr","locations":[{"start":{"line":322,"column":10},"end":{"line":322,"column":26}},{"start":{"line":322,"column":30},"end":{"line":322,"column":81}}],"line":322},"9":{"loc":{"start":{"line":323,"column":10},"end":{"line":323,"column":40}},"type":"binary-expr","locations":[{"start":{"line":323,"column":10},"end":{"line":323,"column":32}},{"start":{"line":323,"column":36},"end":{"line":323,"column":40}}],"line":323},"10":{"loc":{"start":{"line":324,"column":10},"end":{"line":324,"column":38}},"type":"binary-expr","locations":[{"start":{"line":324,"column":10},"end":{"line":324,"column":30}},{"start":{"line":324,"column":34},"end":{"line":324,"column":38}}],"line":324},"11":{"loc":{"start":{"line":325,"column":10},"end":{"line":325,"column":42}},"type":"binary-expr","locations":[{"start":{"line":325,"column":10},"end":{"line":325,"column":34}},{"start":{"line":325,"column":38},"end":{"line":325,"column":42}}],"line":325},"12":{"loc":{"start":{"line":339,"column":4},"end":{"line":341,"column":5}},"type":"if","locations":[{"start":{"line":339,"column":4},"end":{"line":341,"column":5}},{"start":{},"end":{}}],"line":339},"13":{"loc":{"start":{"line":339,"column":8},"end":{"line":339,"column":54}},"type":"binary-expr","locations":[{"start":{"line":339,"column":8},"end":{"line":339,"column":30}},{"start":{"line":339,"column":34},"end":{"line":339,"column":54}}],"line":339},"14":{"loc":{"start":{"line":355,"column":6},"end":{"line":355,"column":30}},"type":"binary-expr","locations":[{"start":{"line":355,"column":6},"end":{"line":355,"column":20}},{"start":{"line":355,"column":24},"end":{"line":355,"column":30}}],"line":355},"15":{"loc":{"start":{"line":356,"column":6},"end":{"line":356,"column":36}},"type":"binary-expr","locations":[{"start":{"line":356,"column":6},"end":{"line":356,"column":25}},{"start":{"line":356,"column":29},"end":{"line":356,"column":36}}],"line":356},"16":{"loc":{"start":{"line":373,"column":4},"end":{"line":375,"column":5}},"type":"if","locations":[{"start":{"line":373,"column":4},"end":{"line":375,"column":5}},{"start":{},"end":{}}],"line":373},"17":{"loc":{"start":{"line":388,"column":4},"end":{"line":391,"column":5}},"type":"if","locations":[{"start":{"line":388,"column":4},"end":{"line":391,"column":5}},{"start":{},"end":{}}],"line":388},"18":{"loc":{"start":{"line":388,"column":8},"end":{"line":388,"column":43}},"type":"binary-expr","locations":[{"start":{"line":388,"column":8},"end":{"line":388,"column":20}},{"start":{"line":388,"column":24},"end":{"line":388,"column":43}}],"line":388},"19":{"loc":{"start":{"line":390,"column":18},"end":{"line":390,"column":53}},"type":"binary-expr","locations":[{"start":{"line":390,"column":18},"end":{"line":390,"column":30}},{"start":{"line":390,"column":34},"end":{"line":390,"column":53}}],"line":390},"20":{"loc":{"start":{"line":393,"column":4},"end":{"line":396,"column":5}},"type":"if","locations":[{"start":{"line":393,"column":4},"end":{"line":396,"column":5}},{"start":{},"end":{}}],"line":393},"21":{"loc":{"start":{"line":398,"column":4},"end":{"line":401,"column":5}},"type":"if","locations":[{"start":{"line":398,"column":4},"end":{"line":401,"column":5}},{"start":{},"end":{}}],"line":398},"22":{"loc":{"start":{"line":403,"column":4},"end":{"line":406,"column":5}},"type":"if","locations":[{"start":{"line":403,"column":4},"end":{"line":406,"column":5}},{"start":{},"end":{}}],"line":403},"23":{"loc":{"start":{"line":408,"column":4},"end":{"line":410,"column":5}},"type":"if","locations":[{"start":{"line":408,"column":4},"end":{"line":410,"column":5}},{"start":{},"end":{}}],"line":408},"24":{"loc":{"start":{"line":441,"column":6},"end":{"line":441,"column":34}},"type":"binary-expr","locations":[{"start":{"line":441,"column":6},"end":{"line":441,"column":26}},{"start":{"line":441,"column":30},"end":{"line":441,"column":34}}],"line":441},"25":{"loc":{"start":{"line":442,"column":6},"end":{"line":442,"column":35}},"type":"binary-expr","locations":[{"start":{"line":442,"column":6},"end":{"line":442,"column":27}},{"start":{"line":442,"column":31},"end":{"line":442,"column":35}}],"line":442},"26":{"loc":{"start":{"line":444,"column":6},"end":{"line":444,"column":44}},"type":"binary-expr","locations":[{"start":{"line":444,"column":6},"end":{"line":444,"column":36}},{"start":{"line":444,"column":40},"end":{"line":444,"column":44}}],"line":444},"27":{"loc":{"start":{"line":445,"column":6},"end":{"line":445,"column":37}},"type":"binary-expr","locations":[{"start":{"line":445,"column":6},"end":{"line":445,"column":29}},{"start":{"line":445,"column":33},"end":{"line":445,"column":37}}],"line":445}},"s":{"0":1,"1":1,"2":1,"3":1,"4":1,"5":1,"6":2,"7":2,"8":0,"9":1,"10":1,"11":0,"12":0,"13":0,"14":0,"15":0,"16":0,"17":0,"18":0,"19":0,"20":0,"21":0,"22":0,"23":0,"24":0,"25":0,"26":0,"27":0,"28":0,"29":0,"30":0,"31":0,"32":0,"33":0,"34":0,"35":0,"36":0,"37":0,"38":0,"39":0,"40":0,"41":0,"42":0,"43":0,"44":0,"45":0,"46":0,"47":0,"48":1,"49":1,"50":1,"51":1,"52":1,"53":1,"54":2,"55":2,"56":2,"57":1,"58":1,"59":1,"60":2,"61":2,"62":1,"63":1,"64":0,"65":0,"66":0,"67":0,"68":0,"69":0,"70":0,"71":0,"72":0,"73":0,"74":0,"75":0,"76":0,"77":0,"78":0,"79":0,"80":0,"81":0,"82":0,"83":0,"84":0,"85":1,"86":1,"87":1,"88":1,"89":1,"90":1,"91":1,"92":1},"f":{"0":1,"1":2,"2":0,"3":1,"4":0,"5":0,"6":0,"7":0,"8":0,"9":0,"10":0,"11":0,"12":0,"13":1,"14":1,"15":1,"16":1,"17":2,"18":2,"19":0,"20":1,"21":1,"22":1},"b":{"0":[0],"1":[0,0],"2":[0,0],"3":[0,0],"4":[0,0],"5":[0,0],"6":[0,0],"7":[1,0],"8":[1,0],"9":[1,0],"10":[1,0],"11":[1,0],"12":[1,1],"13":[2,1],"14":[1,0],"15":[1,0],"16":[1,1],"17":[0,0],"18":[0,0],"19":[0,0],"20":[0,0],"21":[0,0],"22":[0,0],"23":[0,0],"24":[1,0],"25":[1,0],"26":[1,0],"27":[1,0]},"_coverageSchema":"1a1c01bbd47fc00a2c39e90264f33305004495a9","hash":"c8cb55bac0bf5d69c127e56e4f5f3bcc5f5aea0f"}
,"/Users/gavrielsacks/grocery-compare-app/backend/middleware/adminAuth.js": {"path":"/Users/gavrielsacks/grocery-compare-app/backend/middleware/adminAuth.js","statementMap":{"0":{"start":{"line":1,"column":18},"end":{"line":42,"column":1}},"1":{"start":{"line":3,"column":21},"end":{"line":3,"column":41}},"2":{"start":{"line":4,"column":28},"end":{"line":4,"column":37}},"3":{"start":{"line":5,"column":25},"end":{"line":5,"column":74}},"4":{"start":{"line":8,"column":19},"end":{"line":8,"column":71}},"5":{"start":{"line":10,"column":2},"end":{"line":15,"column":3}},"6":{"start":{"line":11,"column":4},"end":{"line":14,"column":7}},"7":{"start":{"line":18,"column":2},"end":{"line":22,"column":3}},"8":{"start":{"line":20,"column":4},"end":{"line":20,"column":11}},"9":{"start":{"line":21,"column":4},"end":{"line":21,"column":11}},"10":{"start":{"line":25,"column":2},"end":{"line":29,"column":3}},"11":{"start":{"line":27,"column":4},"end":{"line":27,"column":11}},"12":{"start":{"line":28,"column":4},"end":{"line":28,"column":11}},"13":{"start":{"line":32,"column":2},"end":{"line":35,"column":3}},"14":{"start":{"line":33,"column":4},"end":{"line":33,"column":11}},"15":{"start":{"line":34,"column":4},"end":{"line":34,"column":11}},"16":{"start":{"line":38,"column":2},"end":{"line":41,"column":5}},"17":{"start":{"line":44,"column":0},"end":{"line":44,"column":27}}},"fnMap":{"0":{"name":"(anonymous_0)","decl":{"start":{"line":1,"column":18},"end":{"line":1,"column":19}},"loc":{"start":{"line":1,"column":38},"end":{"line":42,"column":1}},"line":1}},"branchMap":{"0":{"loc":{"start":{"line":5,"column":25},"end":{"line":5,"column":74}},"type":"binary-expr","locations":[{"start":{"line":5,"column":25},"end":{"line":5,"column":51}},{"start":{"line":5,"column":55},"end":{"line":5,"column":74}}],"line":5},"1":{"loc":{"start":{"line":8,"column":19},"end":{"line":8,"column":71}},"type":"binary-expr","locations":[{"start":{"line":8,"column":19},"end":{"line":8,"column":50}},{"start":{"line":8,"column":54},"end":{"line":8,"column":71}}],"line":8},"2":{"loc":{"start":{"line":10,"column":2},"end":{"line":15,"column":3}},"type":"if","locations":[{"start":{"line":10,"column":2},"end":{"line":15,"column":3}},{"start":{},"end":{}}],"line":10},"3":{"loc":{"start":{"line":18,"column":2},"end":{"line":22,"column":3}},"type":"if","locations":[{"start":{"line":18,"column":2},"end":{"line":22,"column":3}},{"start":{},"end":{}}],"line":18},"4":{"loc":{"start":{"line":25,"column":2},"end":{"line":29,"column":3}},"type":"if","locations":[{"start":{"line":25,"column":2},"end":{"line":29,"column":3}},{"start":{},"end":{}}],"line":25},"5":{"loc":{"start":{"line":32,"column":2},"end":{"line":35,"column":3}},"type":"if","locations":[{"start":{"line":32,"column":2},"end":{"line":35,"column":3}},{"start":{},"end":{}}],"line":32}},"s":{"0":0,"1":0,"2":0,"3":0,"4":0,"5":0,"6":0,"7":0,"8":0,"9":0,"10":0,"11":0,"12":0,"13":0,"14":0,"15":0,"16":0,"17":0},"f":{"0":0},"b":{"0":[0,0],"1":[0,0],"2":[0,0],"3":[0,0],"4":[0,0],"5":[0,0]}}
,"/Users/gavrielsacks/grocery-compare-app/backend/middleware/storeAuth.js": {"path":"/Users/gavrielsacks/grocery-compare-app/backend/middleware/storeAuth.js","statementMap":{"0":{"start":{"line":3,"column":12},"end":{"line":3,"column":35}},"1":{"start":{"line":6,"column":19},"end":{"line":6,"column":76}},"2":{"start":{"line":10,"column":25},"end":{"line":30,"column":1}},"3":{"start":{"line":11,"column":30},"end":{"line":11,"column":41}},"4":{"start":{"line":14,"column":4},"end":{"line":16,"column":5}},"5":{"start":{"line":15,"column":8},"end":{"line":15,"column":96}},"6":{"start":{"line":18,"column":18},"end":{"line":18,"column":45}},"7":{"start":{"line":20,"column":4},"end":{"line":29,"column":5}},"8":{"start":{"line":22,"column":24},"end":{"line":22,"column":53}},"9":{"start":{"line":23,"column":8},"end":{"line":23,"column":27}},"10":{"start":{"line":24,"column":8},"end":{"line":24,"column":15}},"11":{"start":{"line":27,"column":8},"end":{"line":27,"column":63}},"12":{"start":{"line":28,"column":8},"end":{"line":28,"column":93}},"13":{"start":{"line":33,"column":20},"end":{"line":35,"column":1}},"14":{"start":{"line":34,"column":4},"end":{"line":34,"column":66}},"15":{"start":{"line":38,"column":0},"end":{"line":38,"column":51}}},"fnMap":{"0":{"name":"(anonymous_0)","decl":{"start":{"line":10,"column":25},"end":{"line":10,"column":26}},"loc":{"start":{"line":10,"column":45},"end":{"line":30,"column":1}},"line":10},"1":{"name":"(anonymous_1)","decl":{"start":{"line":33,"column":20},"end":{"line":33,"column":21}},"loc":{"start":{"line":33,"column":33},"end":{"line":35,"column":1}},"line":33}},"branchMap":{"0":{"loc":{"start":{"line":6,"column":19},"end":{"line":6,"column":76}},"type":"binary-expr","locations":[{"start":{"line":6,"column":19},"end":{"line":6,"column":41}},{"start":{"line":6,"column":45},"end":{"line":6,"column":76}}],"line":6},"1":{"loc":{"start":{"line":14,"column":4},"end":{"line":16,"column":5}},"type":"if","locations":[{"start":{"line":14,"column":4},"end":{"line":16,"column":5}},{"start":{},"end":{}}],"line":14}},"s":{"0":0,"1":0,"2":0,"3":0,"4":0,"5":0,"6":0,"7":0,"8":0,"9":0,"10":0,"11":0,"12":0,"13":0,"14":0,"15":0},"f":{"0":0,"1":0},"b":{"0":[0,0],"1":[0,0]}}
,"/Users/gavrielsacks/grocery-compare-app/backend/routes/admin.js": {"path":"/Users/gavrielsacks/grocery-compare-app/backend/routes/admin.js","statementMap":{"0":{"start":{"line":1,"column":16},"end":{"line":1,"column":34}},"1":{"start":{"line":2,"column":21},"end":{"line":2,"column":45}},"2":{"start":{"line":3,"column":13},"end":{"line":3,"column":28}},"3":{"start":{"line":4,"column":18},"end":{"line":4,"column":41}},"4":{"start":{"line":6,"column":15},"end":{"line":6,"column":31}},"5":{"start":{"line":9,"column":0},"end":{"line":9,"column":22}},"6":{"start":{"line":17,"column":0},"end":{"line":43,"column":3}},"7":{"start":{"line":18,"column":2},"end":{"line":18,"column":76}},"8":{"start":{"line":20,"column":21},"end":{"line":20,"column":83}},"9":{"start":{"line":22,"column":2},"end":{"line":42,"column":5}},"10":{"start":{"line":23,"column":4},"end":{"line":32,"column":5}},"11":{"start":{"line":24,"column":6},"end":{"line":24,"column":67}},"12":{"start":{"line":25,"column":6},"end":{"line":25,"column":41}},"13":{"start":{"line":26,"column":6},"end":{"line":31,"column":9}},"14":{"start":{"line":34,"column":4},"end":{"line":34,"column":62}},"15":{"start":{"line":35,"column":4},"end":{"line":35,"column":37}},"16":{"start":{"line":37,"column":4},"end":{"line":41,"column":7}},"17":{"start":{"line":45,"column":0},"end":{"line":45,"column":24}}},"fnMap":{"0":{"name":"(anonymous_0)","decl":{"start":{"line":17,"column":30},"end":{"line":17,"column":31}},"loc":{"start":{"line":17,"column":44},"end":{"line":43,"column":1}},"line":17},"1":{"name":"(anonymous_1)","decl":{"start":{"line":22,"column":33},"end":{"line":22,"column":34}},"loc":{"start":{"line":22,"column":60},"end":{"line":42,"column":3}},"line":22}},"branchMap":{"0":{"loc":{"start":{"line":23,"column":4},"end":{"line":32,"column":5}},"type":"if","locations":[{"start":{"line":23,"column":4},"end":{"line":32,"column":5}},{"start":{},"end":{}}],"line":23}},"s":{"0":0,"1":0,"2":0,"3":0,"4":0,"5":0,"6":0,"7":0,"8":0,"9":0,"10":0,"11":0,"12":0,"13":0,"14":0,"15":0,"16":0,"17":0},"f":{"0":0,"1":0},"b":{"0":[0,0]}}
,"/Users/gavrielsacks/grocery-compare-app/backend/routes/backup.js": {"path":"/Users/gavrielsacks/grocery-compare-app/backend/routes/backup.js","statementMap":{"0":{"start":{"line":1,"column":16},"end":{"line":1,"column":34}},"1":{"start":{"line":2,"column":15},"end":{"line":2,"column":31}},"2":{"start":{"line":3,"column":22},"end":{"line":3,"column":55}},"3":{"start":{"line":5,"column":0},"end":{"line":12,"column":3}},"4":{"start":{"line":6,"column":4},"end":{"line":11,"column":5}},"5":{"start":{"line":7,"column":24},"end":{"line":7,"column":53}},"6":{"start":{"line":8,"column":8},"end":{"line":8,"column":45}},"7":{"start":{"line":10,"column":8},"end":{"line":10,"column":71}},"8":{"start":{"line":14,"column":0},"end":{"line":22,"column":3}},"9":{"start":{"line":15,"column":4},"end":{"line":21,"column":7}},"10":{"start":{"line":16,"column":8},"end":{"line":20,"column":9}},"11":{"start":{"line":17,"column":12},"end":{"line":17,"column":97}},"12":{"start":{"line":19,"column":12},"end":{"line":19,"column":74}},"13":{"start":{"line":24,"column":0},"end":{"line":37,"column":3}},"14":{"start":{"line":25,"column":25},"end":{"line":25,"column":57}},"15":{"start":{"line":26,"column":4},"end":{"line":28,"column":5}},"16":{"start":{"line":27,"column":8},"end":{"line":27,"column":84}},"17":{"start":{"line":30,"column":4},"end":{"line":36,"column":7}},"18":{"start":{"line":31,"column":8},"end":{"line":35,"column":9}},"19":{"start":{"line":32,"column":12},"end":{"line":32,"column":91}},"20":{"start":{"line":34,"column":12},"end":{"line":34,"column":74}},"21":{"start":{"line":39,"column":0},"end":{"line":48,"column":3}},"22":{"start":{"line":40,"column":25},"end":{"line":40,"column":35}},"23":{"start":{"line":41,"column":4},"end":{"line":47,"column":7}},"24":{"start":{"line":42,"column":8},"end":{"line":46,"column":9}},"25":{"start":{"line":43,"column":12},"end":{"line":43,"column":78}},"26":{"start":{"line":45,"column":12},"end":{"line":45,"column":74}},"27":{"start":{"line":50,"column":0},"end":{"line":50,"column":24}}},"fnMap":{"0":{"name":"(anonymous_0)","decl":{"start":{"line":5,"column":20},"end":{"line":5,"column":21}},"loc":{"start":{"line":5,"column":34},"end":{"line":12,"column":1}},"line":5},"1":{"name":"(anonymous_1)","decl":{"start":{"line":14,"column":23},"end":{"line":14,"column":24}},"loc":{"start":{"line":14,"column":37},"end":{"line":22,"column":1}},"line":14},"2":{"name":"(anonymous_2)","decl":{"start":{"line":15,"column":31},"end":{"line":15,"column":32}},"loc":{"start":{"line":15,"column":43},"end":{"line":21,"column":5}},"line":15},"3":{"name":"(anonymous_3)","decl":{"start":{"line":24,"column":31},"end":{"line":24,"column":32}},"loc":{"start":{"line":24,"column":45},"end":{"line":37,"column":1}},"line":24},"4":{"name":"(anonymous_4)","decl":{"start":{"line":30,"column":59},"end":{"line":30,"column":60}},"loc":{"start":{"line":30,"column":71},"end":{"line":36,"column":5}},"line":30},"5":{"name":"(anonymous_5)","decl":{"start":{"line":39,"column":34},"end":{"line":39,"column":35}},"loc":{"start":{"line":39,"column":48},"end":{"line":48,"column":1}},"line":39},"6":{"name":"(anonymous_6)","decl":{"start":{"line":41,"column":46},"end":{"line":41,"column":47}},"loc":{"start":{"line":41,"column":58},"end":{"line":47,"column":5}},"line":41}},"branchMap":{"0":{"loc":{"start":{"line":16,"column":8},"end":{"line":20,"column":9}},"type":"if","locations":[{"start":{"line":16,"column":8},"end":{"line":20,"column":9}},{"start":{"line":18,"column":15},"end":{"line":20,"column":9}}],"line":16},"1":{"loc":{"start":{"line":26,"column":4},"end":{"line":28,"column":5}},"type":"if","locations":[{"start":{"line":26,"column":4},"end":{"line":28,"column":5}},{"start":{},"end":{}}],"line":26},"2":{"loc":{"start":{"line":31,"column":8},"end":{"line":35,"column":9}},"type":"if","locations":[{"start":{"line":31,"column":8},"end":{"line":35,"column":9}},{"start":{"line":33,"column":15},"end":{"line":35,"column":9}}],"line":31},"3":{"loc":{"start":{"line":42,"column":8},"end":{"line":46,"column":9}},"type":"if","locations":[{"start":{"line":42,"column":8},"end":{"line":46,"column":9}},{"start":{"line":44,"column":15},"end":{"line":46,"column":9}}],"line":42}},"s":{"0":0,"1":0,"2":0,"3":0,"4":0,"5":0,"6":0,"7":0,"8":0,"9":0,"10":0,"11":0,"12":0,"13":0,"14":0,"15":0,"16":0,"17":0,"18":0,"19":0,"20":0,"21":0,"22":0,"23":0,"24":0,"25":0,"26":0,"27":0},"f":{"0":0,"1":0,"2":0,"3":0,"4":0,"5":0,"6":0},"b":{"0":[0,0],"1":[0,0],"2":[0,0],"3":[0,0]}}
,"/Users/gavrielsacks/grocery-compare-app/backend/routes/compare.js": {"path":"/Users/gavrielsacks/grocery-compare-app/backend/routes/compare.js","statementMap":{"0":{"start":{"line":1,"column":16},"end":{"line":1,"column":34}},"1":{"start":{"line":2,"column":15},"end":{"line":2,"column":31}},"2":{"start":{"line":3,"column":14},"end":{"line":3,"column":50}},"3":{"start":{"line":4,"column":49},"end":{"line":4,"column":87}},"4":{"start":{"line":5,"column":18},"end":{"line":5,"column":47}},"5":{"start":{"line":8,"column":0},"end":{"line":246,"column":3}},"6":{"start":{"line":9,"column":2},"end":{"line":245,"column":3}},"7":{"start":{"line":10,"column":22},"end":{"line":10,"column":30}},"8":{"start":{"line":12,"column":4},"end":{"line":12,"column":49}},"9":{"start":{"line":13,"column":4},"end":{"line":13,"column":54}},"10":{"start":{"line":14,"column":4},"end":{"line":14,"column":49}},"11":{"start":{"line":16,"column":4},"end":{"line":21,"column":5}},"12":{"start":{"line":17,"column":6},"end":{"line":20,"column":9}},"13":{"start":{"line":24,"column":4},"end":{"line":29,"column":5}},"14":{"start":{"line":25,"column":6},"end":{"line":28,"column":9}},"15":{"start":{"line":31,"column":4},"end":{"line":36,"column":5}},"16":{"start":{"line":32,"column":6},"end":{"line":35,"column":9}},"17":{"start":{"line":39,"column":26},"end":{"line":48,"column":38}},"18":{"start":{"line":40,"column":22},"end":{"line":40,"column":57}},"19":{"start":{"line":42,"column":8},"end":{"line":45,"column":9}},"20":{"start":{"line":44,"column":10},"end":{"line":44,"column":47}},"21":{"start":{"line":46,"column":8},"end":{"line":46,"column":53}},"22":{"start":{"line":48,"column":22},"end":{"line":48,"column":37}},"23":{"start":{"line":50,"column":4},"end":{"line":55,"column":5}},"24":{"start":{"line":51,"column":6},"end":{"line":54,"column":9}},"25":{"start":{"line":60,"column":4},"end":{"line":74,"column":5}},"26":{"start":{"line":61,"column":6},"end":{"line":61,"column":39}},"27":{"start":{"line":62,"column":6},"end":{"line":62,"column":43}},"28":{"start":{"line":64,"column":6},"end":{"line":64,"column":60}},"29":{"start":{"line":65,"column":6},"end":{"line":65,"column":44}},"30":{"start":{"line":67,"column":6},"end":{"line":67,"column":50}},"31":{"start":{"line":68,"column":6},"end":{"line":73,"column":9}},"32":{"start":{"line":77,"column":4},"end":{"line":112,"column":5}},"33":{"start":{"line":79,"column":6},"end":{"line":91,"column":7}},"34":{"start":{"line":80,"column":8},"end":{"line":88,"column":11}},"35":{"start":{"line":90,"column":8},"end":{"line":90,"column":67}},"36":{"start":{"line":93,"column":6},"end":{"line":111,"column":9}},"37":{"start":{"line":96,"column":45},"end":{"line":104,"column":9}},"38":{"start":{"line":115,"column":26},"end":{"line":115,"column":81}},"39":{"start":{"line":117,"column":4},"end":{"line":117,"column":50}},"40":{"start":{"line":120,"column":20},"end":{"line":186,"column":6}},"41":{"start":{"line":121,"column":6},"end":{"line":121,"column":44}},"42":{"start":{"line":122,"column":6},"end":{"line":122,"column":94}},"43":{"start":{"line":122,"column":60},"end":{"line":122,"column":90}},"44":{"start":{"line":125,"column":26},"end":{"line":125,"column":96}},"45":{"start":{"line":125,"column":45},"end":{"line":125,"column":95}},"46":{"start":{"line":126,"column":6},"end":{"line":126,"column":49}},"47":{"start":{"line":129,"column":28},"end":{"line":129,"column":30}},"48":{"start":{"line":130,"column":6},"end":{"line":173,"column":7}},"49":{"start":{"line":131,"column":8},"end":{"line":131,"column":59}},"50":{"start":{"line":134,"column":8},"end":{"line":172,"column":9}},"51":{"start":{"line":136,"column":10},"end":{"line":155,"column":13}},"52":{"start":{"line":137,"column":12},"end":{"line":137,"column":61}},"53":{"start":{"line":138,"column":12},"end":{"line":138,"column":68}},"54":{"start":{"line":139,"column":12},"end":{"line":139,"column":96}},"55":{"start":{"line":139,"column":62},"end":{"line":139,"column":92}},"56":{"start":{"line":141,"column":26},"end":{"line":141,"column":110}},"57":{"start":{"line":141,"column":43},"end":{"line":141,"column":109}},"58":{"start":{"line":142,"column":12},"end":{"line":142,"column":47}},"59":{"start":{"line":144,"column":12},"end":{"line":154,"column":13}},"60":{"start":{"line":145,"column":14},"end":{"line":153,"column":17}},"61":{"start":{"line":158,"column":10},"end":{"line":171,"column":13}},"62":{"start":{"line":159,"column":26},"end":{"line":159,"column":88}},"63":{"start":{"line":159,"column":43},"end":{"line":159,"column":87}},"64":{"start":{"line":160,"column":12},"end":{"line":170,"column":13}},"65":{"start":{"line":161,"column":14},"end":{"line":169,"column":17}},"66":{"start":{"line":175,"column":6},"end":{"line":175,"column":52}},"67":{"start":{"line":177,"column":6},"end":{"line":185,"column":8}},"68":{"start":{"line":183,"column":81},"end":{"line":183,"column":88}},"69":{"start":{"line":184,"column":87},"end":{"line":184,"column":124}},"70":{"start":{"line":188,"column":22},"end":{"line":188,"column":45}},"71":{"start":{"line":191,"column":4},"end":{"line":203,"column":5}},"72":{"start":{"line":192,"column":6},"end":{"line":200,"column":9}},"73":{"start":{"line":202,"column":6},"end":{"line":202,"column":65}},"74":{"start":{"line":206,"column":4},"end":{"line":223,"column":7}},"75":{"start":{"line":210,"column":35},"end":{"line":216,"column":7}},"76":{"start":{"line":226,"column":4},"end":{"line":226,"column":49}},"77":{"start":{"line":229,"column":4},"end":{"line":237,"column":5}},"78":{"start":{"line":230,"column":6},"end":{"line":234,"column":9}},"79":{"start":{"line":236,"column":6},"end":{"line":236,"column":71}},"80":{"start":{"line":239,"column":4},"end":{"line":244,"column":7}},"81":{"start":{"line":249,"column":0},"end":{"line":482,"column":3}},"82":{"start":{"line":250,"column":2},"end":{"line":481,"column":3}},"83":{"start":{"line":251,"column":28},"end":{"line":251,"column":36}},"84":{"start":{"line":253,"column":4},"end":{"line":253,"column":55}},"85":{"start":{"line":254,"column":4},"end":{"line":254,"column":54}},"86":{"start":{"line":255,"column":4},"end":{"line":255,"column":49}},"87":{"start":{"line":257,"column":4},"end":{"line":262,"column":5}},"88":{"start":{"line":258,"column":6},"end":{"line":261,"column":9}},"89":{"start":{"line":265,"column":4},"end":{"line":270,"column":5}},"90":{"start":{"line":266,"column":6},"end":{"line":269,"column":9}},"91":{"start":{"line":272,"column":4},"end":{"line":277,"column":5}},"92":{"start":{"line":273,"column":6},"end":{"line":276,"column":9}},"93":{"start":{"line":280,"column":26},"end":{"line":289,"column":38}},"94":{"start":{"line":281,"column":22},"end":{"line":281,"column":57}},"95":{"start":{"line":283,"column":8},"end":{"line":286,"column":9}},"96":{"start":{"line":285,"column":10},"end":{"line":285,"column":47}},"97":{"start":{"line":287,"column":8},"end":{"line":287,"column":53}},"98":{"start":{"line":289,"column":22},"end":{"line":289,"column":37}},"99":{"start":{"line":291,"column":4},"end":{"line":296,"column":5}},"100":{"start":{"line":292,"column":6},"end":{"line":295,"column":9}},"101":{"start":{"line":301,"column":4},"end":{"line":315,"column":5}},"102":{"start":{"line":302,"column":6},"end":{"line":302,"column":39}},"103":{"start":{"line":303,"column":6},"end":{"line":303,"column":43}},"104":{"start":{"line":305,"column":6},"end":{"line":305,"column":60}},"105":{"start":{"line":306,"column":6},"end":{"line":306,"column":44}},"106":{"start":{"line":308,"column":6},"end":{"line":308,"column":50}},"107":{"start":{"line":309,"column":6},"end":{"line":314,"column":9}},"108":{"start":{"line":318,"column":4},"end":{"line":353,"column":5}},"109":{"start":{"line":320,"column":6},"end":{"line":332,"column":7}},"110":{"start":{"line":321,"column":8},"end":{"line":329,"column":11}},"111":{"start":{"line":331,"column":8},"end":{"line":331,"column":67}},"112":{"start":{"line":334,"column":6},"end":{"line":352,"column":9}},"113":{"start":{"line":336,"column":45},"end":{"line":346,"column":9}},"114":{"start":{"line":356,"column":26},"end":{"line":356,"column":28}},"115":{"start":{"line":357,"column":27},"end":{"line":357,"column":29}},"116":{"start":{"line":359,"column":4},"end":{"line":370,"column":5}},"117":{"start":{"line":360,"column":22},"end":{"line":360,"column":54}},"118":{"start":{"line":361,"column":6},"end":{"line":369,"column":7}},"119":{"start":{"line":363,"column":8},"end":{"line":366,"column":11}},"120":{"start":{"line":368,"column":8},"end":{"line":368,"column":34}},"121":{"start":{"line":372,"column":4},"end":{"line":375,"column":7}},"122":{"start":{"line":378,"column":25},"end":{"line":378,"column":27}},"123":{"start":{"line":380,"column":4},"end":{"line":422,"column":5}},"124":{"start":{"line":381,"column":23},"end":{"line":381,"column":24}},"125":{"start":{"line":382,"column":20},"end":{"line":382,"column":22}},"126":{"start":{"line":383,"column":27},"end":{"line":383,"column":29}},"127":{"start":{"line":385,"column":6},"end":{"line":404,"column":7}},"128":{"start":{"line":386,"column":24},"end":{"line":386,"column":44}},"129":{"start":{"line":389,"column":29},"end":{"line":391,"column":9}},"130":{"start":{"line":390,"column":10},"end":{"line":390,"column":61}},"131":{"start":{"line":393,"column":8},"end":{"line":403,"column":9}},"132":{"start":{"line":394,"column":10},"end":{"line":399,"column":13}},"133":{"start":{"line":400,"column":10},"end":{"line":400,"column":43}},"134":{"start":{"line":402,"column":10},"end":{"line":402,"column":51}},"135":{"start":{"line":407,"column":6},"end":{"line":409,"column":9}},"136":{"start":{"line":408,"column":8},"end":{"line":408,"column":32}},"137":{"start":{"line":411,"column":6},"end":{"line":421,"column":9}},"138":{"start":{"line":425,"column":4},"end":{"line":435,"column":7}},"139":{"start":{"line":427,"column":6},"end":{"line":429,"column":7}},"140":{"start":{"line":428,"column":8},"end":{"line":428,"column":44}},"141":{"start":{"line":431,"column":6},"end":{"line":431,"column":39}},"142":{"start":{"line":431,"column":30},"end":{"line":431,"column":39}},"143":{"start":{"line":432,"column":6},"end":{"line":432,"column":39}},"144":{"start":{"line":432,"column":30},"end":{"line":432,"column":39}},"145":{"start":{"line":434,"column":6},"end":{"line":434,"column":41}},"146":{"start":{"line":438,"column":24},"end":{"line":438,"column":74}},"147":{"start":{"line":438,"column":53},"end":{"line":438,"column":73}},"148":{"start":{"line":439,"column":18},"end":{"line":439,"column":19}},"149":{"start":{"line":440,"column":24},"end":{"line":440,"column":28}},"150":{"start":{"line":441,"column":29},"end":{"line":441,"column":33}},"151":{"start":{"line":443,"column":4},"end":{"line":448,"column":5}},"152":{"start":{"line":444,"column":21},"end":{"line":444,"column":85}},"153":{"start":{"line":444,"column":46},"end":{"line":444,"column":62}},"154":{"start":{"line":444,"column":79},"end":{"line":444,"column":84}},"155":{"start":{"line":445,"column":6},"end":{"line":445,"column":54}},"156":{"start":{"line":446,"column":6},"end":{"line":446,"column":85}},"157":{"start":{"line":446,"column":48},"end":{"line":446,"column":78}},"158":{"start":{"line":447,"column":6},"end":{"line":447,"column":106}},"159":{"start":{"line":447,"column":53},"end":{"line":447,"column":99}},"160":{"start":{"line":451,"column":4},"end":{"line":463,"column":5}},"161":{"start":{"line":452,"column":6},"end":{"line":460,"column":9}},"162":{"start":{"line":462,"column":6},"end":{"line":462,"column":65}},"163":{"start":{"line":466,"column":4},"end":{"line":473,"column":7}},"164":{"start":{"line":476,"column":4},"end":{"line":476,"column":55}},"165":{"start":{"line":477,"column":4},"end":{"line":480,"column":7}},"166":{"start":{"line":485,"column":0},"end":{"line":520,"column":3}},"167":{"start":{"line":486,"column":2},"end":{"line":519,"column":3}},"168":{"start":{"line":487,"column":82},"end":{"line":487,"column":90}},"169":{"start":{"line":489,"column":4},"end":{"line":494,"column":5}},"170":{"start":{"line":490,"column":6},"end":{"line":493,"column":9}},"171":{"start":{"line":496,"column":19},"end":{"line":502,"column":6}},"172":{"start":{"line":504,"column":4},"end":{"line":504,"column":110}},"173":{"start":{"line":506,"column":4},"end":{"line":511,"column":7}},"174":{"start":{"line":514,"column":4},"end":{"line":514,"column":62}},"175":{"start":{"line":515,"column":4},"end":{"line":518,"column":7}},"176":{"start":{"line":523,"column":0},"end":{"line":538,"column":3}},"177":{"start":{"line":524,"column":2},"end":{"line":537,"column":3}},"178":{"start":{"line":525,"column":53},"end":{"line":525,"column":61}},"179":{"start":{"line":527,"column":4},"end":{"line":531,"column":7}},"180":{"start":{"line":533,"column":4},"end":{"line":533,"column":67}},"181":{"start":{"line":535,"column":4},"end":{"line":535,"column":59}},"182":{"start":{"line":536,"column":4},"end":{"line":536,"column":81}},"183":{"start":{"line":541,"column":0},"end":{"line":550,"column":3}},"184":{"start":{"line":542,"column":2},"end":{"line":549,"column":3}},"185":{"start":{"line":543,"column":17},"end":{"line":543,"column":47}},"186":{"start":{"line":544,"column":20},"end":{"line":544,"column":55}},"187":{"start":{"line":545,"column":4},"end":{"line":545,"column":47}},"188":{"start":{"line":547,"column":4},"end":{"line":547,"column":53}},"189":{"start":{"line":548,"column":4},"end":{"line":548,"column":79}},"190":{"start":{"line":553,"column":0},"end":{"line":572,"column":3}},"191":{"start":{"line":554,"column":2},"end":{"line":571,"column":3}},"192":{"start":{"line":555,"column":75},"end":{"line":555,"column":83}},"193":{"start":{"line":557,"column":4},"end":{"line":559,"column":5}},"194":{"start":{"line":558,"column":6},"end":{"line":558,"column":91}},"195":{"start":{"line":561,"column":21},"end":{"line":561,"column":99}},"196":{"start":{"line":563,"column":4},"end":{"line":567,"column":7}},"197":{"start":{"line":569,"column":4},"end":{"line":569,"column":60}},"198":{"start":{"line":570,"column":4},"end":{"line":570,"column":81}},"199":{"start":{"line":575,"column":0},"end":{"line":603,"column":3}},"200":{"start":{"line":576,"column":2},"end":{"line":602,"column":3}},"201":{"start":{"line":577,"column":21},"end":{"line":577,"column":46}},"202":{"start":{"line":578,"column":22},"end":{"line":578,"column":26}},"203":{"start":{"line":581,"column":4},"end":{"line":592,"column":7}},"204":{"start":{"line":582,"column":6},"end":{"line":591,"column":7}},"205":{"start":{"line":583,"column":8},"end":{"line":590,"column":11}},"206":{"start":{"line":584,"column":10},"end":{"line":589,"column":11}},"207":{"start":{"line":585,"column":28},"end":{"line":585,"column":60}},"208":{"start":{"line":586,"column":12},"end":{"line":588,"column":13}},"209":{"start":{"line":587,"column":14},"end":{"line":587,"column":36}},"210":{"start":{"line":594,"column":4},"end":{"line":598,"column":7}},"211":{"start":{"line":600,"column":4},"end":{"line":600,"column":56}},"212":{"start":{"line":601,"column":4},"end":{"line":601,"column":82}},"213":{"start":{"line":606,"column":0},"end":{"line":622,"column":3}},"214":{"start":{"line":607,"column":2},"end":{"line":621,"column":3}},"215":{"start":{"line":608,"column":21},"end":{"line":608,"column":46}},"216":{"start":{"line":609,"column":19},"end":{"line":609,"column":42}},"217":{"start":{"line":611,"column":4},"end":{"line":617,"column":7}},"218":{"start":{"line":619,"column":4},"end":{"line":619,"column":53}},"219":{"start":{"line":620,"column":4},"end":{"line":620,"column":80}},"220":{"start":{"line":624,"column":0},"end":{"line":624,"column":24}}},"fnMap":{"0":{"name":"(anonymous_0)","decl":{"start":{"line":8,"column":24},"end":{"line":8,"column":25}},"loc":{"start":{"line":8,"column":44},"end":{"line":246,"column":1}},"line":8},"1":{"name":"(anonymous_1)","decl":{"start":{"line":40,"column":14},"end":{"line":40,"column":15}},"loc":{"start":{"line":40,"column":22},"end":{"line":40,"column":57}},"line":40},"2":{"name":"(anonymous_2)","decl":{"start":{"line":41,"column":11},"end":{"line":41,"column":12}},"loc":{"start":{"line":41,"column":19},"end":{"line":47,"column":7}},"line":41},"3":{"name":"(anonymous_3)","decl":{"start":{"line":48,"column":14},"end":{"line":48,"column":15}},"loc":{"start":{"line":48,"column":22},"end":{"line":48,"column":37}},"line":48},"4":{"name":"(anonymous_4)","decl":{"start":{"line":96,"column":35},"end":{"line":96,"column":36}},"loc":{"start":{"line":96,"column":45},"end":{"line":104,"column":9}},"line":96},"5":{"name":"(anonymous_5)","decl":{"start":{"line":120,"column":46},"end":{"line":120,"column":47}},"loc":{"start":{"line":120,"column":54},"end":{"line":186,"column":5}},"line":120},"6":{"name":"(anonymous_6)","decl":{"start":{"line":122,"column":54},"end":{"line":122,"column":55}},"loc":{"start":{"line":122,"column":60},"end":{"line":122,"column":90}},"line":122},"7":{"name":"(anonymous_7)","decl":{"start":{"line":125,"column":40},"end":{"line":125,"column":41}},"loc":{"start":{"line":125,"column":45},"end":{"line":125,"column":95}},"line":125},"8":{"name":"(anonymous_8)","decl":{"start":{"line":136,"column":37},"end":{"line":136,"column":38}},"loc":{"start":{"line":136,"column":50},"end":{"line":155,"column":11}},"line":136},"9":{"name":"(anonymous_9)","decl":{"start":{"line":139,"column":56},"end":{"line":139,"column":57}},"loc":{"start":{"line":139,"column":62},"end":{"line":139,"column":92}},"line":139},"10":{"name":"(anonymous_10)","decl":{"start":{"line":141,"column":38},"end":{"line":141,"column":39}},"loc":{"start":{"line":141,"column":43},"end":{"line":141,"column":109}},"line":141},"11":{"name":"(anonymous_11)","decl":{"start":{"line":158,"column":53},"end":{"line":158,"column":54}},"loc":{"start":{"line":158,"column":81},"end":{"line":171,"column":11}},"line":158},"12":{"name":"(anonymous_12)","decl":{"start":{"line":159,"column":38},"end":{"line":159,"column":39}},"loc":{"start":{"line":159,"column":43},"end":{"line":159,"column":87}},"line":159},"13":{"name":"(anonymous_13)","decl":{"start":{"line":183,"column":76},"end":{"line":183,"column":77}},"loc":{"start":{"line":183,"column":81},"end":{"line":183,"column":88}},"line":183},"14":{"name":"(anonymous_14)","decl":{"start":{"line":184,"column":71},"end":{"line":184,"column":72}},"loc":{"start":{"line":184,"column":87},"end":{"line":184,"column":124}},"line":184},"15":{"name":"(anonymous_15)","decl":{"start":{"line":210,"column":25},"end":{"line":210,"column":26}},"loc":{"start":{"line":210,"column":35},"end":{"line":216,"column":7}},"line":210},"16":{"name":"(anonymous_16)","decl":{"start":{"line":249,"column":34},"end":{"line":249,"column":35}},"loc":{"start":{"line":249,"column":54},"end":{"line":482,"column":1}},"line":249},"17":{"name":"(anonymous_17)","decl":{"start":{"line":281,"column":14},"end":{"line":281,"column":15}},"loc":{"start":{"line":281,"column":22},"end":{"line":281,"column":57}},"line":281},"18":{"name":"(anonymous_18)","decl":{"start":{"line":282,"column":11},"end":{"line":282,"column":12}},"loc":{"start":{"line":282,"column":19},"end":{"line":288,"column":7}},"line":282},"19":{"name":"(anonymous_19)","decl":{"start":{"line":289,"column":14},"end":{"line":289,"column":15}},"loc":{"start":{"line":289,"column":22},"end":{"line":289,"column":37}},"line":289},"20":{"name":"(anonymous_20)","decl":{"start":{"line":336,"column":35},"end":{"line":336,"column":36}},"loc":{"start":{"line":336,"column":45},"end":{"line":346,"column":9}},"line":336},"21":{"name":"(anonymous_21)","decl":{"start":{"line":389,"column":50},"end":{"line":389,"column":51}},"loc":{"start":{"line":390,"column":10},"end":{"line":390,"column":61}},"line":390},"22":{"name":"(anonymous_22)","decl":{"start":{"line":407,"column":29},"end":{"line":407,"column":30}},"loc":{"start":{"line":407,"column":37},"end":{"line":409,"column":7}},"line":407},"23":{"name":"(anonymous_23)","decl":{"start":{"line":425,"column":22},"end":{"line":425,"column":23}},"loc":{"start":{"line":425,"column":32},"end":{"line":435,"column":5}},"line":425},"24":{"name":"(anonymous_24)","decl":{"start":{"line":438,"column":44},"end":{"line":438,"column":45}},"loc":{"start":{"line":438,"column":53},"end":{"line":438,"column":73}},"line":438},"25":{"name":"(anonymous_25)","decl":{"start":{"line":444,"column":37},"end":{"line":444,"column":38}},"loc":{"start":{"line":444,"column":46},"end":{"line":444,"column":62}},"line":444},"26":{"name":"(anonymous_26)","decl":{"start":{"line":444,"column":69},"end":{"line":444,"column":70}},"loc":{"start":{"line":444,"column":79},"end":{"line":444,"column":84}},"line":444},"27":{"name":"(anonymous_27)","decl":{"start":{"line":446,"column":39},"end":{"line":446,"column":40}},"loc":{"start":{"line":446,"column":48},"end":{"line":446,"column":78}},"line":446},"28":{"name":"(anonymous_28)","decl":{"start":{"line":447,"column":44},"end":{"line":447,"column":45}},"loc":{"start":{"line":447,"column":53},"end":{"line":447,"column":99}},"line":447},"29":{"name":"(anonymous_29)","decl":{"start":{"line":485,"column":32},"end":{"line":485,"column":33}},"loc":{"start":{"line":485,"column":52},"end":{"line":520,"column":1}},"line":485},"30":{"name":"(anonymous_30)","decl":{"start":{"line":523,"column":37},"end":{"line":523,"column":38}},"loc":{"start":{"line":523,"column":51},"end":{"line":538,"column":1}},"line":523},"31":{"name":"(anonymous_31)","decl":{"start":{"line":541,"column":25},"end":{"line":541,"column":26}},"loc":{"start":{"line":541,"column":39},"end":{"line":550,"column":1}},"line":541},"32":{"name":"(anonymous_32)","decl":{"start":{"line":553,"column":31},"end":{"line":553,"column":32}},"loc":{"start":{"line":553,"column":45},"end":{"line":572,"column":1}},"line":553},"33":{"name":"(anonymous_33)","decl":{"start":{"line":575,"column":28},"end":{"line":575,"column":29}},"loc":{"start":{"line":575,"column":48},"end":{"line":603,"column":1}},"line":575},"34":{"name":"(anonymous_34)","decl":{"start":{"line":581,"column":21},"end":{"line":581,"column":22}},"loc":{"start":{"line":581,"column":32},"end":{"line":592,"column":5}},"line":581},"35":{"name":"(anonymous_35)","decl":{"start":{"line":583,"column":31},"end":{"line":583,"column":32}},"loc":{"start":{"line":583,"column":44},"end":{"line":590,"column":9}},"line":583},"36":{"name":"(anonymous_36)","decl":{"start":{"line":606,"column":24},"end":{"line":606,"column":25}},"loc":{"start":{"line":606,"column":44},"end":{"line":622,"column":1}},"line":606}},"branchMap":{"0":{"loc":{"start":{"line":16,"column":4},"end":{"line":21,"column":5}},"type":"if","locations":[{"start":{"line":16,"column":4},"end":{"line":21,"column":5}},{"start":{},"end":{}}],"line":16},"1":{"loc":{"start":{"line":16,"column":8},"end":{"line":16,"column":39}},"type":"binary-expr","locations":[{"start":{"line":16,"column":8},"end":{"line":16,"column":14}},{"start":{"line":16,"column":18},"end":{"line":16,"column":39}}],"line":16},"2":{"loc":{"start":{"line":24,"column":4},"end":{"line":29,"column":5}},"type":"if","locations":[{"start":{"line":24,"column":4},"end":{"line":29,"column":5}},{"start":{},"end":{}}],"line":24},"3":{"loc":{"start":{"line":31,"column":4},"end":{"line":36,"column":5}},"type":"if","locations":[{"start":{"line":31,"column":4},"end":{"line":36,"column":5}},{"start":{},"end":{}}],"line":31},"4":{"loc":{"start":{"line":40,"column":22},"end":{"line":40,"column":57}},"type":"binary-expr","locations":[{"start":{"line":40,"column":22},"end":{"line":40,"column":35}},{"start":{"line":40,"column":39},"end":{"line":40,"column":57}}],"line":40},"5":{"loc":{"start":{"line":42,"column":8},"end":{"line":45,"column":9}},"type":"if","locations":[{"start":{"line":42,"column":8},"end":{"line":45,"column":9}},{"start":{},"end":{}}],"line":42},"6":{"loc":{"start":{"line":50,"column":4},"end":{"line":55,"column":5}},"type":"if","locations":[{"start":{"line":50,"column":4},"end":{"line":55,"column":5}},{"start":{},"end":{}}],"line":50},"7":{"loc":{"start":{"line":72,"column":17},"end":{"line":72,"column":85}},"type":"cond-expr","locations":[{"start":{"line":72,"column":58},"end":{"line":72,"column":73}},{"start":{"line":72,"column":76},"end":{"line":72,"column":85}}],"line":72},"8":{"loc":{"start":{"line":77,"column":4},"end":{"line":112,"column":5}},"type":"if","locations":[{"start":{"line":77,"column":4},"end":{"line":112,"column":5}},{"start":{},"end":{}}],"line":77},"9":{"loc":{"start":{"line":77,"column":8},"end":{"line":77,"column":42}},"type":"binary-expr","locations":[{"start":{"line":77,"column":8},"end":{"line":77,"column":17}},{"start":{"line":77,"column":21},"end":{"line":77,"column":42}}],"line":77},"10":{"loc":{"start":{"line":84,"column":26},"end":{"line":84,"column":52}},"type":"cond-expr","locations":[{"start":{"line":84,"column":35},"end":{"line":84,"column":48}},{"start":{"line":84,"column":51},"end":{"line":84,"column":52}}],"line":84},"11":{"loc":{"start":{"line":96,"column":17},"end":{"line":96,"column":29}},"type":"binary-expr","locations":[{"start":{"line":96,"column":17},"end":{"line":96,"column":23}},{"start":{"line":96,"column":27},"end":{"line":96,"column":29}}],"line":96},"12":{"loc":{"start":{"line":97,"column":16},"end":{"line":97,"column":40}},"type":"binary-expr","locations":[{"start":{"line":97,"column":16},"end":{"line":97,"column":26}},{"start":{"line":97,"column":30},"end":{"line":97,"column":40}}],"line":97},"13":{"loc":{"start":{"line":125,"column":45},"end":{"line":125,"column":95}},"type":"binary-expr","locations":[{"start":{"line":125,"column":45},"end":{"line":125,"column":68}},{"start":{"line":125,"column":72},"end":{"line":125,"column":95}}],"line":125},"14":{"loc":{"start":{"line":130,"column":6},"end":{"line":173,"column":7}},"type":"if","locations":[{"start":{"line":130,"column":6},"end":{"line":173,"column":7}},{"start":{},"end":{}}],"line":130},"15":{"loc":{"start":{"line":130,"column":10},"end":{"line":130,"column":43}},"type":"binary-expr","locations":[{"start":{"line":130,"column":10},"end":{"line":130,"column":21}},{"start":{"line":130,"column":25},"end":{"line":130,"column":43}}],"line":130},"16":{"loc":{"start":{"line":134,"column":8},"end":{"line":172,"column":9}},"type":"if","locations":[{"start":{"line":134,"column":8},"end":{"line":172,"column":9}},{"start":{"line":156,"column":15},"end":{"line":172,"column":9}}],"line":134},"17":{"loc":{"start":{"line":141,"column":43},"end":{"line":141,"column":109}},"type":"binary-expr","locations":[{"start":{"line":141,"column":43},"end":{"line":141,"column":74}},{"start":{"line":141,"column":78},"end":{"line":141,"column":109}}],"line":141},"18":{"loc":{"start":{"line":144,"column":12},"end":{"line":154,"column":13}},"type":"if","locations":[{"start":{"line":144,"column":12},"end":{"line":154,"column":13}},{"start":{},"end":{}}],"line":144},"19":{"loc":{"start":{"line":144,"column":16},"end":{"line":144,"column":40}},"type":"binary-expr","locations":[{"start":{"line":144,"column":16},"end":{"line":144,"column":21}},{"start":{"line":144,"column":25},"end":{"line":144,"column":40}}],"line":144},"20":{"loc":{"start":{"line":146,"column":22},"end":{"line":146,"column":46}},"type":"binary-expr","locations":[{"start":{"line":146,"column":22},"end":{"line":146,"column":32}},{"start":{"line":146,"column":36},"end":{"line":146,"column":46}}],"line":146},"21":{"loc":{"start":{"line":148,"column":22},"end":{"line":148,"column":46}},"type":"binary-expr","locations":[{"start":{"line":148,"column":22},"end":{"line":148,"column":36}},{"start":{"line":148,"column":40},"end":{"line":148,"column":46}}],"line":148},"22":{"loc":{"start":{"line":159,"column":43},"end":{"line":159,"column":87}},"type":"binary-expr","locations":[{"start":{"line":159,"column":43},"end":{"line":159,"column":63}},{"start":{"line":159,"column":67},"end":{"line":159,"column":87}}],"line":159},"23":{"loc":{"start":{"line":160,"column":12},"end":{"line":170,"column":13}},"type":"if","locations":[{"start":{"line":160,"column":12},"end":{"line":170,"column":13}},{"start":{},"end":{}}],"line":160},"24":{"loc":{"start":{"line":160,"column":16},"end":{"line":160,"column":40}},"type":"binary-expr","locations":[{"start":{"line":160,"column":16},"end":{"line":160,"column":21}},{"start":{"line":160,"column":25},"end":{"line":160,"column":40}}],"line":160},"25":{"loc":{"start":{"line":162,"column":22},"end":{"line":162,"column":46}},"type":"binary-expr","locations":[{"start":{"line":162,"column":22},"end":{"line":162,"column":32}},{"start":{"line":162,"column":36},"end":{"line":162,"column":46}}],"line":162},"26":{"loc":{"start":{"line":164,"column":22},"end":{"line":164,"column":46}},"type":"binary-expr","locations":[{"start":{"line":164,"column":22},"end":{"line":164,"column":36}},{"start":{"line":164,"column":40},"end":{"line":164,"column":46}}],"line":164},"27":{"loc":{"start":{"line":179,"column":24},"end":{"line":179,"column":97}},"type":"cond-expr","locations":[{"start":{"line":179,"column":38},"end":{"line":179,"column":81}},{"start":{"line":179,"column":84},"end":{"line":179,"column":97}}],"line":179},"28":{"loc":{"start":{"line":179,"column":38},"end":{"line":179,"column":81}},"type":"binary-expr","locations":[{"start":{"line":179,"column":38},"end":{"line":179,"column":61}},{"start":{"line":179,"column":65},"end":{"line":179,"column":81}}],"line":179},"29":{"loc":{"start":{"line":180,"column":20},"end":{"line":180,"column":40}},"type":"binary-expr","locations":[{"start":{"line":180,"column":20},"end":{"line":180,"column":35}},{"start":{"line":180,"column":39},"end":{"line":180,"column":40}}],"line":180},"30":{"loc":{"start":{"line":181,"column":16},"end":{"line":181,"column":40}},"type":"binary-expr","locations":[{"start":{"line":181,"column":16},"end":{"line":181,"column":27}},{"start":{"line":181,"column":31},"end":{"line":181,"column":40}}],"line":181},"31":{"loc":{"start":{"line":183,"column":19},"end":{"line":183,"column":97}},"type":"cond-expr","locations":[{"start":{"line":183,"column":46},"end":{"line":183,"column":90}},{"start":{"line":183,"column":93},"end":{"line":183,"column":97}}],"line":183},"32":{"loc":{"start":{"line":184,"column":23},"end":{"line":184,"column":137}},"type":"cond-expr","locations":[{"start":{"line":184,"column":50},"end":{"line":184,"column":130}},{"start":{"line":184,"column":133},"end":{"line":184,"column":137}}],"line":184},"33":{"loc":{"start":{"line":184,"column":87},"end":{"line":184,"column":124}},"type":"cond-expr","locations":[{"start":{"line":184,"column":113},"end":{"line":184,"column":118}},{"start":{"line":184,"column":121},"end":{"line":184,"column":124}}],"line":184},"34":{"loc":{"start":{"line":197,"column":17},"end":{"line":197,"column":48}},"type":"binary-expr","locations":[{"start":{"line":197,"column":17},"end":{"line":197,"column":43}},{"start":{"line":197,"column":47},"end":{"line":197,"column":48}}],"line":197},"35":{"loc":{"start":{"line":211,"column":14},"end":{"line":211,"column":38}},"type":"binary-expr","locations":[{"start":{"line":211,"column":14},"end":{"line":211,"column":24}},{"start":{"line":211,"column":28},"end":{"line":211,"column":38}}],"line":211},"36":{"loc":{"start":{"line":221,"column":22},"end":{"line":221,"column":53}},"type":"binary-expr","locations":[{"start":{"line":221,"column":22},"end":{"line":221,"column":48}},{"start":{"line":221,"column":52},"end":{"line":221,"column":53}}],"line":221},"37":{"loc":{"start":{"line":243,"column":15},"end":{"line":243,"column":81}},"type":"cond-expr","locations":[{"start":{"line":243,"column":56},"end":{"line":243,"column":69}},{"start":{"line":243,"column":72},"end":{"line":243,"column":81}}],"line":243},"38":{"loc":{"start":{"line":257,"column":4},"end":{"line":262,"column":5}},"type":"if","locations":[{"start":{"line":257,"column":4},"end":{"line":262,"column":5}},{"start":{},"end":{}}],"line":257},"39":{"loc":{"start":{"line":257,"column":8},"end":{"line":257,"column":51}},"type":"binary-expr","locations":[{"start":{"line":257,"column":8},"end":{"line":257,"column":20}},{"start":{"line":257,"column":24},"end":{"line":257,"column":51}}],"line":257},"40":{"loc":{"start":{"line":265,"column":4},"end":{"line":270,"column":5}},"type":"if","locations":[{"start":{"line":265,"column":4},"end":{"line":270,"column":5}},{"start":{},"end":{}}],"line":265},"41":{"loc":{"start":{"line":272,"column":4},"end":{"line":277,"column":5}},"type":"if","locations":[{"start":{"line":272,"column":4},"end":{"line":277,"column":5}},{"start":{},"end":{}}],"line":272},"42":{"loc":{"start":{"line":281,"column":22},"end":{"line":281,"column":57}},"type":"binary-expr","locations":[{"start":{"line":281,"column":22},"end":{"line":281,"column":35}},{"start":{"line":281,"column":39},"end":{"line":281,"column":57}}],"line":281},"43":{"loc":{"start":{"line":283,"column":8},"end":{"line":286,"column":9}},"type":"if","locations":[{"start":{"line":283,"column":8},"end":{"line":286,"column":9}},{"start":{},"end":{}}],"line":283},"44":{"loc":{"start":{"line":291,"column":4},"end":{"line":296,"column":5}},"type":"if","locations":[{"start":{"line":291,"column":4},"end":{"line":296,"column":5}},{"start":{},"end":{}}],"line":291},"45":{"loc":{"start":{"line":313,"column":17},"end":{"line":313,"column":85}},"type":"cond-expr","locations":[{"start":{"line":313,"column":58},"end":{"line":313,"column":73}},{"start":{"line":313,"column":76},"end":{"line":313,"column":85}}],"line":313},"46":{"loc":{"start":{"line":318,"column":4},"end":{"line":353,"column":5}},"type":"if","locations":[{"start":{"line":318,"column":4},"end":{"line":353,"column":5}},{"start":{},"end":{}}],"line":318},"47":{"loc":{"start":{"line":318,"column":8},"end":{"line":318,"column":42}},"type":"binary-expr","locations":[{"start":{"line":318,"column":8},"end":{"line":318,"column":17}},{"start":{"line":318,"column":21},"end":{"line":318,"column":42}}],"line":318}
[...]
":425,"column":28},"end":{"line":428,"column":33}},"line":425},"29":{"name":"(anonymous_29)","decl":{"start":{"line":440,"column":40},"end":{"line":440,"column":41}},"loc":{"start":{"line":441,"column":24},"end":{"line":445,"column":30}},"line":441},"30":{"name":"(anonymous_30)","decl":{"start":{"line":455,"column":35},"end":{"line":455,"column":36}},"loc":{"start":{"line":455,"column":49},"end":{"line":529,"column":1}},"line":455},"31":{"name":"(anonymous_31)","decl":{"start":{"line":457,"column":27},"end":{"line":457,"column":28}},"loc":{"start":{"line":457,"column":58},"end":{"line":465,"column":3}},"line":457},"32":{"name":"(anonymous_32)","decl":{"start":{"line":467,"column":29},"end":{"line":467,"column":30}},"loc":{"start":{"line":467,"column":60},"end":{"line":480,"column":3}},"line":467},"33":{"name":"(anonymous_33)","decl":{"start":{"line":498,"column":33},"end":{"line":498,"column":34}},"loc":{"start":{"line":498,"column":43},"end":{"line":522,"column":15}},"line":498},"34":{"name":"(anonymous_34)","decl":{"start":{"line":508,"column":62},"end":{"line":508,"column":63}},"loc":{"start":{"line":509,"column":28},"end":{"line":509,"column":77}},"line":509}},"branchMap":{"0":{"loc":{"start":{"line":17,"column":4},"end":{"line":23,"column":5}},"type":"if","locations":[{"start":{"line":17,"column":4},"end":{"line":23,"column":5}},{"start":{},"end":{}}],"line":17},"1":{"loc":{"start":{"line":17,"column":8},"end":{"line":17,"column":52}},"type":"binary-expr","locations":[{"start":{"line":17,"column":8},"end":{"line":17,"column":13}},{"start":{"line":17,"column":17},"end":{"line":17,"column":29}},{"start":{"line":17,"column":33},"end":{"line":17,"column":52}}],"line":17},"2":{"loc":{"start":{"line":28,"column":4},"end":{"line":30,"column":5}},"type":"if","locations":[{"start":{"line":28,"column":4},"end":{"line":30,"column":5}},{"start":{},"end":{}}],"line":28},"3":{"loc":{"start":{"line":39,"column":6},"end":{"line":44,"column":7}},"type":"if","locations":[{"start":{"line":39,"column":6},"end":{"line":44,"column":7}},{"start":{},"end":{}}],"line":39},"4":{"loc":{"start":{"line":41,"column":8},"end":{"line":43,"column":9}},"type":"if","locations":[{"start":{"line":41,"column":8},"end":{"line":43,"column":9}},{"start":{},"end":{}}],"line":41},"5":{"loc":{"start":{"line":47,"column":6},"end":{"line":52,"column":7}},"type":"if","locations":[{"start":{"line":47,"column":6},"end":{"line":52,"column":7}},{"start":{},"end":{}}],"line":47},"6":{"loc":{"start":{"line":49,"column":8},"end":{"line":51,"column":9}},"type":"if","locations":[{"start":{"line":49,"column":8},"end":{"line":51,"column":9}},{"start":{},"end":{}}],"line":49},"7":{"loc":{"start":{"line":55,"column":6},"end":{"line":60,"column":7}},"type":"if","locations":[{"start":{"line":55,"column":6},"end":{"line":60,"column":7}},{"start":{},"end":{}}],"line":55},"8":{"loc":{"start":{"line":57,"column":8},"end":{"line":59,"column":9}},"type":"if","locations":[{"start":{"line":57,"column":8},"end":{"line":59,"column":9}},{"start":{},"end":{}}],"line":57},"9":{"loc":{"start":{"line":63,"column":6},"end":{"line":68,"column":7}},"type":"if","locations":[{"start":{"line":63,"column":6},"end":{"line":68,"column":7}},{"start":{},"end":{}}],"line":63},"10":{"loc":{"start":{"line":65,"column":8},"end":{"line":67,"column":9}},"type":"if","locations":[{"start":{"line":65,"column":8},"end":{"line":67,"column":9}},{"start":{},"end":{}}],"line":65},"11":{"loc":{"start":{"line":72,"column":15},"end":{"line":72,"column":53}},"type":"binary-expr","locations":[{"start":{"line":72,"column":15},"end":{"line":72,"column":28}},{"start":{"line":72,"column":32},"end":{"line":72,"column":53}}],"line":72},"12":{"loc":{"start":{"line":81,"column":6},"end":{"line":86,"column":7}},"type":"if","locations":[{"start":{"line":81,"column":6},"end":{"line":86,"column":7}},{"start":{"line":84,"column":13},"end":{"line":86,"column":7}}],"line":81},"13":{"loc":{"start":{"line":83,"column":38},"end":{"line":83,"column":100}},"type":"cond-expr","locations":[{"start":{"line":83,"column":59},"end":{"line":83,"column":96}},{"start":{"line":83,"column":99},"end":{"line":83,"column":100}}],"line":83},"14":{"loc":{"start":{"line":85,"column":17},"end":{"line":85,"column":57}},"type":"binary-expr","locations":[{"start":{"line":85,"column":17},"end":{"line":85,"column":29}},{"start":{"line":85,"column":33},"end":{"line":85,"column":57}}],"line":85},"15":{"loc":{"start":{"line":89,"column":15},"end":{"line":89,"column":56}},"type":"binary-expr","locations":[{"start":{"line":89,"column":15},"end":{"line":89,"column":28}},{"start":{"line":89,"column":32},"end":{"line":89,"column":56}}],"line":89},"16":{"loc":{"start":{"line":98,"column":2},"end":{"line":100,"column":3}},"type":"if","locations":[{"start":{"line":98,"column":2},"end":{"line":100,"column":3}},{"start":{},"end":{}}],"line":98},"17":{"loc":{"start":{"line":102,"column":2},"end":{"line":110,"column":3}},"type":"if","locations":[{"start":{"line":102,"column":2},"end":{"line":110,"column":3}},{"start":{},"end":{}}],"line":102},"18":{"loc":{"start":{"line":102,"column":6},"end":{"line":102,"column":24}},"type":"binary-expr","locations":[{"start":{"line":102,"column":6},"end":{"line":102,"column":15}},{"start":{"line":102,"column":19},"end":{"line":102,"column":24}}],"line":102},"19":{"loc":{"start":{"line":112,"column":2},"end":{"line":116,"column":3}},"type":"if","locations":[{"start":{"line":112,"column":2},"end":{"line":116,"column":3}},{"start":{},"end":{}}],"line":112},"20":{"loc":{"start":{"line":118,"column":2},"end":{"line":120,"column":3}},"type":"if","locations":[{"start":{"line":118,"column":2},"end":{"line":120,"column":3}},{"start":{},"end":{}}],"line":118},"21":{"loc":{"start":{"line":122,"column":2},"end":{"line":124,"column":3}},"type":"if","locations":[{"start":{"line":122,"column":2},"end":{"line":124,"column":3}},{"start":{},"end":{}}],"line":122},"22":{"loc":{"start":{"line":134,"column":17},"end":{"line":134,"column":67}},"type":"binary-expr","locations":[{"start":{"line":134,"column":17},"end":{"line":134,"column":32}},{"start":{"line":134,"column":36},"end":{"line":134,"column":56}},{"start":{"line":134,"column":60},"end":{"line":134,"column":67}}],"line":134},"23":{"loc":{"start":{"line":140,"column":26},"end":{"line":140,"column":54}},"type":"binary-expr","locations":[{"start":{"line":140,"column":26},"end":{"line":140,"column":37}},{"start":{"line":140,"column":41},"end":{"line":140,"column":54}}],"line":140},"24":{"loc":{"start":{"line":165,"column":18},"end":{"line":167,"column":75}},"type":"cond-expr","locations":[{"start":{"line":166,"column":22},"end":{"line":166,"column":49}},{"start":{"line":167,"column":22},"end":{"line":167,"column":75}}],"line":165},"25":{"loc":{"start":{"line":181,"column":9},"end":{"line":188,"column":9}},"type":"binary-expr","locations":[{"start":{"line":181,"column":9},"end":{"line":181,"column":16}},{"start":{"line":182,"column":10},"end":{"line":187,"column":16}}],"line":181},"26":{"loc":{"start":{"line":191,"column":9},"end":{"line":215,"column":9}},"type":"binary-expr","locations":[{"start":{"line":191,"column":9},"end":{"line":191,"column":14}},{"start":{"line":192,"column":10},"end":{"line":214,"column":16}}],"line":191},"27":{"loc":{"start":{"line":218,"column":9},"end":{"line":277,"column":9}},"type":"binary-expr","locations":[{"start":{"line":218,"column":9},"end":{"line":218,"column":17}},{"start":{"line":218,"column":21},"end":{"line":218,"column":27}},{"start":{"line":218,"column":31},"end":{"line":218,"column":56}},{"start":{"line":218,"column":60},"end":{"line":218,"column":69}},{"start":{"line":219,"column":10},"end":{"line":276,"column":16}}],"line":218},"28":{"loc":{"start":{"line":280,"column":9},"end":{"line":282,"column":9}},"type":"binary-expr","locations":[{"start":{"line":280,"column":9},"end":{"line":280,"column":17}},{"start":{"line":280,"column":21},"end":{"line":280,"column":27}},{"start":{"line":280,"column":31},"end":{"line":280,"column":54}},{"start":{"line":280,"column":58},"end":{"line":280,"column":92}},{"start":{"line":281,"column":10},"end":{"line":281,"column":81}}],"line":280},"29":{"loc":{"start":{"line":285,"column":9},"end":{"line":287,"column":9}},"type":"binary-expr","locations":[{"start":{"line":285,"column":9},"end":{"line":285,"column":17}},{"start":{"line":285,"column":21},"end":{"line":285,"column":27}},{"start":{"line":285,"column":31},"end":{"line":285,"column":53}},{"start":{"line":285,"column":57},"end":{"line":285,"column":89}},{"start":{"line":286,"column":12},"end":{"line":286,"column":78}}],"line":285},"30":{"loc":{"start":{"line":290,"column":9},"end":{"line":295,"column":9}},"type":"binary-expr","locations":[{"start":{"line":290,"column":9},"end":{"line":290,"column":17}},{"start":{"line":290,"column":21},"end":{"line":290,"column":27}},{"start":{"line":290,"column":31},"end":{"line":290,"column":55}},{"start":{"line":291,"column":12},"end":{"line":294,"column":14}}],"line":290},"31":{"loc":{"start":{"line":298,"column":9},"end":{"line":303,"column":9}},"type":"binary-expr","locations":[{"start":{"line":298,"column":9},"end":{"line":298,"column":34}},{"start":{"line":298,"column":38},"end":{"line":298,"column":61}},{"start":{"line":298,"column":65},"end":{"line":298,"column":87}},{"start":{"line":298,"column":91},"end":{"line":298,"column":115}},{"start":{"line":299,"column":12},"end":{"line":302,"column":18}}],"line":298},"32":{"loc":{"start":{"line":326,"column":8},"end":{"line":327,"column":67}},"type":"binary-expr","locations":[{"start":{"line":326,"column":8},"end":{"line":326,"column":63}},{"start":{"line":327,"column":8},"end":{"line":327,"column":67}}],"line":326},"33":{"loc":{"start":{"line":364,"column":41},"end":{"line":374,"column":41}},"type":"cond-expr","locations":[{"start":{"line":365,"column":44},"end":{"line":371,"column":46}},{"start":{"line":373,"column":44},"end":{"line":373,"column":74}}],"line":364},"34":{"loc":{"start":{"line":377,"column":41},"end":{"line":384,"column":41}},"type":"cond-expr","locations":[{"start":{"line":378,"column":44},"end":{"line":381,"column":47}},{"start":{"line":383,"column":44},"end":{"line":383,"column":153}}],"line":377},"35":{"loc":{"start":{"line":459,"column":4},"end":{"line":459,"column":112}},"type":"if","locations":[{"start":{"line":459,"column":4},"end":{"line":459,"column":112}},{"start":{},"end":{}}],"line":459},"36":{"loc":{"start":{"line":460,"column":4},"end":{"line":460,"column":114}},"type":"if","locations":[{"start":{"line":460,"column":4},"end":{"line":460,"column":114}},{"start":{},"end":{}}],"line":460},"37":{"loc":{"start":{"line":461,"column":4},"end":{"line":461,"column":121}},"type":"if","locations":[{"start":{"line":461,"column":4},"end":{"line":461,"column":121}},{"start":{},"end":{}}],"line":461},"38":{"loc":{"start":{"line":463,"column":4},"end":{"line":463,"column":139}},"type":"if","locations":[{"start":{"line":463,"column":4},"end":{"line":463,"column":139}},{"start":{},"end":{}}],"line":463},"39":{"loc":{"start":{"line":463,"column":8},"end":{"line":463,"column":64}},"type":"binary-expr","locations":[{"start":{"line":463,"column":8},"end":{"line":463,"column":33}},{"start":{"line":463,"column":37},"end":{"line":463,"column":64}}],"line":463},"40":{"loc":{"start":{"line":472,"column":4},"end":{"line":475,"column":5}},"type":"if","locations":[{"start":{"line":472,"column":4},"end":{"line":475,"column":5}},{"start":{},"end":{}}],"line":472},"41":{"loc":{"start":{"line":476,"column":4},"end":{"line":478,"column":5}},"type":"if","locations":[{"start":{"line":476,"column":4},"end":{"line":478,"column":5}},{"start":{},"end":{}}],"line":476}},"s":{"0":0,"1":0,"2":0,"3":0,"4":0,"5":0,"6":0,"7":0,"8":0,"9":0,"10":0,"11":0,"12":0,"13":0,"14":0,"15":0,"16":0,"17":0,"18":0,"19":0,"20":0,"21":0,"22":0,"23":0,"24":0,"25":0,"26":0,"27":0,"28":0,"29":0,"30":0,"31":0,"32":0,"33":0,"34":0,"35":0,"36":0,"37":0,"38":0,"39":0,"40":0,"41":0,"42":0,"43":0,"44":0,"45":0,"46":0,"47":0,"48":0,"49":0,"50":0,"51":0,"52":0,"53":0,"54":0,"55":0,"56":0,"57":0,"58":0,"59":0,"60":0,"61":0,"62":0,"63":0,"64":0,"65":0,"66":0,"67":0,"68":0,"69":0,"70":0,"71":0,"72":0,"73":0,"74":0,"75":0,"76":0,"77":0,"78":0,"79":0,"80":0,"81":0,"82":0,"83":0,"84":0,"85":0,"86":0,"87":0,"88":0,"89":0,"90":0,"91":0,"92":0,"93":0,"94":0,"95":0,"96":0,"97":0,"98":0,"99":0,"100":0,"101":0,"102":0,"103":0,"104":0,"105":0,"106":0,"107":0,"108":0,"109":0,"110":0,"111":0,"112":0,"113":0,"114":0,"115":0,"116":0,"117":0,"118":0,"119":0,"120":0},"f":{"0":0,"1":0,"2":0,"3":0,"4":0,"5":0,"6":0,"7":0,"8":0,"9":0,"10":0,"11":0,"12":0,"13":0,"14":0,"15":0,"16":0,"17":0,"18":0,"19":0,"20":0,"21":0,"22":0,"23":0,"24":0,"25":0,"26":0,"27":0,"28":0,"29":0,"30":0,"31":0,"32":0,"33":0,"34":0},"b":{"0":[0,0],"1":[0,0,0],"2":[0,0],"3":[0,0],"4":[0,0],"5":[0,0],"6":[0,0],"7":[0,0],"8":[0,0],"9":[0,0],"10":[0,0],"11":[0,0],"12":[0,0],"13":[0,0],"14":[0,0],"15":[0,0],"16":[0,0],"17":[0,0],"18":[0,0],"19":[0,0],"20":[0,0],"21":[0,0],"22":[0,0,0],"23":[0,0],"24":[0,0],"25":[0,0],"26":[0,0],"27":[0,0,0,0,0],"28":[0,0,0,0,0],"29":[0,0,0,0,0],"30":[0,0,0,0],"31":[0,0,0,0,0],"32":[0,0],"33":[0,0],"34":[0,0],"35":[0,0],"36":[0,0],"37":[0,0],"38":[0,0],"39":[0,0],"40":[0,0],"41":[0,0]}}
,"/Users/gavrielsacks/grocery-compare-app/frontend/src/components/StorePortalDemo.js": {"path":"/Users/gavrielsacks/grocery-compare-app/frontend/src/components/StorePortalDemo.js","statementMap":{"0":{"start":{"line":3,"column":24},"end":{"line":357,"column":1}},"1":{"start":{"line":4,"column":36},"end":{"line":4,"column":57}},"2":{"start":{"line":5,"column":56},"end":{"line":5,"column":71}},"3":{"start":{"line":6,"column":21},"end":{"line":31,"column":4}},"4":{"start":{"line":33,"column":23},"end":{"line":35,"column":3}},"5":{"start":{"line":34,"column":4},"end":{"line":34,"column":32}},"6":{"start":{"line":37,"column":25},"end":{"line":44,"column":3}},"7":{"start":{"line":38,"column":4},"end":{"line":43,"column":5}},"8":{"start":{"line":39,"column":21},"end":{"line":39,"column":58}},"9":{"start":{"line":40,"column":22},"end":{"line":40,"column":61}},"10":{"start":{"line":41,"column":23},"end":{"line":41,"column":56}},"11":{"start":{"line":42,"column":15},"end":{"line":42,"column":50}},"12":{"start":{"line":46,"column":29},"end":{"line":55,"column":3}},"13":{"start":{"line":48,"column":4},"end":{"line":48,"column":56}},"14":{"start":{"line":49,"column":4},"end":{"line":49,"column":33}},"15":{"start":{"line":52,"column":4},"end":{"line":54,"column":13}},"16":{"start":{"line":53,"column":6},"end":{"line":53,"column":36}},"17":{"start":{"line":57,"column":2},"end":{"line":57,"column":27}},"18":{"start":{"line":57,"column":15},"end":{"line":57,"column":27}},"19":{"start":{"line":59,"column":2},"end":{"line":356,"column":4}},"20":{"start":{"line":89,"column":14},"end":{"line":100,"column":23}},"21":{"start":{"line":91,"column":31},"end":{"line":91,"column":51}},"22":{"start":{"line":160,"column":22},"end":{"line":166,"column":28}},"23":{"start":{"line":175,"column":22},"end":{"line":180,"column":29}},"24":{"start":{"line":215,"column":20},"end":{"line":238,"column":26}},"25":{"start":{"line":255,"column":24},"end":{"line":266,"column":30}},"26":{"start":{"line":307,"column":18},"end":{"line":317,"column":24}}},"fnMap":{"0":{"name":"(anonymous_0)","decl":{"start":{"line":3,"column":24},"end":{"line":3,"column":25}},"loc":{"start":{"line":3,"column":49},"end":{"line":357,"column":1}},"line":3},"1":{"name":"(anonymous_1)","decl":{"start":{"line":33,"column":23},"end":{"line":33,"column":24}},"loc":{"start":{"line":33,"column":32},"end":{"line":35,"column":3}},"line":33},"2":{"name":"(anonymous_2)","decl":{"start":{"line":37,"column":25},"end":{"line":37,"column":26}},"loc":{"start":{"line":37,"column":37},"end":{"line":44,"column":3}},"line":37},"3":{"name":"(anonymous_3)","decl":{"start":{"line":46,"column":29},"end":{"line":46,"column":30}},"loc":{"start":{"line":46,"column":35},"end":{"line":55,"column":3}},"line":46},"4":{"name":"(anonymous_4)","decl":{"start":{"line":52,"column":15},"end":{"line":52,"column":16}},"loc":{"start":{"line":52,"column":21},"end":{"line":54,"column":5}},"line":52},"5":{"name":"(anonymous_5)","decl":{"start":{"line":88,"column":18},"end":{"line":88,"column":19}},"loc":{"start":{"line":89,"column":14},"end":{"line":100,"column":23}},"line":89},"6":{"name":"(anonymous_6)","decl":{"start":{"line":91,"column":25},"end":{"line":91,"column":26}},"loc":{"start":{"line":91,"column":31},"end":{"line":91,"column":51}},"line":91},"7":{"name":"(anonymous_7)","decl":{"start":{"line":159,"column":49},"end":{"line":159,"column":50}},"loc":{"start":{"line":160,"column":22},"end":{"line":166,"column":28}},"line":160},"8":{"name":"(anonymous_8)","decl":{"start":{"line":174,"column":50},"end":{"line":174,"column":51}},"loc":{"start":{"line":175,"column":22},"end":{"line":180,"column":29}},"line":175},"9":{"name":"(anonymous_9)","decl":{"start":{"line":214,"column":47},"end":{"line":214,"column":48}},"loc":{"start":{"line":215,"column":20},"end":{"line":238,"column":26}},"line":215},"10":{"name":"(anonymous_10)","decl":{"start":{"line":254,"column":64},"end":{"line":254,"column":65}},"loc":{"start":{"line":255,"column":24},"end":{"line":266,"column":30}},"line":255},"11":{"name":"(anonymous_11)","decl":{"start":{"line":306,"column":41},"end":{"line":306,"column":42}},"loc":{"start":{"line":307,"column":18},"end":{"line":317,"column":24}},"line":307}},"branchMap":{"0":{"loc":{"start":{"line":38,"column":4},"end":{"line":43,"column":5}},"type":"switch","locations":[{"start":{"line":39,"column":6},"end":{"line":39,"column":58}},{"start":{"line":40,"column":6},"end":{"line":40,"column":61}},{"start":{"line":41,"column":6},"end":{"line":41,"column":56}},{"start":{"line":42,"column":6},"end":{"line":42,"column":50}}],"line":38},"1":{"loc":{"start":{"line":57,"column":2},"end":{"line":57,"column":27}},"type":"if","locations":[{"start":{"line":57,"column":2},"end":{"line":57,"column":27}},{"start":{},"end":{}}],"line":57},"2":{"loc":{"start":{"line":93,"column":18},"end":{"line":95,"column":75}},"type":"cond-expr","locations":[{"start":{"line":94,"column":22},"end":{"line":94,"column":49}},{"start":{"line":95,"column":22},"end":{"line":95,"column":75}}],"line":93},"3":{"loc":{"start":{"line":108,"column":11},"end":{"line":190,"column":11}},"type":"binary-expr","locations":[{"start":{"line":108,"column":11},"end":{"line":108,"column":36}},{"start":{"line":109,"column":12},"end":{"line":189,"column":18}}],"line":108},"4":{"loc":{"start":{"line":193,"column":11},"end":{"line":243,"column":11}},"type":"binary-expr","locations":[{"start":{"line":193,"column":11},"end":{"line":193,"column":35}},{"start":{"line":194,"column":12},"end":{"line":242,"column":18}}],"line":193},"5":{"loc":{"start":{"line":246,"column":11},"end":{"line":294,"column":11}},"type":"binary-expr","locations":[{"start":{"line":246,"column":11},"end":{"line":246,"column":36}},{"start":{"line":247,"column":12},"end":{"line":293,"column":18}}],"line":246},"6":{"loc":{"start":{"line":297,"column":11},"end":{"line":334,"column":11}},"type":"binary-expr","locations":[{"start":{"line":297,"column":11},"end":{"line":297,"column":38}},{"start":{"line":298,"column":12},"end":{"line":333,"column":18}}],"line":297},"7":{"loc":{"start":{"line":330,"column":19},"end":{"line":330,"column":70}},"type":"cond-expr","locations":[{"start":{"line":330,"column":41},"end":{"line":330,"column":52}},{"start":{"line":330,"column":55},"end":{"line":330,"column":70}}],"line":330}},"s":{"0":0,"1":0,"2":0,"3":0,"4":0,"5":0,"6":0,"7":0,"8":0,"9":0,"10":0,"11":0,"12":0,"13":0,"14":0,"15":0,"16":0,"17":0,"18":0,"19":0,"20":0,"21":0,"22":0,"23":0,"24":0,"25":0,"26":0},"f":{"0":0,"1":0,"2":0,"3":0,"4":0,"5":0,"6":0,"7":0,"8":0,"9":0,"10":0,"11":0},"b":{"0":[0,0,0,0],"1":[0,0],"2":[0,0],"3":[0,0],"4":[0,0],"5":[0,0],"6":[0,0],"7":[0,0]}}
}
