{"total": {"lines":{"total":3744,"covered":114,"skipped":0,"pct":3.04},"statements":{"total":3935,"covered":116,"skipped":0,"pct":2.94},"functions":{"total":908,"covered":28,"skipped":0,"pct":3.08},"branches":{"total":2305,"covered":42,"skipped":0,"pct":1.82},"branchesTrue":{"total":0,"covered":0,"skipped":0,"pct":100}}
,"/Users/gavrielsacks/grocery-compare-app/backend/config/environments.js": {"lines":{"total":16,"covered":7,"skipped":0,"pct":43.75},"functions":{"total":0,"covered":0,"skipped":0,"pct":100},"statements":{"total":16,"covered":7,"skipped":0,"pct":43.75},"branches":{"total":18,"covered":12,"skipped":0,"pct":66.66}}
,"/Users/gavrielsacks/grocery-compare-app/backend/database/db-connection.js": {"lines":{"total":71,"covered":13,"skipped":0,"pct":18.3},"functions":{"total":11,"covered":2,"skipped":0,"pct":18.18},"statements":{"total":72,"covered":13,"skipped":0,"pct":18.05},"branches":{"total":32,"covered":1,"skipped":0,"pct":3.12}}
,"/Users/gavrielsacks/grocery-compare-app/backend/database/db-operations.js": {"lines":{"total":91,"covered":33,"skipped":0,"pct":36.26},"functions":{"total":23,"covered":12,"skipped":0,"pct":52.17},"statements":{"total":93,"covered":34,"skipped":0,"pct":36.55},"branches":{"total":55,"covered":17,"skipped":0,"pct":30.9}}
,"/Users/gavrielsacks/grocery-compare-app/backend/middleware/adminAuth.js": {"lines":{"total":18,"covered":0,"skipped":0,"pct":0},"functions":{"total":1,"covered":0,"skipped":0,"pct":0},"statements":{"total":18,"covered":0,"skipped":0,"pct":0},"branches":{"total":12,"covered":0,"skipped":0,"pct":0}}
,"/Users/gavrielsacks/grocery-compare-app/backend/middleware/storeAuth.js": {"lines":{"total":16,"covered":0,"skipped":0,"pct":0},"functions":{"total":2,"covered":0,"skipped":0,"pct":0},"statements":{"total":16,"covered":0,"skipped":0,"pct":0},"branches":{"total":4,"covered":0,"skipped":0,"pct":0}}
,"/Users/gavrielsacks/grocery-compare-app/backend/routes/admin.js": {"lines":{"total":18,"covered":0,"skipped":0,"pct":0},"functions":{"total":2,"covered":0,"skipped":0,"pct":0},"statements":{"total":18,"covered":0,"skipped":0,"pct":0},"branches":{"total":2,"covered":0,"skipped":0,"pct":0}}
,"/Users/gavrielsacks/grocery-compare-app/backend/routes/backup.js": {"lines":{"total":28,"covered":0,"skipped":0,"pct":0},"functions":{"total":7,"covered":0,"skipped":0,"pct":0},"statements":{"total":28,"covered":0,"skipped":0,"pct":0},"branches":{"total":8,"covered":0,"skipped":0,"pct":0}}
,"/Users/gavrielsacks/grocery-compare-app/backend/routes/compare.js": {"lines":{"total":209,"covered":0,"skipped":0,"pct":0},"functions":{"total":37,"covered":0,"skipped":0,"pct":0},"statements":{"total":221,"covered":0,"skipped":0,"pct":0},"branches":{"total":157,"covered":0,"skipped":0,"pct":0}}
,"/Users/gavrielsacks/grocery-compare-app/backend/routes/gdpr.js": {"lines":{"total":59,"covered":0,"skipped":0,"pct":0},"functions":{"total":4,"covered":0,"skipped":0,"pct":0},"statements":{"total":59,"covered":0,"skipped":0,"pct":0},"branches":{"total":20,"covered":0,"skipped":0,"pct":0}}
,"/Users/gavrielsacks/grocery-compare-app/backend/routes/manual-entry.js": {"lines":{"total":138,"covered":0,"skipped":0,"pct":0},"functions":{"total":13,"covered":0,"skipped":0,"pct":0},"statements":{"total":141,"covered":0,"skipped":0,"pct":0},"branches":{"total":62,"covered":0,"skipped":0,"pct":0}}
,"/Users/gavrielsacks/grocery-compare-app/backend/routes/portal.js": {"lines":{"total":74,"covered":0,"skipped":0,"pct":0},"functions":{"total":6,"covered":0,"skipped":0,"pct":0},"statements":{"total":74,"covered":0,"skipped":0,"pct":0},"branches":{"total":19,"covered":0,"skipped":0,"pct":0}}
,"/Users/gavrielsacks/grocery-compare-app/backend/routes/product-requests.js": {"lines":{"total":77,"covered":0,"skipped":0,"pct":0},"functions":{"total":9,"covered":0,"skipped":0,"pct":0},"statements":{"total":81,"covered":0,"skipped":0,"pct":0},"branches":{"total":46,"covered":0,"skipped":0,"pct":0}}
,"/Users/gavrielsacks/grocery-compare-app/backend/routes/products.js": {"lines":{"total":88,"covered":0,"skipped":0,"pct":0},"functions":{"total":15,"covered":0,"skipped":0,"pct":0},"statements":{"total":94,"covered":0,"skipped":0,"pct":0},"branches":{"total":80,"covered":0,"skipped":0,"pct":0}}
,"/Users/gavrielsacks/grocery-compare-app/backend/routes/receipts.js": {"lines":{"total":13,"covered":0,"skipped":0,"pct":0},"functions":{"total":2,"covered":0,"skipped":0,"pct":0},"statements":{"total":13,"covered":0,"skipped":0,"pct":0},"branches":{"total":2,"covered":0,"skipped":0,"pct":0}}
,"/Users/gavrielsacks/grocery-compare-app/backend/routes/wholesale.js": {"lines":{"total":40,"covered":0,"skipped":0,"pct":0},"functions":{"total":7,"covered":0,"skipped":0,"pct":0},"statements":{"total":40,"covered":0,"skipped":0,"pct":0},"branches":{"total":13,"covered":0,"skipped":0,"pct":0}}
,"/Users/gavrielsacks/grocery-compare-app/backend/utils/analytics.js": {"lines":{"total":97,"covered":0,"skipped":0,"pct":0},"functions":{"total":27,"covered":0,"skipped":0,"pct":0},"statements":{"total":100,"covered":0,"skipped":0,"pct":0},"branches":{"total":46,"covered":0,"skipped":0,"pct":0}}
,"/Users/gavrielsacks/grocery-compare-app/backend/utils/backupManager.js": {"lines":{"total":72,"covered":61,"skipped":0,"pct":84.72},"functions":{"total":18,"covered":14,"skipped":0,"pct":77.77},"statements":{"total":74,"covered":62,"skipped":0,"pct":83.78},"branches":{"total":19,"covered":12,"skipped":0,"pct":63.15}}
,"/Users/gavrielsacks/grocery-compare-app/backend/utils/cloudBackup.js": {"lines":{"total":150,"covered":0,"skipped":0,"pct":0},"functions":{"total":28,"covered":0,"skipped":0,"pct":0},"statements":{"total":154,"covered":0,"skipped":0,"pct":0},"branches":{"total":59,"covered":0,"skipped":0,"pct":0}}
,"/Users/gavrielsacks/grocery-compare-app/backend/utils/enhancedFuzzyMatch.js": {"lines":{"total":162,"covered":0,"skipped":0,"pct":0},"functions":{"total":36,"covered":0,"skipped":0,"pct":0},"statements":{"total":166,"covered":0,"skipped":0,"pct":0},"branches":{"total":81,"covered":0,"skipped":0,"pct":0}}
,"/Users/gavrielsacks/grocery-compare-app/backend/utils/fuzzyMatch.js": {"lines":{"total":35,"covered":0,"skipped":0,"pct":0},"functions":{"total":6,"covered":0,"skipped":0,"pct":0},"statements":{"total":38,"covered":0,"skipped":0,"pct":0},"branches":{"total":16,"covered":0,"skipped":0,"pct":0}}
,"/Users/gavrielsacks/grocery-compare-app/backend/utils/monitoring.js": {"lines":{"total":111,"covered":0,"skipped":0,"pct":0},"functions":{"total":30,"covered":0,"skipped":0,"pct":0},"statements":{"total":113,"covered":0,"skipped":0,"pct":0},"branches":{"total":44,"covered":0,"skipped":0,"pct":0}}
,"/Users/gavrielsacks/grocery-compare-app/backend/utils/slugify.js": {"lines":{"total":2,"covered":0,"skipped":0,"pct":0},"functions":{"total":1,"covered":0,"skipped":0,"pct":0},"statements":{"total":2,"covered":0,"skipped":0,"pct":0},"branches":{"total":0,"covered":0,"skipped":0,"pct":100}}
,"/Users/gavrielsacks/grocery-compare-app/frontend/src/components/AdminPanel_Fixed.js": {"lines":{"total":204,"covered":0,"skipped":0,"pct":0},"functions":{"total":52,"covered":0,"skipped":0,"pct":0},"statements":{"total":215,"covered":0,"skipped":0,"pct":0},"branches":{"total":141,"covered":0,"skipped":0,"pct":0}}
,"/Users/gavrielsacks/grocery-compare-app/frontend/src/components/AnalyticsPage.js": {"lines":{"total":46,"covered":0,"skipped":0,"pct":0},"functions":{"total":14,"covered":0,"skipped":0,"pct":0},"statements":{"total":52,"covered":0,"skipped":0,"pct":0},"branches":{"total":40,"covered":0,"skipped":0,"pct":0}}
,"/Users/gavrielsacks/grocery-compare-app/frontend/src/components/ComprehensiveAdminPanel.js": {"lines":{"total":384,"covered":0,"skipped":0,"pct":0},"functions":{"total":120,"covered":0,"skipped":0,"pct":0},"statements":{"total":403,"covered":0,"skipped":0,"pct":0},"branches":{"total":275,"covered":0,"skipped":0,"pct":0}}
,"/Users/gavrielsacks/grocery-compare-app/frontend/src/components/CookieConsent.js": {"lines":{"total":50,"covered":0,"skipped":0,"pct":0},"functions":{"total":12,"covered":0,"skipped":0,"pct":0},"statements":{"total":53,"covered":0,"skipped":0,"pct":0},"branches":{"total":8,"covered":0,"skipped":0,"pct":0}}
,"/Users/gavrielsacks/grocery-compare-app/frontend/src/components/DataDeletionRequest.js": {"lines":{"total":33,"covered":0,"skipped":0,"pct":0},"functions":{"total":8,"covered":0,"skipped":0,"pct":0},"statements":{"total":35,"covered":0,"skipped":0,"pct":0},"branches":{"total":16,"covered":0,"skipped":0,"pct":0}}
,"/Users/gavrielsacks/grocery-compare-app/frontend/src/components/EnhancedProductMatching.js": {"lines":{"total":118,"covered":0,"skipped":0,"pct":0},"functions":{"total":30,"covered":0,"skipped":0,"pct":0},"statements":{"total":126,"covered":0,"skipped":0,"pct":0},"branches":{"total":109,"covered":0,"skipped":0,"pct":0}}
,"/Users/gavrielsacks/grocery-compare-app/frontend/src/components/GroceryAdminPanel.js": {"lines":{"total":675,"covered":0,"skipped":0,"pct":0},"functions":{"total":209,"covered":0,"skipped":0,"pct":0},"statements":{"total":737,"covered":0,"skipped":0,"pct":0},"branches":{"total":456,"covered":0,"skipped":0,"pct":0}}
,"/Users/gavrielsacks/grocery-compare-app/frontend/src/components/ImprovedAdminPanel.js": {"lines":{"total":170,"covered":0,"skipped":0,"pct":0},"functions":{"total":48,"covered":0,"skipped":0,"pct":0},"statements":{"total":183,"covered":0,"skipped":0,"pct":0},"branches":{"total":145,"covered":0,"skipped":0,"pct":0}}
,"/Users/gavrielsacks/grocery-compare-app/frontend/src/components/LegalPages.js": {"lines":{"total":25,"covered":0,"skipped":0,"pct":0},"functions":{"total":12,"covered":0,"skipped":0,"pct":0},"statements":{"total":25,"covered":0,"skipped":0,"pct":0},"branches":{"total":16,"covered":0,"skipped":0,"pct":0}}
,"/Users/gavrielsacks/grocery-compare-app/frontend/src/components/LoginForm.js": {"lines":{"total":24,"covered":0,"skipped":0,"pct":0},"functions":{"total":3,"covered":0,"skipped":0,"pct":0},"statements":{"total":24,"covered":0,"skipped":0,"pct":0},"branches":{"total":15,"covered":0,"skipped":0,"pct":0}}
,"/Users/gavrielsacks/grocery-compare-app/frontend/src/components/ProductRequestModal.js": {"lines":{"total":28,"covered":0,"skipped":0,"pct":0},"functions":{"total":5,"covered":0,"skipped":0,"pct":0},"statements":{"total":30,"covered":0,"skipped":0,"pct":0},"branches":{"total":15,"covered":0,"skipped":0,"pct":0}}
,"/Users/gavrielsacks/grocery-compare-app/frontend/src/components/ProtectedRoute.js": {"lines":{"total":7,"covered":0,"skipped":0,"pct":0},"functions":{"total":1,"covered":0,"skipped":0,"pct":0},"statements":{"total":7,"covered":0,"skipped":0,"pct":0},"branches":{"total":4,"covered":0,"skipped":0,"pct":0}}
,"/Users/gavrielsacks/grocery-compare-app/frontend/src/components/ReceiptUpload.js": {"lines":{"total":41,"covered":0,"skipped":0,"pct":0},"functions":{"total":3,"covered":0,"skipped":0,"pct":0},"statements":{"total":43,"covered":0,"skipped":0,"pct":0},"branches":{"total":35,"covered":0,"skipped":0,"pct":0}}
,"/Users/gavrielsacks/grocery-compare-app/frontend/src/components/ShoppingList.js": {"lines":{"total":97,"covered":0,"skipped":0,"pct":0},"functions":{"total":31,"covered":0,"skipped":0,"pct":0},"statements":{"total":100,"covered":0,"skipped":0,"pct":0},"branches":{"total":36,"covered":0,"skipped":0,"pct":0}}
,"/Users/gavrielsacks/grocery-compare-app/frontend/src/components/ShoppingListAnalyzer.js": {"lines":{"total":117,"covered":0,"skipped":0,"pct":0},"functions":{"total":28,"covered":0,"skipped":0,"pct":0},"statements":{"total":123,"covered":0,"skipped":0,"pct":0},"branches":{"total":81,"covered":0,"skipped":0,"pct":0}}
,"/Users/gavrielsacks/grocery-compare-app/frontend/src/components/StorePortal.js": {"lines":{"total":114,"covered":0,"skipped":0,"pct":0},"functions":{"total":35,"covered":0,"skipped":0,"pct":0},"statements":{"total":121,"covered":0,"skipped":0,"pct":0},"branches":{"total":100,"covered":0,"skipped":0,"pct":0}}
,"/Users/gavrielsacks/grocery-compare-app/frontend/src/components/StorePortalDemo.js": {"lines":{"total":26,"covered":0,"skipped":0,"pct":0},"functions":{"total":12,"covered":0,"skipped":0,"pct":0},"statements":{"total":27,"covered":0,"skipped":0,"pct":0},"branches":{"total":18,"covered":0,"skipped":0,"pct":0}}
}
