TN:
SF:backend/config/environments.js
FNF:0
FNH:0
DA:16,2
DA:87,2
DA:90,2
DA:110,2
DA:111,0
DA:112,0
DA:113,0
DA:114,0
DA:117,0
DA:118,0
DA:119,0
DA:121,0
DA:122,0
DA:127,2
DA:128,2
DA:130,2
LF:16
LH:7
BRDA:38,0,0,2
BRDA:38,0,1,2
BRDA:61,1,0,2
BRDA:61,1,1,2
BRDA:87,2,0,2
BRDA:87,2,1,0
BRDA:96,3,0,2
BRDA:96,3,1,2
BRDA:97,4,0,2
BRDA:97,4,1,2
BRDA:98,5,0,2
BRDA:98,5,1,2
BRDA:110,6,0,0
BRDA:110,6,1,2
BRDA:111,7,0,0
BRDA:111,7,1,0
BRDA:117,8,0,0
BRDA:117,8,1,0
BRF:18
BRH:12
end_of_record
TN:
SF:backend/database/db-connection.js
FN:16,(anonymous_0)
FN:24,(anonymous_1)
FN:52,(anonymous_2)
FN:57,(anonymous_3)
FN:74,(anonymous_4)
FN:107,(anonymous_5)
FN:139,(anonymous_6)
FN:151,(anonymous_7)
FN:162,(anonymous_8)
FN:169,(anonymous_9)
FN:191,(anonymous_10)
FNF:11
FNH:2
FNDA:2,(anonymous_0)
FNDA:2,(anonymous_1)
FNDA:0,(anonymous_2)
FNDA:0,(anonymous_3)
FNDA:0,(anonymous_4)
FNDA:0,(anonymous_5)
FNDA:0,(anonymous_6)
FNDA:0,(anonymous_7)
FNDA:0,(anonymous_8)
FNDA:0,(anonymous_9)
FNDA:0,(anonymous_10)
DA:11,2
DA:12,2
DA:13,2
DA:17,2
DA:18,2
DA:25,2
DA:27,2
DA:29,2
DA:30,2
DA:31,2
DA:34,0
DA:43,0
DA:44,0
DA:45,0
DA:47,0
DA:48,0
DA:49,0
DA:52,0
DA:53,0
DA:54,0
DA:57,0
DA:58,0
DA:61,0
DA:64,0
DA:65,0
DA:66,0
DA:67,0
DA:75,0
DA:76,0
DA:79,0
DA:80,0
DA:81,0
DA:82,0
DA:84,0
DA:85,0
DA:92,0
DA:94,0
DA:95,0
DA:100,0
DA:108,0
DA:109,0
DA:112,0
DA:114,0
DA:115,0
DA:117,0
DA:118,0
DA:119,0
DA:120,0
DA:123,0
DA:124,0
DA:125,0
DA:128,0
DA:129,0
DA:130,0
DA:132,0
DA:140,0
DA:152,0
DA:153,0
DA:154,0
DA:155,0
DA:163,0
DA:170,0
DA:171,0
DA:172,0
DA:174,0
DA:175,0
DA:177,0
DA:188,2
DA:191,2
DA:192,0
DA:195,2
LF:71
LH:13
BRDA:29,0,0,2
BRDA:29,0,1,0
BRDA:36,1,0,0
BRDA:36,1,1,0
BRDA:74,2,0,0
BRDA:75,3,0,0
BRDA:75,3,1,0
BRDA:75,4,0,0
BRDA:75,4,1,0
BRDA:84,5,0,0
BRDA:84,5,1,0
BRDA:86,6,0,0
BRDA:86,6,1,0
BRDA:97,7,0,0
BRDA:97,7,1,0
BRDA:108,8,0,0
BRDA:108,8,1,0
BRDA:108,9,0,0
BRDA:108,9,1,0
BRDA:118,10,0,0
BRDA:142,11,0,0
BRDA:142,11,1,0
BRDA:143,12,0,0
BRDA:143,12,1,0
BRDA:144,13,0,0
BRDA:144,13,1,0
BRDA:152,14,0,0
BRDA:152,14,1,0
BRDA:163,15,0,0
BRDA:163,15,1,0
BRDA:172,16,0,0
BRDA:172,16,1,0
BRF:32
BRH:1
end_of_record
TN:
SF:backend/database/db-operations.js
FN:17,(anonymous_0)
FN:33,(anonymous_1)
FN:44,(anonymous_2)
FN:52,(anonymous_3)
FN:64,(anonymous_4)
FN:86,(anonymous_5)
FN:119,(anonymous_6)
FN:125,(anonymous_7)
FN:164,(anonymous_8)
FN:190,(anonymous_9)
FN:201,(anonymous_10)
FN:233,(anonymous_11)
FN:234,(anonymous_12)
FN:247,(anonymous_13)
FN:276,(anonymous_14)
FN:303,(anonymous_15)
FN:312,(anonymous_16)
FN:334,(anonymous_17)
FN:365,(anonymous_18)
FN:383,(anonymous_19)
FN:427,(anonymous_20)
FN:435,(anonymous_21)
FN:458,(anonymous_22)
FNF:23
FNH:12
FNDA:1,(anonymous_0)
FNDA:2,(anonymous_1)
FNDA:0,(anonymous_2)
FNDA:1,(anonymous_3)
FNDA:0,(anonymous_4)
FNDA:0,(anonymous_5)
FNDA:0,(anonymous_6)
FNDA:0,(anonymous_7)
FNDA:0,(anonymous_8)
FNDA:0,(anonymous_9)
FNDA:0,(anonymous_10)
FNDA:0,(anonymous_11)
FNDA:0,(anonymous_12)
FNDA:1,(anonymous_13)
FNDA:1,(anonymous_14)
FNDA:1,(anonymous_15)
FNDA:1,(anonymous_16)
FNDA:2,(anonymous_17)
FNDA:2,(anonymous_18)
FNDA:0,(anonymous_19)
FNDA:1,(anonymous_20)
FNDA:1,(anonymous_21)
FNDA:1,(anonymous_22)
DA:10,1
DA:11,1
DA:18,1
DA:19,1
DA:21,1
DA:27,1
DA:34,2
DA:38,2
DA:45,0
DA:53,1
DA:58,1
DA:65,0
DA:80,0
DA:91,0
DA:119,0
DA:129,0
DA:161,0
DA:162,0
DA:164,0
DA:165,0
DA:169,0
DA:171,0
DA:173,0
DA:178,0
DA:184,0
DA:191,0
DA:193,0
DA:194,0
DA:197,0
DA:198,0
DA:199,0
DA:201,0
DA:202,0
DA:203,0
DA:204,0
DA:205,0
DA:207,0
DA:208,0
DA:209,0
DA:210,0
DA:216,0
DA:219,0
DA:225,0
DA:233,0
DA:234,0
DA:239,0
DA:240,0
DA:248,1
DA:270,1
DA:277,1
DA:303,1
DA:313,1
DA:336,2
DA:337,2
DA:339,2
DA:340,1
DA:343,1
DA:359,1
DA:366,2
DA:373,2
DA:374,1
DA:377,1
DA:384,0
DA:385,0
DA:386,0
DA:388,0
DA:389,0
DA:390,0
DA:393,0
DA:394,0
DA:395,0
DA:398,0
DA:399,0
DA:400,0
DA:403,0
DA:404,0
DA:405,0
DA:408,0
DA:409,0
DA:412,0
DA:413,0
DA:415,0
DA:421,0
DA:428,1
DA:429,1
DA:436,1
DA:448,1
DA:459,1
DA:463,1
DA:468,1
DA:470,1
LF:91
LH:33
BRDA:17,0,0,0
BRDA:169,1,0,0
BRDA:169,1,1,0
BRDA:194,2,0,0
BRDA:194,2,1,0
BRDA:202,3,0,0
BRDA:202,3,1,0
BRDA:203,4,0,0
BRDA:203,4,1,0
BRDA:207,5,0,0
BRDA:207,5,1,0
BRDA:209,6,0,0
BRDA:209,6,1,0
BRDA:305,7,0,1
BRDA:305,7,1,0
BRDA:322,8,0,1
BRDA:322,8,1,0
BRDA:323,9,0,1
BRDA:323,9,1,0
BRDA:324,10,0,1
BRDA:324,10,1,0
BRDA:325,11,0,1
BRDA:325,11,1,0
BRDA:339,12,0,1
BRDA:339,12,1,1
BRDA:339,13,0,2
BRDA:339,13,1,1
BRDA:355,14,0,1
BRDA:355,14,1,0
BRDA:356,15,0,1
BRDA:356,15,1,0
BRDA:373,16,0,1
BRDA:373,16,1,1
BRDA:388,17,0,0
BRDA:388,17,1,0
BRDA:388,18,0,0
BRDA:388,18,1,0
BRDA:390,19,0,0
BRDA:390,19,1,0
BRDA:393,20,0,0
BRDA:393,20,1,0
BRDA:398,21,0,0
BRDA:398,21,1,0
BRDA:403,22,0,0
BRDA:403,22,1,0
BRDA:408,23,0,0
BRDA:408,23,1,0
BRDA:441,24,0,1
BRDA:441,24,1,0
BRDA:442,25,0,1
BRDA:442,25,1,0
BRDA:444,26,0,1
BRDA:444,26,1,0
BRDA:445,27,0,1
BRDA:445,27,1,0
BRF:55
BRH:17
end_of_record
TN:
SF:backend/middleware/adminAuth.js
FN:1,(anonymous_0)
FNF:1
FNH:0
FNDA:0,(anonymous_0)
DA:1,0
DA:3,0
DA:4,0
DA:5,0
DA:8,0
DA:10,0
DA:11,0
DA:18,0
DA:20,0
DA:21,0
DA:25,0
DA:27,0
DA:28,0
DA:32,0
DA:33,0
DA:34,0
DA:38,0
DA:44,0
LF:18
LH:0
BRDA:5,0,0,0
BRDA:5,0,1,0
BRDA:8,1,0,0
BRDA:8,1,1,0
BRDA:10,2,0,0
BRDA:10,2,1,0
BRDA:18,3,0,0
BRDA:18,3,1,0
BRDA:25,4,0,0
BRDA:25,4,1,0
BRDA:32,5,0,0
BRDA:32,5,1,0
BRF:12
BRH:0
end_of_record
TN:
SF:backend/middleware/storeAuth.js
FN:10,(anonymous_0)
FN:33,(anonymous_1)
FNF:2
FNH:0
FNDA:0,(anonymous_0)
FNDA:0,(anonymous_1)
DA:3,0
DA:6,0
DA:10,0
DA:11,0
DA:14,0
DA:15,0
DA:18,0
DA:20,0
DA:22,0
DA:23,0
DA:24,0
DA:27,0
DA:28,0
DA:33,0
DA:34,0
DA:38,0
LF:16
LH:0
BRDA:6,0,0,0
BRDA:6,0,1,0
BRDA:14,1,0,0
BRDA:14,1,1,0
BRF:4
BRH:0
end_of_record
TN:
SF:backend/routes/admin.js
FN:17,(anonymous_0)
FN:22,(anonymous_1)
FNF:2
FNH:0
FNDA:0,(anonymous_0)
FNDA:0,(anonymous_1)
DA:1,0
DA:2,0
DA:3,0
DA:4,0
DA:6,0
DA:9,0
DA:17,0
DA:18,0
DA:20,0
DA:22,0
DA:23,0
DA:24,0
DA:25,0
DA:26,0
DA:34,0
DA:35,0
DA:37,0
DA:45,0
LF:18
LH:0
BRDA:23,0,0,0
BRDA:23,0,1,0
BRF:2
BRH:0
end_of_record
TN:
SF:backend/routes/backup.js
FN:5,(anonymous_0)
FN:14,(anonymous_1)
FN:15,(anonymous_2)
FN:24,(anonymous_3)
FN:30,(anonymous_4)
FN:39,(anonymous_5)
FN:41,(anonymous_6)
FNF:7
FNH:0
FNDA:0,(anonymous_0)
FNDA:0,(anonymous_1)
FNDA:0,(anonymous_2)
FNDA:0,(anonymous_3)
FNDA:0,(anonymous_4)
FNDA:0,(anonymous_5)
FNDA:0,(anonymous_6)
DA:1,0
DA:2,0
DA:3,0
DA:5,0
DA:6,0
DA:7,0
DA:8,0
DA:10,0
DA:14,0
DA:15,0
DA:16,0
DA:17,0
DA:19,0
DA:24,0
DA:25,0
DA:26,0
DA:27,0
DA:30,0
DA:31,0
DA:32,0
DA:34,0
DA:39,0
DA:40,0
DA:41,0
DA:42,0
DA:43,0
DA:45,0
DA:50,0
LF:28
LH:0
BRDA:16,0,0,0
BRDA:16,0,1,0
BRDA:26,1,0,0
BRDA:26,1,1,0
BRDA:31,2,0,0
BRDA:31,2,1,0
BRDA:42,3,0,0
BRDA:42,3,1,0
BRF:8
BRH:0
end_of_record
TN:
SF:backend/routes/compare.js
FN:8,(anonymous_0)
FN:40,(anonymous_1)
FN:41,(anonymous_2)
FN:48,(anonymous_3)
FN:96,(anonymous_4)
FN:120,(anonymous_5)
FN:122,(anonymous_6)
FN:125,(anonymous_7)
FN:136,(anonymous_8)
FN:139,(anonymous_9)
FN:141,(anonymous_10)
FN:158,(anonymous_11)
FN:159,(anonymous_12)
FN:183,(anonymous_13)
FN:184,(anonymous_14)
FN:210,(anonymous_15)
FN:249,(anonymous_16)
FN:281,(anonymous_17)
FN:282,(anonymous_18)
FN:289,(anonymous_19)
FN:336,(anonymous_20)
FN:389,(anonymous_21)
FN:407,(anonymous_22)
FN:425,(anonymous_23)
FN:438,(anonymous_24)
FN:444,(anonymous_25)
FN:444,(anonymous_26)
FN:446,(anonymous_27)
FN:447,(anonymous_28)
FN:485,(anonymous_29)
FN:523,(anonymous_30)
FN:541,(anonymous_31)
FN:553,(anonymous_32)
FN:575,(anonymous_33)
FN:581,(anonymous_34)
FN:583,(anonymous_35)
FN:606,(anonymous_36)
FNF:37
FNH:0
FNDA:0,(anonymous_0)
FNDA:0,(anonymous_1)
FNDA:0,(anonymous_2)
FNDA:0,(anonymous_3)
FNDA:0,(anonymous_4)
FNDA:0,(anonymous_5)
FNDA:0,(anonymous_6)
FNDA:0,(anonymous_7)
FNDA:0,(anonymous_8)
FNDA:0,(anonymous_9)
FNDA:0,(anonymous_10)
FNDA:0,(anonymous_11)
FNDA:0,(anonymous_12)
FNDA:0,(anonymous_13)
FNDA:0,(anonymous_14)
FNDA:0,(anonymous_15)
FNDA:0,(anonymous_16)
FNDA:0,(anonymous_17)
FNDA:0,(anonymous_18)
FNDA:0,(anonymous_19)
FNDA:0,(anonymous_20)
FNDA:0,(anonymous_21)
FNDA:0,(anonymous_22)
FNDA:0,(anonymous_23)
FNDA:0,(anonymous_24)
FNDA:0,(anonymous_25)
FNDA:0,(anonymous_26)
FNDA:0,(anonymous_27)
FNDA:0,(anonymous_28)
FNDA:0,(anonymous_29)
FNDA:0,(anonymous_30)
FNDA:0,(anonymous_31)
FNDA:0,(anonymous_32)
FNDA:0,(anonymous_33)
FNDA:0,(anonymous_34)
FNDA:0,(anonymous_35)
FNDA:0,(anonymous_36)
DA:1,0
DA:2,0
DA:3,0
DA:4,0
DA:5,0
DA:8,0
DA:9,0
DA:10,0
DA:12,0
DA:13,0
DA:14,0
DA:16,0
DA:17,0
DA:24,0
DA:25,0
DA:31,0
DA:32,0
DA:39,0
DA:40,0
DA:42,0
DA:44,0
DA:46,0
DA:48,0
DA:50,0
DA:51,0
DA:60,0
DA:61,0
DA:62,0
DA:64,0
DA:65,0
DA:67,0
DA:68,0
DA:77,0
DA:79,0
DA:80,0
DA:90,0
DA:93,0
DA:96,0
DA:115,0
DA:117,0
DA:120,0
DA:121,0
DA:122,0
DA:125,0
DA:126,0
DA:129,0
DA:130,0
DA:131,0
DA:134,0
DA:136,0
DA:137,0
DA:138,0
DA:139,0
DA:141,0
DA:142,0
DA:144,0
DA:145,0
DA:158,0
DA:159,0
DA:160,0
DA:161,0
DA:175,0
DA:177,0
DA:183,0
DA:184,0
DA:188,0
DA:191,0
DA:192,0
DA:202,0
DA:206,0
DA:210,0
DA:226,0
DA:229,0
DA:230,0
DA:236,0
DA:239,0
DA:249,0
DA:250,0
DA:251,0
DA:253,0
DA:254,0
DA:255,0
DA:257,0
DA:258,0
DA:265,0
DA:266,0
DA:272,0
DA:273,0
DA:280,0
DA:281,0
DA:283,0
DA:285,0
DA:287,0
DA:289,0
DA:291,0
DA:292,0
DA:301,0
DA:302,0
DA:303,0
DA:305,0
DA:306,0
DA:308,0
DA:309,0
DA:318,0
DA:320,0
DA:321,0
DA:331,0
DA:334,0
DA:336,0
DA:356,0
DA:357,0
DA:359,0
DA:360,0
DA:361,0
DA:363,0
DA:368,0
DA:372,0
DA:378,0
DA:380,0
DA:381,0
DA:382,0
DA:383,0
DA:385,0
DA:386,0
DA:389,0
DA:390,0
DA:393,0
DA:394,0
DA:400,0
DA:402,0
DA:407,0
DA:408,0
DA:411,0
DA:425,0
DA:427,0
DA:428,0
DA:431,0
DA:432,0
DA:434,0
DA:438,0
DA:439,0
DA:440,0
DA:441,0
DA:443,0
DA:444,0
DA:445,0
DA:446,0
DA:447,0
DA:451,0
DA:452,0
DA:462,0
DA:466,0
DA:476,0
DA:477,0
DA:485,0
DA:486,0
DA:487,0
DA:489,0
DA:490,0
DA:496,0
DA:504,0
DA:506,0
DA:514,0
DA:515,0
DA:523,0
DA:524,0
DA:525,0
DA:527,0
DA:533,0
DA:535,0
DA:536,0
DA:541,0
DA:542,0
DA:543,0
DA:544,0
DA:545,0
DA:547,0
DA:548,0
DA:553,0
DA:554,0
DA:555,0
DA:557,0
DA:558,0
DA:561,0
DA:563,0
DA:569,0
DA:570,0
DA:575,0
DA:576,0
DA:577,0
DA:578,0
DA:581,0
DA:582,0
DA:583,0
DA:584,0
DA:585,0
DA:586,0
DA:587,0
DA:594,0
DA:600,0
DA:601,0
DA:606,0
DA:607,0
DA:608,0
DA:609,0
DA:611,0
DA:619,0
DA:620,0
DA:624,0
LF:209
LH:0
BRDA:16,0,0,0
BRDA:16,0,1,0
BRDA:16,1,0,0
BRDA:16,1,1,0
BRDA:24,2,0,0
BRDA:24,2,1,0
BRDA:31,3,0,0
BRDA:31,3,1,0
BRDA:40,4,0,0
BRDA:40,4,1,0
BRDA:42,5,0,0
BRDA:42,5,1,0
BRDA:50,6,0,0
BRDA:50,6,1,0
BRDA:72,7,0,0
BRDA:72,7,1,0
BRDA:77,8,0,0
BRDA:77,8,1,0
BRDA:77,9,0,0
BRDA:77,9,1,0
BRDA:84,10,0,0
BRDA:84,10,1,0
BRDA:96,11,0,0
BRDA:96,11,1,0
BRDA:97,12,0,0
BRDA:97,12,1,0
BRDA:125,13,0,0
BRDA:125,13,1,0
BRDA:130,14,0,0
BRDA:130,14,1,0
BRDA:130,15,0,0
BRDA:130,15,1,0
BRDA:134,16,0,0
BRDA:134,16,1,0
BRDA:141,17,0,0
BRDA:141,17,1,0
BRDA:144,18,0,0
BRDA:144,18,1,0
BRDA:144,19,0,0
BRDA:144,19,1,0
BRDA:146,20,0,0
BRDA:146,20,1,0
BRDA:148,21,0,0
BRDA:148,21,1,0
BRDA:159,22,0,0
BRDA:159,22,1,0
BRDA:160,23,0,0
BRDA:160,23,1,0
BRDA:160,24,0,0
BRDA:160,24,1,0
BRDA:162,25,0,0
BRDA:162,25,1,0
BRDA:164,26,0,0
BRDA:164,26,1,0
BRDA:179,27,0,0
BRDA:179,27,1,0
BRDA:179,28,0,0
BRDA:179,28,1,0
BRDA:180,29,0,0
BRDA:180,29,1,0
BRDA:181,30,0,0
BRDA:181,30,1,0
BRDA:183,31,0,0
BRDA:183,31,1,0
BRDA:184,32,0,0
BRDA:184,32,1,0
BRDA:184,33,0,0
BRDA:184,33,1,0
BRDA:197,34,0,0
BRDA:197,34,1,0
BRDA:211,35,0,0
BRDA:211,35,1,0
BRDA:221,36,0,0
BRDA:221,36,1,0
BRDA:243,37,0,0
BRDA:243,37,1,0
BRDA:257,38,0,0
BRDA:257,38,1,0
BRDA:257,39,0,0
BRDA:257,39,1,0
BRDA:265,40,0,0
BRDA:265,40,1,0
BRDA:272,41,0,0
BRDA:272,41,1,0
BRDA:281,42,0,0
BRDA:281,42,1,0
BRDA:283,43,0,0
BRDA:283,43,1,0
BRDA:291,44,0,0
BRDA:291,44,1,0
BRDA:313,45,0,0
BRDA:313,45,1,0
BRDA:318,46,0,0
BRDA:318,46,1,0
BRDA:318,47,0,0
BRDA:318,47,1,0
BRDA:325,48,0,0
BRDA:325,48,1,0
BRDA:336,49,0,0
BRDA:336,49,1,0
BRDA:337,50,0,0
BRDA:337,50,1,0
BRDA:361,51,0,0
BRDA:361,51,1,0
BRDA:390,52,0,0
BRDA:390,52,1,0
BRDA:393,53,0,0
BRDA:393,53,1,0
BRDA:420,54,0,0
BRDA:420,54,1,0
BRDA:427,55,0,0
BRDA:427,55,1,0
BRDA:427,56,0,0
BRDA:427,56,1,0
BRDA:431,57,0,0
BRDA:431,57,1,0
BRDA:432,58,0,0
BRDA:432,58,1,0
BRDA:443,59,0,0
BRDA:443,59,1,0
BRDA:479,60,0,0
BRDA:479,60,1,0
BRDA:489,61,0,0
BRDA:489,61,1,0
BRDA:489,62,0,0
BRDA:489,62,1,0
BRDA:498,63,0,0
BRDA:498,63,1,0
BRDA:499,64,0,0
BRDA:499,64,1,0
BRDA:500,65,0,0
BRDA:500,65,1,0
BRDA:501,66,0,0
BRDA:501,66,1,0
BRDA:504,67,0,0
BRDA:504,67,1,0
BRDA:504,67,2,0
BRDA:510,68,0,0
BRDA:510,68,1,0
BRDA:529,69,0,0
BRDA:529,69,1,0
BRDA:530,70,0,0
BRDA:530,70,1,0
BRDA:543,71,0,0
BRDA:543,71,1,0
BRDA:557,72,0,0
BRDA:557,72,1,0
BRDA:582,73,0,0
BRDA:582,73,1,0
BRDA:584,74,0,0
BRDA:584,74,1,0
BRDA:586,75,0,0
BRDA:586,75,1,0
BRDA:586,76,0,0
BRDA:586,76,1,0
BRDA:596,77,0,0
BRDA:596,77,1,0
BRF:157
BRH:0
end_of_record
TN:
SF:backend/routes/gdpr.js
FN:7,(anonymous_0)
FN:75,(anonymous_1)
FN:120,(anonymous_2)
FN:178,(anonymous_3)
FNF:4
FNH:0
FNDA:0,(anonymous_0)
FNDA:0,(anonymous_1)
FNDA:0,(anonymous_2)
FNDA:0,(anonymous_3)
DA:1,0
DA:2,0
DA:3,0
DA:4,0
DA:7,0
DA:8,0
DA:9,0
DA:11,0
DA:12,0
DA:18,0
DA:31,0
DA:32,0
DA:34,0
DA:35,0
DA:38,0
DA:41,0
DA:42,0
DA:43,0
DA:46,0
DA:49,0
DA:56,0
DA:66,0
DA:67,0
DA:75,0
DA:76,0
DA:77,0
DA:79,0
DA:80,0
DA:87,0
DA:99,0
DA:105,0
DA:111,0
DA:112,0
DA:120,0
DA:121,0
DA:122,0
DA:124,0
DA:132,0
DA:133,0
DA:135,0
DA:136,0
DA:139,0
DA:142,0
DA:143,0
DA:147,0
DA:148,0
DA:149,0
DA:152,0
DA:154,0
DA:160,0
DA:169,0
DA:170,0
DA:178,0
DA:179,0
DA:180,0
DA:210,0
DA:216,0
DA:217,0
DA:224,0
LF:59
LH:0
BRDA:11,0,0,0
BRDA:11,0,1,0
BRDA:11,1,0,0
BRDA:11,1,1,0
BRDA:34,2,0,0
BRDA:34,2,1,0
BRDA:42,3,0,0
BRDA:42,3,1,0
BRDA:79,4,0,0
BRDA:79,4,1,0
BRDA:127,5,0,0
BRDA:127,5,1,0
BRDA:128,6,0,0
BRDA:128,6,1,0
BRDA:135,7,0,0
BRDA:135,7,1,0
BRDA:142,8,0,0
BRDA:142,8,1,0
BRDA:148,9,0,0
BRDA:148,9,1,0
BRF:20
BRH:0
end_of_record
TN:
SF:backend/routes/manual-entry.js
FN:8,(anonymous_0)
FN:57,(anonymous_1)
FN:77,(anonymous_2)
FN:122,(anonymous_3)
FN:135,(anonymous_4)
FN:153,(anonymous_5)
FN:157,(anonymous_6)
FN:184,(anonymous_7)
FN:197,(anonymous_8)
FN:217,(anonymous_9)
FN:240,(anonymous_10)
FN:275,(anonymous_11)
FN:309,(anonymous_12)
FNF:13
FNH:0
FNDA:0,(anonymous_0)
FNDA:0,(anonymous_1)
FNDA:0,(anonymous_2)
FNDA:0,(anonymous_3)
FNDA:0,(anonymous_4)
FNDA:0,(anonymous_5)
FNDA:0,(anonymous_6)
FNDA:0,(anonymous_7)
FNDA:0,(anonymous_8)
FNDA:0,(anonymous_9)
FNDA:0,(anonymous_10)
FNDA:0,(anonymous_11)
FNDA:0,(anonymous_12)
DA:1,0
DA:2,0
DA:3,0
DA:4,0
DA:5,0
DA:8,0
DA:9,0
DA:10,0
DA:12,0
DA:13,0
DA:19,0
DA:22,0
DA:23,0
DA:30,0
DA:31,0
DA:32,0
DA:38,0
DA:42,0
DA:48,0
DA:49,0
DA:57,0
DA:58,0
DA:59,0
DA:61,0
DA:62,0
DA:68,0
DA:69,0
DA:70,0
DA:71,0
DA:72,0
DA:76,0
DA:77,0
DA:78,0
DA:79,0
DA:84,0
DA:85,0
DA:86,0
DA:88,0
DA:89,0
DA:94,0
DA:98,0
DA:99,0
DA:100,0
DA:101,0
DA:102,0
DA:105,0
DA:106,0
DA:107,0
DA:108,0
DA:110,0
DA:114,0
DA:120,0
DA:122,0
DA:127,0
DA:128,0
DA:135,0
DA:136,0
DA:137,0
DA:139,0
DA:140,0
DA:146,0
DA:147,0
DA:148,0
DA:149,0
DA:153,0
DA:154,0
DA:156,0
DA:157,0
DA:159,0
DA:160,0
DA:161,0
DA:162,0
DA:163,0
DA:164,0
DA:167,0
DA:168,0
DA:169,0
DA:170,0
DA:172,0
DA:175,0
DA:182,0
DA:184,0
DA:189,0
DA:190,0
DA:197,0
DA:198,0
DA:199,0
DA:200,0
DA:202,0
DA:209,0
DA:210,0
DA:217,0
DA:218,0
DA:219,0
DA:220,0
DA:222,0
DA:232,0
DA:233,0
DA:240,0
DA:241,0
DA:242,0
DA:244,0
DA:245,0
DA:251,0
DA:252,0
DA:253,0
DA:261,0
DA:267,0
DA:268,0
DA:275,0
DA:276,0
DA:277,0
DA:279,0
DA:280,0
DA:285,0
DA:286,0
DA:288,0
DA:289,0
DA:294,0
DA:301,0
DA:302,0
DA:309,0
DA:310,0
DA:311,0
DA:313,0
DA:314,0
DA:321,0
DA:322,0
DA:323,0
DA:324,0
DA:327,0
DA:328,0
DA:330,0
DA:331,0
DA:336,0
DA:343,0
DA:344,0
DA:351,0
LF:138
LH:0
BRDA:12,0,0,0
BRDA:12,0,1,0
BRDA:12,1,0,0
BRDA:12,1,1,0
BRDA:12,1,2,0
BRDA:12,1,3,0
BRDA:44,2,0,0
BRDA:44,2,1,0
BRDA:61,3,0,0
BRDA:61,3,1,0
BRDA:61,4,0,0
BRDA:61,4,1,0
BRDA:61,4,2,0
BRDA:68,5,0,0
BRDA:68,5,1,0
BRDA:71,6,0,0
BRDA:71,6,1,0
BRDA:77,7,0,0
BRDA:77,7,1,0
BRDA:78,8,0,0
BRDA:78,8,1,0
BRDA:88,9,0,0
BRDA:88,9,1,0
BRDA:88,10,0,0
BRDA:88,10,1,0
BRDA:88,10,2,0
BRDA:98,11,0,0
BRDA:98,11,1,0
BRDA:106,12,0,0
BRDA:106,12,1,0
BRDA:116,13,0,0
BRDA:116,13,1,0
BRDA:139,14,0,0
BRDA:139,14,1,0
BRDA:139,15,0,0
BRDA:139,15,1,0
BRDA:148,16,0,0
BRDA:148,16,1,0
BRDA:159,17,0,0
BRDA:159,17,1,0
BRDA:159,18,0,0
BRDA:159,18,1,0
BRDA:159,18,2,0
BRDA:244,19,0,0
BRDA:244,19,1,0
BRDA:244,20,0,0
BRDA:244,20,1,0
BRDA:252,21,0,0
BRDA:252,21,1,0
BRDA:252,22,0,0
BRDA:252,22,1,0
BRDA:252,22,2,0
BRDA:279,23,0,0
BRDA:279,23,1,0
BRDA:288,24,0,0
BRDA:288,24,1,0
BRDA:313,25,0,0
BRDA:313,25,1,0
BRDA:323,26,0,0
BRDA:323,26,1,0
BRDA:330,27,0,0
BRDA:330,27,1,0
BRF:62
BRH:0
end_of_record
TN:
SF:backend/routes/portal.js
FN:60,(anonymous_0)
FN:120,(anonymous_1)
FN:132,(anonymous_2)
FN:144,(anonymous_3)
FN:156,(anonymous_4)
FN:169,(anonymous_5)
FNF:6
FNH:0
FNDA:0,(anonymous_0)
FNDA:0,(anonymous_1)
FNDA:0,(anonymous_2)
FNDA:0,(anonymous_3)
FNDA:0,(anonymous_4)
FNDA:0,(anonymous_5)
DA:1,0
DA:2,0
DA:3,0
DA:5,0
DA:6,0
DA:11,0
DA:13,0
DA:60,0
DA:61,0
DA:64,0
DA:65,0
DA:67,0
DA:68,0
DA:70,0
DA:71,0
DA:78,0
DA:80,0
DA:83,0
DA:86,0
DA:87,0
DA:91,0
DA:92,0
DA:93,0
DA:96,0
DA:97,0
DA:98,0
DA:99,0
DA:104,0
DA:105,0
DA:107,0
DA:110,0
DA:111,0
DA:120,0
DA:121,0
DA:122,0
DA:123,0
DA:124,0
DA:126,0
DA:127,0
DA:132,0
DA:133,0
DA:134,0
DA:135,0
DA:136,0
DA:138,0
DA:139,0
DA:144,0
DA:145,0
DA:146,0
DA:147,0
DA:148,0
DA:150,0
DA:151,0
DA:156,0
DA:157,0
DA:159,0
DA:160,0
DA:161,0
DA:163,0
DA:164,0
DA:169,0
DA:170,0
DA:171,0
DA:172,0
DA:173,0
DA:176,0
DA:177,0
DA:181,0
DA:182,0
DA:185,0
DA:187,0
DA:190,0
DA:191,0
DA:196,0
LF:74
LH:0
BRDA:64,0,0,0
BRDA:64,0,1,0
BRDA:70,1,0,0
BRDA:70,1,1,0
BRDA:92,2,0,0
BRDA:92,2,1,0
BRDA:98,3,0,0
BRDA:98,3,1,0
BRDA:98,4,0,0
BRDA:98,4,1,0
BRDA:176,5,0,0
BRDA:176,5,1,0
BRDA:176,6,0,0
BRDA:176,6,1,0
BRDA:181,7,0,0
BRDA:181,7,1,0
BRDA:181,8,0,0
BRDA:181,8,1,0
BRDA:181,8,2,0
BRF:19
BRH:0
end_of_record
TN:
SF:backend/routes/product-requests.js
FN:11,(anonymous_0)
FN:93,(anonymous_1)
FN:125,(anonymous_2)
FN:150,(anonymous_3)
FN:195,(anonymous_4)
FN:212,(anonymous_5)
FN:216,(anonymous_6)
FN:222,(anonymous_7)
FN:223,(anonymous_8)
FNF:9
FNH:0
FNDA:0,(anonymous_0)
FNDA:0,(anonymous_1)
FNDA:0,(anonymous_2)
FNDA:0,(anonymous_3)
FNDA:0,(anonymous_4)
FNDA:0,(anonymous_5)
FNDA:0,(anonymous_6)
FNDA:0,(anonymous_7)
FNDA:0,(anonymous_8)
DA:1,0
DA:2,0
DA:3,0
DA:11,0
DA:12,0
DA:13,0
DA:16,0
DA:17,0
DA:24,0
DA:36,0
DA:38,0
DA:44,0
DA:54,0
DA:57,0
DA:58,0
DA:60,0
DA:65,0
DA:66,0
DA:68,0
DA:69,0
DA:73,0
DA:81,0
DA:84,0
DA:85,0
DA:93,0
DA:94,0
DA:97,0
DA:98,0
DA:102,0
DA:103,0
DA:105,0
DA:106,0
DA:109,0
DA:116,0
DA:117,0
DA:125,0
DA:126,0
DA:127,0
DA:128,0
DA:130,0
DA:131,0
DA:138,0
DA:139,0
DA:145,0
DA:146,0
DA:148,0
DA:149,0
DA:150,0
DA:152,0
DA:153,0
DA:159,0
DA:167,0
DA:168,0
DA:169,0
DA:172,0
DA:173,0
DA:179,0
DA:186,0
DA:187,0
DA:195,0
DA:196,0
DA:199,0
DA:200,0
DA:205,0
DA:206,0
DA:208,0
DA:209,0
DA:211,0
DA:212,0
DA:213,0
DA:216,0
DA:222,0
DA:223,0
DA:225,0
DA:235,0
DA:236,0
DA:243,0
LF:77
LH:0
BRDA:16,0,0,0
BRDA:16,0,1,0
BRDA:16,1,0,0
BRDA:16,1,1,0
BRDA:26,2,0,0
BRDA:26,2,1,0
BRDA:27,3,0,0
BRDA:27,3,1,0
BRDA:28,4,0,0
BRDA:28,4,1,0
BRDA:29,5,0,0
BRDA:29,5,1,0
BRDA:30,6,0,0
BRDA:30,6,1,0
BRDA:36,7,0,0
BRDA:36,7,1,0
BRDA:58,8,0,0
BRDA:58,8,1,0
BRDA:81,9,0,0
BRDA:81,9,1,0
BRDA:97,10,0,0
BRDA:97,10,1,0
BRDA:106,11,0,0
BRDA:106,11,1,0
BRDA:130,12,0,0
BRDA:130,12,1,0
BRDA:138,13,0,0
BRDA:138,13,1,0
BRDA:149,14,0,0
BRDA:149,14,1,0
BRDA:152,15,0,0
BRDA:152,15,1,0
BRDA:162,16,0,0
BRDA:162,16,1,0
BRDA:163,17,0,0
BRDA:163,17,1,0
BRDA:172,18,0,0
BRDA:172,18,1,0
BRDA:199,19,0,0
BRDA:199,19,1,0
BRDA:209,20,0,0
BRDA:209,20,1,0
BRDA:213,21,0,0
BRDA:213,21,1,0
BRDA:223,22,0,0
BRDA:223,22,1,0
BRF:46
BRH:0
end_of_record
TN:
SF:backend/routes/products.js
FN:11,(anonymous_0)
FN:39,(anonymous_1)
FN:70,(anonymous_2)
FN:121,(anonymous_3)
FN:124,(anonymous_4)
FN:133,(anonymous_5)
FN:139,(anonymous_6)
FN:171,(anonymous_7)
FN:201,(anonymous_8)
FN:205,(anonymous_9)
FN:228,(anonymous_10)
FN:265,(anonymous_11)
FN:267,(anonymous_12)
FN:272,(anonymous_13)
FN:277,(anonymous_14)
FNF:15
FNH:0
FNDA:0,(anonymous_0)
FNDA:0,(anonymous_1)
FNDA:0,(anonymous_2)
FNDA:0,(anonymous_3)
FNDA:0,(anonymous_4)
FNDA:0,(anonymous_5)
FNDA:0,(anonymous_6)
FNDA:0,(anonymous_7)
FNDA:0,(anonymous_8)
FNDA:0,(anonymous_9)
FNDA:0,(anonymous_10)
FNDA:0,(anonymous_11)
FNDA:0,(anonymous_12)
FNDA:0,(anonymous_13)
FNDA:0,(anonymous_14)
DA:1,0
DA:2,0
DA:3,0
DA:11,0
DA:12,0
DA:15,0
DA:17,0
DA:31,0
DA:32,0
DA:35,0
DA:36,0
DA:39,0
DA:52,0
DA:60,0
DA:61,0
DA:70,0
DA:71,0
DA:72,0
DA:74,0
DA:75,0
DA:83,0
DA:85,0
DA:109,0
DA:113,0
DA:114,0
DA:117,0
DA:120,0
DA:121,0
DA:122,0
DA:123,0
DA:124,0
DA:125,0
DA:128,0
DA:132,0
DA:133,0
DA:134,0
DA:139,0
DA:140,0
DA:141,0
DA:142,0
DA:143,0
DA:144,0
DA:148,0
DA:151,0
DA:161,0
DA:162,0
DA:171,0
DA:172,0
DA:173,0
DA:174,0
DA:178,0
DA:179,0
DA:195,0
DA:196,0
DA:199,0
DA:201,0
DA:202,0
DA:205,0
DA:206,0
DA:209,0
DA:218,0
DA:219,0
DA:228,0
DA:229,0
DA:230,0
DA:232,0
DA:233,0
DA:242,0
DA:243,0
DA:257,0
DA:258,0
DA:261,0
DA:263,0
DA:264,0
DA:266,0
DA:267,0
DA:268,0
DA:270,0
DA:272,0
DA:278,0
DA:279,0
DA:280,0
DA:281,0
DA:282,0
DA:287,0
DA:296,0
DA:297,0
DA:305,0
LF:88
LH:0
BRDA:15,0,0,0
BRDA:15,0,1,0
BRDA:36,1,0,0
BRDA:36,1,1,0
BRDA:40,2,0,0
BRDA:40,2,1,0
BRDA:41,3,0,0
BRDA:41,3,1,0
BRDA:41,3,2,0
BRDA:42,4,0,0
BRDA:42,4,1,0
BRDA:42,4,2,0
BRDA:43,5,0,0
BRDA:43,5,1,0
BRDA:44,6,0,0
BRDA:44,6,1,0
BRDA:45,7,0,0
BRDA:45,7,1,0
BRDA:46,8,0,0
BRDA:46,8,1,0
BRDA:47,9,0,0
BRDA:47,9,1,0
BRDA:48,10,0,0
BRDA:48,10,1,0
BRDA:72,11,0,0
BRDA:74,12,0,0
BRDA:74,12,1,0
BRDA:74,13,0,0
BRDA:74,13,1,0
BRDA:83,14,0,0
BRDA:83,14,1,0
BRDA:102,15,0,0
BRDA:102,15,1,0
BRDA:106,16,0,0
BRDA:106,16,1,0
BRDA:109,17,0,0
BRDA:109,17,1,0
BRDA:128,18,0,0
BRDA:128,18,1,0
BRDA:128,18,2,0
BRDA:132,19,0,0
BRDA:132,19,1,0
BRDA:142,20,0,0
BRDA:142,20,1,0
BRDA:142,21,0,0
BRDA:142,21,1,0
BRDA:143,22,0,0
BRDA:143,22,1,0
BRDA:143,23,0,0
BRDA:143,23,1,0
BRDA:144,24,0,0
BRDA:144,24,1,0
BRDA:156,25,0,0
BRDA:156,25,1,0
BRDA:174,26,0,0
BRDA:178,27,0,0
BRDA:178,27,1,0
BRDA:205,28,0,0
BRDA:205,28,1,0
BRDA:230,29,0,0
BRDA:232,30,0,0
BRDA:232,30,1,0
BRDA:232,31,0,0
BRDA:232,31,1,0
BRDA:242,32,0,0
BRDA:242,32,1,0
BRDA:270,33,0,0
BRDA:270,33,1,0
BRDA:275,34,0,0
BRDA:275,34,1,0
BRDA:280,35,0,0
BRDA:280,35,1,0
BRDA:280,36,0,0
BRDA:280,36,1,0
BRDA:281,37,0,0
BRDA:281,37,1,0
BRDA:281,38,0,0
BRDA:281,38,1,0
BRDA:282,39,0,0
BRDA:282,39,1,0
BRF:80
BRH:0
end_of_record
TN:
SF:backend/routes/receipts.js
FN:12,(anonymous_0)
FN:24,(anonymous_1)
FNF:2
FNH:0
FNDA:0,(anonymous_0)
FNDA:0,(anonymous_1)
DA:1,0
DA:2,0
DA:3,0
DA:6,0
DA:12,0
DA:13,0
DA:15,0
DA:22,0
DA:23,0
DA:24,0
DA:28,0
DA:29,0
DA:36,0
LF:13
LH:0
BRDA:22,0,0,0
BRDA:22,0,1,0
BRF:2
BRH:0
end_of_record
TN:
SF:backend/routes/wholesale.js
FN:66,(anonymous_0)
FN:69,(anonymous_1)
FN:77,(anonymous_2)
FN:103,(anonymous_3)
FN:107,(anonymous_4)
FN:113,(anonymous_5)
FN:148,findBestMatch
FNF:7
FNH:0
FNDA:0,(anonymous_0)
FNDA:0,(anonymous_1)
FNDA:0,(anonymous_2)
FNDA:0,(anonymous_3)
FNDA:0,(anonymous_4)
FNDA:0,(anonymous_5)
FNDA:0,findBestMatch
DA:1,0
DA:2,0
DA:5,0
DA:17,0
DA:66,0
DA:67,0
DA:69,0
DA:70,0
DA:77,0
DA:78,0
DA:80,0
DA:87,0
DA:90,0
DA:94,0
DA:103,0
DA:104,0
DA:105,0
DA:107,0
DA:108,0
DA:113,0
DA:115,0
DA:116,0
DA:117,0
DA:119,0
DA:126,0
DA:128,0
DA:137,0
DA:141,0
DA:149,0
DA:152,0
DA:153,0
DA:154,0
DA:159,0
DA:160,0
DA:163,0
DA:168,0
DA:183,0
DA:184,0
DA:188,0
DA:191,0
LF:40
LH:0
BRDA:116,0,0,0
BRDA:116,0,1,0
BRDA:124,1,0,0
BRDA:124,1,1,0
BRDA:153,2,0,0
BRDA:153,2,1,0
BRDA:160,3,0,0
BRDA:160,3,1,0
BRDA:160,4,0,0
BRDA:160,4,1,0
BRDA:160,4,2,0
BRDA:183,5,0,0
BRDA:183,5,1,0
BRF:13
BRH:0
end_of_record
TN:
SF:backend/utils/analytics.js
FN:5,(anonymous_0)
FN:10,(anonymous_1)
FN:29,(anonymous_2)
FN:39,(anonymous_3)
FN:48,(anonymous_4)
FN:86,(anonymous_5)
FN:104,(anonymous_6)
FN:132,(anonymous_7)
FN:138,(anonymous_8)
FN:149,(anonymous_9)
FN:156,(anonymous_10)
FN:161,(anonymous_11)
FN:165,(anonymous_12)
FN:166,(anonymous_13)
FN:173,(anonymous_14)
FN:175,(anonymous_15)
FN:179,(anonymous_16)
FN:181,(anonymous_17)
FN:189,(anonymous_18)
FN:191,(anonymous_19)
FN:194,(anonymous_20)
FN:196,(anonymous_21)
FN:203,(anonymous_22)
FN:208,(anonymous_23)
FN:217,(anonymous_24)
FN:218,(anonymous_25)
FN:226,(anonymous_26)
FNF:27
FNH:0
FNDA:0,(anonymous_0)
FNDA:0,(anonymous_1)
FNDA:0,(anonymous_2)
FNDA:0,(anonymous_3)
FNDA:0,(anonymous_4)
FNDA:0,(anonymous_5)
FNDA:0,(anonymous_6)
FNDA:0,(anonymous_7)
FNDA:0,(anonymous_8)
FNDA:0,(anonymous_9)
FNDA:0,(anonymous_10)
FNDA:0,(anonymous_11)
FNDA:0,(anonymous_12)
FNDA:0,(anonymous_13)
FNDA:0,(anonymous_14)
FNDA:0,(anonymous_15)
FNDA:0,(anonymous_16)
FNDA:0,(anonymous_17)
FNDA:0,(anonymous_18)
FNDA:0,(anonymous_19)
FNDA:0,(anonymous_20)
FNDA:0,(anonymous_21)
FNDA:0,(anonymous_22)
FNDA:0,(anonymous_23)
FNDA:0,(anonymous_24)
FNDA:0,(anonymous_25)
FNDA:0,(anonymous_26)
DA:1,0
DA:2,0
DA:6,0
DA:7,0
DA:12,0
DA:13,0
DA:14,0
DA:18,0
DA:19,0
DA:25,0
DA:30,0
DA:31,0
DA:32,0
DA:34,0
DA:35,0
DA:40,0
DA:41,0
DA:43,0
DA:49,0
DA:50,0
DA:51,0
DA:54,0
DA:56,0
DA:69,0
DA:72,0
DA:73,0
DA:77,0
DA:78,0
DA:81,0
DA:82,0
DA:87,0
DA:88,0
DA:90,0
DA:98,0
DA:99,0
DA:100,0
DA:105,0
DA:106,0
DA:108,0
DA:109,0
DA:112,0
DA:120,0
DA:123,0
DA:124,0
DA:127,0
DA:128,0
DA:133,0
DA:134,0
DA:135,0
DA:139,0
DA:140,0
DA:141,0
DA:142,0
DA:143,0
DA:145,0
DA:150,0
DA:151,0
DA:152,0
DA:153,0
DA:156,0
DA:157,0
DA:161,0
DA:164,0
DA:165,0
DA:166,0
DA:167,0
DA:168,0
DA:172,0
DA:173,0
DA:175,0
DA:178,0
DA:179,0
DA:180,0
DA:181,0
DA:182,0
DA:183,0
DA:188,0
DA:189,0
DA:191,0
DA:194,0
DA:195,0
DA:196,0
DA:200,0
DA:203,0
DA:204,0
DA:207,0
DA:208,0
DA:209,0
DA:210,0
DA:212,0
DA:213,0
DA:216,0
DA:217,0
DA:218,0
DA:220,0
DA:226,0
DA:239,0
LF:97
LH:0
BRDA:13,0,0,0
BRDA:13,0,1,0
BRDA:18,1,0,0
BRDA:18,1,1,0
BRDA:60,2,0,0
BRDA:60,2,1,0
BRDA:61,3,0,0
BRDA:61,3,1,0
BRDA:62,4,0,0
BRDA:62,4,1,0
BRDA:63,5,0,0
BRDA:63,5,1,0
BRDA:64,6,0,0
BRDA:64,6,1,0
BRDA:65,7,0,0
BRDA:65,7,1,0
BRDA:72,8,0,0
BRDA:72,8,1,0
BRDA:77,9,0,0
BRDA:77,9,1,0
BRDA:93,10,0,0
BRDA:93,10,1,0
BRDA:94,11,0,0
BRDA:94,11,1,0
BRDA:104,12,0,0
BRDA:108,13,0,0
BRDA:108,13,1,0
BRDA:114,14,0,0
BRDA:114,14,1,0
BRDA:123,15,0,0
BRDA:123,15,1,0
BRDA:149,16,0,0
BRDA:168,17,0,0
BRDA:168,17,1,0
BRDA:180,18,0,0
BRDA:180,18,1,0
BRDA:180,19,0,0
BRDA:180,19,1,0
BRDA:183,20,0,0
BRDA:183,20,1,0
BRDA:195,21,0,0
BRDA:195,21,1,0
BRDA:200,22,0,0
BRDA:200,22,1,0
BRDA:209,23,0,0
BRDA:209,23,1,0
BRF:46
BRH:0
end_of_record
TN:
SF:backend/utils/backupManager.js
FN:14,(anonymous_0)
FN:26,(anonymous_1)
FN:48,(anonymous_2)
FN:51,(anonymous_3)
FN:52,(anonymous_4)
FN:57,(anonymous_5)
FN:60,(anonymous_6)
FN:70,(anonymous_7)
FN:73,(anonymous_8)
FN:74,(anonymous_9)
FN:82,(anonymous_10)
FN:89,(anonymous_11)
FN:91,(anonymous_12)
FN:103,(anonymous_13)
FN:114,(anonymous_14)
FN:115,(anonymous_15)
FN:117,(anonymous_16)
FN:124,(anonymous_17)
FNF:18
FNH:14
FNDA:3,(anonymous_0)
FNDA:2,(anonymous_1)
FNDA:1,(anonymous_2)
FNDA:10,(anonymous_3)
FNDA:1,(anonymous_4)
FNDA:0,(anonymous_5)
FNDA:0,(anonymous_6)
FNDA:3,(anonymous_7)
FNDA:12,(anonymous_8)
FNDA:12,(anonymous_9)
FNDA:10,(anonymous_10)
FNDA:1,(anonymous_11)
FNDA:4,(anonymous_12)
FNDA:2,(anonymous_13)
FNDA:1,(anonymous_14)
FNDA:0,(anonymous_15)
FNDA:0,(anonymous_16)
FNDA:3,(anonymous_17)
DA:1,1
DA:2,1
DA:3,1
DA:4,1
DA:5,1
DA:7,1
DA:9,1
DA:10,1
DA:11,1
DA:14,1
DA:15,3
DA:16,3
DA:17,3
DA:19,3
DA:20,3
DA:21,1
DA:24,2
DA:26,2
DA:27,2
DA:28,1
DA:29,1
DA:31,1
DA:32,0
DA:35,1
DA:36,1
DA:37,1
DA:38,1
DA:48,1
DA:49,1
DA:50,1
DA:51,10
DA:52,1
DA:57,0
DA:59,0
DA:60,0
DA:61,0
DA:62,0
DA:66,1
DA:70,1
DA:71,3
DA:72,3
DA:73,12
DA:75,12
DA:76,12
DA:82,10
DA:84,0
DA:85,0
DA:89,1
DA:91,1
DA:92,4
DA:93,4
DA:94,1
DA:97,3
DA:98,3
DA:99,1
DA:101,2
DA:103,2
DA:104,2
DA:105,1
DA:106,1
DA:108,1
DA:109,1
DA:114,1
DA:115,1
DA:116,0
DA:117,0
DA:118,0
DA:121,1
DA:124,1
DA:125,3
DA:126,3
DA:129,1
LF:72
LH:61
BRDA:9,0,0,1
BRDA:9,0,1,0
BRDA:14,1,0,0
BRDA:20,2,0,1
BRDA:20,2,1,2
BRDA:27,3,0,1
BRDA:27,3,1,1
BRDA:31,4,0,0
BRDA:31,4,1,1
BRDA:59,5,0,0
BRDA:59,5,1,0
BRDA:93,6,0,1
BRDA:93,6,1,3
BRDA:98,7,0,1
BRDA:98,7,1,2
BRDA:104,8,0,1
BRDA:104,8,1,1
BRDA:118,9,0,0
BRDA:118,9,1,0
BRF:19
BRH:12
end_of_record
TN:
SF:backend/utils/cloudBackup.js
FN:19,(anonymous_0)
FN:24,(anonymous_1)
FN:38,(anonymous_2)
FN:130,(anonymous_3)
FN:153,(anonymous_4)
FN:175,(anonymous_5)
FN:182,(anonymous_6)
FN:199,(anonymous_7)
FN:210,(anonymous_8)
FN:254,(anonymous_9)
FN:319,(anonymous_10)
FN:326,(anonymous_11)
FN:327,(anonymous_12)
FN:343,(anonymous_13)
FN:344,(anonymous_14)
FN:357,(anonymous_15)
FN:367,(anonymous_16)
FN:372,(anonymous_17)
FN:378,(anonymous_18)
FN:390,(anonymous_19)
FN:397,(anonymous_20)
FN:400,(anonymous_21)
FN:407,(anonymous_22)
FN:410,(anonymous_23)
FN:424,(anonymous_24)
FN:429,(anonymous_25)
FN:436,(anonymous_26)
FN:440,(anonymous_27)
FNF:28
FNH:0
FNDA:0,(anonymous_0)
FNDA:0,(anonymous_1)
FNDA:0,(anonymous_2)
FNDA:0,(anonymous_3)
FNDA:0,(anonymous_4)
FNDA:0,(anonymous_5)
FNDA:0,(anonymous_6)
FNDA:0,(anonymous_7)
FNDA:0,(anonymous_8)
FNDA:0,(anonymous_9)
FNDA:0,(anonymous_10)
FNDA:0,(anonymous_11)
FNDA:0,(anonymous_12)
FNDA:0,(anonymous_13)
FNDA:0,(anonymous_14)
FNDA:0,(anonymous_15)
FNDA:0,(anonymous_16)
FNDA:0,(anonymous_17)
FNDA:0,(anonymous_18)
FNDA:0,(anonymous_19)
FNDA:0,(anonymous_20)
FNDA:0,(anonymous_21)
FNDA:0,(anonymous_22)
FNDA:0,(anonymous_23)
FNDA:0,(anonymous_24)
FNDA:0,(anonymous_25)
FNDA:0,(anonymous_26)
FNDA:0,(anonymous_27)
DA:13,0
DA:14,0
DA:15,0
DA:16,0
DA:20,0
DA:21,0
DA:24,0
DA:25,0
DA:26,0
DA:31,0
DA:39,0
DA:40,0
DA:42,0
DA:43,0
DA:44,0
DA:46,0
DA:49,0
DA:52,0
DA:55,0
DA:58,0
DA:77,0
DA:78,0
DA:81,0
DA:82,0
DA:85,0
DA:87,0
DA:88,0
DA:92,0
DA:94,0
DA:95,0
DA:96,0
DA:103,0
DA:105,0
DA:117,0
DA:119,0
DA:131,0
DA:132,0
DA:133,0
DA:135,0
DA:145,0
DA:146,0
DA:154,0
DA:155,0
DA:167,0
DA:168,0
DA:176,0
DA:177,0
DA:178,0
DA:180,0
DA:181,0
DA:182,0
DA:183,0
DA:184,0
DA:185,0
DA:195,0
DA:199,0
DA:202,0
DA:203,0
DA:211,0
DA:213,0
DA:214,0
DA:218,0
DA:223,0
DA:224,0
DA:229,0
DA:233,0
DA:234,0
DA:235,0
DA:240,0
DA:243,0
DA:245,0
DA:246,0
DA:255,0
DA:256,0
DA:259,0
DA:261,0
DA:263,0
DA:266,0
DA:267,0
DA:271,0
DA:274,0
DA:275,0
DA:276,0
DA:280,0
DA:281,0
DA:282,0
DA:286,0
DA:287,0
DA:288,0
DA:289,0
DA:292,0
DA:298,0
DA:307,0
DA:309,0
DA:320,0
DA:321,0
DA:324,0
DA:325,0
DA:326,0
DA:328,0
DA:329,0
DA:337,0
DA:341,0
DA:342,0
DA:343,0
DA:345,0
DA:346,0
DA:354,0
DA:357,0
DA:359,0
DA:360,0
DA:368,0
DA:370,0
DA:372,0
DA:373,0
DA:374,0
DA:378,0
DA:379,0
DA:380,0
DA:383,0
DA:391,0
DA:392,0
DA:393,0
DA:394,0
DA:397,0
DA:398,0
DA:399,0
DA:400,0
DA:401,0
DA:402,0
DA:407,0
DA:408,0
DA:409,0
DA:410,0
DA:411,0
DA:412,0
DA:417,0
DA:425,0
DA:426,0
DA:430,0
DA:431,0
DA:433,0
DA:437,0
DA:439,0
DA:440,0
DA:441,0
DA:442,0
DA:446,0
DA:451,0
DA:453,0
LF:150
LH:0
BRDA:25,0,0,0
BRDA:25,0,1,0
BRDA:38,1,0,0
BRDA:87,2,0,0
BRDA:87,2,1,0
BRDA:139,3,0,0
BRDA:139,3,1,0
BRDA:140,4,0,0
BRDA:140,4,1,0
BRDA:163,5,0,0
BRDA:163,5,1,0
BRDA:180,6,0,0
BRDA:180,6,1,0
BRDA:183,7,0,0
BRDA:183,7,1,0
BRDA:183,8,0,0
BRDA:183,8,1,0
BRDA:213,9,0,0
BRDA:213,9,1,0
BRDA:213,10,0,0
BRDA:213,10,1,0
BRDA:213,10,2,0
BRDA:223,11,0,0
BRDA:223,11,1,0
BRDA:234,12,0,0
BRDA:234,12,1,0
BRDA:261,13,0,0
BRDA:261,13,1,0
BRDA:266,14,0,0
BRDA:266,14,1,0
BRDA:275,15,0,0
BRDA:275,15,1,0
BRDA:281,16,0,0
BRDA:281,16,1,0
BRDA:286,17,0,0
BRDA:286,17,1,0
BRDA:286,18,0,0
BRDA:286,18,1,0
BRDA:324,19,0,0
BRDA:324,19,1,0
BRDA:341,20,0,0
BRDA:341,20,1,0
BRDA:368,21,0,0
BRDA:368,21,1,0
BRDA:398,22,0,0
BRDA:398,22,1,0
BRDA:408,23,0,0
BRDA:408,23,1,0
BRDA:430,24,0,0
BRDA:430,24,1,0
BRDA:430,25,0,0
BRDA:430,25,1,0
BRDA:430,25,2,0
BRDA:437,26,0,0
BRDA:437,26,1,0
BRDA:437,27,0,0
BRDA:437,27,1,0
BRDA:441,28,0,0
BRDA:441,28,1,0
BRF:59
BRH:0
end_of_record
TN:
SF:backend/utils/enhancedFuzzyMatch.js
FN:6,(anonymous_0)
FN:61,(anonymous_1)
FN:91,(anonymous_2)
FN:93,(anonymous_3)
FN:101,(anonymous_4)
FN:114,(anonymous_5)
FN:121,(anonymous_6)
FN:139,(anonymous_7)
FN:151,(anonymous_8)
FN:157,(anonymous_9)
FN:169,(anonymous_10)
FN:182,(anonymous_11)
FN:193,(anonymous_12)
FN:197,(anonymous_13)
FN:206,(anonymous_14)
FN:208,(anonymous_15)
FN:219,(anonymous_16)
FN:221,(anonymous_17)
FN:231,(anonymous_18)
FN:278,(anonymous_19)
FN:294,(anonymous_20)
FN:310,(anonymous_21)
FN:335,(anonymous_22)
FN:360,(anonymous_23)
FN:404,(anonymous_24)
FN:412,(anonymous_25)
FN:413,(anonymous_26)
FN:414,(anonymous_27)
FN:415,(anonymous_28)
FN:417,(anonymous_29)
FN:430,(anonymous_30)
FN:455,(anonymous_31)
FN:481,(anonymous_32)
FN:482,(anonymous_33)
FN:483,(anonymous_34)
FN:485,(anonymous_35)
FNF:36
FNH:0
FNDA:0,(anonymous_0)
FNDA:0,(anonymous_1)
FNDA:0,(anonymous_2)
FNDA:0,(anonymous_3)
FNDA:0,(anonymous_4)
FNDA:0,(anonymous_5)
FNDA:0,(anonymous_6)
FNDA:0,(anonymous_7)
FNDA:0,(anonymous_8)
FNDA:0,(anonymous_9)
FNDA:0,(anonymous_10)
FNDA:0,(anonymous_11)
FNDA:0,(anonymous_12)
FNDA:0,(anonymous_13)
FNDA:0,(anonymous_14)
FNDA:0,(anonymous_15)
FNDA:0,(anonymous_16)
FNDA:0,(anonymous_17)
FNDA:0,(anonymous_18)
FNDA:0,(anonymous_19)
FNDA:0,(anonymous_20)
FNDA:0,(anonymous_21)
FNDA:0,(anonymous_22)
FNDA:0,(anonymous_23)
FNDA:0,(anonymous_24)
FNDA:0,(anonymous_25)
FNDA:0,(anonymous_26)
FNDA:0,(anonymous_27)
FNDA:0,(anonymous_28)
FNDA:0,(anonymous_29)
FNDA:0,(anonymous_30)
FNDA:0,(anonymous_31)
FNDA:0,(anonymous_32)
FNDA:0,(anonymous_33)
FNDA:0,(anonymous_34)
FNDA:0,(anonymous_35)
DA:1,0
DA:2,0
DA:3,0
DA:8,0
DA:15,0
DA:23,0
DA:40,0
DA:47,0
DA:57,0
DA:62,0
DA:86,0
DA:87,0
DA:88,0
DA:91,0
DA:92,0
DA:93,0
DA:94,0
DA:95,0
DA:101,0
DA:102,0
DA:103,0
DA:107,0
DA:110,0
DA:115,0
DA:118,0
DA:119,0
DA:121,0
DA:122,0
DA:123,0
DA:124,0
DA:125,0
DA:130,0
DA:131,0
DA:132,0
DA:133,0
DA:140,0
DA:141,0
DA:143,0
DA:152,0
DA:153,0
DA:154,0
DA:157,0
DA:158,0
DA:159,0
DA:160,0
DA:161,0
DA:165,0
DA:170,0
DA:171,0
DA:174,0
DA:175,0
DA:176,0
DA:177,0
DA:178,0
DA:182,0
DA:183,0
DA:184,0
DA:185,0
DA:189,0
DA:194,0
DA:197,0
DA:198,0
DA:199,0
DA:202,0
DA:207,0
DA:208,0
DA:210,0
DA:211,0
DA:213,0
DA:215,0
DA:220,0
DA:221,0
DA:222,0
DA:224,0
DA:227,0
DA:232,0
DA:233,0
DA:234,0
DA:235,0
DA:238,0
DA:241,0
DA:242,0
DA:243,0
DA:245,0
DA:246,0
DA:248,0
DA:250,0
DA:253,0
DA:254,0
DA:264,0
DA:265,0
DA:266,0
DA:277,0
DA:278,0
DA:279,0
DA:280,0
DA:292,0
DA:293,0
DA:294,0
DA:295,0
DA:307,0
DA:308,0
DA:310,0
DA:311,0
DA:314,0
DA:315,0
DA:316,0
DA:320,0
DA:321,0
DA:322,0
DA:325,0
DA:326,0
DA:335,0
DA:338,0
DA:339,0
DA:342,0
DA:343,0
DA:345,0
DA:356,0
DA:361,0
DA:367,0
DA:369,0
DA:370,0
DA:372,0
DA:373,0
DA:382,0
DA:388,0
DA:389,0
DA:398,0
DA:400,0
DA:405,0
DA:406,0
DA:412,0
DA:413,0
DA:414,0
DA:415,0
DA:417,0
DA:422,0
DA:425,0
DA:431,0
DA:432,0
DA:441,0
DA:444,0
DA:445,0
DA:448,0
DA:450,0
DA:457,0
DA:458,0
DA:461,0
DA:462,0
DA:463,0
DA:464,0
DA:468,0
DA:469,0
DA:470,0
DA:471,0
DA:478,0
DA:480,0
DA:481,0
DA:482,0
DA:484,0
DA:485,0
LF:162
LH:0
BRDA:92,0,0,0
BRDA:92,0,1,0
BRDA:95,1,0,0
BRDA:95,1,1,0
BRDA:102,2,0,0
BRDA:102,2,1,0
BRDA:123,3,0,0
BRDA:123,3,1,0
BRDA:123,4,0,0
BRDA:123,4,1,0
BRDA:130,5,0,0
BRDA:130,5,1,0
BRDA:131,6,0,0
BRDA:131,6,1,0
BRDA:140,7,0,0
BRDA:140,7,1,0
BRDA:140,8,0,0
BRDA:140,8,1,0
BRDA:159,9,0,0
BRDA:159,9,1,0
BRDA:165,10,0,0
BRDA:165,10,1,0
BRDA:176,11,0,0
BRDA:176,11,1,0
BRDA:184,12,0,0
BRDA:184,12,1,0
BRDA:189,13,0,0
BRDA:189,13,1,0
BRDA:210,14,0,0
BRDA:210,14,1,0
BRDA:221,15,0,0
BRDA:221,15,1,0
BRDA:222,16,0,0
BRDA:222,16,1,0
BRDA:231,17,0,0
BRDA:232,18,0,0
BRDA:232,18,1,0
BRDA:253,19,0,0
BRDA:253,19,1,0
BRDA:265,20,0,0
BRDA:265,20,1,0
BRDA:278,21,0,0
BRDA:278,21,1,0
BRDA:279,22,0,0
BRDA:279,22,1,0
BRDA:293,23,0,0
BRDA:293,23,1,0
BRDA:294,24,0,0
BRDA:294,24,1,0
BRDA:315,25,0,0
BRDA:315,25,1,0
BRDA:315,26,0,0
BRDA:315,26,1,0
BRDA:321,27,0,0
BRDA:321,27,1,0
BRDA:321,28,0,0
BRDA:321,28,1,0
BRDA:325,29,0,0
BRDA:325,29,1,0
BRDA:338,30,0,0
BRDA:338,30,1,0
BRDA:343,31,0,0
BRDA:343,31,1,0
BRDA:348,32,0,0
BRDA:348,32,1,0
BRDA:372,33,0,0
BRDA:372,33,1,0
BRDA:372,34,0,0
BRDA:372,34,1,0
BRDA:444,35,0,0
BRDA:444,35,1,0
BRDA:444,36,0,0
BRDA:444,36,1,0
BRDA:457,37,0,0
BRDA:457,37,1,0
BRDA:462,38,0,0
BRDA:462,38,1,0
BRDA:468,39,0,0
BRDA:468,39,1,0
BRDA:470,40,0,0
BRDA:470,40,1,0
BRF:81
BRH:0
end_of_record
TN:
SF:backend/utils/fuzzyMatch.js
FN:5,(anonymous_0)
FN:31,(anonymous_1)
FN:51,(anonymous_2)
FN:58,(anonymous_3)
FN:64,(anonymous_4)
FN:83,(anonymous_5)
FNF:6
FNH:0
FNDA:0,(anonymous_0)
FNDA:0,(anonymous_1)
FNDA:0,(anonymous_2)
FNDA:0,(anonymous_3)
FNDA:0,(anonymous_4)
FNDA:0,(anonymous_5)
DA:1,0
DA:2,0
DA:5,0
DA:6,0
DA:13,0
DA:31,0
DA:32,0
DA:33,0
DA:34,0
DA:37,0
DA:40,0
DA:41,0
DA:45,0
DA:46,0
DA:50,0
DA:51,0
DA:52,0
DA:57,0
DA:58,0
DA:64,0
DA:67,0
DA:68,0
DA:72,0
DA:73,0
DA:75,0
DA:79,0
DA:83,0
DA:84,0
DA:89,0
DA:90,0
DA:91,0
DA:92,0
DA:97,0
DA:101,0
DA:104,0
LF:35
LH:0
BRDA:40,0,0,0
BRDA:40,0,1,0
BRDA:45,1,0,0
BRDA:45,1,1,0
BRDA:51,2,0,0
BRDA:51,2,1,0
BRDA:67,3,0,0
BRDA:67,3,1,0
BRDA:67,4,0,0
BRDA:67,4,1,0
BRDA:73,5,0,0
BRDA:73,5,1,0
BRDA:73,6,0,0
BRDA:73,6,1,0
BRDA:91,7,0,0
BRDA:91,7,1,0
BRF:16
BRH:0
end_of_record
TN:
SF:backend/utils/monitoring.js
FN:18,(anonymous_0)
FN:43,(anonymous_1)
FN:82,(anonymous_2)
FN:120,(anonymous_3)
FN:151,(anonymous_4)
FN:154,(anonymous_5)
FN:172,(anonymous_6)
FN:191,(anonymous_7)
FN:202,(anonymous_8)
FN:219,(anonymous_9)
FN:223,(anonymous_10)
FN:227,(anonymous_11)
FN:230,(anonymous_12)
FN:240,(anonymous_13)
FN:256,(anonymous_14)
FN:258,(anonymous_15)
FN:264,(anonymous_16)
FN:266,(anonymous_17)
FN:269,(anonymous_18)
FN:271,(anonymous_19)
FN:273,(anonymous_20)
FN:284,(anonymous_21)
FN:292,(anonymous_22)
FN:293,(anonymous_23)
FN:298,(anonymous_24)
FN:303,(anonymous_25)
FN:322,(anonymous_26)
FN:332,(anonymous_27)
FN:344,(anonymous_28)
FN:348,(anonymous_29)
FNF:30
FNH:0
FNDA:0,(anonymous_0)
FNDA:0,(anonymous_1)
FNDA:0,(anonymous_2)
FNDA:0,(anonymous_3)
FNDA:0,(anonymous_4)
FNDA:0,(anonymous_5)
FNDA:0,(anonymous_6)
FNDA:0,(anonymous_7)
FNDA:0,(anonymous_8)
FNDA:0,(anonymous_9)
FNDA:0,(anonymous_10)
FNDA:0,(anonymous_11)
FNDA:0,(anonymous_12)
FNDA:0,(anonymous_13)
FNDA:0,(anonymous_14)
FNDA:0,(anonymous_15)
FNDA:0,(anonymous_16)
FNDA:0,(anonymous_17)
FNDA:0,(anonymous_18)
FNDA:0,(anonymous_19)
FNDA:0,(anonymous_20)
FNDA:0,(anonymous_21)
FNDA:0,(anonymous_22)
FNDA:0,(anonymous_23)
FNDA:0,(anonymous_24)
FNDA:0,(anonymous_25)
FNDA:0,(anonymous_26)
FNDA:0,(anonymous_27)
FNDA:0,(anonymous_28)
FNDA:0,(anonymous_29)
DA:13,0
DA:14,0
DA:15,0
DA:19,0
DA:20,0
DA:21,0
DA:30,0
DA:31,0
DA:32,0
DA:36,0
DA:44,0
DA:54,0
DA:57,0
DA:58,0
DA:62,0
DA:65,0
DA:68,0
DA:71,0
DA:72,0
DA:75,0
DA:83,0
DA:91,0
DA:94,0
DA:95,0
DA:99,0
DA:102,0
DA:103,0
DA:111,0
DA:112,0
DA:121,0
DA:129,0
DA:131,0
DA:132,0
DA:134,0
DA:135,0
DA:137,0
DA:138,0
DA:142,0
DA:143,0
DA:152,0
DA:153,0
DA:154,0
DA:156,0
DA:158,0
DA:174,0
DA:178,0
DA:182,0
DA:184,0
DA:188,0
DA:192,0
DA:193,0
DA:194,0
DA:196,0
DA:198,0
DA:209,0
DA:210,0
DA:211,0
DA:212,0
DA:213,0
DA:220,0
DA:222,0
DA:223,0
DA:224,0
DA:229,0
DA:230,0
DA:231,0
DA:232,0
DA:235,0
DA:241,0
DA:242,0
DA:243,0
DA:250,0
DA:252,0
DA:257,0
DA:258,0
DA:259,0
DA:260,0
DA:263,0
DA:264,0
DA:266,0
DA:270,0
DA:271,0
DA:273,0
DA:285,0
DA:287,0
DA:288,0
DA:291,0
DA:292,0
DA:293,0
DA:298,0
DA:301,0
DA:302,0
DA:303,0
DA:304,0
DA:305,0
DA:306,0
DA:308,0
DA:313,0
DA:319,0
DA:322,0
DA:323,0
DA:325,0
DA:332,0
DA:333,0
DA:334,0
DA:340,0
DA:344,0
DA:345,0
DA:348,0
DA:349,0
DA:355,0
LF:111
LH:0
BRDA:31,0,0,0
BRDA:31,0,1,0
BRDA:43,1,0,0
BRDA:46,2,0,0
BRDA:46,2,1,0
BRDA:57,3,0,0
BRDA:57,3,1,0
BRDA:71,4,0,0
BRDA:71,4,1,0
BRDA:82,5,0,0
BRDA:94,6,0,0
BRDA:94,6,1,0
BRDA:102,7,0,0
BRDA:102,7,1,0
BRDA:111,8,0,0
BRDA:111,8,1,0
BRDA:120,9,0,0
BRDA:129,10,0,0
BRDA:129,10,1,0
BRDA:129,10,2,0
BRDA:142,11,0,0
BRDA:142,11,1,0
BRDA:159,12,0,0
BRDA:159,12,1,0
BRDA:174,13,0,0
BRDA:174,13,1,0
BRDA:174,14,0,0
BRDA:174,14,1,0
BRDA:174,14,2,0
BRDA:174,14,3,0
BRDA:182,15,0,0
BRDA:182,15,1,0
BRDA:182,16,0,0
BRDA:182,16,1,0
BRDA:220,17,0,0
BRDA:220,17,1,0
BRDA:229,18,0,0
BRDA:229,18,1,0
BRDA:260,19,0,0
BRDA:260,19,1,0
BRDA:287,20,0,0
BRDA:287,20,1,0
BRDA:301,21,0,0
BRDA:301,21,1,0
BRF:44
BRH:0
end_of_record
TN:
SF:backend/utils/slugify.js
FN:1,slugify
FNF:1
FNH:0
FNDA:0,slugify
DA:2,0
DA:13,0
LF:2
LH:0
BRF:0
BRH:0
end_of_record
TN:
SF:frontend/src/components/AdminPanel_Fixed.js
FN:7,(anonymous_0)
FN:12,(anonymous_1)
FN:57,(anonymous_2)
FN:85,(anonymous_3)
FN:90,(anonymous_4)
FN:94,(anonymous_5)
FN:110,(anonymous_6)
FN:113,(anonymous_7)
FN:123,(anonymous_8)
FN:134,(anonymous_9)
FN:181,(anonymous_10)
FN:187,(anonymous_11)
FN:189,(anonymous_12)
FN:200,(anonymous_13)
FN:204,(anonymous_14)
FN:241,(anonymous_15)
FN:249,(anonymous_16)
FN:249,(anonymous_17)
FN:268,(anonymous_18)
FN:268,(anonymous_19)
FN:280,(anonymous_20)
FN:280,(anonymous_21)
FN:312,(anonymous_22)
FN:342,(anonymous_23)
FN:364,(anonymous_24)
FN:383,(anonymous_25)
FN:389,(anonymous_26)
FN:396,(anonymous_27)
FN:400,(anonymous_28)
FN:409,(anonymous_29)
FN:440,(anonymous_30)
FN:443,(anonymous_31)
FN:467,(anonymous_32)
FN:472,(anonymous_33)
FN:498,(anonymous_34)
FN:501,(anonymous_35)
FN:510,(anonymous_36)
FN:518,(anonymous_37)
FN:524,(anonymous_38)
FN:547,(anonymous_39)
FN:606,(anonymous_40)
FN:620,(anonymous_41)
FN:634,(anonymous_42)
FN:710,(anonymous_43)
FN:726,(anonymous_44)
FN:755,(anonymous_45)
FN:793,(anonymous_46)
FN:814,(anonymous_47)
FN:823,(anonymous_48)
FN:836,(anonymous_49)
FN:853,(anonymous_50)
FN:907,(anonymous_51)
FNF:52
FNH:0
FNDA:0,(anonymous_0)
FNDA:0,(anonymous_1)
FNDA:0,(anonymous_2)
FNDA:0,(anonymous_3)
FNDA:0,(anonymous_4)
FNDA:0,(anonymous_5)
FNDA:0,(anonymous_6)
FNDA:0,(anonymous_7)
FNDA:0,(anonymous_8)
FNDA:0,(anonymous_9)
FNDA:0,(anonymous_10)
FNDA:0,(anonymous_11)
FNDA:0,(anonymous_12)
FNDA:0,(anonymous_13)
FNDA:0,(anonymous_14)
FNDA:0,(anonymous_15)
FNDA:0,(anonymous_16)
FNDA:0,(anonymous_17)
FNDA:0,(anonymous_18)
FNDA:0,(anonymous_19)
FNDA:0,(anonymous_20)
FNDA:0,(anonymous_21)
FNDA:0,(anonymous_22)
FNDA:0,(anonymous_23)
FNDA:0,(anonymous_24)
FNDA:0,(anonymous_25)
FNDA:0,(anonymous_26)
FNDA:0,(anonymous_27)
FNDA:0,(anonymous_28)
FNDA:0,(anonymous_29)
FNDA:0,(anonymous_30)
FNDA:0,(anonymous_31)
FNDA:0,(anonymous_32)
FNDA:0,(anonymous_33)
FNDA:0,(anonymous_34)
FNDA:0,(anonymous_35)
FNDA:0,(anonymous_36)
FNDA:0,(anonymous_37)
FNDA:0,(anonymous_38)
FNDA:0,(anonymous_39)
FNDA:0,(anonymous_40)
FNDA:0,(anonymous_41)
FNDA:0,(anonymous_42)
FNDA:0,(anonymous_43)
FNDA:0,(anonymous_44)
FNDA:0,(anonymous_45)
FNDA:0,(anonymous_46)
FNDA:0,(anonymous_47)
FNDA:0,(anonymous_48)
FNDA:0,(anonymous_49)
FNDA:0,(anonymous_50)
FNDA:0,(anonymous_51)
DA:4,0
DA:7,0
DA:8,0
DA:9,0
DA:10,0
DA:12,0
DA:13,0
DA:14,0
DA:15,0
DA:17,0
DA:18,0
DA:25,0
DA:26,0
DA:27,0
DA:28,0
DA:30,0
DA:33,0
DA:35,0
DA:39,0
DA:57,0
DA:85,0
DA:86,0
DA:91,0
DA:94,0
DA:110,0
DA:111,0
DA:113,0
DA:114,0
DA:115,0
DA:116,0
DA:117,0
DA:118,0
DA:119,0
DA:123,0
DA:124,0
DA:125,0
DA:126,0
DA:128,0
DA:129,0
DA:130,0
DA:134,0
DA:135,0
DA:136,0
DA:137,0
DA:141,0
DA:181,0
DA:182,0
DA:183,0
DA:184,0
DA:185,0
DA:187,0
DA:188,0
DA:189,0
DA:190,0
DA:191,0
DA:197,0
DA:200,0
DA:201,0
DA:202,0
DA:203,0
DA:204,0
DA:205,0
DA:206,0
DA:207,0
DA:214,0
DA:215,0
DA:218,0
DA:220,0
DA:222,0
DA:226,0
DA:242,0
DA:249,0
DA:268,0
DA:280,0
DA:312,0
DA:313,0
DA:314,0
DA:317,0
DA:318,0
DA:319,0
DA:320,0
DA:321,0
DA:322,0
DA:323,0
DA:324,0
DA:325,0
DA:328,0
DA:329,0
DA:330,0
DA:331,0
DA:334,0
DA:335,0
DA:336,0
DA:338,0
DA:339,0
DA:342,0
DA:343,0
DA:344,0
DA:345,0
DA:346,0
DA:352,0
DA:353,0
DA:354,0
DA:357,0
DA:359,0
DA:364,0
DA:365,0
DA:366,0
DA:367,0
DA:373,0
DA:374,0
DA:375,0
DA:378,0
DA:383,0
DA:384,0
DA:385,0
DA:389,0
DA:390,0
DA:391,0
DA:396,0
DA:397,0
DA:398,0
DA:399,0
DA:400,0
DA:404,0
DA:405,0
DA:409,0
DA:410,0
DA:412,0
DA:413,0
DA:414,0
DA:417,0
DA:418,0
DA:420,0
DA:421,0
DA:435,0
DA:437,0
DA:438,0
DA:439,0
DA:440,0
DA:443,0
DA:449,0
DA:450,0
DA:453,0
DA:454,0
DA:457,0
DA:460,0
DA:462,0
DA:467,0
DA:468,0
DA:472,0
DA:473,0
DA:474,0
DA:486,0
DA:487,0
DA:488,0
DA:490,0
DA:493,0
DA:498,0
DA:499,0
DA:501,0
DA:509,0
DA:510,0
DA:511,0
DA:518,0
DA:520,0
DA:524,0
DA:525,0
DA:526,0
DA:527,0
DA:534,0
DA:535,0
DA:536,0
DA:537,0
DA:540,0
DA:542,0
DA:547,0
DA:548,0
DA:549,0
DA:550,0
DA:551,0
DA:553,0
DA:561,0
DA:563,0
DA:564,0
DA:566,0
DA:567,0
DA:569,0
DA:572,0
DA:574,0
DA:578,0
DA:606,0
DA:620,0
DA:634,0
DA:710,0
DA:726,0
DA:756,0
DA:793,0
DA:815,0
DA:824,0
DA:837,0
DA:838,0
DA:853,0
DA:907,0
LF:204
LH:0
BRDA:25,0,0,0
BRDA:25,0,1,0
BRDA:27,1,0,0
BRDA:27,1,1,0
BRDA:64,2,0,0
BRDA:64,2,1,0
BRDA:75,3,0,0
BRDA:75,3,1,0
BRDA:85,4,0,0
BRDA:96,5,0,0
BRDA:96,5,1,0
BRDA:116,6,0,0
BRDA:116,6,1,0
BRDA:116,7,0,0
BRDA:116,7,1,0
BRDA:118,8,0,0
BRDA:118,8,1,0
BRDA:129,9,0,0
BRDA:129,9,1,0
BRDA:129,10,0,0
BRDA:129,10,1,0
BRDA:136,11,0,0
BRDA:136,11,1,0
BRDA:136,12,0,0
BRDA:136,12,1,0
BRDA:146,13,0,0
BRDA:146,13,1,0
BRDA:157,14,0,0
BRDA:157,14,1,0
BRDA:170,15,0,0
BRDA:170,15,1,0
BRDA:173,16,0,0
BRDA:173,16,1,0
BRDA:192,17,0,0
BRDA:192,17,1,0
BRDA:193,18,0,0
BRDA:193,18,1,0
BRDA:206,19,0,0
BRDA:206,19,1,0
BRDA:206,20,0,0
BRDA:206,20,1,0
BRDA:214,21,0,0
BRDA:214,21,1,0
BRDA:248,22,0,0
BRDA:248,22,1,0
BRDA:259,23,0,0
BRDA:259,23,1,0
BRDA:267,24,0,0
BRDA:267,24,1,0
BRDA:279,25,0,0
BRDA:279,25,1,0
BRDA:303,26,0,0
BRDA:303,26,1,0
BRDA:343,27,0,0
BRDA:343,27,1,0
BRDA:352,28,0,0
BRDA:352,28,1,0
BRDA:365,29,0,0
BRDA:365,29,1,0
BRDA:373,30,0,0
BRDA:373,30,1,0
BRDA:384,31,0,0
BRDA:384,31,1,0
BRDA:384,32,0,0
BRDA:384,32,1,0
BRDA:384,32,2,0
BRDA:390,33,0,0
BRDA:390,33,1,0
BRDA:390,34,0,0
BRDA:390,34,1,0
BRDA:390,34,2,0
BRDA:404,35,0,0
BRDA:404,35,1,0
BRDA:412,36,0,0
BRDA:412,36,1,0
BRDA:412,37,0,0
BRDA:412,37,1,0
BRDA:412,37,2,0
BRDA:437,38,0,0
BRDA:437,38,1,0
BRDA:453,39,0,0
BRDA:453,39,1,0
BRDA:457,40,0,0
BRDA:457,40,1,0
BRDA:486,41,0,0
BRDA:486,41,1,0
BRDA:499,42,0,0
BRDA:499,42,1,0
BRDA:503,43,0,0
BRDA:503,43,1,0
BRDA:504,44,0,0
BRDA:504,44,1,0
BRDA:505,45,0,0
BRDA:505,45,1,0
BRDA:509,46,0,0
BRDA:509,46,1,0
BRDA:511,47,0,0
BRDA:511,47,1,0
BRDA:511,47,2,0
BRDA:534,48,0,0
BRDA:534,48,1,0
BRDA:563,49,0,0
BRDA:563,49,1,0
BRDA:608,50,0,0
BRDA:608,50,1,0
BRDA:622,51,0,0
BRDA:622,51,1,0
BRDA:636,52,0,0
BRDA:636,52,1,0
BRDA:664,53,0,0
BRDA:664,53,1,0
BRDA:674,54,0,0
BRDA:674,54,1,0
BRDA:676,55,0,0
BRDA:676,55,1,0
BRDA:685,56,0,0
BRDA:685,56,1,0
BRDA:689,57,0,0
BRDA:689,57,1,0
BRDA:745,58,0,0
BRDA:745,58,1,0
BRDA:751,59,0,0
BRDA:751,59,1,0
BRDA:774,60,0,0
BRDA:774,60,1,0
BRDA:783,61,0,0
BRDA:783,61,1,0
BRDA:798,62,0,0
BRDA:798,62,1,0
BRDA:802,63,0,0
BRDA:802,63,1,0
BRDA:824,64,0,0
BRDA:824,64,1,0
BRDA:840,65,0,0
BRDA:840,65,1,0
BRDA:870,66,0,0
BRDA:870,66,1,0
BRDA:886,67,0,0
BRDA:886,67,1,0
BRDA:902,68,0,0
BRDA:902,68,1,0
BRF:141
BRH:0
end_of_record
TN:
SF:frontend/src/components/AnalyticsPage.js
FN:6,(anonymous_0)
FN:12,(anonymous_1)
FN:16,(anonymous_2)
FN:40,(anonymous_3)
FN:42,(anonymous_4)
FN:51,(anonymous_5)
FN:58,(anonymous_6)
FN:122,(anonymous_7)
FN:212,(anonymous_8)
FN:239,(anonymous_9)
FN:271,(anonymous_10)
FN:304,(anonymous_11)
FN:310,(anonymous_12)
FN:335,(anonymous_13)
FNF:14
FNH:0
FNDA:0,(anonymous_0)
FNDA:0,(anonymous_1)
FNDA:0,(anonymous_2)
FNDA:0,(anonymous_3)
FNDA:0,(anonymous_4)
FNDA:0,(anonymous_5)
FNDA:0,(anonymous_6)
FNDA:0,(anonymous_7)
FNDA:0,(anonymous_8)
FNDA:0,(anonymous_9)
FNDA:0,(anonymous_10)
FNDA:0,(anonymous_11)
FNDA:0,(anonymous_12)
FNDA:0,(anonymous_13)
DA:4,0
DA:6,0
DA:7,0
DA:8,0
DA:9,0
DA:10,0
DA:12,0
DA:13,0
DA:16,0
DA:17,0
DA:18,0
DA:20,0
DA:21,0
DA:22,0
DA:23,0
DA:25,0
DA:27,0
DA:28,0
DA:30,0
DA:33,0
DA:34,0
DA:36,0
DA:40,0
DA:42,0
DA:43,0
DA:51,0
DA:52,0
DA:53,0
DA:54,0
DA:55,0
DA:58,0
DA:59,0
DA:60,0
DA:61,0
DA:64,0
DA:65,0
DA:77,0
DA:78,0
DA:103,0
DA:122,0
DA:213,0
DA:240,0
DA:272,0
DA:305,0
DA:311,0
DA:336,0
LF:46
LH:0
BRDA:22,0,0,0
BRDA:22,0,1,0
BRDA:27,1,0,0
BRDA:27,1,1,0
BRDA:30,2,0,0
BRDA:30,2,1,0
BRDA:52,3,0,0
BRDA:52,3,1,0
BRDA:53,4,0,0
BRDA:53,4,1,0
BRDA:54,5,0,0
BRDA:54,5,1,0
BRDA:59,6,0,0
BRDA:59,6,1,0
BRDA:60,7,0,0
BRDA:60,7,1,0
BRDA:64,8,0,0
BRDA:64,8,1,0
BRDA:77,9,0,0
BRDA:77,9,1,0
BRDA:210,10,0,0
BRDA:210,10,1,0
BRDA:237,11,0,0
BRDA:237,11,1,0
BRDA:269,12,0,0
BRDA:269,12,1,0
BRDA:279,13,0,0
BRDA:279,13,1,0
BRDA:282,14,0,0
BRDA:282,14,1,0
BRDA:302,15,0,0
BRDA:302,15,1,0
BRDA:315,16,0,0
BRDA:315,16,1,0
BRDA:324,17,0,0
BRDA:324,17,1,0
BRDA:331,18,0,0
BRDA:331,18,1,0
BRDA:340,19,0,0
BRDA:340,19,1,0
BRF:40
BRH:0
end_of_record
TN:
SF:frontend/src/components/ComprehensiveAdminPanel.js
FN:6,(anonymous_0)
FN:12,(anonymous_1)
FN:26,(anonymous_2)
FN:29,(anonymous_3)
FN:78,(anonymous_4)
FN:83,(anonymous_5)
FN:87,(anonymous_6)
FN:97,(anonymous_7)
FN:110,(anonymous_8)
FN:126,(anonymous_9)
FN:166,(anonymous_10)
FN:173,(anonymous_11)
FN:204,(anonymous_12)
FN:216,(anonymous_13)
FN:219,(anonymous_14)
FN:247,(anonymous_15)
FN:259,(anonymous_16)
FN:274,(anonymous_17)
FN:278,(anonymous_18)
FN:285,(anonymous_19)
FN:290,(anonymous_20)
FN:342,(anonymous_21)
FN:353,(anonymous_22)
FN:364,(anonymous_23)
FN:380,(anonymous_24)
FN:392,(anonymous_25)
FN:399,(anonymous_26)
FN:413,(anonymous_27)
FN:423,(anonymous_28)
FN:437,(anonymous_29)
FN:442,(anonymous_30)
FN:446,(anonymous_31)
FN:460,(anonymous_32)
FN:468,(anonymous_33)
FN:474,(anonymous_34)
FN:478,(anonymous_35)
FN:479,(anonymous_36)
FN:490,(anonymous_37)
FN:498,(anonymous_38)
FN:502,(anonymous_39)
FN:503,(anonymous_40)
FN:509,(anonymous_41)
FN:513,(anonymous_42)
FN:514,(anonymous_43)
FN:521,(anonymous_44)
FN:537,(anonymous_45)
FN:542,(anonymous_46)
FN:546,(anonymous_47)
FN:547,(anonymous_48)
FN:558,(anonymous_49)
FN:567,(anonymous_50)
FN:571,(anonymous_51)
FN:572,(anonymous_52)
FN:578,(anonymous_53)
FN:582,(anonymous_54)
FN:583,(anonymous_55)
FN:590,(anonymous_56)
FN:616,(anonymous_57)
FN:629,(anonymous_58)
FN:634,(anonymous_59)
FN:635,(anonymous_60)
FN:667,(anonymous_61)
FN:678,(anonymous_62)
FN:696,(anonymous_63)
FN:708,(anonymous_64)
FN:727,(anonymous_65)
FN:745,(anonymous_66)
FN:757,(anonymous_67)
FN:758,(anonymous_68)
FN:767,(anonymous_69)
FN:769,(anonymous_70)
FN:774,(anonymous_71)
FN:780,(anonymous_72)
FN:781,(anonymous_73)
FN:790,(anonymous_74)
FN:797,(anonymous_75)
FN:806,(anonymous_76)
FN:819,(anonymous_77)
FN:828,(anonymous_78)
FN:847,(anonymous_79)
FN:859,(anonymous_80)
FN:867,(anonymous_81)
FN:874,(anonymous_82)
FN:879,(anonymous_83)
FN:906,(anonymous_84)
FN:914,(anonymous_85)
FN:929,(anonymous_86)
FN:937,(anonymous_87)
FN:971,(anonymous_88)
FN:972,(anonymous_89)
FN:972,(anonymous_90)
FN:986,(anonymous_91)
FN:990,(anonymous_92)
FN:1005,(anonymous_93)
FN:1008,(anonymous_94)
FN:1016,(anonymous_95)
FN:1026,(anonymous_96)
FN:1039,(anonymous_97)
FN:1089,(anonymous_98)
FN:1112,(anonymous_99)
FN:1120,(anonymous_100)
FN:1131,(anonymous_101)
FN:1135,(anonymous_102)
FN:1165,(anonymous_103)
FN:1191,(anonymous_104)
FN:1210,(anonymous_105)
FN:1315,(anonymous_106)
FN:1327,(anonymous_107)
FN:1352,(anonymous_108)
FN:1360,(anonymous_109)
FN:1361,(anonymous_110)
FN:1380,(anonymous_111)
FN:1396,(anonymous_112)
FN:1413,(anonymous_113)
FN:1426,(anonymous_114)
FN:1461,(anonymous_115)
FN:1465,(anonymous_116)
FN:1466,(anonymous_117)
FN:1489,(anonymous_118)
FN:1509,(anonymous_119)
FNF:120
FNH:0
FNDA:0,(anonymous_0)
FNDA:0,(anonymous_1)
FNDA:0,(anonymous_2)
FNDA:0,(anonymous_3)
FNDA:0,(anonymous_4)
FNDA:0,(anonymous_5)
FNDA:0,(anonymous_6)
FNDA:0,(anonymous_7)
FNDA:0,(anonymous_8)
FNDA:0,(anonymous_9)
FNDA:0,(anonymous_10)
FNDA:0,(anonymous_11)
FNDA:0,(anonymous_12)
FNDA:0,(anonymous_13)
FNDA:0,(anonymous_14)
FNDA:0,(anonymous_15)
FNDA:0,(anonymous_16)
FNDA:0,(anonymous_17)
FNDA:0,(anonymous_18)
FNDA:0,(anonymous_19)
FNDA:0,(anonymous_20)
FNDA:0,(anonymous_21)
FNDA:0,(anonymous_22)
FNDA:0,(anonymous_23)
FNDA:0,(anonymous_24)
FNDA:0,(anonymous_25)
FNDA:0,(anonymous_26)
FNDA:0,(anonymous_27)
FNDA:0,(anonymous_28)
FNDA:0,(anonymous_29)
FNDA:0,(anonymous_30)
FNDA:0,(anonymous_31)
FNDA:0,(anonymous_32)
FNDA:0,(anonymous_33)
FNDA:0,(anonymous_34)
FNDA:0,(anonymous_35)
FNDA:0,(anonymous_36)
FNDA:0,(anonymous_37)
FNDA:0,(anonymous_38)
FNDA:0,(anonymous_39)
FNDA:0,(anonymous_40)
FNDA:0,(anonymous_41)
FNDA:0,(anonymous_42)
FNDA:0,(anonymous_43)
FNDA:0,(anonymous_44)
FNDA:0,(anonymous_45)
FNDA:0,(anonymous_46)
FNDA:0,(anonymous_47)
FNDA:0,(anonymous_48)
FNDA:0,(anonymous_49)
FNDA:0,(anonymous_50)
FNDA:0,(anonymous_51)
FNDA:0,(anonymous_52)
FNDA:0,(anonymous_53)
FNDA:0,(anonymous_54)
FNDA:0,(anonymous_55)
FNDA:0,(anonymous_56)
FNDA:0,(anonymous_57)
FNDA:0,(anonymous_58)
FNDA:0,(anonymous_59)
FNDA:0,(anonymous_60)
FNDA:0,(anonymous_61)
FNDA:0,(anonymous_62)
FNDA:0,(anonymous_63)
FNDA:0,(anonymous_64)
FNDA:0,(anonymous_65)
FNDA:0,(anonymous_66)
FNDA:0,(anonymous_67)
FNDA:0,(anonymous_68)
FNDA:0,(anonymous_69)
FNDA:0,(anonymous_70)
FNDA:0,(anonymous_71)
FNDA:0,(anonymous_72)
FNDA:0,(anonymous_73)
FNDA:0,(anonymous_74)
FNDA:0,(anonymous_75)
FNDA:0,(anonymous_76)
FNDA:0,(anonymous_77)
FNDA:0,(anonymous_78)
FNDA:0,(anonymous_79)
FNDA:0,(anonymous_80)
FNDA:0,(anonymous_81)
FNDA:0,(anonymous_82)
FNDA:0,(anonymous_83)
FNDA:0,(anonymous_84)
FNDA:0,(anonymous_85)
FNDA:0,(anonymous_86)
FNDA:0,(anonymous_87)
FNDA:0,(anonymous_88)
FNDA:0,(anonymous_89)
FNDA:0,(anonymous_90)
FNDA:0,(anonymous_91)
FNDA:0,(anonymous_92)
FNDA:0,(anonymous_93)
FNDA:0,(anonymous_94)
FNDA:0,(anonymous_95)
FNDA:0,(anonymous_96)
FNDA:0,(anonymous_97)
FNDA:0,(anonymous_98)
FNDA:0,(anonymous_99)
FNDA:0,(anonymous_100)
FNDA:0,(anonymous_101)
FNDA:0,(anonymous_102)
FNDA:0,(anonymous_103)
FNDA:0,(anonymous_104)
FNDA:0,(anonymous_105)
FNDA:0,(anonymous_106)
FNDA:0,(anonymous_107)
FNDA:0,(anonymous_108)
FNDA:0,(anonymous_109)
FNDA:0,(anonymous_110)
FNDA:0,(anonymous_111)
FNDA:0,(anonymous_112)
FNDA:0,(anonymous_113)
FNDA:0,(anonymous_114)
FNDA:0,(anonymous_115)
FNDA:0,(anonymous_116)
FNDA:0,(anonymous_117)
FNDA:0,(anonymous_118)
FNDA:0,(anonymous_119)
DA:4,0
DA:6,0
DA:7,0
DA:12,0
DA:13,0
DA:22,0
DA:27,0
DA:29,0
DA:47,0
DA:78,0
DA:79,0
DA:80,0
DA:81,0
DA:83,0
DA:84,0
DA:87,0
DA:88,0
DA:89,0
DA:90,0
DA:93,0
DA:94,0
DA:95,0
DA:96,0
DA:97,0
DA:98,0
DA:99,0
DA:102,0
DA:104,0
DA:106,0
DA:110,0
DA:111,0
DA:112,0
DA:113,0
DA:114,0
DA:115,0
DA:119,0
DA:120,0
DA:126,0
DA:142,0
DA:166,0
DA:167,0
DA:168,0
DA:169,0
DA:171,0
DA:173,0
DA:174,0
DA:176,0
DA:177,0
DA:178,0
DA:179,0
DA:181,0
DA:183,0
DA:187,0
DA:189,0
DA:204,0
DA:216,0
DA:220,0
DA:247,0
DA:248,0
DA:249,0
DA:250,0
DA:251,0
DA:252,0
DA:253,0
DA:254,0
DA:255,0
DA:256,0
DA:257,0
DA:259,0
DA:260,0
DA:261,0
DA:262,0
DA:264,0
DA:265,0
DA:266,0
DA:269,0
DA:271,0
DA:274,0
DA:275,0
DA:278,0
DA:279,0
DA:280,0
DA:281,0
DA:285,0
DA:286,0
DA:287,0
DA:290,0
DA:291,0
DA:293,0
DA:294,0
DA:295,0
DA:296,0
DA:299,0
DA:301,0
DA:313,0
DA:314,0
DA:316,0
DA:328,0
DA:329,0
DA:341,0
DA:342,0
DA:343,0
DA:346,0
DA:348,0
DA:349,0
DA:353,0
DA:354,0
DA:355,0
DA:364,0
DA:365,0
DA:366,0
DA:379,0
DA:380,0
DA:381,0
DA:384,0
DA:385,0
DA:387,0
DA:388,0
DA:392,0
DA:393,0
DA:395,0
DA:396,0
DA:399,0
DA:401,0
DA:402,0
DA:405,0
DA:413,0
DA:423,0
DA:437,0
DA:442,0
DA:447,0
DA:461,0
DA:469,0
DA:474,0
DA:478,0
DA:479,0
DA:491,0
DA:492,0
DA:498,0
DA:502,0
DA:503,0
DA:509,0
DA:513,0
DA:514,0
DA:521,0
DA:538,0
DA:542,0
DA:546,0
DA:547,0
DA:559,0
DA:560,0
DA:567,0
DA:571,0
DA:572,0
DA:578,0
DA:582,0
DA:583,0
DA:590,0
DA:616,0
DA:629,0
DA:630,0
DA:631,0
DA:632,0
DA:634,0
DA:635,0
DA:636,0
DA:637,0
DA:638,0
DA:639,0
DA:641,0
DA:643,0
DA:646,0
DA:649,0
DA:650,0
DA:653,0
DA:660,0
DA:667,0
DA:679,0
DA:697,0
DA:709,0
DA:727,0
DA:728,0
DA:729,0
DA:730,0
DA:731,0
DA:732,0
DA:733,0
DA:734,0
DA:735,0
DA:736,0
DA:737,0
DA:738,0
DA:740,0
DA:745,0
DA:746,0
DA:747,0
DA:748,0
DA:751,0
DA:752,0
DA:753,0
DA:755,0
DA:756,0
DA:757,0
DA:758,0
DA:760,0
DA:763,0
DA:767,0
DA:768,0
DA:769,0
DA:770,0
DA:771,0
DA:774,0
DA:775,0
DA:776,0
DA:777,0
DA:780,0
DA:781,0
DA:790,0
DA:791,0
DA:793,0
DA:794,0
DA:797,0
DA:798,0
DA:801,0
DA:802,0
DA:806,0
DA:807,0
DA:808,0
DA:809,0
DA:810,0
DA:815,0
DA:816,0
DA:819,0
DA:820,0
DA:822,0
DA:824,0
DA:825,0
DA:827,0
DA:828,0
DA:829,0
DA:832,0
DA:833,0
DA:846,0
DA:847,0
DA:848,0
DA:853,0
DA:854,0
DA:855,0
DA:856,0
DA:859,0
DA:861,0
DA:862,0
DA:864,0
DA:867,0
DA:868,0
DA:870,0
DA:871,0
DA:872,0
DA:873,0
DA:874,0
DA:875,0
DA:877,0
DA:879,0
DA:880,0
DA:881,0
DA:890,0
DA:891,0
DA:892,0
DA:905,0
DA:906,0
DA:907,0
DA:912,0
DA:913,0
DA:914,0
DA:916,0
DA:917,0
DA:919,0
DA:922,0
DA:929,0
DA:937,0
DA:971,0
DA:972,0
DA:987,0
DA:990,0
DA:1005,0
DA:1009,0
DA:1017,0
DA:1026,0
DA:1039,0
DA:1089,0
DA:1112,0
DA:1113,0
DA:1114,0
DA:1115,0
DA:1116,0
DA:1117,0
DA:1118,0
DA:1120,0
DA:1121,0
DA:1122,0
DA:1123,0
DA:1124,0
DA:1126,0
DA:1128,0
DA:1131,0
DA:1132,0
DA:1135,0
DA:1136,0
DA:1137,0
DA:1140,0
DA:1142,0
DA:1143,0
DA:1150,0
DA:1152,0
DA:1153,0
DA:1155,0
DA:1156,0
DA:1160,0
DA:1161,0
DA:1165,0
DA:1166,0
DA:1167,0
DA:1168,0
DA:1169,0
DA:1176,0
DA:1177,0
DA:1178,0
DA:1179,0
DA:1181,0
DA:1184,0
DA:1185,0
DA:1187,0
DA:1191,0
DA:1192,0
DA:1193,0
DA:1196,0
DA:1197,0
DA:1198,0
DA:1199,0
DA:1200,0
DA:1208,0
DA:1209,0
DA:1210,0
DA:1212,0
DA:1213,0
DA:1216,0
DA:1217,0
DA:1219,0
DA:1223,0
DA:1224,0
DA:1227,0
DA:1316,0
DA:1328,0
DA:1330,0
DA:1352,0
DA:1353,0
DA:1360,0
DA:1361,0
DA:1367,0
DA:1380,0
DA:1396,0
DA:1413,0
DA:1426,0
DA:1461,0
DA:1462,0
DA:1463,0
DA:1465,0
DA:1466,0
DA:1467,0
DA:1468,0
DA:1469,0
DA:1471,0
DA:1472,0
DA:1474,0
DA:1481,0
DA:1483,0
DA:1486,0
DA:1487,0
DA:1489,0
DA:1492,0
DA:1493,0
DA:1496,0
DA:1503,0
DA:1510,0
LF:384
LH:0
BRDA:31,0,0,0
BRDA:31,0,1,0
BRDA:66,1,0,0
BRDA:66,1,1,0
BRDA:67,2,0,0
BRDA:67,2,1,0
BRDA:68,3,0,0
BRDA:68,3,1,0
BRDA:69,4,0,0
BRDA:69,4,1,0
BRDA:70,5,0,0
BRDA:70,5,1,0
BRDA:71,6,0,0
BRDA:71,6,1,0
BRDA:78,7,0,0
BRDA:78,8,0,0
BRDA:78,9,0,0
BRDA:79,10,0,0
BRDA:79,10,1,0
BRDA:84,11,0,0
BRDA:84,11,1,0
BRDA:88,12,0,0
BRDA:88,12,1,0
BRDA:104,13,0,0
BRDA:104,13,1,0
BRDA:111,14,0,0
BRDA:111,14,1,0
BRDA:113,15,0,0
BRDA:113,15,1,0
BRDA:114,16,0,0
BRDA:114,16,1,0
BRDA:119,17,0,0
BRDA:119,17,1,0
BRDA:131,18,0,0
BRDA:131,18,1,0
BRDA:133,19,0,0
BRDA:133,19,1,0
BRDA:147,20,0,0
BRDA:147,20,1,0
BRDA:150,21,0,0
BRDA:150,21,1,0
BRDA:167,22,0,0
BRDA:167,22,1,0
BRDA:168,23,0,0
BRDA:168,23,1,0
BRDA:174,24,0,0
BRDA:174,24,1,0
BRDA:174,25,0,0
BRDA:174,25,1,0
BRDA:187,26,0,0
BRDA:187,26,1,0
BRDA:235,27,0,0
BRDA:235,27,1,0
BRDA:235,27,2,0
BRDA:238,28,0,0
BRDA:238,28,1,0
BRDA:264,29,0,0
BRDA:264,29,1,0
BRDA:279,30,0,0
BRDA:279,30,1,0
BRDA:279,31,0,0
BRDA:279,31,1,0
BRDA:287,32,0,0
BRDA:287,32,1,0
BRDA:293,33,0,0
BRDA:293,33,1,0
BRDA:295,34,0,0
BRDA:295,34,1,0
BRDA:295,35,0,0
BRDA:295,35,1,0
BRDA:299,36,0,0
BRDA:299,36,1,0
BRDA:313,37,0,0
BRDA:313,37,1,0
BRDA:314,38,0,0
BRDA:314,38,1,0
BRDA:328,39,0,0
BRDA:328,39,1,0
BRDA:341,40,0,0
BRDA:341,40,1,0
BRDA:341,41,0,0
BRDA:341,41,1,0
BRDA:343,42,0,0
BRDA:343,42,1,0
BRDA:358,43,0,0
BRDA:358,43,1,0
BRDA:360,44,0,0
BRDA:360,44,1,0
BRDA:379,45,0,0
BRDA:379,45,1,0
BRDA:381,46,0,0
BRDA:381,46,1,0
BRDA:393,47,0,0
BRDA:393,47,1,0
BRDA:395,48,0,0
BRDA:395,48,1,0
BRDA:396,49,0,0
BRDA:396,49,1,0
BRDA:401,50,0,0
BRDA:401,50,1,0
BRDA:415,51,0,0
BRDA:415,51,1,0
BRDA:425,52,0,0
BRDA:425,52,1,0
BRDA:453,53,0,0
BRDA:453,53,1,0
BRDA:494,54,0,0
BRDA:494,54,1,0
BRDA:563,55,0,0
BRDA:563,55,1,0
BRDA:605,56,0,0
BRDA:605,56,1,0
BRDA:613,57,0,0
BRDA:613,57,1,0
BRDA:649,58,0,0
BRDA:649,58,1,0
BRDA:654,59,0,0
BRDA:654,59,1,0
BRDA:655,60,0,0
BRDA:655,60,1,0
BRDA:656,61,0,0
BRDA:656,61,1,0
BRDA:657,62,0,0
BRDA:657,62,1,0
BRDA:691,63,0,0
BRDA:691,63,1,0
BRDA:708,64,0,0
BRDA:708,64,1,0
BRDA:746,65,0,0
BRDA:746,65,1,0
BRDA:755,66,0,0
BRDA:755,66,1,0
BRDA:793,67,0,0
BRDA:793,67,1,0
BRDA:798,68,0,0
BRDA:798,68,1,0
BRDA:801,69,0,0
BRDA:801,69,1,0
BRDA:807,70,0,0
BRDA:807,70,1,0
BRDA:809,71,0,0
BRDA:809,71,1,0
BRDA:809,72,0,0
BRDA:809,72,1,0
BRDA:822,73,0,0
BRDA:822,73,1,0
BRDA:829,74,0,0
BRDA:829,74,1,0
BRDA:842,75,0,0
BRDA:842,75,1,0
BRDA:846,76,0,0
BRDA:846,76,1,0
BRDA:848,77,0,0
BRDA:848,77,1,0
BRDA:862,78,0,0
BRDA:862,78,1,0
BRDA:868,79,0,0
BRDA:868,79,1,0
BRDA:880,80,0,0
BRDA:880,80,1,0
BRDA:885,81,0,0
BRDA:885,81,1,0
BRDA:891,82,0,0
BRDA:891,82,1,0
BRDA:891,83,0,0
BRDA:891,83,1,0
BRDA:891,83,2,0
BRDA:905,84,0,0
BRDA:905,84,1,0
BRDA:907,85,0,0
BRDA:907,85,1,0
BRDA:917,86,0,0
BRDA:917,86,1,0
BRDA:931,87,0,0
BRDA:931,87,1,0
BRDA:939,88,0,0
BRDA:939,88,1,0
BRDA:948,89,0,0
BRDA:948,89,1,0
BRDA:955,90,0,0
BRDA:955,90,1,0
BRDA:961,91,0,0
BRDA:961,91,1,0
BRDA:974,92,0,0
BRDA:974,92,1,0
BRDA:979,93,0,0
BRDA:979,93,1,0
BRDA:984,94,0,0
BRDA:984,94,1,0
BRDA:984,94,2,0
BRDA:1025,95,0,0
BRDA:1025,95,1,0
BRDA:1028,96,0,0
BRDA:1028,96,1,0
BRDA:1032,97,0,0
BRDA:1032,97,1,0
BRDA:1038,98,0,0
BRDA:1038,98,1,0
BRDA:1060,99,0,0
BRDA:1060,99,1,0
BRDA:1068,100,0,0
BRDA:1068,100,1,0
BRDA:1071,101,0,0
BRDA:1071,101,1,0
BRDA:1099,102,0,0
BRDA:1099,102,1,0
BRDA:1102,103,0,0
BRDA:1102,103,1,0
BRDA:1124,104,0,0
BRDA:1124,104,1,0
BRDA:1136,105,0,0
BRDA:1136,105,1,0
BRDA:1152,106,0,0
BRDA:1152,106,1,0
BRDA:1155,107,0,0
BRDA:1155,107,1,0
BRDA:1155,107,2,0
BRDA:1177,108,0,0
BRDA:1177,108,1,0
BRDA:1181,109,0,0
BRDA:1181,109,1,0
BRDA:1192,110,0,0
BRDA:1192,110,1,0
BRDA:1208,111,0,0
BRDA:1208,111,1,0
BRDA:1213,112,0,0
BRDA:1213,112,1,0
BRDA:1223,113,0,0
BRDA:1223,113,1,0
BRDA:1232,114,0,0
BRDA:1232,114,1,0
BRDA:1233,115,0,0
BRDA:1233,115,1,0
BRDA:1250,116,0,0
BRDA:1250,116,1,0
BRDA:1253,117,0,0
BRDA:1253,117,1,0
BRDA:1253,117,2,0
BRDA:1256,118,0,0
BRDA:1256,118,1,0
BRDA:1266,119,0,0
BRDA:1266,119,1,0
BRDA:1269,120,0,0
BRDA:1269,120,1,0
BRDA:1283,121,0,0
BRDA:1283,121,1,0
BRDA:1283,121,2,0
BRDA:1286,122,0,0
BRDA:1286,122,1,0
BRDA:1316,123,0,0
BRDA:1316,123,1,0
BRDA:1320,124,0,0
BRDA:1320,124,1,0
BRDA:1328,125,0,0
BRDA:1328,125,1,0
BRDA:1339,126,0,0
BRDA:1339,126,1,0
BRDA:1476,127,0,0
BRDA:1476,127,1,0
BRDA:1477,128,0,0
BRDA:1477,128,1,0
BRDA:1492,129,0,0
BRDA:1492,129,1,0
BRDA:1497,130,0,0
BRDA:1497,130,1,0
BRDA:1497,131,0,0
BRDA:1497,131,1,0
BRDA:1498,132,0,0
BRDA:1498,132,1,0
BRDA:1499,133,0,0
BRDA:1499,133,1,0
BRDA:1500,134,0,0
BRDA:1500,134,1,0
BRDA:1517,135,0,0
BRDA:1517,135,1,0
BRF:275
BRH:0
end_of_record
TN:
SF:frontend/src/components/CookieConsent.js
FN:4,(anonymous_0)
FN:14,(anonymous_1)
FN:24,(anonymous_2)
FN:56,(anonymous_3)
FN:88,(anonymous_4)
FN:117,(anonymous_5)
FN:119,(anonymous_6)
FN:157,(anonymous_7)
FN:172,(anonymous_8)
FN:204,(anonymous_9)
FN:223,(anonymous_10)
FN:242,(anonymous_11)
FNF:12
FNH:0
FNDA:0,(anonymous_0)
FNDA:0,(anonymous_1)
FNDA:0,(anonymous_2)
FNDA:0,(anonymous_3)
FNDA:0,(anonymous_4)
FNDA:0,(anonymous_5)
FNDA:0,(anonymous_6)
FNDA:0,(anonymous_7)
FNDA:0,(anonymous_8)
FNDA:0,(anonymous_9)
FNDA:0,(anonymous_10)
FNDA:0,(anonymous_11)
DA:4,0
DA:5,0
DA:6,0
DA:7,0
DA:14,0
DA:15,0
DA:16,0
DA:17,0
DA:19,0
DA:20,0
DA:24,0
DA:25,0
DA:34,0
DA:35,0
DA:36,0
DA:47,0
DA:50,0
DA:51,0
DA:52,0
DA:53,0
DA:56,0
DA:57,0
DA:66,0
DA:67,0
DA:68,0
DA:79,0
DA:82,0
DA:83,0
DA:84,0
DA:85,0
DA:88,0
DA:89,0
DA:95,0
DA:96,0
DA:97,0
DA:108,0
DA:111,0
DA:112,0
DA:113,0
DA:114,0
DA:117,0
DA:118,0
DA:119,0
DA:122,0
DA:124,0
DA:157,0
DA:172,0
DA:204,0
DA:223,0
DA:242,0
LF:50
LH:0
BRDA:16,0,0,0
BRDA:16,0,1,0
BRDA:118,1,0,0
BRDA:118,1,1,0
BRDA:122,2,0,0
BRDA:122,2,1,0
BRDA:127,3,0,0
BRDA:127,3,1,0
BRF:8
BRH:0
end_of_record
TN:
SF:frontend/src/components/DataDeletionRequest.js
FN:4,(anonymous_0)
FN:21,(anonymous_1)
FN:23,(anonymous_2)
FN:26,(anonymous_3)
FN:27,(anonymous_4)
FN:33,(anonymous_5)
FN:223,(anonymous_6)
FN:228,(anonymous_7)
FNF:8
FNH:0
FNDA:0,(anonymous_0)
FNDA:0,(anonymous_1)
FNDA:0,(anonymous_2)
FNDA:0,(anonymous_3)
FNDA:0,(anonymous_4)
FNDA:0,(anonymous_5)
FNDA:0,(anonymous_6)
FNDA:0,(anonymous_7)
DA:4,0
DA:5,0
DA:17,0
DA:18,0
DA:19,0
DA:21,0
DA:22,0
DA:23,0
DA:26,0
DA:27,0
DA:33,0
DA:34,0
DA:35,0
DA:36,0
DA:38,0
DA:40,0
DA:41,0
DA:49,0
DA:50,0
DA:53,0
DA:55,0
DA:57,0
DA:58,0
DA:63,0
DA:65,0
DA:67,0
DA:70,0
DA:72,0
DA:76,0
DA:77,0
DA:105,0
DA:224,0
DA:228,0
LF:33
LH:0
BRDA:49,0,0,0
BRDA:49,0,1,0
BRDA:55,1,0,0
BRDA:55,1,1,0
BRDA:57,2,0,0
BRDA:57,2,1,0
BRDA:67,3,0,0
BRDA:67,3,1,0
BRDA:76,4,0,0
BRDA:76,4,1,0
BRDA:212,5,0,0
BRDA:212,5,1,0
BRDA:253,6,0,0
BRDA:253,6,1,0
BRDA:266,7,0,0
BRDA:266,7,1,0
BRF:16
BRH:0
end_of_record
TN:
SF:frontend/src/components/EnhancedProductMatching.js
FN:3,(anonymous_0)
FN:16,(anonymous_1)
FN:30,(anonymous_2)
FN:38,(anonymous_3)
FN:43,(anonymous_4)
FN:55,(anonymous_5)
FN:69,(anonymous_6)
FN:78,(anonymous_7)
FN:81,(anonymous_8)
FN:98,(anonymous_9)
FN:99,(anonymous_10)
FN:105,(anonymous_11)
FN:111,(anonymous_12)
FN:128,(anonymous_13)
FN:132,(anonymous_14)
FN:133,(anonymous_15)
FN:140,(anonymous_16)
FN:143,(anonymous_17)
FN:154,(anonymous_18)
FN:163,(anonymous_19)
FN:178,(anonymous_20)
FN:188,(anonymous_21)
FN:204,(anonymous_22)
FN:226,(anonymous_23)
FN:250,(anonymous_24)
FN:256,(anonymous_25)
FN:257,(anonymous_26)
FN:272,(anonymous_27)
FN:287,(anonymous_28)
FN:290,(anonymous_29)
FNF:30
FNH:0
FNDA:0,(anonymous_0)
FNDA:0,(anonymous_1)
FNDA:0,(anonymous_2)
FNDA:0,(anonymous_3)
FNDA:0,(anonymous_4)
FNDA:0,(anonymous_5)
FNDA:0,(anonymous_6)
FNDA:0,(anonymous_7)
FNDA:0,(anonymous_8)
FNDA:0,(anonymous_9)
FNDA:0,(anonymous_10)
FNDA:0,(anonymous_11)
FNDA:0,(anonymous_12)
FNDA:0,(anonymous_13)
FNDA:0,(anonymous_14)
FNDA:0,(anonymous_15)
FNDA:0,(anonymous_16)
FNDA:0,(anonymous_17)
FNDA:0,(anonymous_18)
FNDA:0,(anonymous_19)
FNDA:0,(anonymous_20)
FNDA:0,(anonymous_21)
FNDA:0,(anonymous_22)
FNDA:0,(anonymous_23)
FNDA:0,(anonymous_24)
FNDA:0,(anonymous_25)
FNDA:0,(anonymous_26)
FNDA:0,(anonymous_27)
FNDA:0,(anonymous_28)
FNDA:0,(anonymous_29)
DA:3,0
DA:9,0
DA:10,0
DA:11,0
DA:12,0
DA:13,0
DA:16,0
DA:17,0
DA:18,0
DA:19,0
DA:20,0
DA:22,0
DA:24,0
DA:30,0
DA:31,0
DA:32,0
DA:33,0
DA:34,0
DA:37,0
DA:38,0
DA:40,0
DA:43,0
DA:44,0
DA:48,0
DA:50,0
DA:54,0
DA:55,0
DA:57,0
DA:58,0
DA:59,0
DA:61,0
DA:62,0
DA:64,0
DA:69,0
DA:71,0
DA:72,0
DA:73,0
DA:74,0
DA:77,0
DA:78,0
DA:79,0
DA:81,0
DA:82,0
DA:84,0
DA:85,0
DA:89,0
DA:92,0
DA:93,0
DA:94,0
DA:98,0
DA:99,0
DA:100,0
DA:102,0
DA:104,0
DA:105,0
DA:106,0
DA:108,0
DA:110,0
DA:111,0
DA:112,0
DA:114,0
DA:116,0
DA:117,0
DA:118,0
DA:120,0
DA:122,0
DA:123,0
DA:127,0
DA:128,0
DA:132,0
DA:133,0
DA:134,0
DA:135,0
DA:139,0
DA:140,0
DA:143,0
DA:145,0
DA:147,0
DA:148,0
DA:152,0
DA:154,0
DA:158,0
DA:159,0
DA:160,0
DA:163,0
DA:164,0
DA:165,0
DA:170,0
DA:173,0
DA:174,0
DA:175,0
DA:178,0
DA:179,0
DA:180,0
DA:183,0
DA:184,0
DA:188,0
DA:189,0
DA:192,0
DA:193,0
DA:197,0
DA:198,0
DA:201,0
DA:204,0
DA:205,0
DA:207,0
DA:208,0
DA:211,0
DA:212,0
DA:215,0
DA:218,0
DA:227,0
DA:251,0
DA:256,0
DA:257,0
DA:272,0
DA:288,0
DA:290,0
LF:118
LH:0
BRDA:6,0,0,0
BRDA:7,1,0,0
BRDA:12,2,0,0
BRDA:12,2,1,0
BRDA:18,3,0,0
BRDA:18,3,1,0
BRDA:31,4,0,0
BRDA:31,4,1,0
BRDA:43,5,0,0
BRDA:43,5,1,0
BRDA:48,6,0,0
BRDA:48,6,1,0
BRDA:50,7,0,0
BRDA:50,7,1,0
BRDA:50,7,2,0
BRDA:54,8,0,0
BRDA:54,8,1,0
BRDA:58,9,0,0
BRDA:58,9,1,0
BRDA:58,10,0,0
BRDA:58,10,1,0
BRDA:61,11,0,0
BRDA:61,11,1,0
BRDA:61,12,0,0
BRDA:61,12,1,0
BRDA:73,13,0,0
BRDA:73,13,1,0
BRDA:73,14,0,0
BRDA:73,14,1,0
BRDA:74,15,0,0
BRDA:74,15,1,0
BRDA:74,16,0,0
BRDA:74,16,1,0
BRDA:77,17,0,0
BRDA:77,17,1,0
BRDA:84,18,0,0
BRDA:84,18,1,0
BRDA:84,19,0,0
BRDA:84,19,1,0
BRDA:85,20,0,0
BRDA:85,20,1,0
BRDA:85,21,0,0
BRDA:85,21,1,0
BRDA:100,22,0,0
BRDA:100,22,1,0
BRDA:102,23,0,0
BRDA:102,23,1,0
BRDA:102,23,2,0
BRDA:102,23,3,0
BRDA:106,24,0,0
BRDA:106,24,1,0
BRDA:112,25,0,0
BRDA:112,25,1,0
BRDA:117,26,0,0
BRDA:117,26,1,0
BRDA:117,27,0,0
BRDA:117,27,1,0
BRDA:134,28,0,0
BRDA:134,28,1,0
BRDA:134,29,0,0
BRDA:134,29,1,0
BRDA:145,30,0,0
BRDA:145,30,1,0
BRDA:147,31,0,0
BRDA:147,31,1,0
BRDA:158,32,0,0
BRDA:158,32,1,0
BRDA:158,33,0,0
BRDA:158,33,1,0
BRDA:159,34,0,0
BRDA:159,34,1,0
BRDA:164,35,0,0
BRDA:164,35,1,0
BRDA:183,36,0,0
BRDA:183,36,1,0
BRDA:192,37,0,0
BRDA:192,37,1,0
BRDA:192,38,0,0
BRDA:192,38,1,0
BRDA:197,39,0,0
BRDA:197,39,1,0
BRDA:197,40,0,0
BRDA:197,40,1,0
BRDA:207,41,0,0
BRDA:207,41,1,0
BRDA:207,42,0,0
BRDA:207,42,1,0
BRDA:211,43,0,0
BRDA:211,43,1,0
BRDA:211,44,0,0
BRDA:211,44,1,0
BRDA:227,45,0,0
BRDA:227,45,1,0
BRDA:242,46,0,0
BRDA:242,46,1,0
BRDA:244,47,0,0
BRDA:244,47,1,0
BRDA:252,48,0,0
BRDA:252,48,1,0
BRDA:254,49,0,0
BRDA:254,49,1,0
BRDA:263,50,0,0
BRDA:263,50,1,0
BRDA:270,51,0,0
BRDA:270,51,1,0
BRDA:270,51,2,0
BRDA:283,52,0,0
BRDA:283,52,1,0
BRDA:283,52,2,0
BRF:109
BRH:0
end_of_record
TN:
SF:frontend/src/components/GroceryAdminPanel.js
FN:16,(anonymous_0)
FN:17,(anonymous_1)
FN:54,(anonymous_2)
FN:63,(anonymous_3)
FN:64,(anonymous_4)
FN:69,(anonymous_5)
FN:73,(anonymous_6)
FN:78,(anonymous_7)
FN:84,(anonymous_8)
FN:87,(anonymous_9)
FN:136,(anonymous_10)
FN:137,(anonymous_11)
FN:146,(anonymous_12)
FN:180,(anonymous_13)
FN:193,(anonymous_14)
FN:194,(anonymous_15)
FN:205,(anonymous_16)
FN:212,(anonymous_17)
FN:215,(anonymous_18)
FN:243,(anonymous_19)
FN:246,(anonymous_20)
FN:264,(anonymous_21)
FN:277,(anonymous_22)
FN:301,(anonymous_23)
FN:358,(anonymous_24)
FN:377,(anonymous_25)
FN:379,(anonymous_26)
FN:390,(anonymous_27)
FN:393,(anonymous_28)
FN:402,(anonymous_29)
FN:416,(anonymous_30)
FN:427,(anonymous_31)
FN:441,(anonymous_32)
FN:446,(anonymous_33)
FN:449,(anonymous_34)
FN:473,(anonymous_35)
FN:517,(anonymous_36)
FN:520,(anonymous_37)
FN:540,(anonymous_38)
FN:543,(anonymous_39)
FN:559,(anonymous_40)
FN:562,(anonymous_41)
FN:579,(anonymous_42)
FN:589,(anonymous_43)
FN:603,(anonymous_44)
FN:622,(anonymous_45)
FN:631,(anonymous_46)
FN:634,(anonymous_47)
FN:655,(anonymous_48)
FN:669,(anonymous_49)
FN:672,(anonymous_50)
FN:685,(anonymous_51)
FN:698,(anonymous_52)
FN:721,(anonymous_53)
FN:755,(anonymous_54)
FN:796,(anonymous_55)
FN:809,(anonymous_56)
FN:819,(anonymous_57)
FN:823,(anonymous_58)
FN:831,(anonymous_59)
FN:833,(anonymous_60)
FN:834,(anonymous_61)
FN:840,(anonymous_62)
FN:846,(anonymous_63)
FN:849,(anonymous_64)
FN:852,(anonymous_65)
FN:864,(anonymous_66)
FN:892,(anonymous_67)
FN:903,(anonymous_68)
FN:904,(anonymous_69)
FN:990,(anonymous_70)
FN:1015,(anonymous_71)
FN:1028,(anonymous_72)
FN:1028,(anonymous_73)
FN:1032,(anonymous_74)
FN:1053,(anonymous_75)
FN:1085,(anonymous_76)
FN:1088,(anonymous_77)
FN:1091,(anonymous_78)
FN:1106,(anonymous_79)
FN:1112,(anonymous_80)
FN:1129,(anonymous_81)
FN:1182,(anonymous_82)
FN:1188,(anonymous_83)
FN:1222,(anonymous_84)
FN:1229,(anonymous_85)
FN:1236,(anonymous_86)
FN:1251,(anonymous_87)
FN:1274,(anonymous_88)
FN:1279,(anonymous_89)
FN:1283,(anonymous_90)
FN:1294,(anonymous_91)
FN:1298,(anonymous_92)
FN:1314,(anonymous_93)
FN:1333,(anonymous_94)
FN:1335,(anonymous_95)
FN:1337,(anonymous_96)
FN:1357,(anonymous_97)
FN:1363,(anonymous_98)
FN:1369,(anonymous_99)
FN:1374,(anonymous_100)
FN:1375,(anonymous_101)
FN:1423,(anonymous_102)
FN:1423,(anonymous_103)
FN:1437,(anonymous_104)
FN:1466,(anonymous_105)
FN:1491,(anonymous_106)
FN:1491,(anonymous_107)
FN:1529,(anonymous_108)
FN:1529,(anonymous_109)
FN:1540,(anonymous_110)
FN:1540,(anonymous_111)
FN:1555,(anonymous_112)
FN:1567,(anonymous_113)
FN:1573,(anonymous_114)
FN:1584,(anonymous_115)
FN:1589,(anonymous_116)
FN:1594,(anonymous_117)
FN:1606,(anonymous_118)
FN:1623,(anonymous_119)
FN:1623,(anonymous_120)
FN:1635,(anonymous_121)
FN:1645,(anonymous_122)
FN:1669,(anonymous_123)
FN:1669,(anonymous_124)
FN:1687,(anonymous_125)
FN:1706,(anonymous_126)
FN:1706,(anonymous_127)
FN:1723,(anonymous_128)
FN:1736,(anonymous_129)
FN:1754,(anonymous_130)
FN:1754,(anonymous_131)
FN:1755,(anonymous_132)
FN:1755,(anonymous_133)
FN:1756,(anonymous_134)
FN:1757,(anonymous_135)
FN:1818,(anonymous_136)
FN:1827,(anonymous_137)
FN:1830,(anonymous_138)
FN:1839,(anonymous_139)
FN:1842,(anonymous_140)
FN:1866,(anonymous_141)
FN:1867,(anonymous_142)
FN:1898,(anonymous_143)
FN:1899,(anonymous_144)
FN:1931,(anonymous_145)
FN:1941,(anonymous_146)
FN:1964,(anonymous_147)
FN:1974,(anonymous_148)
FN:1978,(anonymous_149)
FN:1990,(anonymous_150)
FN:1994,(anonymous_151)
FN:2005,(anonymous_152)
FN:2014,(anonymous_153)
FN:2027,(anonymous_154)
FN:2058,(anonymous_155)
FN:2070,(anonymous_156)
FN:2080,(anonymous_157)
FN:2109,(anonymous_158)
FN:2122,(anonymous_159)
FN:2137,(anonymous_160)
FN:2171,(anonymous_161)
FN:2182,(anonymous_162)
FN:2192,(anonymous_163)
FN:2202,(anonymous_164)
FN:2203,(anonymous_165)
FN:2214,(anonymous_166)
FN:2228,(anonymous_167)
FN:2241,(anonymous_168)
FN:2242,(anonymous_169)
FN:2252,(anonymous_170)
FN:2259,(anonymous_171)
FN:2273,(anonymous_172)
FN:2291,(anonymous_173)
FN:2306,(anonymous_174)
FN:2307,(anonymous_175)
FN:2318,(anonymous_176)
FN:2332,(anonymous_177)
FN:2352,(anonymous_178)
FN:2366,(anonymous_179)
FN:2404,(anonymous_180)
FN:2411,(anonymous_181)
FN:2419,(anonymous_182)
FN:2431,(anonymous_183)
FN:2432,(anonymous_184)
FN:2433,(anonymous_185)
FN:2438,(anonymous_186)
FN:2445,(anonymous_187)
FN:2453,(anonymous_188)
FN:2457,(anonymous_189)
FN:2477,(anonymous_190)
FN:2485,(anonymous_191)
FN:2502,(anonymous_192)
FN:2503,(anonymous_193)
FN:2510,(anonymous_194)
FN:2511,(anonymous_195)
FN:2518,(anonymous_196)
FN:2526,(anonymous_197)
FN:2528,(anonymous_198)
FN:2533,(anonymous_199)
FN:2559,(anonymous_200)
FN:2562,(anonymous_201)
FN:2597,(anonymous_202)
FN:2624,(anonymous_203)
FN:2640,(anonymous_204)
FN:2654,(anonymous_205)
FN:2657,(anonymous_206)
FN:2697,(anonymous_207)
FN:2742,(anonymous_208)
FNF:209
FNH:0
FNDA:0,(anonymous_0)
FNDA:0,(anonymous_1)
FNDA:0,(anonymous_2)
FNDA:0,(anonymous_3)
FNDA:0,(anonymous_4)
FNDA:0,(anonymous_5)
FNDA:0,(anonymous_6)
FNDA:0,(anonymous_7)
FNDA:0,(anonymous_8)
FNDA:0,(anonymous_9)
FNDA:0,(anonymous_10)
FNDA:0,(anonymous_11)
FNDA:0,(anonymous_12)
FNDA:0,(anonymous_13)
FNDA:0,(anonymous_14)
FNDA:0,(anonymous_15)
FNDA:0,(anonymous_16)
FNDA:0,(anonymous_17)
FNDA:0,(anonymous_18)
FNDA:0,(anonymous_19)
FNDA:0,(anonymous_20)
FNDA:0,(anonymous_21)
FNDA:0,(anonymous_22)
FNDA:0,(anonymous_23)
FNDA:0,(anonymous_24)
FNDA:0,(anonymous_25)
FNDA:0,(anonymous_26)
FNDA:0,(anonymous_27)
FNDA:0,(anonymous_28)
FNDA:0,(anonymous_29)
FNDA:0,(anonymous_30)
FNDA:0,(anonymous_31)
FNDA:0,(anonymous_32)
FNDA:0,(anonymous_33)
FNDA:0,(anonymous_34)
FNDA:0,(anonymous_35)
FNDA:0,(anonymous_36)
FNDA:0,(anonymous_37)
FNDA:0,(anonymous_38)
FNDA:0,(anonymous_39)
FNDA:0,(anonymous_40)
FNDA:0,(anonymous_41)
FNDA:0,(anonymous_42)
FNDA:0,(anonymous_43)
FNDA:0,(anonymous_44)
FNDA:0,(anonymous_45)
FNDA:0,(anonymous_46)
FNDA:0,(anonymous_47)
FNDA:0,(anonymous_48)
FNDA:0,(anonymous_49)
FNDA:0,(anonymous_50)
FNDA:0,(anonymous_51)
FNDA:0,(anonymous_52)
FNDA:0,(anonymous_53)
FNDA:0,(anonymous_54)
FNDA:0,(anonymous_55)
FNDA:0,(anonymous_56)
FNDA:0,(anonymous_57)
FNDA:0,(anonymous_58)
FNDA:0,(anonymous_59)
FNDA:0,(anonymous_60)
FNDA:0,(anonymous_61)
FNDA:0,(anonymous_62)
FNDA:0,(anonymous_63)
FNDA:0,(anonymous_64)
FNDA:0,(anonymous_65)
FNDA:0,(anonymous_66)
FNDA:0,(anonymous_67)
FNDA:0,(anonymous_68)
FNDA:0,(anonymous_69)
FNDA:0,(anonymous_70)
FNDA:0,(anonymous_71)
FNDA:0,(anonymous_72)
FNDA:0,(anonymous_73)
FNDA:0,(anonymous_74)
FNDA:0,(anonymous_75)
FNDA:0,(anonymous_76)
FNDA:0,(anonymous_77)
FNDA:0,(anonymous_78)
FNDA:0,(anonymous_79)
FNDA:0,(anonymous_80)
FNDA:0,(anonymous_81)
FNDA:0,(anonymous_82)
FNDA:0,(anonymous_83)
FNDA:0,(anonymous_84)
FNDA:0,(anonymous_85)
FNDA:0,(anonymous_86)
FNDA:0,(anonymous_87)
FNDA:0,(anonymous_88)
FNDA:0,(anonymous_89)
FNDA:0,(anonymous_90)
FNDA:0,(anonymous_91)
FNDA:0,(anonymous_92)
FNDA:0,(anonymous_93)
FNDA:0,(anonymous_94)
FNDA:0,(anonymous_95)
FNDA:0,(anonymous_96)
FNDA:0,(anonymous_97)
FNDA:0,(anonymous_98)
FNDA:0,(anonymous_99)
FNDA:0,(anonymous_100)
FNDA:0,(anonymous_101)
FNDA:0,(anonymous_102)
FNDA:0,(anonymous_103)
FNDA:0,(anonymous_104)
FNDA:0,(anonymous_105)
FNDA:0,(anonymous_106)
FNDA:0,(anonymous_107)
FNDA:0,(anonymous_108)
FNDA:0,(anonymous_109)
FNDA:0,(anonymous_110)
FNDA:0,(anonymous_111)
FNDA:0,(anonymous_112)
FNDA:0,(anonymous_113)
FNDA:0,(anonymous_114)
FNDA:0,(anonymous_115)
FNDA:0,(anonymous_116)
FNDA:0,(anonymous_117)
FNDA:0,(anonymous_118)
FNDA:0,(anonymous_119)
FNDA:0,(anonymous_120)
FNDA:0,(anonymous_121)
FNDA:0,(anonymous_122)
FNDA:0,(anonymous_123)
FNDA:0,(anonymous_124)
FNDA:0,(anonymous_125)
FNDA:0,(anonymous_126)
FNDA:0,(anonymous_127)
FNDA:0,(anonymous_128)
FNDA:0,(anonymous_129)
FNDA:0,(anonymous_130)
FNDA:0,(anonymous_131)
FNDA:0,(anonymous_132)
FNDA:0,(anonymous_133)
FNDA:0,(anonymous_134)
FNDA:0,(anonymous_135)
FNDA:0,(anonymous_136)
FNDA:0,(anonymous_137)
FNDA:0,(anonymous_138)
FNDA:0,(anonymous_139)
FNDA:0,(anonymous_140)
FNDA:0,(anonymous_141)
FNDA:0,(anonymous_142)
FNDA:0,(anonymous_143)
FNDA:0,(anonymous_144)
FNDA:0,(anonymous_145)
FNDA:0,(anonymous_146)
FNDA:0,(anonymous_147)
FNDA:0,(anonymous_148)
FNDA:0,(anonymous_149)
FNDA:0,(anonymous_150)
FNDA:0,(anonymous_151)
FNDA:0,(anonymous_152)
FNDA:0,(anonymous_153)
FNDA:0,(anonymous_154)
FNDA:0,(anonymous_155)
FNDA:0,(anonymous_156)
FNDA:0,(anonymous_157)
FNDA:0,(anonymous_158)
FNDA:0,(anonymous_159)
FNDA:0,(anonymous_160)
FNDA:0,(anonymous_161)
FNDA:0,(anonymous_162)
FNDA:0,(anonymous_163)
FNDA:0,(anonymous_164)
FNDA:0,(anonymous_165)
FNDA:0,(anonymous_166)
FNDA:0,(anonymous_167)
FNDA:0,(anonymous_168)
FNDA:0,(anonymous_169)
FNDA:0,(anonymous_170)
FNDA:0,(anonymous_171)
FNDA:0,(anonymous_172)
FNDA:0,(anonymous_173)
FNDA:0,(anonymous_174)
FNDA:0,(anonymous_175)
FNDA:0,(anonymous_176)
FNDA:0,(anonymous_177)
FNDA:0,(anonymous_178)
FNDA:0,(anonymous_179)
FNDA:0,(anonymous_180)
FNDA:0,(anonymous_181)
FNDA:0,(anonymous_182)
FNDA:0,(anonymous_183)
FNDA:0,(anonymous_184)
FNDA:0,(anonymous_185)
FNDA:0,(anonymous_186)
FNDA:0,(anonymous_187)
FNDA:0,(anonymous_188)
FNDA:0,(anonymous_189)
FNDA:0,(anonymous_190)
FNDA:0,(anonymous_191)
FNDA:0,(anonymous_192)
FNDA:0,(anonymous_193)
FNDA:0,(anonymous_194)
FNDA:0,(anonymous_195)
FNDA:0,(anonymous_196)
FNDA:0,(anonymous_197)
FNDA:0,(anonymous_198)
FNDA:0,(anonymous_199)
FNDA:0,(anonymous_200)
FNDA:0,(anonymous_201)
FNDA:0,(anonymous_202)
FNDA:0,(anonymous_203)
FNDA:0,(anonymous_204)
FNDA:0,(anonymous_205)
FNDA:0,(anonymous_206)
FNDA:0,(anonymous_207)
FNDA:0,(anonymous_208)
DA:4,0
DA:7,0
DA:15,0
DA:16,0
DA:17,0
DA:19,0
DA:42,0
DA:49,0
DA:54,0
DA:55,0
DA:56,0
DA:57,0
DA:58,0
DA:59,0
DA:60,0
DA:63,0
DA:64,0
DA:65,0
DA:67,0
DA:68,0
DA:69,0
DA:73,0
DA:74,0
DA:75,0
DA:78,0
DA:79,0
DA:84,0
DA:85,0
DA:87,0
DA:88,0
DA:89,0
DA:92,0
DA:93,0
DA:94,0
DA:97,0
DA:98,0
DA:102,0
DA:103,0
DA:104,0
DA:106,0
DA:109,0
DA:110,0
DA:111,0
DA:116,0
DA:136,0
DA:137,0
DA:146,0
DA:180,0
DA:181,0
DA:193,0
DA:194,0
DA:195,0
DA:196,0
DA:197,0
DA:198,0
DA:199,0
DA:204,0
DA:205,0
DA:208,0
DA:209,0
DA:213,0
DA:215,0
DA:231,0
DA:244,0
DA:246,0
DA:264,0
DA:277,0
DA:278,0
DA:301,0
DA:312,0
DA:313,0
DA:316,0
DA:358,0
DA:359,0
DA:360,0
DA:361,0
DA:362,0
DA:363,0
DA:364,0
DA:365,0
DA:366,0
DA:367,0
DA:368,0
DA:369,0
DA:370,0
DA:371,0
DA:372,0
DA:373,0
DA:374,0
DA:377,0
DA:378,0
DA:379,0
DA:380,0
DA:382,0
DA:383,0
DA:385,0
DA:390,0
DA:391,0
DA:393,0
DA:394,0
DA:395,0
DA:398,0
DA:400,0
DA:401,0
DA:402,0
DA:403,0
DA:404,0
DA:413,0
DA:416,0
DA:423,0
DA:427,0
DA:434,0
DA:437,0
DA:441,0
DA:442,0
DA:443,0
DA:444,0
DA:445,0
DA:446,0
DA:449,0
DA:450,0
DA:452,0
DA:460,0
DA:461,0
DA:464,0
DA:465,0
DA:466,0
DA:468,0
DA:469,0
DA:470,0
DA:473,0
DA:474,0
DA:476,0
DA:487,0
DA:490,0
DA:491,0
DA:505,0
DA:509,0
DA:510,0
DA:511,0
DA:512,0
DA:513,0
DA:514,0
DA:517,0
DA:520,0
DA:521,0
DA:522,0
DA:523,0
DA:527,0
DA:541,0
DA:543,0
DA:560,0
DA:562,0
DA:579,0
DA:589,0
DA:603,0
DA:622,0
DA:632,0
DA:634,0
DA:655,0
DA:669,0
DA:673,0
DA:685,0
DA:698,0
DA:722,0
DA:756,0
DA:796,0
DA:797,0
DA:798,0
DA:799,0
DA:800,0
DA:801,0
DA:802,0
DA:804,0
DA:809,0
DA:810,0
DA:811,0
DA:812,0
DA:813,0
DA:814,0
DA:815,0
DA:816,0
DA:819,0
DA:820,0
DA:821,0
DA:822,0
DA:823,0
DA:824,0
DA:825,0
DA:827,0
DA:831,0
DA:832,0
DA:833,0
DA:834,0
DA:835,0
DA:836,0
DA:839,0
DA:840,0
DA:841,0
DA:842,0
DA:846,0
DA:847,0
DA:849,0
DA:850,0
DA:852,0
DA:853,0
DA:857,0
DA:858,0
DA:859,0
DA:860,0
DA:861,0
DA:864,0
DA:865,0
DA:869,0
DA:870,0
DA:871,0
DA:873,0
DA:881,0
DA:882,0
DA:886,0
DA:887,0
DA:888,0
DA:889,0
DA:892,0
DA:893,0
DA:894,0
DA:895,0
DA:897,0
DA:898,0
DA:899,0
DA:903,0
DA:904,0
DA:906,0
DA:907,0
DA:908,0
DA:922,0
DA:925,0
DA:926,0
DA:927,0
DA:928,0
DA:929,0
DA:932,0
DA:933,0
DA:937,0
DA:990,0
DA:1016,0
DA:1028,0
DA:1032,0
DA:1054,0
DA:1085,0
DA:1086,0
DA:1088,0
DA:1090,0
DA:1091,0
DA:1092,0
DA:1101,0
DA:1103,0
DA:1106,0
DA:1107,0
DA:1108,0
DA:1109,0
DA:1112,0
DA:1113,0
DA:1114,0
DA:1116,0
DA:1117,0
DA:1118,0
DA:1121,0
DA:1130,0
DA:1131,0
DA:1133,0
DA:1182,0
DA:1188,0
DA:1222,0
DA:1229,0
DA:1236,0
DA:1251,0
DA:1252,0
DA:1253,0
DA:1254,0
DA:1255,0
DA:1256,0
DA:1257,0
DA:1258,0
DA:1261,0
DA:1262,0
DA:1263,0
DA:1266,0
DA:1267,0
DA:1268,0
DA:1269,0
DA:1270,0
DA:1271,0
DA:1274,0
DA:1275,0
DA:1276,0
DA:1279,0
DA:1280,0
DA:1283,0
DA:1284,0
DA:1285,0
DA:1286,0
DA:1290,0
DA:1291,0
DA:1292,0
DA:1294,0
DA:1295,0
DA:1296,0
DA:1298,0
DA:1299,0
DA:1300,0
DA:1308,0
DA:1314,0
DA:1317,0
DA:1320,0
DA:1324,0
DA:1327,0
DA:1328,0
DA:1330,0
[...]
FNDA:0,(anonymous_9)
FNDA:0,(anonymous_10)
FNDA:0,(anonymous_11)
FNDA:0,(anonymous_12)
FNDA:0,(anonymous_13)
FNDA:0,(anonymous_14)
FNDA:0,(anonymous_15)
FNDA:0,(anonymous_16)
FNDA:0,(anonymous_17)
FNDA:0,(anonymous_18)
FNDA:0,(anonymous_19)
FNDA:0,(anonymous_20)
FNDA:0,(anonymous_21)
FNDA:0,(anonymous_22)
FNDA:0,(anonymous_23)
FNDA:0,(anonymous_24)
FNDA:0,(anonymous_25)
FNDA:0,(anonymous_26)
FNDA:0,(anonymous_27)
FNDA:0,(anonymous_28)
FNDA:0,(anonymous_29)
FNDA:0,(anonymous_30)
FNDA:0,(anonymous_31)
FNDA:0,(anonymous_32)
FNDA:0,(anonymous_33)
FNDA:0,(anonymous_34)
FNDA:0,(anonymous_35)
FNDA:0,(anonymous_36)
FNDA:0,(anonymous_37)
FNDA:0,(anonymous_38)
FNDA:0,(anonymous_39)
FNDA:0,(anonymous_40)
FNDA:0,(anonymous_41)
FNDA:0,(anonymous_42)
FNDA:0,(anonymous_43)
FNDA:0,(anonymous_44)
FNDA:0,(anonymous_45)
FNDA:0,(anonymous_46)
FNDA:0,(anonymous_47)
DA:4,0
DA:7,0
DA:8,0
DA:9,0
DA:10,0
DA:11,0
DA:12,0
DA:13,0
DA:15,0
DA:16,0
DA:17,0
DA:18,0
DA:20,0
DA:22,0
DA:29,0
DA:30,0
DA:31,0
DA:32,0
DA:33,0
DA:35,0
DA:36,0
DA:37,0
DA:38,0
DA:39,0
DA:41,0
DA:44,0
DA:47,0
DA:50,0
DA:52,0
DA:56,0
DA:57,0
DA:58,0
DA:61,0
DA:62,0
DA:63,0
DA:64,0
DA:68,0
DA:130,0
DA:131,0
DA:136,0
DA:137,0
DA:138,0
DA:140,0
DA:141,0
DA:142,0
DA:144,0
DA:145,0
DA:146,0
DA:152,0
DA:153,0
DA:154,0
DA:155,0
DA:161,0
DA:164,0
DA:165,0
DA:166,0
DA:172,0
DA:176,0
DA:177,0
DA:179,0
DA:180,0
DA:183,0
DA:184,0
DA:188,0
DA:189,0
DA:192,0
DA:193,0
DA:197,0
DA:198,0
DA:199,0
DA:200,0
DA:201,0
DA:202,0
DA:207,0
DA:208,0
DA:211,0
DA:212,0
DA:214,0
DA:215,0
DA:217,0
DA:218,0
DA:219,0
DA:220,0
DA:227,0
DA:234,0
DA:235,0
DA:237,0
DA:238,0
DA:240,0
DA:244,0
DA:245,0
DA:254,0
DA:260,0
DA:288,0
DA:303,0
DA:317,0
DA:321,0
DA:335,0
DA:342,0
DA:357,0
DA:371,0
DA:375,0
DA:413,0
DA:414,0
DA:415,0
DA:416,0
DA:417,0
DA:418,0
DA:419,0
DA:420,0
DA:421,0
DA:424,0
DA:425,0
DA:426,0
DA:427,0
DA:428,0
DA:429,0
DA:433,0
DA:434,0
DA:435,0
DA:436,0
DA:437,0
DA:443,0
DA:444,0
DA:445,0
DA:446,0
DA:447,0
DA:448,0
DA:450,0
DA:453,0
DA:454,0
DA:456,0
DA:461,0
DA:462,0
DA:463,0
DA:465,0
DA:466,0
DA:480,0
DA:481,0
DA:482,0
DA:487,0
DA:488,0
DA:502,0
DA:503,0
DA:506,0
DA:507,0
DA:508,0
DA:513,0
DA:514,0
DA:516,0
DA:524,0
DA:525,0
DA:526,0
DA:533,0
DA:535,0
DA:538,0
DA:541,0
DA:542,0
DA:545,0
DA:563,0
DA:569,0
DA:597,0
DA:611,0
DA:626,0
DA:635,0
DA:648,0
DA:649,0
DA:664,0
DA:685,0
DA:694,0
LF:170
LH:0
BRDA:29,0,0,0
BRDA:29,0,1,0
BRDA:33,1,0,0
BRDA:33,1,1,0
BRDA:35,2,0,0
BRDA:35,2,1,0
BRDA:35,3,0,0
BRDA:35,3,1,0
BRDA:37,4,0,0
BRDA:37,4,1,0
BRDA:61,5,0,0
BRDA:61,5,1,0
BRDA:61,6,0,0
BRDA:61,6,1,0
BRDA:63,7,0,0
BRDA:63,7,1,0
BRDA:63,8,0,0
BRDA:63,8,1,0
BRDA:81,9,0,0
BRDA:81,9,1,0
BRDA:81,10,0,0
BRDA:81,10,1,0
BRDA:88,11,0,0
BRDA:88,11,1,0
BRDA:88,12,0,0
BRDA:88,12,1,0
BRDA:92,13,0,0
BRDA:92,13,1,0
BRDA:92,13,2,0
BRDA:97,14,0,0
BRDA:97,14,1,0
BRDA:103,15,0,0
BRDA:103,15,1,0
BRDA:120,16,0,0
BRDA:120,16,1,0
BRDA:145,17,0,0
BRDA:145,17,1,0
BRDA:147,18,0,0
BRDA:147,18,1,0
BRDA:148,19,0,0
BRDA:148,19,1,0
BRDA:149,20,0,0
BRDA:149,20,1,0
BRDA:156,21,0,0
BRDA:156,21,1,0
BRDA:157,22,0,0
BRDA:157,22,1,0
BRDA:179,23,0,0
BRDA:179,23,1,0
BRDA:183,24,0,0
BRDA:183,24,1,0
BRDA:189,25,0,0
BRDA:189,25,1,0
BRDA:189,25,2,0
BRDA:192,26,0,0
BRDA:192,26,1,0
BRDA:198,27,0,0
BRDA:198,27,1,0
BRDA:199,28,0,0
BRDA:199,28,1,0
BRDA:201,29,0,0
BRDA:201,29,1,0
BRDA:201,30,0,0
BRDA:201,30,1,0
BRDA:212,31,0,0
BRDA:212,31,1,0
BRDA:219,32,0,0
BRDA:219,32,1,0
BRDA:219,33,0,0
BRDA:219,33,1,0
BRDA:219,33,2,0
BRDA:266,34,0,0
BRDA:266,34,1,0
BRDA:290,35,0,0
BRDA:290,35,1,0
BRDA:294,36,0,0
BRDA:294,36,1,0
BRDA:305,37,0,0
BRDA:305,37,1,0
BRDA:309,38,0,0
BRDA:309,38,1,0
BRDA:332,39,0,0
BRDA:332,39,1,0
BRDA:341,40,0,0
BRDA:341,40,1,0
BRDA:349,41,0,0
BRDA:349,41,1,0
BRDA:356,42,0,0
BRDA:356,42,1,0
BRDA:359,43,0,0
BRDA:359,43,1,0
BRDA:363,44,0,0
BRDA:363,44,1,0
BRDA:370,45,0,0
BRDA:370,45,1,0
BRDA:385,46,0,0
BRDA:385,46,1,0
BRDA:404,47,0,0
BRDA:404,47,1,0
BRDA:433,48,0,0
BRDA:434,49,0,0
BRDA:434,49,1,0
BRDA:443,50,0,0
BRDA:443,50,1,0
BRDA:463,51,0,0
BRDA:463,51,1,0
BRDA:480,52,0,0
BRDA:480,52,1,0
BRDA:482,53,0,0
BRDA:482,53,1,0
BRDA:487,54,0,0
BRDA:487,54,1,0
BRDA:514,55,0,0
BRDA:514,55,1,0
BRDA:518,56,0,0
BRDA:518,56,1,0
BRDA:519,57,0,0
BRDA:519,57,1,0
BRDA:520,58,0,0
BRDA:520,58,1,0
BRDA:524,59,0,0
BRDA:524,59,1,0
BRDA:526,60,0,0
BRDA:526,60,1,0
BRDA:526,60,2,0
BRDA:541,61,0,0
BRDA:541,61,1,0
BRDA:573,62,0,0
BRDA:573,62,1,0
BRDA:581,63,0,0
BRDA:581,63,1,0
BRDA:583,64,0,0
BRDA:583,64,1,0
BRDA:603,65,0,0
BRDA:603,65,1,0
BRDA:607,66,0,0
BRDA:607,66,1,0
BRDA:635,67,0,0
BRDA:635,67,1,0
BRDA:651,68,0,0
BRDA:651,68,1,0
BRDA:680,69,0,0
BRDA:680,69,1,0
BRDA:689,70,0,0
BRDA:689,70,1,0
BRF:145
BRH:0
end_of_record
TN:
SF:frontend/src/components/LegalPages.js
FN:4,(anonymous_0)
FN:8,(anonymous_1)
FN:100,(anonymous_2)
FN:136,(anonymous_3)
FN:227,(anonymous_4)
FN:284,(anonymous_5)
FN:353,(anonymous_6)
FN:373,(anonymous_7)
FN:383,(anonymous_8)
FN:393,(anonymous_9)
FN:403,(anonymous_10)
FN:438,(anonymous_11)
FNF:12
FNH:0
FNDA:0,(anonymous_0)
FNDA:0,(anonymous_1)
FNDA:0,(anonymous_2)
FNDA:0,(anonymous_3)
FNDA:0,(anonymous_4)
FNDA:0,(anonymous_5)
FNDA:0,(anonymous_6)
FNDA:0,(anonymous_7)
FNDA:0,(anonymous_8)
FNDA:0,(anonymous_9)
FNDA:0,(anonymous_10)
FNDA:0,(anonymous_11)
DA:4,0
DA:5,0
DA:6,0
DA:8,0
DA:9,0
DA:100,0
DA:136,0
DA:137,0
DA:227,0
DA:228,0
DA:284,0
DA:285,0
DA:353,0
DA:354,0
DA:355,0
DA:356,0
DA:357,0
DA:358,0
DA:359,0
DA:363,0
DA:373,0
DA:383,0
DA:393,0
DA:403,0
DA:438,0
LF:25
LH:0
BRDA:4,0,0,0
BRDA:354,1,0,0
BRDA:354,1,1,0
BRDA:354,1,2,0
BRDA:354,1,3,0
BRDA:354,1,4,0
BRDA:375,2,0,0
BRDA:375,2,1,0
BRDA:385,3,0,0
BRDA:385,3,1,0
BRDA:395,4,0,0
BRDA:395,4,1,0
BRDA:405,5,0,0
BRDA:405,5,1,0
BRDA:437,6,0,0
BRDA:437,6,1,0
BRF:16
BRH:0
end_of_record
TN:
SF:frontend/src/components/LoginForm.js
FN:10,(anonymous_0)
FN:16,(anonymous_1)
FN:34,(anonymous_2)
FNF:3
FNH:0
FNDA:0,(anonymous_0)
FNDA:0,(anonymous_1)
FNDA:0,(anonymous_2)
DA:10,0
DA:11,0
DA:12,0
DA:13,0
DA:14,0
DA:16,0
DA:17,0
DA:18,0
DA:19,0
DA:21,0
DA:22,0
DA:23,0
DA:25,0
DA:28,0
DA:30,0
DA:34,0
DA:35,0
DA:36,0
DA:37,0
DA:38,0
DA:39,0
DA:42,0
DA:43,0
DA:47,0
LF:24
LH:0
BRDA:23,0,0,0
BRDA:23,0,1,0
BRDA:36,1,0,0
BRDA:36,1,1,0
BRDA:38,2,0,0
BRDA:38,2,1,0
BRDA:42,3,0,0
BRDA:42,3,1,0
BRDA:100,4,0,0
BRDA:100,4,1,0
BRDA:121,5,0,0
BRDA:121,5,1,0
BRDA:121,5,2,0
BRDA:124,6,0,0
BRDA:124,6,1,0
BRF:15
BRH:0
end_of_record
TN:
SF:frontend/src/components/ProductRequestModal.js
FN:6,(anonymous_0)
FN:23,(anonymous_1)
FN:25,(anonymous_2)
FN:31,(anonymous_3)
FN:69,(anonymous_4)
FNF:5
FNH:0
FNDA:0,(anonymous_0)
FNDA:0,(anonymous_1)
FNDA:0,(anonymous_2)
FNDA:0,(anonymous_3)
FNDA:0,(anonymous_4)
DA:4,0
DA:6,0
DA:12,0
DA:20,0
DA:21,0
DA:23,0
DA:24,0
DA:25,0
DA:31,0
DA:32,0
DA:33,0
DA:34,0
DA:36,0
DA:37,0
DA:45,0
DA:47,0
DA:48,0
DA:54,0
DA:64,0
DA:65,0
DA:69,0
DA:70,0
DA:73,0
DA:79,0
DA:80,0
DA:85,0
DA:89,0
DA:91,0
LF:28
LH:0
BRDA:9,0,0,0
BRDA:47,1,0,0
BRDA:47,1,1,0
BRDA:64,2,0,0
BRDA:64,2,1,0
BRDA:75,3,0,0
BRDA:75,3,1,0
BRDA:89,4,0,0
BRDA:89,4,1,0
BRDA:117,5,0,0
BRDA:117,5,1,0
BRDA:119,6,0,0
BRDA:119,6,1,0
BRDA:251,7,0,0
BRDA:251,7,1,0
BRF:15
BRH:0
end_of_record
TN:
SF:frontend/src/components/ProtectedRoute.js
FN:11,(anonymous_0)
FNF:1
FNH:0
FNDA:0,(anonymous_0)
DA:11,0
DA:12,0
DA:14,0
DA:15,0
DA:25,0
DA:26,0
DA:29,0
LF:7
LH:0
BRDA:14,0,0,0
BRDA:14,0,1,0
BRDA:25,1,0,0
BRDA:25,1,1,0
BRF:4
BRH:0
end_of_record
TN:
SF:frontend/src/components/ReceiptUpload.js
FN:6,(anonymous_0)
FN:10,(anonymous_1)
FN:32,(anonymous_2)
FNF:3
FNH:0
FNDA:0,(anonymous_0)
FNDA:0,(anonymous_1)
FNDA:0,(anonymous_2)
DA:4,0
DA:6,0
DA:7,0
DA:8,0
DA:10,0
DA:11,0
DA:12,0
DA:14,0
DA:15,0
DA:16,0
DA:19,0
DA:20,0
DA:21,0
DA:24,0
DA:25,0
DA:27,0
DA:28,0
DA:30,0
DA:31,0
DA:32,0
DA:34,0
DA:40,0
DA:42,0
DA:43,0
DA:46,0
DA:48,0
DA:49,0
DA:50,0
DA:51,0
DA:54,0
DA:57,0
DA:59,0
DA:60,0
DA:61,0
DA:62,0
DA:63,0
DA:64,0
DA:66,0
DA:69,0
DA:71,0
DA:75,0
LF:41
LH:0
BRDA:12,0,0,0
BRDA:12,0,1,0
BRDA:14,1,0,0
BRDA:14,1,1,0
BRDA:19,2,0,0
BRDA:19,2,1,0
BRDA:42,3,0,0
BRDA:42,3,1,0
BRDA:48,4,0,0
BRDA:48,4,1,0
BRDA:50,5,0,0
BRDA:50,5,1,0
BRDA:59,6,0,0
BRDA:59,6,1,0
BRDA:61,7,0,0
BRDA:61,7,1,0
BRDA:61,8,0,0
BRDA:61,8,1,0
BRDA:61,8,2,0
BRDA:63,9,0,0
BRDA:63,9,1,0
BRDA:91,10,0,0
BRDA:91,10,1,0
BRDA:95,11,0,0
BRDA:95,11,1,0
BRDA:109,12,0,0
BRDA:109,12,1,0
BRDA:111,13,0,0
BRDA:111,13,1,0
BRDA:111,14,0,0
BRDA:111,14,1,0
BRDA:113,15,0,0
BRDA:113,15,1,0
BRDA:113,16,0,0
BRDA:113,16,1,0
BRF:35
BRH:0
end_of_record
TN:
SF:frontend/src/components/ShoppingList.js
FN:3,(anonymous_0)
FN:13,(anonymous_1)
FN:22,(anonymous_2)
FN:31,(anonymous_3)
FN:44,(anonymous_4)
FN:68,(anonymous_5)
FN:80,(anonymous_6)
FN:81,(anonymous_7)
FN:87,(anonymous_8)
FN:101,(anonymous_9)
FN:119,(anonymous_10)
FN:144,(anonymous_11)
FN:150,(anonymous_12)
FN:174,(anonymous_13)
FN:177,(anonymous_14)
FN:179,(anonymous_15)
FN:194,(anonymous_16)
FN:196,(anonymous_17)
FN:213,(anonymous_18)
FN:219,(anonymous_19)
FN:235,(anonymous_20)
FN:243,(anonymous_21)
FN:248,(anonymous_22)
FN:249,(anonymous_23)
FN:295,(anonymous_24)
FN:307,(anonymous_25)
FN:326,(anonymous_26)
FN:336,(anonymous_27)
FN:342,(anonymous_28)
FN:353,(anonymous_29)
FN:385,(anonymous_30)
FNF:31
FNH:0
FNDA:0,(anonymous_0)
FNDA:0,(anonymous_1)
FNDA:0,(anonymous_2)
FNDA:0,(anonymous_3)
FNDA:0,(anonymous_4)
FNDA:0,(anonymous_5)
FNDA:0,(anonymous_6)
FNDA:0,(anonymous_7)
FNDA:0,(anonymous_8)
FNDA:0,(anonymous_9)
FNDA:0,(anonymous_10)
FNDA:0,(anonymous_11)
FNDA:0,(anonymous_12)
FNDA:0,(anonymous_13)
FNDA:0,(anonymous_14)
FNDA:0,(anonymous_15)
FNDA:0,(anonymous_16)
FNDA:0,(anonymous_17)
FNDA:0,(anonymous_18)
FNDA:0,(anonymous_19)
FNDA:0,(anonymous_20)
FNDA:0,(anonymous_21)
FNDA:0,(anonymous_22)
FNDA:0,(anonymous_23)
FNDA:0,(anonymous_24)
FNDA:0,(anonymous_25)
FNDA:0,(anonymous_26)
FNDA:0,(anonymous_27)
FNDA:0,(anonymous_28)
FNDA:0,(anonymous_29)
FNDA:0,(anonymous_30)
DA:3,0
DA:4,0
DA:5,0
DA:6,0
DA:7,0
DA:8,0
DA:9,0
DA:10,0
DA:13,0
DA:14,0
DA:16,0
DA:17,0
DA:22,0
DA:23,0
DA:24,0
DA:26,0
DA:31,0
DA:32,0
DA:33,0
DA:34,0
DA:35,0
DA:36,0
DA:39,0
DA:44,0
DA:45,0
DA:47,0
DA:55,0
DA:56,0
DA:57,0
DA:58,0
DA:59,0
DA:62,0
DA:63,0
DA:68,0
DA:69,0
DA:70,0
DA:71,0
DA:74,0
DA:75,0
DA:80,0
DA:81,0
DA:82,0
DA:83,0
DA:87,0
DA:88,0
DA:94,0
DA:95,0
DA:96,0
DA:97,0
DA:101,0
DA:102,0
DA:103,0
DA:104,0
DA:106,0
DA:108,0
DA:109,0
DA:110,0
DA:111,0
DA:112,0
DA:113,0
DA:114,0
DA:119,0
DA:120,0
DA:121,0
DA:144,0
DA:150,0
DA:169,0
DA:170,0
DA:174,0
DA:175,0
DA:177,0
DA:178,0
DA:179,0
DA:180,0
DA:181,0
DA:183,0
DA:192,0
DA:194,0
DA:195,0
DA:196,0
DA:197,0
DA:199,0
DA:203,0
DA:206,0
DA:213,0
DA:219,0
DA:236,0
DA:243,0
DA:249,0
DA:250,0
DA:295,0
DA:307,0
DA:327,0
DA:336,0
DA:342,0
DA:353,0
DA:385,0
LF:97
LH:0
BRDA:3,0,0,0
BRDA:16,1,0,0
BRDA:16,1,1,0
BRDA:34,2,0,0
BRDA:34,2,1,0
BRDA:45,3,0,0
BRDA:45,3,1,0
BRDA:62,4,0,0
BRDA:62,4,1,0
BRDA:74,5,0,0
BRDA:74,5,1,0
BRDA:148,6,0,0
BRDA:148,6,1,0
BRDA:148,7,0,0
BRDA:148,7,1,0
BRDA:178,8,0,0
BRDA:178,8,1,0
BRDA:178,9,0,0
BRDA:178,9,1,0
BRDA:180,10,0,0
BRDA:180,10,1,0
BRDA:228,11,0,0
BRDA:228,11,1,0
BRDA:241,12,0,0
BRDA:241,12,1,0
BRDA:241,12,2,0
BRDA:264,13,0,0
BRDA:264,13,1,0
BRDA:288,14,0,0
BRDA:288,14,1,0
BRDA:318,15,0,0
BRDA:318,15,1,0
BRDA:322,16,0,0
BRDA:322,16,1,0
BRDA:363,17,0,0
BRDA:363,17,1,0
BRF:36
BRH:0
end_of_record
TN:
SF:frontend/src/components/ShoppingListAnalyzer.js
FN:6,(anonymous_0)
FN:16,(anonymous_1)
FN:20,(anonymous_2)
FN:39,(anonymous_3)
FN:111,(anonymous_4)
FN:114,(anonymous_5)
FN:114,(anonymous_6)
FN:117,(anonymous_7)
FN:158,(anonymous_8)
FN:167,(anonymous_9)
FN:172,(anonymous_10)
FN:207,(anonymous_11)
FN:208,(anonymous_12)
FN:236,(anonymous_13)
FN:250,(anonymous_14)
FN:262,(anonymous_15)
FN:272,(anonymous_16)
FN:276,(anonymous_17)
FN:280,(anonymous_18)
FN:298,(anonymous_19)
FN:384,(anonymous_20)
FN:405,(anonymous_21)
FN:423,(anonymous_22)
FN:426,(anonymous_23)
FN:465,(anonymous_24)
FN:466,(anonymous_25)
FN:487,(anonymous_26)
FN:516,(anonymous_27)
FNF:28
FNH:0
FNDA:0,(anonymous_0)
FNDA:0,(anonymous_1)
FNDA:0,(anonymous_2)
FNDA:0,(anonymous_3)
FNDA:0,(anonymous_4)
FNDA:0,(anonymous_5)
FNDA:0,(anonymous_6)
FNDA:0,(anonymous_7)
FNDA:0,(anonymous_8)
FNDA:0,(anonymous_9)
FNDA:0,(anonymous_10)
FNDA:0,(anonymous_11)
FNDA:0,(anonymous_12)
FNDA:0,(anonymous_13)
FNDA:0,(anonymous_14)
FNDA:0,(anonymous_15)
FNDA:0,(anonymous_16)
FNDA:0,(anonymous_17)
FNDA:0,(anonymous_18)
FNDA:0,(anonymous_19)
FNDA:0,(anonymous_20)
FNDA:0,(anonymous_21)
FNDA:0,(anonymous_22)
FNDA:0,(anonymous_23)
FNDA:0,(anonymous_24)
FNDA:0,(anonymous_25)
FNDA:0,(anonymous_26)
FNDA:0,(anonymous_27)
DA:4,0
DA:6,0
DA:7,0
DA:8,0
DA:9,0
DA:10,0
DA:11,0
DA:12,0
DA:13,0
DA:16,0
DA:17,0
DA:20,0
DA:21,0
DA:22,0
DA:23,0
DA:24,0
DA:25,0
DA:27,0
DA:29,0
DA:32,0
DA:33,0
DA:34,0
DA:39,0
DA:111,0
DA:112,0
DA:114,0
DA:115,0
DA:117,0
DA:119,0
DA:126,0
DA:129,0
DA:131,0
DA:132,0
DA:133,0
DA:143,0
DA:154,0
DA:158,0
DA:159,0
DA:167,0
DA:168,0
DA:169,0
DA:170,0
DA:172,0
DA:173,0
DA:174,0
DA:177,0
DA:178,0
DA:181,0
DA:182,0
DA:185,0
DA:186,0
DA:189,0
DA:190,0
DA:191,0
DA:192,0
DA:193,0
DA:194,0
DA:195,0
DA:196,0
DA:202,0
DA:203,0
DA:204,0
DA:205,0
DA:207,0
DA:208,0
DA:209,0
DA:210,0
DA:211,0
DA:212,0
DA:217,0
DA:218,0
DA:222,0
DA:223,0
DA:224,0
DA:232,0
DA:236,0
DA:237,0
DA:238,0
DA:239,0
DA:242,0
DA:243,0
DA:245,0
DA:246,0
DA:247,0
DA:250,0
DA:251,0
DA:252,0
DA:259,0
DA:262,0
DA:265,0
DA:267,0
DA:272,0
DA:273,0
DA:274,0
DA:276,0
DA:277,0
DA:278,0
DA:280,0
DA:281,0
DA:282,0
DA:283,0
DA:284,0
DA:288,0
DA:289,0
DA:298,0
DA:299,0
DA:302,0
DA:310,0
DA:351,0
DA:384,0
DA:405,0
DA:424,0
DA:426,0
DA:465,0
DA:467,0
DA:488,0
DA:517,0
LF:117
LH:0
BRDA:23,0,0,0
BRDA:23,0,1,0
BRDA:25,1,0,0
BRDA:25,1,1,0
BRDA:112,2,0,0
BRDA:112,2,1,0
BRDA:126,3,0,0
BRDA:126,3,1,0
BRDA:131,4,0,0
BRDA:131,4,1,0
BRDA:137,5,0,0
BRDA:137,5,1,0
BRDA:177,6,0,0
BRDA:177,6,1,0
BRDA:181,7,0,0
BRDA:181,7,1,0
BRDA:185,8,0,0
BRDA:185,8,1,0
BRDA:189,9,0,0
BRDA:189,9,1,0
BRDA:192,10,0,0
BRDA:192,10,1,0
BRDA:195,11,0,0
BRDA:195,11,1,0
BRDA:195,12,0,0
BRDA:195,12,1,0
BRDA:202,13,0,0
BRDA:202,13,1,0
BRDA:209,14,0,0
BRDA:209,14,1,0
BRDA:211,15,0,0
BRDA:211,15,1,0
BRDA:211,16,0,0
BRDA:211,16,1,0
BRDA:217,17,0,0
BRDA:217,17,1,0
BRDA:222,18,0,0
BRDA:222,18,1,0
BRDA:222,19,0,0
BRDA:222,19,1,0
BRDA:237,20,0,0
BRDA:237,20,1,0
BRDA:255,21,0,0
BRDA:255,21,1,0
BRDA:255,22,0,0
BRDA:255,22,1,0
BRDA:281,23,0,0
BRDA:281,23,1,0
BRDA:281,24,0,0
BRDA:281,24,1,0
BRDA:288,25,0,0
BRDA:288,25,1,0
BRDA:299,26,0,0
BRDA:299,26,1,0
BRDA:299,27,0,0
BRDA:299,27,1,0
BRDA:399,28,0,0
BRDA:399,28,1,0
BRDA:402,29,0,0
BRDA:402,29,1,0
BRDA:412,30,0,0
BRDA:412,30,1,0
BRDA:443,31,0,0
BRDA:443,31,1,0
BRDA:447,32,0,0
BRDA:447,32,1,0
BRDA:482,33,0,0
BRDA:482,33,1,0
BRDA:497,34,0,0
BRDA:497,34,1,0
BRDA:499,35,0,0
BRDA:499,35,1,0
BRDA:503,36,0,0
BRDA:503,36,1,0
BRDA:504,37,0,0
BRDA:504,37,1,0
BRDA:508,38,0,0
BRDA:508,38,1,0
BRDA:535,39,0,0
BRDA:535,39,1,0
BRDA:535,39,2,0
BRF:81
BRH:0
end_of_record
TN:
SF:frontend/src/components/StorePortal.js
FN:5,(anonymous_0)
FN:15,(anonymous_1)
FN:27,(anonymous_2)
FN:33,(anonymous_3)
FN:50,(anonymous_4)
FN:58,(anonymous_5)
FN:78,(anonymous_6)
FN:83,(anonymous_7)
FN:93,(anonymous_8)
FN:160,(anonymous_9)
FN:163,(anonymous_10)
FN:239,(anonymous_11)
FN:244,(anonymous_12)
FN:256,(anonymous_13)
FN:264,(anonymous_14)
FN:270,(anonymous_15)
FN:310,(anonymous_16)
FN:315,(anonymous_17)
FN:320,(anonymous_18)
FN:325,(anonymous_19)
FN:344,(anonymous_20)
FN:359,(anonymous_21)
FN:368,(anonymous_22)
FN:379,(anonymous_23)
FN:380,(anonymous_24)
FN:383,(anonymous_25)
FN:397,(anonymous_26)
FN:405,(anonymous_27)
FN:424,(anonymous_28)
FN:440,(anonymous_29)
FN:455,(anonymous_30)
FN:457,(anonymous_31)
FN:467,(anonymous_32)
FN:498,(anonymous_33)
FN:508,(anonymous_34)
FNF:35
FNH:0
FNDA:0,(anonymous_0)
FNDA:0,(anonymous_1)
FNDA:0,(anonymous_2)
FNDA:0,(anonymous_3)
FNDA:0,(anonymous_4)
FNDA:0,(anonymous_5)
FNDA:0,(anonymous_6)
FNDA:0,(anonymous_7)
FNDA:0,(anonymous_8)
FNDA:0,(anonymous_9)
FNDA:0,(anonymous_10)
FNDA:0,(anonymous_11)
FNDA:0,(anonymous_12)
FNDA:0,(anonymous_13)
FNDA:0,(anonymous_14)
FNDA:0,(anonymous_15)
FNDA:0,(anonymous_16)
FNDA:0,(anonymous_17)
FNDA:0,(anonymous_18)
FNDA:0,(anonymous_19)
FNDA:0,(anonymous_20)
FNDA:0,(anonymous_21)
FNDA:0,(anonymous_22)
FNDA:0,(anonymous_23)
FNDA:0,(anonymous_24)
FNDA:0,(anonymous_25)
FNDA:0,(anonymous_26)
FNDA:0,(anonymous_27)
FNDA:0,(anonymous_28)
FNDA:0,(anonymous_29)
FNDA:0,(anonymous_30)
FNDA:0,(anonymous_31)
FNDA:0,(anonymous_32)
FNDA:0,(anonymous_33)
FNDA:0,(anonymous_34)
DA:5,0
DA:6,0
DA:7,0
DA:8,0
DA:9,0
DA:10,0
DA:11,0
DA:12,0
DA:15,0
DA:17,0
DA:19,0
DA:20,0
DA:22,0
DA:27,0
DA:28,0
DA:29,0
DA:33,0
DA:34,0
DA:35,0
DA:36,0
DA:39,0
DA:40,0
DA:41,0
DA:42,0
DA:47,0
DA:48,0
DA:49,0
DA:50,0
DA:55,0
DA:56,0
DA:57,0
DA:58,0
DA:63,0
DA:64,0
DA:65,0
DA:66,0
DA:71,0
DA:72,0
DA:74,0
DA:78,0
DA:79,0
DA:80,0
DA:81,0
DA:83,0
DA:85,0
DA:88,0
DA:89,0
DA:93,0
DA:94,0
DA:98,0
DA:99,0
DA:102,0
DA:103,0
DA:112,0
DA:115,0
DA:118,0
DA:119,0
DA:122,0
DA:123,0
DA:126,0
DA:161,0
DA:163,0
DA:240,0
DA:244,0
DA:257,0
DA:265,0
DA:270,0
DA:310,0
DA:311,0
DA:312,0
DA:313,0
DA:315,0
DA:316,0
DA:317,0
DA:320,0
DA:321,0
DA:322,0
DA:325,0
DA:326,0
DA:330,0
DA:344,0
DA:360,0
DA:368,0
DA:379,0
DA:380,0
DA:383,0
DA:397,0
DA:398,0
DA:406,0
DA:425,0
DA:441,0
DA:455,0
DA:457,0
DA:458,0
DA:459,0
DA:460,0
DA:461,0
DA:462,0
DA:463,0
DA:464,0
DA:467,0
DA:468,0
DA:469,0
DA:470,0
DA:472,0
DA:473,0
DA:474,0
DA:476,0
DA:477,0
DA:479,0
DA:482,0
DA:499,0
DA:500,0
DA:509,0
LF:114
LH:0
BRDA:17,0,0,0
BRDA:17,0,1,0
BRDA:17,1,0,0
BRDA:17,1,1,0
BRDA:17,1,2,0
BRDA:28,2,0,0
BRDA:28,2,1,0
BRDA:39,3,0,0
BRDA:39,3,1,0
BRDA:41,4,0,0
BRDA:41,4,1,0
BRDA:47,5,0,0
BRDA:47,5,1,0
BRDA:49,6,0,0
BRDA:49,6,1,0
BRDA:55,7,0,0
BRDA:55,7,1,0
BRDA:57,8,0,0
BRDA:57,8,1,0
BRDA:63,9,0,0
BRDA:63,9,1,0
BRDA:65,10,0,0
BRDA:65,10,1,0
BRDA:72,11,0,0
BRDA:72,11,1,0
BRDA:81,12,0,0
BRDA:81,12,1,0
BRDA:83,13,0,0
BRDA:83,13,1,0
BRDA:85,14,0,0
BRDA:85,14,1,0
BRDA:89,15,0,0
BRDA:89,15,1,0
BRDA:98,16,0,0
BRDA:98,16,1,0
BRDA:102,17,0,0
BRDA:102,17,1,0
BRDA:102,18,0,0
BRDA:102,18,1,0
BRDA:112,19,0,0
BRDA:112,19,1,0
BRDA:118,20,0,0
BRDA:118,20,1,0
BRDA:122,21,0,0
BRDA:122,21,1,0
BRDA:134,22,0,0
BRDA:134,22,1,0
BRDA:134,22,2,0
BRDA:140,23,0,0
BRDA:140,23,1,0
BRDA:165,24,0,0
BRDA:165,24,1,0
BRDA:181,25,0,0
BRDA:181,25,1,0
BRDA:191,26,0,0
BRDA:191,26,1,0
BRDA:218,27,0,0
BRDA:218,27,1,0
BRDA:218,27,2,0
BRDA:218,27,3,0
BRDA:218,27,4,0
BRDA:280,28,0,0
BRDA:280,28,1,0
BRDA:280,28,2,0
BRDA:280,28,3,0
BRDA:280,28,4,0
BRDA:285,29,0,0
BRDA:285,29,1,0
BRDA:285,29,2,0
BRDA:285,29,3,0
BRDA:285,29,4,0
BRDA:290,30,0,0
BRDA:290,30,1,0
BRDA:290,30,2,0
BRDA:290,30,3,0
BRDA:298,31,0,0
BRDA:298,31,1,0
BRDA:298,31,2,0
BRDA:298,31,3,0
BRDA:298,31,4,0
BRDA:326,32,0,0
BRDA:326,32,1,0
BRDA:364,33,0,0
BRDA:364,33,1,0
BRDA:377,34,0,0
BRDA:377,34,1,0
BRDA:459,35,0,0
BRDA:459,35,1,0
BRDA:460,36,0,0
BRDA:460,36,1,0
BRDA:461,37,0,0
BRDA:461,37,1,0
BRDA:463,38,0,0
BRDA:463,38,1,0
BRDA:463,39,0,0
BRDA:463,39,1,0
BRDA:472,40,0,0
BRDA:472,40,1,0
BRDA:476,41,0,0
BRDA:476,41,1,0
BRF:100
BRH:0
end_of_record
TN:
SF:frontend/src/components/StorePortalDemo.js
FN:3,(anonymous_0)
FN:33,(anonymous_1)
FN:37,(anonymous_2)
FN:46,(anonymous_3)
FN:52,(anonymous_4)
FN:88,(anonymous_5)
FN:91,(anonymous_6)
FN:159,(anonymous_7)
FN:174,(anonymous_8)
FN:214,(anonymous_9)
FN:254,(anonymous_10)
FN:306,(anonymous_11)
FNF:12
FNH:0
FNDA:0,(anonymous_0)
FNDA:0,(anonymous_1)
FNDA:0,(anonymous_2)
FNDA:0,(anonymous_3)
FNDA:0,(anonymous_4)
FNDA:0,(anonymous_5)
FNDA:0,(anonymous_6)
FNDA:0,(anonymous_7)
FNDA:0,(anonymous_8)
FNDA:0,(anonymous_9)
FNDA:0,(anonymous_10)
FNDA:0,(anonymous_11)
DA:3,0
DA:4,0
DA:5,0
DA:6,0
DA:33,0
DA:34,0
DA:37,0
DA:38,0
DA:39,0
DA:40,0
DA:41,0
DA:42,0
DA:46,0
DA:48,0
DA:49,0
DA:52,0
DA:53,0
DA:57,0
DA:59,0
DA:89,0
DA:91,0
DA:160,0
DA:175,0
DA:215,0
DA:255,0
DA:307,0
LF:26
LH:0
BRDA:38,0,0,0
BRDA:38,0,1,0
BRDA:38,0,2,0
BRDA:38,0,3,0
BRDA:57,1,0,0
BRDA:57,1,1,0
BRDA:93,2,0,0
BRDA:93,2,1,0
BRDA:108,3,0,0
BRDA:108,3,1,0
BRDA:193,4,0,0
BRDA:193,4,1,0
BRDA:246,5,0,0
BRDA:246,5,1,0
BRDA:297,6,0,0
BRDA:297,6,1,0
BRDA:330,7,0,0
BRDA:330,7,1,0
BRF:18
BRH:0
end_of_record
